Acc, 78.037, -2.63, 3.54, 9.29
Gyr, 78.041, -0.11, 0.05, -0.02
Gyr, 78.045, -0.15, 0.07, -0.01
Acc, 78.049, -2.63, 3.54, 9.29
Gyr, 78.059, -0.07, 0.03, -0.02
Gyr, 78.063, -0.03, 0.01, -0.04
Acc, 78.066, -2.06, 3.76, 9.28
Gyr, 78.070, -0.03, 0.02, -0.03
Gyr, 78.075, -0.04, 0.05, -0.03
Acc, 78.080, -2.30, 3.48, 9.39
Gyr, 78.085, -0.05, 0.05, -0.04
Gyr, 78.088, -0.03, 0.05, -0.05
Acc, 78.098, -2.73, 3.30, 9.27
Gyr, 78.103, -0.02, 0.04, -0.06
Gyr, 78.108, -0.04, 0.03, -0.06
Gyr, 78.112, -0.08, 0.02, -0.06
Acc, 78.118, -2.78, 3.41, 8.82
Gyr, 78.122, -0.11, 0.02, -0.07
Gyr, 78.129, -0.11, 0.02, -0.07
Acc, 78.131, -2.86, 3.61, 8.76
Gyr, 78.135, -0.09, 0.00, -0.07
Gyr, 78.177, -0.08, -0.01, -0.07
Acc, 78.182, -2.88, 3.01, 8.85
Gyr, 78.186, -0.06, -0.01, -0.07
Gyr, 78.190, -0.06, -0.01, -0.07
Acc, 78.194, -2.86, 2.92, 9.01
Gyr, 78.197, -0.06, -0.01, -0.07
Gyr, 78.200, -0.07, -0.02, -0.07
Acc, 78.203, -2.68, 2.91, 9.22
Gyr, 78.206, -0.12, -0.02, -0.07
Gyr, 78.210, -0.18, -0.02, -0.07
Acc, 78.214, -2.61, 3.11, 9.04
Gyr, 78.217, -0.25, -0.01, -0.07
Gyr, 78.229, -0.28, 0.00, -0.07
Acc, 78.233, -2.57, 3.40, 8.60
Gyr, 78.237, -0.27, 0.00, -0.08
Gyr, 78.239, -0.24, -0.01, -0.08
Acc, 78.243, -2.57, 3.40, 8.60
Gyr, 78.246, -0.22, -0.02, -0.09
Gyr, 78.249, -0.22, -0.03, -0.09
Acc, 78.264, -2.57, 3.40, 8.60
Gyr, 78.268, -0.25, -0.03, -0.10
Gyr, 78.272, -0.29, -0.04, -0.10
Acc, 78.276, -2.57, 3.40, 8.60
Gyr, 78.281, -0.33, -0.05, -0.10
Gyr, 78.284, -0.34, -0.07, -0.10
Acc, 78.296, -2.39, 2.99, 8.85
Gyr, 78.300, -0.36, -0.09, -0.10
Gyr, 78.316, -0.37, -0.10, -0.11
Acc, 78.321, -2.44, 3.18, 8.85
Gyr, 78.325, -0.37, -0.10, -0.11
Gyr, 78.329, -0.35, -0.11, -0.11
Acc, 78.332, -2.75, 3.06, 8.50
Gyr, 78.335, -0.27, -0.12, -0.12
Gyr, 78.345, -0.18, -0.14, -0.12
Acc, 78.349, -2.45, 2.09, 9.19
Gyr, 78.364, -0.12, -0.16, -0.14
Gyr, 78.367, -0.12, -0.18, -0.15
Acc, 78.381, -2.77, 1.93, 8.85
Gyr, 78.386, -0.19, -0.18, -0.15
Gyr, 78.390, -0.29, -0.18, -0.15
Acc, 78.399, -2.87, 3.02, 8.65
Gyr, 78.412, -0.39, -0.17, -0.16
Gyr, 78.434, -0.47, -0.17, -0.16
Acc, 78.440, -2.77, 3.03, 8.87
Gyr, 78.444, -0.54, -0.17, -0.18
Gyr, 78.448, -0.64, -0.17, -0.19
Acc, 78.451, -2.74, 2.76, 9.12
Gyr, 78.454, -0.74, -0.16, -0.20
Gyr, 78.457, -0.78, -0.13, -0.21
Acc, 78.460, -2.84, 3.27, 9.00
Gyr, 78.465, -0.74, -0.14, -0.21
Gyr, 78.483, -0.66, -0.16, -0.22
Gyr, 78.487, -0.56, -0.17, -0.24
Acc, 78.490, -2.51, 2.18, 8.80
Gyr, 78.495, -0.45, -0.17, -0.24
Gyr, 78.503, -0.38, -0.18, -0.23
Acc, 78.515, -2.61, 1.40, 9.44
Gyr, 78.526, -0.35, -0.17, -0.24
Gyr, 78.531, -0.36, -0.17, -0.23
Acc, 78.536, -2.61, 1.40, 9.44
Gyr, 78.548, -0.37, -0.16, -0.22
Gyr, 78.553, -0.35, -0.15, -0.20
Acc, 78.562, -2.61, 1.40, 9.44
Gyr, 78.571, -0.34, -0.15, -0.18
Gyr, 78.589, -0.33, -0.14, -0.18
Acc, 78.594, -2.04, 0.94, 10.13
Gyr, 78.599, -0.32, -0.13, -0.16
Gyr, 78.603, -0.29, -0.13, -0.12
Acc, 78.606, -2.00, 0.91, 9.92
Gyr, 78.609, -0.20, -0.13, -0.08
Gyr, 78.620, -0.08, -0.15, -0.07
Acc, 78.624, -2.04, 0.54, 10.21
Gyr, 78.645, -0.01, -0.16, -0.06
Gyr, 78.651, -0.02, -0.16, -0.04
Acc, 78.656, -2.20, -0.70, 10.17
Gyr, 78.673, -0.08, -0.15, -0.02
Gyr, 78.677, -0.16, -0.14, -0.00
Acc, 78.681, -2.39, 0.42, 9.91
Gyr, 78.685, -0.22, -0.14, 0.00
Gyr, 78.688, -0.25, -0.15, -0.00
Acc, 78.691, -2.06, 1.16, 9.54
Gyr, 78.695, -0.28, -0.15, -0.01
Gyr, 78.698, -0.30, -0.16, -0.02
Acc, 78.702, -1.90, 1.00, 9.12
Gyr, 78.711, -0.27, -0.17, -0.03
Gyr, 78.716, -0.21, -0.21, -0.04
Acc, 78.720, -1.68, 1.05, 9.09
Gyr, 78.726, -0.14, -0.26, -0.06
Gyr, 78.729, -0.11, -0.30, -0.07
Acc, 78.733, -1.66, 0.52, 8.73
Gyr, 78.738, -0.14, -0.33, -0.07
Gyr, 78.742, -0.25, -0.35, -0.07
Acc, 78.746, -1.66, 0.77, 8.17
Gyr, 78.757, -0.37, -0.38, -0.04
Gyr, 78.761, -0.43, -0.42, -0.02
Acc, 78.765, -1.28, 1.47, 7.89
Gyr, 78.770, -0.49, -0.44, -0.01
Gyr, 78.781, -0.47, -0.41, 0.03
Acc, 78.787, -1.17, 0.73, 13.80
Gyr, 78.792, -0.11, -0.45, -0.02
Gyr, 78.803, 0.28, -0.53, -0.26
Acc, 78.809, -1.17, 0.73, 13.80
Gyr, 78.813, -0.21, -0.17, -0.13
Gyr, 78.829, -0.73, 0.10, -0.16
Acc, 78.834, -1.17, 0.73, 13.80
Gyr, 78.840, -0.64, 0.24, -0.09
Gyr, 78.844, -0.43, 0.24, -0.12
Acc, 78.846, -1.17, 0.73, 13.80
Gyr, 78.850, -0.35, 0.27, -0.23
Gyr, 78.854, -0.19, 0.21, -0.08
Acc, 78.869, -1.17, 0.73, 13.80
Gyr, 78.879, 0.04, 0.11, -0.06
Gyr, 78.883, 0.21, 0.02, -0.11
Acc, 78.900, 2.52, 6.06, 15.26
Gyr, 78.905, 0.19, -0.03, -0.10
Gyr, 78.914, 0.04, 0.01, -0.04
Acc, 78.933, -1.75, -2.44, 5.83
Gyr, 78.939, 0.09, -0.02, -0.00
Gyr, 78.943, 0.23, -0.16, -0.16
Acc, 78.948, -1.40, 0.39, 7.61
Gyr, 78.954, 0.05, -0.19, -0.11
Gyr, 78.962, -0.10, -0.17, 0.11
Acc, 78.966, -1.58, 0.06, 13.06
Gyr, 78.974, 0.17, -0.28, 0.05
Gyr, 78.981, 0.55, -0.33, -0.03
Acc, 78.994, -2.40, -2.73, 9.27
Gyr, 79.027, 0.31, -0.10, -0.08
Gyr, 79.032, -0.09, 0.22, -0.23
Acc, 79.037, 0.74, 6.46, 17.73
Gyr, 79.040, 0.01, 0.38, -0.01
Gyr, 79.044, 0.14, 0.40, -0.12
Acc, 79.047, 0.74, 6.46, 17.73
Gyr, 79.051, 0.05, 0.40, -0.12
Gyr, 79.054, 0.07, 0.34, 0.00
Acc, 79.057, -0.01, -0.09, 11.31
Gyr, 79.062, 0.11, 0.26, -0.03
Gyr, 79.067, -0.05, 0.24, 0.02
Acc, 79.071, -2.92, -1.09, 8.71
Gyr, 79.076, -0.33, 0.30, 0.10
Gyr, 79.081, -0.40, 0.31, 0.18
Acc, 79.085, -1.18, -0.31, 9.96
Gyr, 79.089, -0.25, 0.28, 0.17
Gyr, 79.092, -0.07, 0.26, 0.10
Acc, 79.095, -1.43, -2.05, 10.49
Gyr, 79.099, 0.10, 0.24, 0.10
Gyr, 79.102, 0.24, 0.22, 0.12
Acc, 79.107, -1.43, -2.05, 10.49
Gyr, 79.110, 0.32, 0.20, 0.11
Gyr, 79.113, 0.32, 0.19, 0.11
Acc, 79.120, -1.95, 0.32, 9.37
Gyr, 79.125, 0.30, 0.18, 0.13
Gyr, 79.128, 0.26, 0.16, 0.14
Gyr, 79.133, 0.21, 0.16, 0.14
Acc, 79.136, -1.82, 0.60, 9.39
Gyr, 79.149, 0.16, 0.16, 0.13
Gyr, 79.159, 0.09, 0.16, 0.13
Acc, 79.167, -1.63, 0.86, 10.28
Gyr, 79.172, 0.03, 0.18, 0.13
Gyr, 79.176, 0.02, 0.20, 0.13
Acc, 79.179, -1.60, 1.06, 10.40
Gyr, 79.184, 0.10, 0.19, 0.11
Gyr, 79.200, 0.21, 0.15, 0.08
Acc, 79.204, -1.89, 0.18, 9.72
Gyr, 79.208, 0.26, 0.12, 0.08
Gyr, 79.213, 0.24, 0.12, 0.08
Acc, 79.223, -2.27, 0.40, 8.73
Gyr, 79.227, 0.21, 0.12, 0.09
Gyr, 79.231, 0.17, 0.11, 0.08
Acc, 79.247, -2.11, 1.20, 9.05
Gyr, 79.253, 0.12, 0.11, 0.08
Gyr, 79.258, 0.08, 0.11, 0.08
Acc, 79.265, -2.16, 1.19, 9.33
Gyr, 79.270, 0.05, 0.11, 0.07
Gyr, 79.285, 0.04, 0.10, 0.06
Acc, 79.296, -2.13, 1.13, 9.41
Gyr, 79.300, 0.03, 0.09, 0.05
Gyr, 79.304, 0.03, 0.09, 0.04
Acc, 79.307, -2.13, 1.13, 9.41
Gyr, 79.313, 0.05, 0.07, 0.03
Gyr, 79.317, 0.05, 0.07, 0.03
Acc, 79.321, -2.13, 1.13, 9.41
Gyr, 79.324, 0.07, 0.08, 0.04
Gyr, 79.334, 0.10, 0.06, 0.03
Acc, 79.340, -2.13, 1.13, 9.41
Gyr, 79.347, 0.10, 0.05, 0.02
Gyr, 79.357, 0.07, 0.04, 0.02
Acc, 79.365, -2.13, 1.13, 9.41
Gyr, 79.375, 0.04, 0.04, 0.02
Gyr, 79.383, 0.02, 0.04, 0.01
Acc, 79.393, -2.36, 0.97, 9.40
Gyr, 79.399, 0.02, 0.03, 0.02
Gyr, 79.429, 0.03, 0.02, 0.02
Acc, 79.443, -2.47, 1.20, 9.17
Gyr, 79.447, 0.04, 0.01, 0.01
Gyr, 79.476, 0.04, 0.02, 0.01
Gyr, 79.480, 0.05, 0.02, 0.01
Acc, 79.483, -2.37, 0.72, 9.73
Gyr, 79.486, 0.06, 0.01, 0.01
Acc, 79.489, -2.29, 0.76, 9.48
Gyr, 79.491, 0.07, 0.01, 0.01
Gyr, 79.495, 0.06, 0.02, 0.00
Gyr, 79.497, 0.05, 0.02, 0.00
Acc, 79.501, -2.19, 0.66, 9.62
Gyr, 79.504, 0.03, 0.02, 0.00
Gyr, 79.510, 0.00, 0.02, 0.00
Acc, 79.515, -2.22, 0.89, 9.61
Gyr, 79.527, -0.00, 0.01, 0.01
Gyr, 79.533, 0.00, 0.01, 0.01
Acc, 79.541, -2.22, 0.89, 9.61
Gyr, 79.545, 0.00, -0.00, 0.01
Gyr, 79.554, 0.00, -0.02, 0.01
Acc, 79.563, -2.22, 0.89, 9.61
Gyr, 79.577, 0.02, -0.03, 0.00
Gyr, 79.584, 0.05, -0.04, -0.01
Acc, 79.588, -2.39, 0.94, 9.42
Gyr, 79.593, 0.07, -0.05, -0.02
Gyr, 79.597, 0.08, -0.05, -0.04
Acc, 79.601, -2.41, 0.95, 9.42
Gyr, 79.606, 0.07, -0.06, -0.05
Gyr, 79.614, 0.05, -0.06, -0.06
Acc, 79.621, -2.34, 1.27, 9.14
Gyr, 79.656, 0.02, -0.06, -0.08
Gyr, 79.661, -0.01, -0.06, -0.09
Acc, 79.665, -2.21, 1.65, 9.27
Gyr, 79.668, -0.03, -0.06, -0.10
Gyr, 79.671, -0.01, -0.05, -0.11
Acc, 79.674, -1.91, 1.42, 9.50
Gyr, 79.676, 0.03, -0.06, -0.12
Gyr, 79.679, 0.10, -0.06, -0.14
Acc, 79.682, -1.91, 1.42, 9.50
Gyr, 79.685, 0.18, -0.07, -0.15
Gyr, 79.688, 0.26, -0.08, -0.16
Acc, 79.691, -1.57, 0.40, 9.72
Gyr, 79.694, 0.30, -0.08, -0.17
Gyr, 79.696, 0.30, -0.08, -0.17
Acc, 79.698, -1.50, 0.93, 9.74
Gyr, 79.709, 0.28, -0.08, -0.18
Gyr, 79.713, 0.23, -0.08, -0.18
Acc, 79.717, -1.48, 1.58, 9.63
Gyr, 79.721, 0.17, -0.08, -0.18
Gyr, 79.729, 0.09, -0.07, -0.18
Acc, 79.736, -1.48, 1.58, 9.63
Gyr, 79.743, 0.02, -0.08, -0.18
Gyr, 79.752, -0.03, -0.08, -0.18
Acc, 79.759, -1.91, 1.66, 9.58
Gyr, 79.767, -0.04, -0.08, -0.18
Gyr, 79.772, -0.03, -0.09, -0.18
Acc, 79.780, -1.91, 1.66, 9.58
Gyr, 79.799, 0.01, -0.10, -0.19
Gyr, 79.803, 0.05, -0.11, -0.19
Acc, 79.807, -2.01, 0.92, 9.81
Gyr, 79.821, 0.07, -0.12, -0.18
Gyr, 79.825, 0.08, -0.12, -0.18
Acc, 79.829, -2.21, 0.97, 9.58
Gyr, 79.835, 0.08, -0.13, -0.17
Gyr, 79.843, 0.07, -0.13, -0.16
Acc, 79.847, -2.28, 0.95, 9.64
Gyr, 79.853, 0.03, -0.13, -0.16
Gyr, 79.856, -0.01, -0.13, -0.15
Acc, 79.859, -2.32, 1.03, 9.87
Gyr, 79.863, -0.03, -0.13, -0.15
Gyr, 79.869, -0.04, -0.13, -0.14
Acc, 79.880, -2.32, 1.03, 9.87
Gyr, 79.887, -0.03, -0.14, -0.14
Gyr, 79.890, -0.01, -0.14, -0.14
Acc, 79.908, -2.32, 1.03, 9.87
Gyr, 79.913, 0.01, -0.14, -0.13
Gyr, 79.917, 0.02, -0.14, -0.13
Acc, 79.920, -2.32, 1.03, 9.87
Gyr, 79.924, 0.04, -0.14, -0.14
Gyr, 79.930, 0.04, -0.14, -0.13
Gyr, 79.943, 0.04, -0.14, -0.13
Acc, 79.947, -2.32, 1.03, 9.87
Gyr, 79.950, 0.04, -0.15, -0.14
Acc, 79.958, -2.26, 0.83, 9.69
Gyr, 79.971, 0.03, -0.15, -0.14
Gyr, 79.975, 0.03, -0.16, -0.14
Gyr, 79.979, 0.03, -0.18, -0.14
Acc, 79.983, -2.06, 0.57, 9.36
Gyr, 79.994, 0.02, -0.20, -0.15
Gyr, 79.999, -0.01, -0.23, -0.15
Acc, 80.005, -2.04, 0.68, 9.10
Gyr, 80.008, -0.06, -0.25, -0.15
Gyr, 80.011, -0.10, -0.27, -0.15
Acc, 80.015, -1.77, 1.04, 7.60
Gyr, 80.021, -0.14, -0.30, -0.15
Gyr, 80.028, -0.19, -0.32, -0.13
Acc, 80.036, -1.77, 1.04, 7.60
Gyr, 80.044, -0.26, -0.36, -0.13
Gyr, 80.048, -0.35, -0.41, -0.08
Acc, 80.056, -1.30, 0.25, 7.93
Gyr, 80.059, -0.51, -0.44, -0.03
Gyr, 80.064, -0.69, -0.39, -0.00
Acc, 80.072, -1.94, 1.94, 10.79
Gyr, 80.075, -0.56, -0.35, 0.00
Gyr, 80.094, -0.13, -0.36, -0.18
Acc, 80.098, -0.97, -0.65, 14.53
Gyr, 80.102, -0.25, -0.15, -0.08
Gyr, 80.106, -0.55, 0.11, -0.26
Acc, 80.110, 1.32, -2.13, 11.72
Gyr, 80.123, -0.46, 0.23, -0.07
Gyr, 80.126, -0.17, 0.25, -0.15
Acc, 80.129, -2.30, 3.57, 17.53
Gyr, 80.139, -0.05, 0.26, -0.32
Gyr, 80.145, 0.03, 0.19, -0.16
Acc, 80.157, -1.59, 0.42, 12.63
Gyr, 80.163, 0.11, 0.10, -0.12
Gyr, 80.166, 0.14, 0.02, -0.06
Acc, 80.174, -2.53, -0.73, 6.42
Gyr, 80.182, 0.10, -0.02, 0.03
Gyr, 80.193, 0.02, -0.03, -0.01
Acc, 80.199, -1.67, -1.72, 6.07
Gyr, 80.206, 0.04, -0.08, -0.03
Gyr, 80.213, 0.05, -0.17, -0.00
Acc, 80.224, -1.19, 0.19, 10.28
Gyr, 80.231, -0.13, -0.18, 0.05
Gyr, 80.241, -0.23, -0.17, 0.10
Acc, 80.249, -2.16, 1.93, 13.00
Gyr, 80.258, -0.03, -0.20, 0.09
Gyr, 80.267, 0.22, -0.12, 0.07
Acc, 80.275, -1.52, -0.90, 13.71
Gyr, 80.284, -0.05, 0.08, -0.11
Gyr, 80.292, -0.30, 0.35, -0.05
Acc, 80.301, 0.31, 1.14, 12.98
Gyr, 80.308, -0.14, 0.44, 0.04
Gyr, 80.324, -0.01, 0.42, -0.13
Acc, 80.334, 0.03, 1.01, 12.51
Gyr, 80.341, 0.06, 0.37, -0.04
Gyr, 80.351, 0.13, 0.27, 0.04
Acc, 80.359, -3.22, 0.18, 9.14
Gyr, 80.370, 0.02, 0.26, 0.10
Gyr, 80.376, -0.13, 0.32, 0.16
Gyr, 80.387, -0.08, 0.34, 0.15
Acc, 80.394, -1.14, -0.74, 7.54
Gyr, 80.404, 0.08, 0.33, 0.18
Gyr, 80.412, 0.18, 0.33, 0.17
Acc, 80.421, -1.35, -1.13, 10.93
Gyr, 80.428, 0.23, 0.33, 0.18
Acc, 80.437, -1.89, -2.42, 11.16
Gyr, 80.447, 0.21, 0.32, 0.20
Gyr, 80.463, 0.13, 0.32, 0.22
Acc, 80.472, -1.89, -2.42, 11.16
Gyr, 80.479, 0.05, 0.31, 0.23
Gyr, 80.489, -0.00, 0.30, 0.25
Gyr, 80.496, -0.00, 0.28, 0.26
Acc, 80.505, -1.89, -2.42, 11.16
Gyr, 80.515, 0.05, 0.27, 0.27
Gyr, 80.560, 0.11, 0.26, 0.26
Acc, 80.565, -1.89, -2.42, 11.16
Gyr, 80.569, 0.16, 0.23, 0.25
Gyr, 80.571, 0.18, 0.21, 0.25
Acc, 80.575, -2.39, 0.62, 9.01
Gyr, 80.578, 0.15, 0.21, 0.25
Gyr, 80.583, 0.13, 0.20, 0.24
Acc, 80.586, -2.40, 0.10, 9.24
Gyr, 80.589, 0.14, 0.19, 0.23
Gyr, 80.592, 0.16, 0.18, 0.21
Acc, 80.596, -2.37, 0.55, 8.81
Gyr, 80.599, 0.17, 0.15, 0.19
Gyr, 80.602, 0.13, 0.15, 0.17
Acc, 80.606, -2.37, 0.55, 8.81
Gyr, 80.612, 0.09, 0.15, 0.16
Gyr, 80.615, 0.04, 0.15, 0.16
Acc, 80.617, -2.37, 0.55, 8.81
Gyr, 80.619, 0.02, 0.14, 0.16
Gyr, 80.622, 0.03, 0.12, 0.15
Acc, 80.624, -2.48, 0.56, 8.78
Gyr, 80.626, 0.05, 0.10, 0.13
Gyr, 80.629, 0.06, 0.08, 0.12
Acc, 80.631, -2.48, 0.88, 8.80
Gyr, 80.633, 0.06, 0.07, 0.14
Gyr, 80.636, 0.05, 0.06, 0.13
Acc, 80.638, -2.55, 0.97, 8.47
Gyr, 80.640, 0.04, 0.05, 0.12
Gyr, 80.662, 0.04, 0.06, 0.12
Acc, 80.667, -2.37, 0.84, 9.14
Gyr, 80.671, 0.06, 0.05, 0.11
Gyr, 80.674, 0.07, 0.04, 0.11
Acc, 80.677, -2.43, 0.76, 9.53
Gyr, 80.680, 0.04, 0.04, 0.12
Gyr, 80.682, 0.02, 0.03, 0.13
Acc, 80.685, -2.53, 0.47, 9.44
Gyr, 80.688, -0.00, 0.02, 0.13
Gyr, 80.690, 0.00, 0.01, 0.14
Acc, 80.705, -2.64, 0.56, 9.30
Gyr, 80.719, 0.00, 0.00, 0.15
Gyr, 80.723, -0.00, -0.00, 0.17
Acc, 80.726, -2.58, 0.19, 9.45
Gyr, 80.728, -0.02, -0.00, 0.17
Gyr, 80.731, -0.04, 0.01, 0.18
Acc, 80.733, -2.47, 0.43, 9.72
Gyr, 80.735, -0.04, 0.01, 0.19
Gyr, 80.746, -0.03, 0.02, 0.21
Acc, 80.750, -2.47, -0.06, 9.73
Gyr, 80.753, -0.02, 0.02, 0.22
Gyr, 80.756, -0.03, 0.02, 0.23
Acc, 80.765, -2.71, 0.13, 9.86
Gyr, 80.770, -0.04, 0.02, 0.24
Gyr, 80.774, -0.05, 0.02, 0.25
Acc, 80.781, -2.71, 0.13, 9.86
Gyr, 80.794, -0.07, 0.02, 0.27
Gyr, 80.797, -0.08, 0.01, 0.28
Acc, 80.813, -2.77, 0.01, 9.57
Gyr, 80.816, -0.09, 0.01, 0.30
Gyr, 80.819, -0.10, 0.01, 0.32
Acc, 80.825, -2.90, -0.19, 9.41
Gyr, 80.829, -0.10, 0.00, 0.35
Gyr, 80.832, -0.09, -0.00, 0.36
Acc, 80.838, -2.91, -0.43, 9.36
Gyr, 80.844, -0.07, -0.01, 0.37
Gyr, 80.847, -0.08, -0.01, 0.39
Acc, 80.860, -2.84, 0.01, 9.45
Gyr, 80.868, -0.07, -0.00, 0.40
Gyr, 80.871, -0.07, -0.01, 0.41
Acc, 80.884, -2.84, 0.01, 9.45
Gyr, 80.888, -0.08, -0.01, 0.41
Gyr, 80.893, -0.09, -0.02, 0.42
Acc, 80.898, -2.93, 0.38, 9.13
Gyr, 80.901, -0.09, -0.03, 0.43
Gyr, 80.905, -0.09, -0.04, 0.43
Gyr, 80.915, -0.10, -0.05, 0.43
Acc, 80.918, -2.76, 0.48, 9.29
Gyr, 80.927, -0.12, -0.04, 0.42
Gyr, 80.936, -0.13, -0.03, 0.42
Acc, 80.944, -2.76, 0.48, 9.29
Gyr, 80.953, -0.11, -0.02, 0.41
Gyr, 80.960, -0.07, -0.02, 0.39
Acc, 80.968, -2.76, 0.48, 9.29
Gyr, 80.973, -0.04, -0.01, 0.36
Gyr, 80.987, -0.02, -0.01, 0.34
Acc, 80.993, -2.76, 0.48, 9.29
Gyr, 80.999, -0.02, -0.01, 0.33
Gyr, 81.003, -0.03, 0.00, 0.31
Acc, 81.007, -2.76, 0.48, 9.29
Gyr, 81.014, -0.05, 0.00, 0.30
Gyr, 81.021, -0.07, 0.01, 0.28
Acc, 81.029, -2.59, 1.35, 9.59
Gyr, 81.033, -0.09, 0.01, 0.26
Gyr, 81.037, -0.10, 0.01, 0.24
Acc, 81.046, -2.17, 1.76, 9.65
Gyr, 81.055, -0.09, 0.01, 0.22
Gyr, 81.061, -0.07, 0.02, 0.21
Acc, 81.072, -1.88, 1.71, 9.96
Gyr, 81.087, -0.06, 0.02, 0.19
Gyr, 81.102, -0.05, 0.01, 0.17
Acc, 81.106, -2.01, 1.54, 9.87
Gyr, 81.109, -0.04, 0.01, 0.16
Gyr, 81.112, -0.03, 0.00, 0.15
Acc, 81.115, -1.98, 1.67, 9.96
Gyr, 81.120, -0.03, 0.00, 0.14
Gyr, 81.126, -0.03, 0.00, 0.13
Acc, 81.135, -1.92, 1.55, 9.95
Gyr, 81.140, -0.03, 0.00, 0.12
Gyr, 81.143, -0.03, 0.00, 0.12
Acc, 81.148, -1.92, 1.44, 9.94
Gyr, 81.152, -0.04, 0.00, 0.11
Gyr, 81.156, -0.07, 0.01, 0.11
Acc, 81.165, -1.92, 1.38, 9.91
Gyr, 81.171, -0.11, 0.01, 0.10
Gyr, 81.177, -0.15, 0.01, 0.10
Acc, 81.184, -1.89, 1.52, 9.87
Gyr, 81.192, -0.17, 0.01, 0.09
Gyr, 81.198, -0.17, 0.00, 0.08
Acc, 81.209, -2.00, 1.39, 9.46
Gyr, 81.217, -0.18, -0.01, 0.06
Gyr, 81.229, -0.18, -0.02, 0.05
Acc, 81.239, -2.17, 1.26, 9.26
Gyr, 81.244, -0.19, -0.02, 0.04
Gyr, 81.248, -0.17, -0.03, 0.03
Acc, 81.260, -2.14, 1.27, 9.25
Gyr, 81.265, -0.14, -0.04, 0.02
Gyr, 81.269, -0.12, -0.05, 0.01
Acc, 81.273, -2.01, 0.75, 9.40
Gyr, 81.276, -0.12, -0.05, 0.01
Gyr, 81.284, -0.14, -0.06, 0.01
Acc, 81.289, -2.07, 0.81, 9.20
Gyr, 81.294, -0.15, -0.07, 0.01
Gyr, 81.302, -0.16, -0.08, 0.02
Acc, 81.314, -1.93, 0.87, 8.91
Gyr, 81.318, -0.17, -0.09, 0.02
Gyr, 81.321, -0.18, -0.10, 0.01
Acc, 81.333, -2.04, 0.83, 8.94
Gyr, 81.337, -0.16, -0.11, 0.01
Gyr, 81.341, -0.12, -0.12, 0.01
Acc, 81.346, -1.92, 0.73, 9.28
Gyr, 81.353, -0.07, -0.14, 0.01
Gyr, 81.362, -0.04, -0.16, 0.00
Gyr, 81.369, -0.04, -0.17, 0.00
Acc, 81.379, -1.87, 0.20, 9.22
Gyr, 81.401, -0.07, -0.19, 0.00
Gyr, 81.408, -0.10, -0.20, 0.00
Acc, 81.412, -1.86, 0.57, 8.96
Gyr, 81.416, -0.13, -0.23, 0.00
Gyr, 81.419, -0.15, -0.26, 0.00
Acc, 81.422, -1.79, 0.86, 8.59
Gyr, 81.424, -0.16, -0.30, 0.00
Gyr, 81.431, -0.17, -0.34, 0.00
Acc, 81.435, -1.83, 0.68, 8.31
Gyr, 81.442, -0.21, -0.41, 0.03
Gyr, 81.447, -0.31, -0.45, 0.03
Acc, 81.456, -1.67, 0.42, 8.10
Gyr, 81.466, -0.40, -0.42, 0.05
Gyr, 81.473, -0.32, -0.41, 0.05
Acc, 81.479, -1.67, 0.42, 8.10
Gyr, 81.495, 0.01, -0.42, -0.12
Gyr, 81.499, -0.01, -0.22, -0.06
Acc, 81.501, -1.67, 0.42, 8.10
Gyr, 81.516, -0.29, 0.01, -0.09
Gyr, 81.520, -0.27, 0.14, -0.16
Acc, 81.524, -1.67, 0.42, 8.10
Gyr, 81.528, -0.05, 0.14, -0.07
Gyr, 81.532, 0.01, 0.16, -0.27
Acc, 81.535, -1.67, 0.42, 8.10
Gyr, 81.547, -0.02, 0.11, -0.14
Gyr, 81.551, -0.00, 0.04, -0.00
Acc, 81.555, -1.67, 0.42, 8.10
Gyr, 81.560, 0.07, -0.02, 0.03
Gyr, 81.564, 0.15, -0.12, -0.02
Acc, 81.568, -2.26, 2.11, 9.99
Gyr, 81.580, 0.14, -0.14, -0.07
Gyr, 81.584, 0.16, -0.16, -0.03
Acc, 81.587, -1.25, 5.47, 16.16
Gyr, 81.594, 0.18, -0.23, -0.07
Gyr, 81.603, -0.04, -0.24, -0.03
Acc, 81.613, -2.19, -1.42, 7.06
Gyr, 81.622, -0.20, -0.23, 0.07
Gyr, 81.626, -0.09, -0.25, 0.03
Acc, 81.637, -2.15, 2.84, 12.25
Gyr, 81.641, 0.17, -0.15, 0.01
Gyr, 81.646, 0.03, 0.05, -0.12
Acc, 81.650, 0.24, -0.24, 13.72
Gyr, 81.654, -0.17, 0.32, -0.18
Gyr, 81.660, -0.02, 0.40, -0.10
Acc, 81.672, -0.81, 1.28, 14.78
Gyr, 81.686, 0.01, 0.42, -0.27
Gyr, 81.690, -0.08, 0.40, -0.16
Acc, 81.697, -2.66, 1.30, 9.38
Gyr, 81.702, -0.05, 0.34, -0.07
Gyr, 81.707, -0.03, 0.29, -0.03
Acc, 81.718, -0.73, -0.96, 6.55
Gyr, 81.724, -0.17, 0.29, 0.00
Gyr, 81.727, -0.25, 0.31, 0.04
Acc, 81.740, -1.31, 0.73, 10.19
Gyr, 81.744, -0.11, 0.29, 0.06
Gyr, 81.747, 0.04, 0.26, -0.01
Acc, 81.750, -1.28, -1.18, 10.46
Gyr, 81.755, 0.13, 0.24, -0.02
Gyr, 81.759, 0.20, 0.22, -0.02
Acc, 81.773, -1.66, -0.01, 10.39
Gyr, 81.788, 0.23, 0.20, -0.03
Gyr, 81.804, 0.21, 0.19, -0.04
Acc, 81.808, -1.50, 1.51, 9.59
Gyr, 81.811, 0.17, 0.17, -0.05
Gyr, 81.815, 0.11, 0.16, -0.06
Acc, 81.826, -1.53, 2.05, 9.53
Gyr, 81.831, 0.05, 0.15, -0.08
Gyr, 81.835, 0.02, 0.14, -0.11
Gyr, 81.842, 0.02, 0.14, -0.15
Acc, 81.846, -1.50, 2.05, 9.91
Gyr, 81.849, 0.04, 0.15, -0.19
Gyr, 81.852, 0.09, 0.15, -0.22
Acc, 81.855, -1.32, 1.74, 9.58
Gyr, 81.861, 0.12, 0.14, -0.26
Gyr, 81.874, 0.13, 0.13, -0.29
Acc, 81.877, -1.39, 1.51, 8.85
Gyr, 81.890, 0.14, 0.12, -0.31
Gyr, 81.895, 0.13, 0.10, -0.32
Acc, 81.901, -1.83, 1.57, 8.58
Gyr, 81.913, 0.12, 0.08, -0.34
Gyr, 81.918, 0.13, 0.08, -0.34
Acc, 81.923, -2.02, 1.31, 8.92
Gyr, 81.929, 0.16, 0.06, -0.35
Gyr, 81.940, 0.18, 0.04, -0.36
Acc, 81.944, -2.00, 0.49, 9.34
Gyr, 81.948, 0.20, 0.03, -0.36
Gyr, 81.953, 0.20, 0.03, -0.36
Acc, 81.957, -2.24, 0.43, 9.43
Gyr, 81.961, 0.21, 0.02, -0.34
Gyr, 81.971, 0.22, 0.00, -0.33
Acc, 81.978, -2.24, 0.43, 9.43
Gyr, 81.982, 0.22, -0.01, -0.33
Gyr, 81.992, 0.20, -0.03, -0.32
Acc, 81.999, -2.58, -0.14, 9.33
Gyr, 82.009, 0.15, -0.03, -0.30
Gyr, 82.012, 0.09, -0.02, -0.27
Acc, 82.022, -2.58, -0.14, 9.33
Gyr, 82.026, 0.04, -0.02, -0.26
Gyr, 82.029, 0.02, -0.02, -0.24
Acc, 82.040, -2.58, -0.14, 9.33
Gyr, 82.046, 0.04, -0.02, -0.21
Gyr, 82.054, 0.09, -0.04, -0.19
Acc, 82.060, -2.58, -0.14, 9.33
Gyr, 82.066, 0.15, -0.05, -0.18
Gyr, 82.082, 0.18, -0.07, -0.16
Acc, 82.086, -2.62, -0.03, 9.23
Gyr, 82.090, 0.17, -0.07, -0.14
Gyr, 82.094, 0.15, -0.06, -0.13
Acc, 82.099, -2.81, -0.48, 9.72
Gyr, 82.102, 0.10, -0.06, -0.11
Gyr, 82.108, 0.04, -0.05, -0.10
Acc, 82.116, -2.99, -0.28, 9.50
Gyr, 82.120, 0.00, -0.04, -0.09
Gyr, 82.127, 0.00, -0.04, -0.08
Acc, 82.136, -2.63, 0.59, 9.58
Gyr, 82.140, 0.04, -0.05, -0.07
Gyr, 82.144, 0.08, -0.05, -0.08
Gyr, 82.158, 0.12, -0.05, -0.08
Acc, 82.161, -2.73, -0.07, 9.74
Gyr, 82.167, 0.11, -0.04, -0.08
Gyr, 82.177, 0.07, -0.03, -0.08
Acc, 82.184, -2.65, 0.05, 9.71
Gyr, 82.192, 0.03, -0.02, -0.08
Gyr, 82.202, -0.01, -0.01, -0.09
Acc, 82.209, -2.56, 0.79, 9.68
Gyr, 82.215, -0.04, -0.01, -0.09
Gyr, 82.222, -0.06, -0.01, -0.09
Acc, 82.227, -2.59, 0.79, 9.44
Gyr, 82.231, -0.08, -0.00, -0.09
Gyr, 82.235, -0.06, -0.01, -0.09
Acc, 82.238, -2.67, 0.69, 9.47
Gyr, 82.244, -0.02, -0.01, -0.09
Gyr, 82.254, 0.01, -0.02, -0.09
Acc, 82.258, -2.82, 0.43, 9.67
Gyr, 82.270, 0.02, -0.01, -0.09
Gyr, 82.274, 0.03, -0.00, -0.08
Acc, 82.278, -2.78, 0.05, 9.75
Gyr, 82.283, 0.03, -0.01, -0.08
Gyr, 82.293, 0.02, -0.01, -0.07
Acc, 82.300, -2.77, 0.36, 9.39
Gyr, 82.306, -0.00, 0.00, -0.06
Gyr, 82.319, -0.02, 0.01, -0.05
Acc, 82.325, -2.46, 0.62, 9.85
Gyr, 82.336, -0.03, 0.01, -0.04
Gyr, 82.342, -0.03, 0.01, -0.04
Acc, 82.352, -2.46, 0.62, 9.85
Gyr, 82.358, -0.04, 0.01, -0.04
Gyr, 82.368, -0.03, 0.02, -0.03
Acc, 82.375, -2.52, 0.45, 9.93
Gyr, 82.386, -0.03, 0.01, -0.03
Gyr, 82.392, -0.02, 0.01, -0.02
Acc, 82.400, -2.54, 0.41, 9.71
Gyr, 82.409, -0.00, 0.00, -0.03
Gyr, 82.415, 0.00, -0.00, -0.02
Acc, 82.425, -2.53, 0.52, 9.67
Gyr, 82.435, 0.01, -0.01, -0.02
Gyr, 82.445, 0.01, -0.01, -0.01
Acc, 82.455, -2.41, 0.53, 9.62
Gyr, 82.462, 0.01, -0.01, -0.01
Gyr, 82.469, -0.00, -0.01, -0.01
Acc, 82.473, -2.43, 0.63, 9.68
Gyr, 82.477, -0.02, -0.01, -0.01
Gyr, 82.482, -0.04, -0.01, -0.00
Acc, 82.493, -2.43, 0.63, 9.68
Gyr, 82.499, -0.06, -0.01, -0.00
Gyr, 82.506, -0.08, -0.01, -0.01
Acc, 82.513, -2.43, 0.63, 9.68
Gyr, 82.520, -0.08, -0.02, -0.01
Gyr, 82.526, -0.05, -0.02, -0.01
Acc, 82.531, -2.43, 0.63, 9.68
Gyr, 82.536, -0.04, -0.03, -0.02
Gyr, 82.540, -0.02, -0.04, -0.02
Acc, 82.544, -2.52, 0.70, 9.63
Gyr, 82.552, -0.02, -0.04, -0.03
Gyr, 82.559, -0.01, -0.05, -0.03
Acc, 82.562, -2.45, 0.47, 9.42
Gyr, 82.575, -0.01, -0.05, -0.03
Gyr, 82.579, -0.02, -0.05, -0.02
Acc, 82.582, -2.38, 0.56, 9.30
Gyr, 82.586, -0.03, -0.05, -0.03
Gyr, 82.589, -0.05, -0.06, -0.04
Gyr, 82.593, -0.08, -0.06, -0.05
Acc, 82.596, -2.38, 0.56, 9.30
Gyr, 82.599, -0.10, -0.06, -0.05
Gyr, 82.603, -0.12, -0.07, -0.05
Acc, 82.606, -2.38, 0.56, 9.30
Gyr, 82.612, -0.13, -0.09, -0.07
Gyr, 82.619, -0.13, -0.10, -0.08
Acc, 82.624, -2.38, 0.56, 9.30
Gyr, 82.629, -0.12, -0.11, -0.09
Gyr, 82.640, -0.07, -0.13, -0.11
Acc, 82.648, -2.29, 0.69, 9.29
Gyr, 82.656, -0.04, -0.16, -0.13
Gyr, 82.668, -0.01, -0.19, -0.15
Acc, 82.675, -2.22, 0.65, 9.00
Gyr, 82.680, -0.01, -0.20, -0.16
Gyr, 82.690, -0.00, -0.23, -0.16
Acc, 82.698, -2.33, 0.87, 8.46
Gyr, 82.706, -0.01, -0.27, -0.19
Gyr, 82.718, -0.08, -0.29, -0.17
Acc, 82.722, -2.32, 1.18, 8.62
Gyr, 82.726, -0.21, -0.31, -0.12
Gyr, 82.732, -0.28, -0.33, -0.11
Acc, 82.737, -2.36, 1.76, 11.33
Gyr, 82.740, -0.10, -0.35, -0.14
Gyr, 82.746, 0.27, -0.34, -0.25
Acc, 82.750, -1.96, -1.65, 13.47
Gyr, 82.765, 0.20, -0.16, -0.22
Gyr, 82.769, -0.33, 0.12, -0.15
Acc, 82.772, 1.08, 0.38, 8.83
Gyr, 82.779, -0.41, 0.22, -0.08
Gyr, 82.784, -0.16, 0.21, -0.12
Acc, 82.789, -2.06, 5.07, 15.78
Gyr, 82.793, -0.07, 0.21, -0.23
Gyr, 82.799, -0.02, 0.15, -0.01
Acc, 82.815, -0.74, -1.15, 10.33
Gyr, 82.820, 0.10, 0.08, 0.06
Gyr, 82.829, 0.29, -0.02, 0.05
Acc, 82.836, -2.05, -2.83, 7.29
Gyr, 82.845, 0.30, -0.08, 0.00
Gyr, 82.850, 0.14, -0.04, 0.05
Acc, 82.862, -2.14, -1.51, 7.22
Gyr, 82.868, 0.19, -0.06, 0.05
Gyr, 82.877, 0.26, -0.13, -0.03
Acc, 82.884, -1.22, -0.42, 10.40
Gyr, 82.887, 0.08, -0.17, 0.03
Gyr, 82.890, -0.10, -0.16, 0.13
Acc, 82.903, -3.14, 2.05, 11.80
Gyr, 82.911, 0.04, -0.24, 0.12
Gyr, 82.920, 0.30, -0.28, 0.03
Acc, 82.924, -2.12, -0.77, 12.87
Gyr, 82.931, 0.17, -0.07, -0.04
Gyr, 82.937, -0.31, 0.24, -0.16
Acc, 82.941, -0.73, 1.32, 10.36
Gyr, 82.946, -0.34, 0.40, 0.00
Gyr, 82.950, -0.05, 0.39, -0.15
Acc, 82.955, -1.57, 4.90, 15.91
Gyr, 82.959, 0.04, 0.35, -0.18
Gyr, 82.975, 0.04, 0.29, -0.02
Acc, 82.983, -1.57, 4.90, 15.91
Gyr, 82.988, 0.04, 0.22, -0.01
Gyr, 82.992, 0.06, 0.16, 0.02
Acc, 82.999, -2.32, -0.69, 6.70
Gyr, 83.005, 0.02, 0.14, 0.02
Gyr, 83.008, -0.05, 0.12, 0.06
Gyr, 83.012, -0.02, 0.10, 0.08
Acc, 83.015, -1.53, -0.42, 7.26
Gyr, 83.018, 0.06, 0.08, 0.03
Gyr, 83.030, 0.13, 0.07, 0.02
Acc, 83.037, -2.13, -0.40, 9.49
Gyr, 83.042, 0.19, 0.05, 0.03
Gyr, 83.056, 0.21, 0.03, 0.03
Acc, 83.062, -2.17, -0.44, 10.00
Gyr, 83.078, 0.20, 0.01, 0.02
Gyr, 83.085, 0.15, 0.00, 0.02
Acc, 83.090, -2.17, -0.44, 10.00
Gyr, 83.094, 0.11, -0.01, 0.01
Gyr, 83.097, 0.09, -0.02, 0.01
Acc, 83.100, -2.17, -0.44, 10.00
Gyr, 83.102, 0.07, -0.02, 0.00
Gyr, 83.105, 0.05, -0.02, -0.01
Acc, 83.109, -2.17, -0.44, 10.00
Gyr, 83.118, 0.05, -0.01, -0.02
Gyr, 83.125, 0.10, 0.00, -0.03
Acc, 83.129, -1.99, 0.01, 9.67
Gyr, 83.139, 0.16, 0.00, -0.07
Gyr, 83.147, 0.18, -0.00, -0.09
Acc, 83.153, -2.07, 1.25, 9.35
Gyr, 83.163, 0.16, 0.00, -0.09
Gyr, 83.171, 0.11, 0.01, -0.10
Acc, 83.180, -2.39, 0.83, 9.83
Gyr, 83.186, 0.08, 0.02, -0.11
Gyr, 83.196, 0.06, 0.02, -0.11
Acc, 83.205, -2.21, 1.25, 9.68
Gyr, 83.214, 0.06, 0.01, -0.11
Gyr, 83.220, 0.07, 0.01, -0.11
Acc, 83.229, -2.35, 0.80, 9.86
Gyr, 83.240, 0.09, 0.01, -0.11
Gyr, 83.248, 0.12, 0.01, -0.11
Acc, 83.255, -2.19, 0.47, 10.21
Gyr, 83.261, 0.14, 0.01, -0.12
Gyr, 83.266, 0.15, 0.01, -0.13
Acc, 83.274, -2.26, 0.60, 9.87
Gyr, 83.288, 0.15, 0.01, -0.13
Gyr, 83.297, 0.15, 0.01, -0.13
Acc, 83.301, -2.32, 0.76, 9.60
Gyr, 83.308, 0.12, 0.00, -0.14
Gyr, 83.313, 0.09, 0.00, -0.14
Acc, 83.318, -2.49, 1.12, 9.59
Gyr, 83.327, 0.06, 0.00, -0.14
Gyr, 83.334, 0.05, 0.00, -0.14
Acc, 83.347, -2.29, 0.79, 9.55
Gyr, 83.371, 0.06, -0.01, -0.15
Gyr, 83.376, 0.09, -0.02, -0.15
Gyr, 83.384, 0.11, -0.03, -0.16
Acc, 83.387, -2.29, 0.42, 9.36
Gyr, 83.391, 0.12, -0.04, -0.16
Gyr, 83.396, 0.11, -0.05, -0.16
Acc, 83.399, -2.42, 0.49, 9.17
Gyr, 83.402, 0.09, -0.05, -0.16
Gyr, 83.405, 0.07, -0.05, -0.15
Acc, 83.408, -2.25, 0.61, 9.35
Gyr, 83.411, 0.06, -0.05, -0.15
Gyr, 83.414, 0.04, -0.05, -0.14
Acc, 83.416, -1.92, 0.26, 9.35
Gyr, 83.419, 0.04, -0.05, -0.13
Gyr, 83.424, 0.03, -0.05, -0.13
Acc, 83.430, -1.65, -0.35, 9.35
Gyr, 83.435, 0.02, -0.05, -0.12
Gyr, 83.439, -0.00, -0.05, -0.10
Acc, 83.449, -1.64, -0.49, 9.29
Gyr, 83.460, -0.01, -0.05, -0.08
Gyr, 83.477, -0.02, -0.05, -0.06
Acc, 83.497, -1.64, -0.49, 9.29
Gyr, 83.505, -0.03, -0.05, -0.04
Gyr, 83.514, -0.04, -0.05, -0.03
Acc, 83.523, -1.64, -0.49, 9.29
Gyr, 83.530, -0.06, -0.05, -0.02
Gyr, 83.541, -0.08, -0.05, -0.01
Acc, 83.546, -1.80, -0.50, 9.32
Gyr, 83.550, -0.10, -0.04, -0.00
Gyr, 83.555, -0.10, -0.03, 0.00
Acc, 83.565, -1.91, 0.06, 9.73
Gyr, 83.586, -0.07, -0.03, 0.00
Gyr, 83.591, -0.03, -0.04, 0.01
Acc, 83.600, -1.97, -0.07, 9.92
Gyr, 83.605, -0.00, -0.04, 0.00
Gyr, 83.609, 0.01, -0.03, 0.00
Acc, 83.612, -2.04, 0.02, 9.67
Gyr, 83.618, 0.01, -0.03, 0.00
Gyr, 83.622, 0.01, -0.03, -0.00
Acc, 83.626, -1.93, 0.48, 9.88
Gyr, 83.628, -0.01, -0.01, -0.01
Gyr, 83.632, -0.03, -0.01, -0.01
Acc, 83.637, -1.99, 0.81, 10.14
Gyr, 83.641, -0.05, -0.00, -0.02
Gyr, 83.644, -0.05, 0.00, -0.02
Gyr, 83.647, -0.05, 0.01, -0.02
Acc, 83.650, -1.91, 0.69, 10.04
Gyr, 83.653, -0.04, 0.01, -0.03
Gyr, 83.656, -0.02, 0.01, -0.02
Acc, 83.659, -1.91, 0.69, 10.04
Gyr, 83.661, 0.01, 0.01, -0.02
Gyr, 83.669, 0.03, 0.01, -0.03
Acc, 83.674, -1.91, 0.69, 10.04
Gyr, 83.677, 0.03, 0.01, -0.04
Gyr, 83.689, 0.01, 0.01, -0.03
Acc, 83.693, -1.91, 0.69, 10.04
Gyr, 83.705, -0.01, 0.01, -0.03
Gyr, 83.710, -0.03, 0.01, -0.04
Acc, 83.713, -1.96, 0.58, 9.86
Gyr, 83.718, -0.05, 0.01, -0.04
Gyr, 83.723, -0.04, 0.01, -0.05
Acc, 83.726, -2.06, 0.93, 9.85
Gyr, 83.732, -0.03, 0.00, -0.05
Gyr, 83.741, -0.01, -0.00, -0.05
Acc, 83.747, -1.96, 0.74, 9.94
Gyr, 83.762, 0.00, -0.00, -0.05
Gyr, 83.766, 0.01, -0.00, -0.04
Acc, 83.773, -1.79, 0.37, 9.76
Gyr, 83.777, 0.01, -0.01, -0.04
Gyr, 83.780, 0.01, -0.01, -0.05
Acc, 83.793, -1.93, 0.56, 9.83
Gyr, 83.797, -0.00, -0.01, -0.04
Gyr, 83.806, -0.02, -0.01, -0.04
Acc, 83.810, -1.97, 0.75, 9.76
Gyr, 83.813, -0.03, 0.00, -0.04
Gyr, 83.820, -0.03, -0.00, -0.04
Acc, 83.830, -2.01, 0.49, 9.60
Gyr, 83.834, -0.01, -0.00, -0.05
Gyr, 83.840, 0.00, -0.01, -0.05
Acc, 83.855, -1.95, 0.38, 9.61
Gyr, 83.862, 0.01, -0.01, -0.05
Gyr, 83.867, 0.01, -0.01, -0.06
Acc, 83.874, -1.94, 0.45, 9.69
Gyr, 83.880, 0.00, -0.01, -0.06
Gyr, 83.891, -0.01, -0.01, -0.05
Acc, 83.898, -1.85, 0.48, 9.72
Gyr, 83.901, -0.01, -0.01, -0.05
Gyr, 83.905, -0.01, -0.02, -0.05
Gyr, 83.909, -0.02, -0.02, -0.05
Acc, 83.914, -1.88, 0.24, 9.64
Gyr, 83.919, -0.04, -0.02, -0.06
Gyr, 83.927, -0.05, -0.02, -0.05
Acc, 83.933, -1.79, 0.43, 9.71
Gyr, 83.942, -0.06, -0.02, -0.05
Gyr, 83.949, -0.06, -0.02, -0.05
Acc, 83.955, -1.79, 0.43, 9.71
Gyr, 83.960, -0.05, -0.03, -0.05
Gyr, 83.966, -0.06, -0.03, -0.05
Acc, 83.975, -1.82, 0.55, 9.60
Gyr, 83.982, -0.07, -0.03, -0.06
Gyr, 83.987, -0.09, -0.04, -0.06
Acc, 83.994, -1.98, 0.66, 9.40
Gyr, 84.000, -0.11, -0.05, -0.06
Gyr, 84.011, -0.12, -0.06, -0.07
Acc, 84.017, -2.07, 0.76, 9.43
Gyr, 84.022, -0.12, -0.07, -0.07
Gyr, 84.027, -0.11, -0.08, -0.08
Acc, 84.035, -2.01, 0.58, 9.39
Gyr, 84.048, -0.10, -0.09, -0.08
Gyr, 84.054, -0.10, -0.10, -0.09
Acc, 84.059, -2.01, 0.31, 9.31
Gyr, 84.063, -0.09, -0.11, -0.09
Gyr, 84.068, -0.09, -0.12, -0.09
Acc, 84.080, -1.88, 0.49, 9.23
Gyr, 84.089, -0.09, -0.14, -0.10
Gyr, 84.093, -0.12, -0.16, -0.10
Acc, 84.097, -1.97, 0.60, 8.80
Gyr, 84.101, -0.17, -0.17, -0.12
Gyr, 84.107, -0.21, -0.18, -0.12
Acc, 84.116, -1.89, 0.64, 8.77
Gyr, 84.121, -0.27, -0.20, -0.09
Gyr, 84.128, -0.40, -0.19, -0.03
Acc, 84.137, -1.89, 0.64, 8.77
Gyr, 84.142, -0.41, -0.16, 0.01
Gyr, 84.159, -0.12, -0.19, -0.08
Acc, 84.164, -1.89, 0.64, 8.77
Gyr, 84.169, 0.26, -0.22, -0.30
Gyr, 84.171, 0.08, -0.01, -0.15
Acc, 84.178, -1.89, 0.64, 8.77
Gyr, 84.182, -0.34, 0.18, -0.15
Gyr, 84.186, -0.40, 0.20, -0.00
Acc, 84.200, -1.79, 1.08, 10.82
Gyr, 84.208, -0.12, 0.19, -0.10
Gyr, 84.212, 0.04, 0.19, -0.18
Acc, 84.219, 1.56, 2.97, 11.46
Gyr, 84.227, 0.12, 0.12, -0.03
Gyr, 84.234, 0.13, 0.04, -0.03
Acc, 84.251, -2.70, -1.55, 8.85
Gyr, 84.257, 0.11, 0.01, 0.01
Gyr, 84.262, 0.16, -0.02, 0.04
Acc, 84.266, -2.16, -1.11, 6.29
Gyr, 84.270, 0.20, -0.07, -0.02
Gyr, 84.273, 0.13, -0.07, 0.02
Acc, 84.281, -1.73, -0.67, 7.19
Gyr, 84.289, 0.08, -0.06, 0.04
Gyr, 84.295, 0.13, -0.07, -0.02
Acc, 84.299, -1.60, 0.07, 9.13
Gyr, 84.304, 0.23, -0.12, -0.06
Gyr, 84.308, 0.23, -0.14, 0.03
Gyr, 84.314, 0.17, -0.15, 0.11
Acc, 84.320, -1.73, 1.22, 11.91
Gyr, 84.326, 0.21, -0.20, 0.09
Gyr, 84.337, 0.43, -0.23, 0.00
Acc, 84.348, -2.31, -0.53, 13.07
Gyr, 84.362, 0.52, -0.07, -0.04
Gyr, 84.366, 0.19, 0.16, -0.10
Acc, 84.370, -3.17, -2.38, 11.44
Gyr, 84.374, -0.19, 0.33, 0.03
Gyr, 84.378, -0.15, 0.38, -0.03
Acc, 84.382, 2.18, 2.44, 12.10
Gyr, 84.388, -0.08, 0.40, -0.15
Gyr, 84.397, -0.01, 0.36, -0.02
Acc, 84.400, -1.43, 1.41, 12.64
Gyr, 84.407, 0.03, 0.28, -0.02
Gyr, 84.415, 0.01, 0.21, 0.00
Acc, 84.421, -3.31, -0.06, 10.37
Gyr, 84.428, -0.02, 0.19, 0.10
Gyr, 84.438, 0.01, 0.17, 0.16
Acc, 84.454, -2.52, -0.79, 6.41
Gyr, 84.466, 0.08, 0.14, 0.19
Gyr, 84.471, 0.14, 0.13, 0.20
Acc, 84.475, -2.52, -0.79, 6.41
Gyr, 84.481, 0.20, 0.15, 0.19
Gyr, 84.488, 0.24, 0.16, 0.19
Acc, 84.492, -2.52, -0.79, 6.41
Gyr, 84.495, 0.24, 0.16, 0.20
Gyr, 84.499, 0.19, 0.16, 0.20
Acc, 84.503, -2.00, -1.99, 9.65
Gyr, 84.508, 0.08, 0.17, 0.22
Gyr, 84.513, -0.04, 0.17, 0.25
Acc, 84.518, -2.01, 0.02, 10.93
Gyr, 84.522, -0.14, 0.17, 0.27
Gyr, 84.532, -0.20, 0.18, 0.30
Acc, 84.548, -1.97, 0.62, 10.36
Gyr, 84.552, -0.21, 0.19, 0.32
Gyr, 84.568, -0.15, 0.18, 0.33
Acc, 84.575, -2.24, -0.50, 9.82
Gyr, 84.580, -0.04, 0.18, 0.33
Gyr, 84.584, 0.07, 0.16, 0.33
Acc, 84.588, -2.53, -1.06, 9.32
Gyr, 84.591, 0.15, 0.15, 0.34
Gyr, 84.597, 0.14, 0.15, 0.33
Acc, 84.604, -2.66, 0.33, 9.19
Gyr, 84.608, 0.09, 0.16, 0.33
Gyr, 84.616, 0.02, 0.16, 0.33
Acc, 84.632, -2.66, 1.40, 9.32
Gyr, 84.636, -0.03, 0.16, 0.33
Gyr, 84.639, -0.08, 0.16, 0.33
Acc, 84.649, -2.66, 1.40, 9.32
Gyr, 84.659, -0.10, 0.16, 0.32
Gyr, 84.673, -0.07, 0.17, 0.32
Acc, 84.680, -2.74, 1.08, 9.52
Gyr, 84.687, -0.01, 0.16, 0.32
Gyr, 84.706, 0.08, 0.15, 0.32
Acc, 84.711, -2.74, 1.08, 9.52
Gyr, 84.715, 0.15, 0.13, 0.31
Gyr, 84.718, 0.16, 0.12, 0.30
Acc, 84.721, -2.74, 1.08, 9.52
Gyr, 84.733, 0.14, 0.12, 0.30
Gyr, 84.737, 0.08, 0.12, 0.30
Acc, 84.739, -2.74, 1.08, 9.52
Gyr, 84.743, 0.04, 0.11, 0.29
Gyr, 84.746, 0.01, 0.10, 0.29
Acc, 84.754, -2.99, 0.82, 9.68
Gyr, 84.764, 0.01, 0.08, 0.29
Gyr, 84.770, 0.00, 0.07, 0.29
Acc, 84.784, -3.11, 1.13, 8.82
Gyr, 84.789, 0.00, 0.05, 0.29
Gyr, 84.793, 0.03, 0.04, 0.29
Acc, 84.796, -2.95, 0.98, 8.90
Gyr, 84.800, 0.07, 0.02, 0.28
Gyr, 84.806, 0.09, 0.01, 0.27
Acc, 84.813, -2.74, 0.93, 9.00
Gyr, 84.817, 0.08, 0.00, 0.27
Gyr, 84.820, 0.06, 0.00, 0.26
Gyr, 84.825, 0.03, -0.00, 0.25
Acc, 84.829, -2.59, 1.31, 9.14
Gyr, 84.836, -0.01, -0.01, 0.23
Gyr, 84.856, -0.06, 0.00, 0.23
Acc, 84.860, -2.59, 1.31, 9.14
Gyr, 84.864, -0.08, 0.01, 0.22
Gyr, 84.875, -0.07, 0.01, 0.21
Acc, 84.879, -2.51, 1.64, 9.35
Gyr, 84.883, -0.05, 0.00, 0.19
Gyr, 84.888, -0.04, 0.01, 0.17
Acc, 84.892, -2.50, 1.45, 9.55
Gyr, 84.895, -0.03, 0.01, 0.15
Gyr, 84.900, -0.01, 0.01, 0.14
Acc, 84.907, -2.55, 1.52, 9.45
Gyr, 84.912, 0.00, 0.01, 0.12
Gyr, 84.920, -0.00, 0.01, 0.10
Acc, 84.929, -2.64, 1.42, 9.69
Gyr, 84.933, -0.02, 0.02, 0.10
Gyr, 84.948, -0.04, 0.02, 0.09
Acc, 84.955, -2.64, 1.42, 9.69
Gyr, 84.959, -0.05, 0.02, 0.08
Gyr, 84.969, -0.07, 0.02, 0.07
Acc, 84.974, -2.66, 1.66, 9.79
Gyr, 84.978, -0.08, 0.03, 0.07
Gyr, 84.986, -0.08, 0.03, 0.07
Acc, 84.992, -2.67, 1.35, 9.78
Gyr, 84.995, -0.05, 0.02, 0.06
Gyr, 85.005, -0.02, 0.02, 0.06
Acc, 85.010, -2.67, 1.05, 10.10
Gyr, 85.013, 0.01, 0.01, 0.06
Gyr, 85.026, 0.02, 0.02, 0.06
Acc, 85.030, -2.67, 0.82, 9.75
Gyr, 85.034, 0.01, 0.02, 0.06
Gyr, 85.053, 0.01, 0.03, 0.06
Acc, 85.059, -2.61, 1.22, 9.95
Gyr, 85.062, 0.01, 0.02, 0.05
Gyr, 85.065, 0.01, 0.02, 0.05
Acc, 85.075, -2.80, 1.18, 9.83
Gyr, 85.079, 0.00, 0.02, 0.05
Gyr, 85.084, -0.02, 0.03, 0.04
Acc, 85.095, -2.78, 1.24, 9.75
Gyr, 85.100, -0.03, 0.03, 0.05
Gyr, 85.104, -0.01, 0.03, 0.05
Acc, 85.111, -2.71, 1.31, 9.77
Gyr, 85.119, 0.01, 0.02, 0.04
Gyr, 85.129, 0.02, 0.02, 0.04
Acc, 85.134, -2.77, 0.79, 9.57
Gyr, 85.138, 0.03, 0.02, 0.04
Gyr, 85.147, 0.03, 0.02, 0.04
Acc, 85.163, -2.79, 1.05, 9.60
Gyr, 85.167, 0.04, 0.02, 0.04
Gyr, 85.169, 0.02, 0.01, 0.03
Acc, 85.178, -2.81, 0.99, 9.52
Gyr, 85.182, -0.01, 0.01, 0.02
Gyr, 85.185, -0.04, 0.02, 0.03
Acc, 85.197, -2.81, 0.99, 9.52
Gyr, 85.203, -0.06, 0.02, 0.03
Gyr, 85.206, -0.06, 0.01, 0.03
Acc, 85.213, -2.81, 0.99, 9.52
Gyr, 85.222, -0.05, 0.01, 0.03
Gyr, 85.232, -0.02, 0.01, 0.03
Acc, 85.239, -2.81, 0.99, 9.52
Gyr, 85.246, 0.02, -0.00, 0.04
Gyr, 85.256, 0.05, -0.02, 0.04
Acc, 85.260, -2.78, 1.11, 9.45
Gyr, 85.264, 0.06, -0.03, 0.04
Gyr, 85.268, 0.04, -0.03, 0.04
Gyr, 85.271, -0.00, -0.03, 0.05
Acc, 85.278, -2.81, 0.39, 9.48
Gyr, 85.283, -0.04, -0.03, 0.06
Gyr, 85.289, -0.07, -0.04, 0.06
Acc, 85.293, -2.82, 1.13, 9.27
Gyr, 85.300, -0.08, -0.04, 0.05
Gyr, 85.312, -0.07, -0.03, 0.05
Acc, 85.321, -2.91, 1.10, 9.39
Gyr, 85.324, -0.03, -0.03, 0.05
Gyr, 85.331, 0.01, -0.03, 0.04
Acc, 85.341, -2.72, 0.84, 9.43
Gyr, 85.356, 0.04, -0.04, 0.03
Gyr, 85.361, 0.05, -0.04, 0.03
Acc, 85.365, -2.78, 0.48, 9.59
Gyr, 85.368, 0.01, -0.05, 0.03
Gyr, 85.372, -0.04, -0.05, 0.03
Acc, 85.376, -2.75, 0.74, 9.46
Gyr, 85.379, -0.09, -0.05, 0.03
Gyr, 85.385, -0.14, -0.06, 0.03
Acc, 85.401, -2.74, 1.21, 9.25
Gyr, 85.405, -0.16, -0.07, 0.03
Gyr, 85.420, -0.14, -0.08, 0.04
Acc, 85.425, -2.77, 1.17, 9.17
Gyr, 85.428, -0.12, -0.09, 0.03
Gyr, 85.437, -0.10, -0.09, 0.03
Acc, 85.445, -2.61, 0.86, 9.06
Gyr, 85.452, -0.05, -0.11, 0.03
Gyr, 85.457, 0.00, -0.14, 0.02
Acc, 85.461, -2.61, 0.86, 9.06
Gyr, 85.465, 0.02, -0.17, 0.02
Gyr, 85.468, -0.00, -0.19, 0.02
Acc, 85.474, -2.61, 0.86, 9.06
Gyr, 85.488, -0.05, -0.21, 0.02
Gyr, 85.493, -0.10, -0.24, 0.03
Acc, 85.497, -2.66, 0.35, 8.91
Gyr, 85.501, -0.12, -0.27, 0.02
Gyr, 85.506, -0.14, -0.31, 0.00
Acc, 85.517, -2.37, 1.00, 7.68
Gyr, 85.521, -0.18, -0.35, 0.01
Gyr, 85.527, -0.29, -0.36, 0.09
Acc, 85.540, -2.27, 1.50, 8.89
Gyr, 85.547, -0.42, -0.39, 0.15
Gyr, 85.550, -0.48, -0.39, 0.10
Acc, 85.557, -3.04, 1.60, 12.42
Gyr, 85.563, -0.32, -0.36, -0.11
Gyr, 85.567, -0.19, -0.17, -0.17
Acc, 85.575, -0.66, 2.18, 13.35
Gyr, 85.581, -0.39, 0.15, -0.06
Gyr, 85.588, -0.45, 0.25, -0.13
Acc, 85.597, -2.99, 5.37, 17.32
Gyr, 85.601, -0.21, 0.29, -0.10
Gyr, 85.605, -0.06, 0.35, -0.33
Acc, 85.620, -0.57, 0.32, 12.93
Gyr, 85.626, -0.10, 0.35, -0.21
Gyr, 85.629, -0.18, 0.25, -0.14
Acc, 85.646, -0.57, 0.32, 12.93
Gyr, 85.650, -0.31, 0.12, -0.12
Gyr, 85.654, -0.44, 0.04, -0.00
Acc, 85.665, -2.77, -0.01, 3.32
Gyr, 85.671, -0.47, -0.04, 0.07
Gyr, 85.677, -0.42, -0.10, 0.09
Acc, 85.680, -2.24, -0.99, 5.14
Gyr, 85.683, -0.26, -0.14, 0.11
Gyr, 85.690, -0.01, -0.22, 0.05
Gyr, 85.696, 0.10, -0.28, 0.09
Acc, 85.699, -2.24, -1.60, 9.62
Gyr, 85.704, 0.14, -0.30, 0.15
Gyr, 85.714, 0.24, -0.35, 0.10
Acc, 85.718, -2.24, -1.60, 9.62
Gyr, 85.724, 0.41, -0.37, 0.10
Gyr, 85.735, 0.45, -0.19, 0.07
Acc, 85.742, -2.24, -1.60, 9.62
Gyr, 85.748, 0.15, 0.09, -0.12
Gyr, 85.759, 0.02, 0.28, 0.02
Acc, 85.768, -2.24, -1.60, 9.62
Gyr, 85.774, 0.14, 0.36, -0.14
Gyr, 85.785, 0.09, 0.41, -0.21
Acc, 85.791, -2.78, -1.57, 13.29
Gyr, 85.801, 0.05, 0.38, -0.08
Gyr, 85.810, 0.01, 0.32, -0.09
Acc, 85.819, -1.23, 1.41, 13.22
Gyr, 85.826, -0.02, 0.28, -0.03
Gyr, 85.836, -0.04, 0.24, 0.03
Acc, 85.844, -2.09, -0.26, 7.16
Gyr, 85.853, -0.06, 0.22, 0.06
Gyr, 85.869, -0.04, 0.21, 0.11
Acc, 85.878, -2.38, -0.48, 7.96
Gyr, 85.888, 0.05, 0.21, 0.09
Gyr, 85.895, 0.18, 0.19, 0.05
Acc, 85.905, -2.64, -1.26, 9.70
Gyr, 85.913, 0.28, 0.16, 0.03
Gyr, 85.921, 0.30, 0.15, 0.03
Acc, 85.930, -2.98, -0.57, 10.19
Gyr, 85.940, 0.25, 0.15, 0.04
Gyr, 85.944, 0.19, 0.16, 0.03
Acc, 85.952, -2.49, 1.00, 9.89
Gyr, 85.962, 0.14, 0.16, 0.04
Gyr, 85.973, 0.12, 0.15, 0.05
Acc, 85.981, -2.61, 1.33, 9.47
Gyr, 85.991, 0.14, 0.13, 0.05
Gyr, 86.003, 0.16, 0.12, 0.04
Acc, 86.023, -2.61, 1.33, 9.47
Gyr, 86.035, 0.19, 0.12, 0.04
Gyr, 86.071, 0.21, 0.13, 0.02
Acc, 86.076, -2.75, 0.51, 10.05
Gyr, 86.080, 0.23, 0.15, 0.01
Gyr, 86.083, 0.27, 0.16, 0.01
Acc, 86.088, -2.77, 0.68, 10.04
Gyr, 86.091, 0.30, 0.15, 0.01
Gyr, 86.094, 0.29, 0.15, 0.01
Acc, 86.097, -2.96, 0.39, 9.77
Gyr, 86.099, 0.27, 0.16, 0.01
Gyr, 86.102, 0.26, 0.16, 0.02
Acc, 86.104, -2.95, 0.78, 9.45
Gyr, 86.106, 0.26, 0.14, 0.03
Gyr, 86.109, 0.22, 0.14, 0.03
Acc, 86.111, -3.16, 0.71, 9.30
Gyr, 86.113, 0.18, 0.14, 0.04
Gyr, 86.116, 0.17, 0.14, 0.05
Acc, 86.118, -3.07, 1.00, 9.43
Gyr, 86.120, 0.18, 0.13, 0.05
Gyr, 86.123, 0.18, 0.12, 0.06
Acc, 86.147, -3.04, 0.55, 9.13
Gyr, 86.152, 0.17, 0.12, 0.06
Gyr, 86.156, 0.16, 0.11, 0.07
Acc, 86.159, -3.23, 0.66, 9.19
Gyr, 86.161, 0.14, 0.11, 0.07
Gyr, 86.164, 0.13, 0.11, 0.08
Acc, 86.167, -3.29, 0.81, 9.19
Gyr, 86.169, 0.13, 0.10, 0.09
Gyr, 86.171, 0.15, 0.09, 0.10
Acc, 86.174, -3.31, 0.41, 9.40
Gyr, 86.177, 0.16, 0.09, 0.10
Gyr, 86.185, 0.15, 0.08, 0.10
Acc, 86.190, -3.33, 0.29, 9.33
Gyr, 86.193, 0.11, 0.07, 0.10
Gyr, 86.196, 0.07, 0.07, 0.11
Acc, 86.200, -3.41, 0.70, 9.00
Gyr, 86.204, 0.00, 0.06, 0.11
Gyr, 86.208, -0.08, 0.06, 0.12
Acc, 86.211, -3.44, 1.15, 8.98
Gyr, 86.213, -0.18, 0.06, 0.12
Gyr, 86.217, -0.26, 0.05, 0.12
Gyr, 86.220, -0.33, 0.05, 0.11
Acc, 86.226, -3.44, 1.15, 8.98
Gyr, 86.237, -0.35, 0.05, 0.12
Gyr, 86.243, -0.33, 0.05, 0.13
Acc, 86.246, -3.44, 1.15, 8.98
Gyr, 86.251, -0.25, 0.04, 0.12
Gyr, 86.259, -0.14, 0.02, 0.11
Acc, 86.263, -3.44, 1.15, 8.98
Gyr, 86.274, -0.04, 0.01, 0.11
Gyr, 86.283, 0.01, 0.00, 0.11
Acc, 86.287, -3.44, 1.15, 8.98
Gyr, 86.292, 0.00, 0.00, 0.10
Gyr, 86.295, -0.04, 0.00, 0.10
Acc, 86.303, -3.44, 0.74, 9.05
Gyr, 86.310, -0.08, 0.01, 0.10
Gyr, 86.316, -0.11, 0.01, 0.11
Acc, 86.320, -3.52, 0.50, 9.24
Gyr, 86.333, -0.14, 0.01, 0.11
Gyr, 86.341, -0.15, 0.02, 0.11
Acc, 86.346, -3.47, 1.36, 9.51
Gyr, 86.349, -0.15, 0.02, 0.11
Gyr, 86.360, -0.11, 0.02, 0.10
Acc, 86.364, -3.46, 1.09, 9.67
Gyr, 86.370, -0.06, 0.02, 0.11
Gyr, 86.377, -0.01, 0.01, 0.11
Acc, 86.384, -3.39, 0.82, 9.63
Gyr, 86.396, 0.01, 0.01, 0.11
Gyr, 86.402, 0.01, 0.01, 0.11
Acc, 86.410, -3.57, 0.45, 9.58
Gyr, 86.417, -0.00, 0.00, 0.11
Gyr, 86.421, -0.04, 0.00, 0.10
Acc, 86.427, -3.46, 0.83, 9.71
Gyr, 86.442, -0.07, 0.01, 0.09
Gyr, 86.449, -0.10, 0.01, 0.10
Acc, 86.452, -3.46, 0.83, 9.71
Gyr, 86.456, -0.13, 0.01, 0.09
Gyr, 86.460, -0.12, 0.02, 0.09
Acc, 86.468, -3.46, 0.83, 9.71
Gyr, 86.475, -0.10, 0.01, 0.09
Gyr, 86.479, -0.06, 0.01, 0.10
Acc, 86.485, -3.31, 1.37, 9.65
Gyr, 86.489, -0.05, 0.01, 0.10
Gyr, 86.496, -0.03, 0.01, 0.10
Acc, 86.511, -3.42, 0.79, 9.48
Gyr, 86.518, -0.01, 0.00, 0.10
Gyr, 86.521, -0.00, -0.00, 0.09
Acc, 86.534, -3.52, 0.87, 9.45
Gyr, 86.540, -0.00, -0.01, 0.08
Gyr, 86.544, -0.00, -0.01, 0.08
Acc, 86.548, -3.39, 0.96, 9.46
Gyr, 86.551, -0.02, -0.01, 0.07
Gyr, 86.555, -0.04, -0.00, 0.07
Acc, 86.560, -3.39, 0.96, 9.46
Gyr, 86.566, -0.05, 0.01, 0.07
Gyr, 86.573, -0.04, 0.00, 0.07
Acc, 86.581, -3.44, 0.70, 9.44
Gyr, 86.590, -0.02, -0.01, 0.07
Gyr, 86.602, 0.00, -0.01, 0.07
Acc, 86.609, -3.40, 0.65, 9.23
Gyr, 86.619, 0.01, -0.01, 0.07
Gyr, 86.624, 0.01, -0.01, 0.07
Acc, 86.636, -3.40, 0.65, 9.23
Gyr, 86.655, 0.01, -0.02, 0.08
Gyr, 86.659, 0.02, -0.03, 0.08
Acc, 86.663, -3.34, 0.62, 9.51
Gyr, 86.667, 0.01, -0.03, 0.07
Gyr, 86.671, -0.00, -0.04, 0.07
Acc, 86.674, -3.41, 0.96, 9.21
Gyr, 86.677, -0.03, -0.03, 0.08
Gyr, 86.680, -0.05, -0.03, 0.08
Acc, 86.683, -3.30, 1.14, 9.12
Gyr, 86.686, -0.06, -0.03, 0.08
Gyr, 86.692, -0.05, -0.04, 0.07
Acc, 86.703, -3.32, 0.75, 9.33
Gyr, 86.706, -0.04, -0.05, 0.07
Gyr, 86.712, -0.03, -0.05, 0.06
Acc, 86.728, -3.28, 0.87, 9.16
Gyr, 86.732, -0.04, -0.06, 0.06
Gyr, 86.736, -0.05, -0.06, 0.05
Acc, 86.743, -3.18, 0.94, 9.15
Gyr, 86.747, -0.05, -0.06, 0.05
Gyr, 86.754, -0.06, -0.07, 0.04
Acc, 86.764, -3.18, 0.94, 9.15
Gyr, 86.770, -0.05, -0.07, 0.04
Gyr, 86.778, -0.02, -0.08, 0.03
Acc, 86.790, -3.18, 0.94, 9.15
Gyr, 86.795, 0.00, -0.08, 0.02
Gyr, 86.798, 0.00, -0.09, 0.02
Acc, 86.805, -3.18, 0.94, 9.15
Gyr, 86.810, -0.00, -0.09, 0.01
Gyr, 86.815, -0.03, -0.09, 0.01
Acc, 86.827, -3.18, 0.94, 9.15
Gyr, 86.842, -0.06, -0.10, 0.00
Gyr, 86.849, -0.09, -0.10, -0.00
Acc, 86.859, -3.24, 0.90, 8.94
Gyr, 86.866, -0.12, -0.10, -0.01
Gyr, 86.873, -0.13, -0.11, -0.01
Acc, 86.881, -3.34, 1.23, 9.36
Gyr, 86.895, -0.12, -0.12, -0.00
Gyr, 86.900, -0.09, -0.14, 0.00
Acc, 86.905, -3.19, 1.01, 9.06
Gyr, 86.910, -0.07, -0.16, 0.00
Gyr, 86.913, -0.06, -0.18, 0.00
Acc, 86.928, -3.17, 0.74, 8.90
Gyr, 86.933, -0.06, -0.20, 0.00
Gyr, 86.937, -0.07, -0.23, 0.00
Gyr, 86.947, -0.10, -0.24, -0.00
Acc, 86.952, -3.17, 0.74, 8.90
Gyr, 86.957, -0.13, -0.25, -0.00
Gyr, 86.973, -0.16, -0.27, -0.00
Acc, 86.977, -3.05, 0.93, 8.77
Gyr, 86.980, -0.18, -0.30, -0.01
Gyr, 86.983, -0.22, -0.32, -0.02
Acc, 86.986, -2.67, 1.17, 8.22
Gyr, 86.991, -0.27, -0.34, -0.02
Gyr, 86.996, -0.29, -0.37, -0.04
Acc, 86.998, -2.64, 1.44, 8.14
Gyr, 87.001, -0.31, -0.39, -0.04
Gyr, 87.006, -0.34, -0.42, 0.00
Acc, 87.012, -2.38, 1.32, 9.11
Gyr, 87.016, -0.39, -0.40, 0.07
Gyr, 87.034, -0.33, -0.37, 0.05
Acc, 87.038, -2.22, 0.67, 11.92
Gyr, 87.044, -0.13, -0.36, -0.10
Gyr, 87.048, -0.10, -0.22, -0.12
Acc, 87.051, -2.48, -0.56, 13.18
Gyr, 87.055, -0.28, -0.01, -0.05
Gyr, 87.061, -0.33, 0.06, -0.12
Acc, 87.072, 1.29, -0.19, 11.87
Gyr, 87.079, -0.17, 0.08, -0.04
Gyr, 87.085, -0.06, 0.11, -0.20
Acc, 87.093, -2.51, 0.12, 13.73
Gyr, 87.097, -0.10, 0.09, -0.13
Gyr, 87.104, -0.12, 0.08, -0.04
Acc, 87.118, -2.83, 0.56, 11.02
Gyr, 87.122, -0.01, 0.04, -0.00
Gyr, 87.138, 0.14, -0.04, -0.02
Acc, 87.143, -2.84, -1.35, 8.08
Gyr, 87.146, 0.16, -0.07, -0.06
Gyr, 87.150, 0.07, -0.05, -0.01
Acc, 87.154, -2.85, -0.31, 8.04
Gyr, 87.158, 0.01, -0.03, 0.00
Gyr, 87.165, 0.03, -0.08, -0.05
Acc, 87.171, -1.86, 0.47, 9.78
Gyr, 87.174, -0.02, -0.15, -0.04
Gyr, 87.184, -0.22, -0.15, 0.07
Acc, 87.191, -3.03, 2.17, 11.41
Gyr, 87.195, -0.36, -0.13, 0.10
Gyr, 87.199, -0.18, -0.16, 0.06
Acc, 87.212, -2.28, 0.56, 12.12
Gyr, 87.218, 0.20, -0.12, -0.02
Gyr, 87.223, 0.25, 0.01, -0.06
Acc, 87.231, -2.39, -2.01, 11.06
Gyr, 87.236, 0.09, 0.14, -0.07
Gyr, 87.241, 0.10, 0.22, -0.01
Acc, 87.254, -1.60, 3.91, 14.19
Gyr, 87.258, 0.10, 0.28, -0.15
Gyr, 87.265, -0.02, 0.29, -0.09
Acc, 87.275, -1.60, 3.91, 14.19
Gyr, 87.279, -0.11, 0.27, -0.04
Gyr, 87.283, -0.17, 0.22, -0.05
Acc, 87.288, -1.60, 3.91, 14.19
Gyr, 87.292, -0.21, 0.19, -0.04
Gyr, 87.299, -0.21, 0.17, -0.00
Acc, 87.308, -1.60, 3.91, 14.19
Gyr, 87.311, -0.15, 0.16, 0.07
Gyr, 87.325, -0.11, 0.17, 0.08
Gyr, 87.338, -0.03, 0.18, 0.05
Acc, 87.343, -3.19, 0.41, 9.68
Gyr, 87.347, 0.12, 0.16, -0.01
Gyr, 87.356, 0.20, 0.16, -0.04
Acc, 87.360, -2.27, -1.09, 9.72
Gyr, 87.363, 0.20, 0.18, -0.03
Acc, 87.369, -2.50, -0.14, 10.96
Gyr, 87.373, 0.19, 0.19, -0.05
Gyr, 87.378, 0.17, 0.20, -0.06
Gyr, 87.389, 0.15, 0.20, -0.07
Acc, 87.393, -2.44, 0.43, 11.16
Gyr, 87.402, 0.13, 0.20, -0.09
Gyr, 87.411, 0.11, 0.20, -0.09
Acc, 87.423, -2.65, 0.60, 10.57
Gyr, 87.428, 0.11, 0.21, -0.09
Gyr, 87.441, 0.15, 0.19, -0.10
Acc, 87.447, -2.65, 0.60, 10.57
Gyr, 87.451, 0.18, 0.18, -0.13
Gyr, 87.460, 0.20, 0.18, -0.14
Acc, 87.465, -2.65, 0.60, 10.57
Gyr, 87.474, 0.22, 0.17, -0.15
Gyr, 87.484, 0.24, 0.16, -0.16
Acc, 87.490, -2.65, 0.80, 9.45
Gyr, 87.495, 0.24, 0.14, -0.16
Gyr, 87.506, 0.20, 0.13, -0.17
Acc, 87.511, -2.96, 0.72, 9.20
Gyr, 87.515, 0.18, 0.12, -0.18
Gyr, 87.520, 0.16, 0.11, -0.18
Acc, 87.524, -3.02, 1.19, 9.11
Gyr, 87.537, 0.14, 0.09, -0.18
Gyr, 87.544, 0.12, 0.08, -0.19
Acc, 87.547, -2.84, 1.21, 9.06
Gyr, 87.550, 0.11, 0.06, -0.19
Gyr, 87.557, 0.13, 0.05, -0.20
Acc, 87.566, -2.97, 1.15, 9.30
Gyr, 87.575, 0.15, 0.03, -0.20
Gyr, 87.592, 0.17, 0.02, -0.20
Acc, 87.601, -2.91, 0.78, 9.24
Gyr, 87.606, 0.18, 0.02, -0.21
Gyr, 87.609, 0.19, 0.02, -0.21
Acc, 87.612, -2.96, 0.55, 9.21
Gyr, 87.616, 0.19, 0.01, -0.21
Gyr, 87.621, 0.19, -0.00, -0.22
Acc, 87.626, -2.90, 0.86, 9.41
Gyr, 87.632, 0.18, -0.01, -0.23
Gyr, 87.637, 0.15, -0.01, -0.23
Acc, 87.644, -2.97, 0.93, 9.50
Gyr, 87.651, 0.13, -0.00, -0.24
Gyr, 87.659, 0.13, 0.01, -0.24
Acc, 87.667, -2.88, 0.70, 9.59
Gyr, 87.671, 0.15, 0.01, -0.24
Gyr, 87.678, 0.19, 0.01, -0.24
Acc, 87.686, -2.97, -0.05, 9.69
Gyr, 87.693, 0.23, 0.01, -0.25
Gyr, 87.703, 0.26, 0.00, -0.24
Acc, 87.710, -3.16, 0.04, 9.75
Gyr, 87.720, 0.26, 0.00, -0.24
Gyr, 87.741, 0.23, 0.01, -0.24
Acc, 87.748, -3.16, 0.04, 9.75
Gyr, 87.760, 0.19, 0.02, -0.24
Gyr, 87.763, 0.14, 0.03, -0.23
Acc, 87.767, -3.16, 0.58, 9.50
Gyr, 87.771, 0.09, 0.04, -0.23
Gyr, 87.774, 0.06, 0.04, -0.22
Acc, 87.777, -3.22, 0.38, 9.53
Gyr, 87.787, 0.05, 0.05, -0.21
Gyr, 87.794, 0.05, 0.05, -0.20
Acc, 87.797, -3.22, 0.38, 9.53
Gyr, 87.800, 0.07, 0.05, -0.19
Gyr, 87.802, 0.10, 0.05, -0.18
Acc, 87.805, -3.27, 0.02, 9.57
Gyr, 87.807, 0.11, 0.05, -0.17
Gyr, 87.821, 0.10, 0.04, -0.16
Acc, 87.830, -3.27, 0.02, 9.57
Gyr, 87.842, 0.08, 0.04, -0.16
Gyr, 87.846, 0.06, 0.04, -0.16
Gyr, 87.850, 0.03, 0.04, -0.16
Acc, 87.854, -3.27, 0.02, 9.57
Gyr, 87.858, 0.00, 0.05, -0.15
Gyr, 87.861, 0.01, 0.04, -0.15
Acc, 87.865, -3.27, 0.02, 9.57
Gyr, 87.870, 0.02, 0.03, -0.15
Gyr, 87.878, 0.02, 0.03, -0.14
Acc, 87.884, -3.38, 0.08, 9.48
Gyr, 87.888, 0.02, 0.03, -0.14
Gyr, 87.898, 0.02, 0.03, -0.14
Acc, 87.903, -3.45, 0.23, 9.32
Gyr, 87.906, 0.05, 0.01, -0.14
Gyr, 87.912, 0.07, 0.00, -0.14
Acc, 87.927, -3.51, 0.49, 9.31
Gyr, 87.931, 0.07, 0.00, -0.14
Gyr, 87.936, 0.05, 0.01, -0.14
Acc, 87.940, -3.51, 0.31, 9.28
Gyr, 87.944, 0.03, 0.00, -0.14
Gyr, 87.951, 0.01, -0.00, -0.14
Acc, 87.958, -3.50, 0.68, 9.32
Gyr, 87.961, 0.01, -0.00, -0.14
Gyr, 87.973, 0.01, -0.01, -0.14
Acc, 87.977, -3.48, 0.57, 9.37
Gyr, 87.991, 0.02, -0.02, -0.13
Gyr, 87.995, 0.01, -0.02, -0.13
Acc, 88.007, -3.34, 0.51, 9.46
Gyr, 88.012, -0.00, -0.01, -0.12
Gyr, 88.035, 0.01, -0.01, -0.12
Acc, 88.041, -3.22, 0.63, 9.45
Gyr, 88.045, 0.02, -0.02, -0.12
Gyr, 88.048, 0.01, -0.02, -0.12
Acc, 88.051, -3.36, 0.54, 9.50
Gyr, 88.054, 0.01, -0.02, -0.13
Gyr, 88.066, 0.01, -0.03, -0.14
Acc, 88.071, -3.50, 0.73, 9.43
Gyr, 88.075, 0.02, -0.03, -0.14
Gyr, 88.077, 0.04, -0.04, -0.14
Acc, 88.083, -3.53, 0.67, 9.39
Gyr, 88.087, 0.05, -0.04, -0.14
Gyr, 88.096, 0.06, -0.04, -0.14
Acc, 88.107, -3.35, 0.38, 9.47
Gyr, 88.111, 0.05, -0.04, -0.13
Gyr, 88.118, 0.03, -0.04, -0.13
Acc, 88.127, -3.28, 0.41, 9.47
Gyr, 88.132, 0.00, -0.04, -0.12
Gyr, 88.135, -0.03, -0.05, -0.12
Acc, 88.150, -3.30, 0.38, 9.24
Gyr, 88.155, -0.06, -0.06, -0.11
Gyr, 88.158, -0.08, -0.07, -0.11
Acc, 88.162, -3.43, 0.38, 9.10
Gyr, 88.166, -0.08, -0.08, -0.11
Gyr, 88.176, -0.08, -0.10, -0.11
Acc, 88.180, -3.56, 0.40, 9.08
Gyr, 88.184, -0.06, -0.11, -0.11
Gyr, 88.192, -0.05, -0.11, -0.11
Acc, 88.201, -3.53, 0.24, 8.92
Gyr, 88.205, -0.04, -0.13, -0.11
Gyr, 88.213, -0.03, -0.14, -0.11
Acc, 88.226, -3.36, 0.10, 8.93
Gyr, 88.234, -0.05, -0.15, -0.12
Gyr, 88.238, -0.07, -0.16, -0.12
Acc, 88.247, -3.47, 0.39, 8.74
Gyr, 88.253, -0.10, -0.17, -0.13
Gyr, 88.262, -0.13, -0.17, -0.14
Acc, 88.269, -3.29, 0.53, 8.61
Gyr, 88.283, -0.14, -0.18, -0.14
Gyr, 88.287, -0.14, -0.19, -0.14
Gyr, 88.290, -0.14, -0.19, -0.15
Acc, 88.304, -3.05, 0.28, 8.85
Gyr, 88.308, -0.16, -0.19, -0.15
Gyr, 88.313, -0.17, -0.20, -0.14
Acc, 88.316, -3.05, 0.28, 8.85
Gyr, 88.321, -0.16, -0.22, -0.12
Gyr, 88.324, -0.14, -0.24, -0.11
Acc, 88.327, -3.05, 0.28, 8.85
Gyr, 88.346, -0.12, -0.26, -0.11
Gyr, 88.352, -0.11, -0.29, -0.09
Acc, 88.356, -3.05, 0.28, 8.85
Gyr, 88.361, -0.11, -0.32, -0.09
Gyr, 88.371, -0.13, -0.36, -0.09
Acc, 88.376, -2.82, 0.11, 9.08
Gyr, 88.380, -0.19, -0.42, -0.09
Gyr, 88.385, -0.27, -0.47, -0.06
Acc, 88.387, -2.70, -0.42, 8.19
Gyr, 88.394, -0.39, -0.50, 0.00
Gyr, 88.401, -0.54, -0.48, 0.08
Acc, 88.405, -2.59, 0.41, 8.20
Gyr, 88.422, -0.44, -0.43, 0.02
Gyr, 88.426, -0.11, -0.33, -0.15
Acc, 88.433, -2.59, 0.41, 8.20
Gyr, 88.439, -0.14, -0.06, -0.09
Gyr, 88.445, -0.29, 0.09, -0.19
Acc, 88.449, -2.59, 0.41, 8.20
Gyr, 88.454, -0.18, 0.17, -0.08
Gyr, 88.458, 0.04, 0.26, -0.26
Acc, 88.462, -2.59, 0.41, 8.20
Gyr, 88.472, 0.09, 0.28, -0.25
Gyr, 88.476, 0.10, 0.24, -0.16
Acc, 88.488, -1.49, 3.77, 16.99
Gyr, 88.504, 0.11, 0.14, -0.16
Gyr, 88.511, 0.11, 0.04, -0.09
Acc, 88.518, -4.29, -0.32, 10.36
Gyr, 88.538, 0.14, -0.04, -0.04
Gyr, 88.543, 0.14, -0.10, -0.03
Acc, 88.546, -3.80, -0.73, 5.50
Gyr, 88.550, 0.04, -0.09, 0.04
Gyr, 88.556, 0.11, -0.11, 0.07
Acc, 88.559, -2.18, -0.84, 9.76
Gyr, 88.562, 0.28, -0.22, -0.02
Gyr, 88.565, 0.24, -0.29, 0.02
Acc, 88.570, -3.67, 0.85, 12.23
Gyr, 88.575, 0.12, -0.29, 0.06
Gyr, 88.584, 0.22, -0.27, 0.03
Acc, 88.593, -2.67, -0.54, 11.39
Gyr, 88.597, 0.39, -0.18, 0.04
Gyr, 88.612, 0.16, 0.02, -0.11
Acc, 88.617, -2.67, -0.54, 11.39
Gyr, 88.621, 0.01, 0.23, 0.01
Gyr, 88.626, 0.10, 0.32, -0.09
Acc, 88.629, -0.90, 0.98, 13.28
Gyr, 88.633, 0.05, 0.36, -0.15
Gyr, 88.639, -0.00, 0.35, -0.06
Acc, 88.646, -3.99, 0.44, 10.89
Gyr, 88.649, -0.02, 0.28, -0.06
Gyr, 88.658, -0.02, 0.22, -0.02
Acc, 88.665, -2.95, -0.69, 6.78
Gyr, 88.669, -0.04, 0.19, 0.04
Gyr, 88.676, -0.07, 0.18, 0.07
Acc, 88.692, -2.01, -0.53, 7.60
Gyr, 88.696, -0.07, 0.16, 0.11
Gyr, 88.699, 0.03, 0.15, 0.11
Acc, 88.714, -2.01, -0.53, 7.60
Gyr, 88.719, 0.15, 0.13, 0.07
Gyr, 88.723, 0.24, 0.12, 0.06
Acc, 88.728, -2.64, -0.80, 9.97
Gyr, 88.734, 0.28, 0.11, 0.05
Gyr, 88.741, 0.26, 0.12, 0.05
Acc, 88.745, -2.50, 0.67, 9.83
Gyr, 88.749, 0.21, 0.13, 0.05
Gyr, 88.756, 0.16, 0.13, 0.06
Acc, 88.766, -2.37, 0.87, 9.61
Gyr, 88.770, 0.09, 0.14, 0.06
Gyr, 88.777, 0.04, 0.15, 0.07
Acc, 88.795, -2.37, 0.87, 9.61
Gyr, 88.802, 0.03, 0.16, 0.07
Gyr, 88.806, 0.03, 0.16, 0.06
Acc, 88.811, -2.65, 0.42, 9.96
Gyr, 88.823, 0.02, 0.18, 0.05
Gyr, 88.832, 0.02, 0.20, 0.05
Acc, 88.835, -2.68, 0.64, 10.11
Gyr, 88.839, 0.05, 0.21, 0.04
Gyr, 88.844, 0.11, 0.21, 0.02
Acc, 88.851, -2.93, 0.03, 9.97
Gyr, 88.854, 0.14, 0.21, 0.01
Gyr, 88.857, 0.15, 0.22, 0.01
Acc, 88.867, -2.93, 0.03, 9.97
Gyr, 88.871, 0.17, 0.22, 0.01
Gyr, 88.879, 0.18, 0.21, 0.01
Acc, 88.888, -2.93, 0.03, 9.97
Gyr, 88.892, 0.19, 0.20, 0.01
Gyr, 88.897, 0.18, 0.20, 0.01
Acc, 88.910, -2.93, 0.03, 9.97
Gyr, 88.914, 0.16, 0.18, 0.01
Gyr, 88.918, 0.12, 0.17, 0.01
Acc, 88.929, -2.93, 0.03, 9.97
Gyr, 88.937, 0.08, 0.17, 0.01
Gyr, 88.941, 0.05, 0.16, 0.01
Acc, 88.950, -2.93, 0.03, 9.97
Gyr, 88.956, 0.07, 0.14, 0.01
Gyr, 88.965, 0.10, 0.12, 0.02
Acc, 88.973, -3.20, 0.58, 9.09
Gyr, 88.977, 0.12, 0.10, 0.02
Gyr, 88.981, 0.12, 0.09, 0.01
Gyr, 88.985, 0.11, 0.08, 0.00
Acc, 88.988, -3.29, 0.89, 9.54
Gyr, 88.995, 0.08, 0.08, 0.01
Gyr, 89.002, 0.04, 0.07, 0.01
Acc, 89.007, -3.48, 0.83, 9.01
Gyr, 89.015, 0.02, 0.06, -0.00
Gyr, 89.024, 0.01, 0.05, -0.02
Acc, 89.029, -3.41, 1.34, 8.95
Gyr, 89.037, 0.04, 0.04, -0.03
Gyr, 89.041, 0.10, 0.02, -0.03
Acc, 89.049, -3.49, 1.08, 9.07
Gyr, 89.058, 0.16, 0.00, -0.05
Gyr, 89.066, 0.19, -0.01, -0.06
Acc, 89.076, -3.43, 0.45, 9.15
Gyr, 89.081, 0.17, -0.02, -0.07
Acc, 89.093, -3.36, 1.22, 9.20
Gyr, 89.101, 0.13, -0.02, -0.08
Gyr, 89.106, 0.09, -0.01, -0.09
Gyr, 89.114, 0.07, -0.02, -0.10
Acc, 89.118, -3.17, 1.46, 8.95
Gyr, 89.122, 0.04, -0.03, -0.11
Gyr, 89.126, 0.03, -0.03, -0.11
Acc, 89.129, -3.23, 1.21, 9.11
Gyr, 89.135, 0.03, -0.03, -0.10
Gyr, 89.143, 0.06, -0.03, -0.10
Acc, 89.147, -3.17, 0.67, 9.37
Gyr, 89.151, 0.08, -0.04, -0.11
Gyr, 89.163, 0.08, -0.04, -0.11
Acc, 89.167, -3.35, 0.41, 9.43
Gyr, 89.172, 0.06, -0.04, -0.11
Gyr, 89.179, 0.04, -0.03, -0.11
Acc, 89.191, -3.27, 0.78, 9.51
Gyr, 89.197, 0.01, -0.03, -0.11
Gyr, 89.212, -0.01, -0.03, -0.11
Acc, 89.218, -3.40, 0.99, 9.47
Gyr, 89.224, -0.01, -0.04, -0.11
Gyr, 89.229, -0.01, -0.04, -0.12
Acc, 89.235, -3.42, 0.88, 9.39
Gyr, 89.239, 0.00, -0.04, -0.12
Gyr, 89.244, 0.02, -0.04, -0.12
Acc, 89.253, -3.34, 0.66, 9.49
Gyr, 89.263, 0.03, -0.04, -0.12
Gyr, 89.270, 0.04, -0.04, -0.12
Acc, 89.283, -3.38, 0.62, 9.43
Gyr, 89.288, 0.04, -0.05, -0.12
Gyr, 89.304, 0.02, -0.05, -0.11
Acc, 89.317, -3.39, 0.84, 9.35
Gyr, 89.320, 0.00, -0.06, -0.11
Gyr, 89.324, -0.01, -0.06, -0.11
Acc, 89.326, -3.33, 1.00, 9.29
Gyr, 89.329, -0.03, -0.06, -0.12
Gyr, 89.341, -0.03, -0.06, -0.12
Acc, 89.345, -3.29, 1.10, 9.47
Gyr, 89.348, -0.00, -0.06, -0.12
Gyr, 89.351, 0.02, -0.08, -0.13
Gyr, 89.360, 0.05, -0.09, -0.13
Acc, 89.368, -3.41, 0.77, 9.36
Gyr, 89.377, 0.06, -0.10, -0.13
Gyr, 89.385, 0.04, -0.10, -0.14
Acc, 89.389, -3.48, 0.63, 9.09
Gyr, 89.392, 0.01, -0.09, -0.14
Gyr, 89.397, -0.02, -0.09, -0.14
Acc, 89.400, -3.48, 0.63, 9.09
Gyr, 89.408, -0.03, -0.09, -0.14
Gyr, 89.413, -0.03, -0.08, -0.13
Acc, 89.419, -3.48, 0.63, 9.09
Gyr, 89.424, -0.01, -0.09, -0.13
Gyr, 89.430, 0.01, -0.09, -0.12
Acc, 89.442, -3.48, 0.63, 9.09
Gyr, 89.449, 0.04, -0.09, -0.12
Gyr, 89.454, 0.06, -0.09, -0.12
Acc, 89.458, -3.48, 0.63, 9.09
Gyr, 89.462, 0.07, -0.09, -0.12
Gyr, 89.466, 0.05, -0.09, -0.13
Acc, 89.472, -3.48, 0.63, 9.09
Gyr, 89.476, 0.01, -0.08, -0.13
Gyr, 89.486, -0.04, -0.08, -0.13
Acc, 89.495, -3.34, 1.03, 9.37
Gyr, 89.506, -0.07, -0.08, -0.13
Gyr, 89.511, -0.07, -0.08, -0.12
Acc, 89.516, -3.30, 0.37, 9.70
Gyr, 89.519, -0.04, -0.09, -0.12
Gyr, 89.526, 0.00, -0.10, -0.12
Acc, 89.532, -3.18, 0.81, 9.61
Gyr, 89.537, 0.03, -0.10, -0.12
Gyr, 89.551, 0.05, -0.10, -0.13
Acc, 89.556, -3.08, 0.11, 9.58
Gyr, 89.559, 0.05, -0.11, -0.13
Gyr, 89.566, 0.04, -0.11, -0.14
Acc, 89.584, -2.97, 0.18, 9.53
Gyr, 89.591, 0.00, -0.10, -0.15
Gyr, 89.595, -0.03, -0.08, -0.15
Acc, 89.602, -3.04, 0.52, 9.41
Gyr, 89.607, -0.06, -0.08, -0.15
Gyr, 89.618, -0.07, -0.08, -0.15
Acc, 89.622, -3.00, 0.67, 9.62
Gyr, 89.625, -0.09, -0.07, -0.14
Gyr, 89.629, -0.09, -0.06, -0.14
Gyr, 89.638, -0.08, -0.06, -0.13
Acc, 89.644, -2.93, 0.36, 9.46
Gyr, 89.647, -0.06, -0.07, -0.13
Gyr, 89.659, -0.06, -0.08, -0.14
Acc, 89.665, -3.03, -0.05, 9.38
Gyr, 89.670, -0.07, -0.09, -0.14
Gyr, 89.676, -0.09, -0.09, -0.14
Acc, 89.683, -3.03, 0.32, 9.31
Gyr, 89.692, -0.10, -0.10, -0.14
Gyr, 89.706, -0.11, -0.12, -0.13
Acc, 89.710, -2.98, 0.55, 9.09
Gyr, 89.714, -0.10, -0.12, -0.12
Gyr, 89.717, -0.09, -0.14, -0.11
Acc, 89.719, -2.96, 0.30, 9.15
Gyr, 89.724, -0.07, -0.16, -0.11
Gyr, 89.735, -0.05, -0.17, -0.11
Acc, 89.740, -2.86, -0.12, 9.05
Gyr, 89.744, -0.05, -0.20, -0.10
Gyr, 89.757, -0.07, -0.22, -0.10
Acc, 89.765, -2.94, 0.08, 8.72
Gyr, 89.772, -0.09, -0.24, -0.09
Gyr, 89.780, -0.11, -0.27, -0.10
Acc, 89.788, -2.88, 0.62, 8.44
Gyr, 89.795, -0.18, -0.32, -0.09
Gyr, 89.801, -0.29, -0.36, -0.07
Acc, 89.809, -2.80, 0.88, 8.33
Gyr, 89.813, -0.44, -0.37, -0.02
Gyr, 89.821, -0.52, -0.34, 0.01
Acc, 89.824, -2.86, 1.53, 10.44
Gyr, 89.828, -0.32, -0.34, -0.05
Gyr, 89.836, 0.05, -0.32, -0.28
Acc, 89.847, -3.16, -1.62, 12.00
Gyr, 89.851, -0.07, -0.07, -0.13
Gyr, 89.856, -0.32, 0.09, -0.14
Acc, 89.870, 1.84, -0.81, 10.48
Gyr, 89.875, -0.29, 0.15, -0.11
Gyr, 89.880, -0.08, 0.19, -0.22
Acc, 89.888, -4.79, 3.13, 15.99
Gyr, 89.897, -0.03, 0.22, -0.23
Gyr, 89.910, -0.05, 0.19, -0.13
Acc, 89.916, -4.79, 3.13, 15.99
Gyr, 89.927, -0.01, 0.10, -0.13
Gyr, 89.941, 0.04, 0.02, -0.06
Acc, 89.950, -3.32, -1.10, 6.61
Gyr, 89.956, 0.13, -0.04, 0.00
Gyr, 89.962, 0.11, -0.08, -0.03
Gyr, 89.966, 0.05, -0.09, 0.06
Acc, 89.974, -2.26, -2.70, 5.03
Gyr, 89.982, 0.14, -0.20, 0.01
Gyr, 89.991, -0.00, -0.26, 0.01
Acc, 90.000, -2.26, -2.70, 5.03
Gyr, 90.009, -0.21, -0.22, 0.10
Acc, 90.018, -2.26, -2.70, 5.03
Gyr, 90.024, -0.13, -0.25, 0.04
Gyr, 90.037, 0.09, -0.19, -0.01
Gyr, 90.048, -0.04, 0.04, -0.15
Acc, 90.054, -2.26, -2.70, 5.03
Gyr, 90.058, -0.26, 0.29, -0.16
Gyr, 90.064, -0.21, 0.40, -0.13
Acc, 90.067, -3.51, 2.27, 12.87
Gyr, 90.070, -0.15, 0.44, -0.22
Gyr, 90.074, -0.06, 0.39, -0.08
Acc, 90.079, -1.50, 1.93, 13.90
Gyr, 90.083, 0.09, 0.28, -0.06
Gyr, 90.088, 0.17, 0.19, -0.04
Acc, 90.098, -4.26, -1.36, 10.03
Gyr, 90.109, 0.18, 0.16, 0.03
Gyr, 90.119, 0.10, 0.15, 0.09
Acc, 90.126, -3.07, -2.53, 6.53
Gyr, 90.148, 0.04, 0.15, 0.16
Gyr, 90.156, 0.07, 0.15, 0.16
Acc, 90.160, -2.10, -0.94, 7.32
Gyr, 90.168, 0.12, 0.15, 0.15
Gyr, 90.172, 0.16, 0.14, 0.16
Acc, 90.184, -2.41, -2.23, 9.94
Gyr, 90.188, 0.19, 0.13, 0.17
Gyr, 90.198, 0.16, 0.13, 0.19
Acc, 90.206, -2.73, -1.78, 10.50
Gyr, 90.213, 0.10, 0.14, 0.22
Gyr, 90.219, 0.04, 0.15, 0.26
Acc, 90.224, -2.49, -0.77, 9.61
Gyr, 90.231, -0.01, 0.15, 0.29
Gyr, 90.237, -0.06, 0.15, 0.31
Acc, 90.248, -2.49, -0.77, 9.61
Gyr, 90.256, -0.07, 0.16, 0.34
Gyr, 90.266, -0.07, 0.16, 0.37
Acc, 90.273, -2.89, -1.15, 9.92
Gyr, 90.278, -0.05, 0.16, 0.38
Gyr, 90.283, -0.03, 0.18, 0.38
Acc, 90.288, -3.11, -0.78, 10.14
Gyr, 90.292, 0.00, 0.19, 0.39
Gyr, 90.300, 0.05, 0.20, 0.39
Acc, 90.306, -3.11, -0.78, 10.14
Gyr, 90.309, 0.09, 0.20, 0.38
Gyr, 90.318, 0.11, 0.21, 0.38
Acc, 90.327, -3.25, -0.91, 10.16
Gyr, 90.331, 0.13, 0.21, 0.40
Gyr, 90.337, 0.14, 0.21, 0.40
Acc, 90.340, -3.38, -0.48, 9.77
Gyr, 90.361, 0.13, 0.20, 0.41
Gyr, 90.366, 0.10, 0.20, 0.42
Acc, 90.370, -3.51, -0.33, 9.50
Gyr, 90.373, 0.06, 0.19, 0.43
Gyr, 90.376, 0.02, 0.18, 0.44
Acc, 90.379, -3.64, 0.50, 9.13
Gyr, 90.381, -0.00, 0.16, 0.45
Gyr, 90.384, -0.02, 0.14, 0.46
Acc, 90.386, -3.84, 0.49, 9.08
Gyr, 90.389, -0.03, 0.12, 0.46
Gyr, 90.391, -0.05, 0.09, 0.45
Acc, 90.394, -3.84, 0.49, 9.08
Gyr, 90.398, -0.08, 0.07, 0.45
Gyr, 90.402, -0.13, 0.06, 0.45
Acc, 90.407, -3.68, 0.65, 8.96
Gyr, 90.414, -0.17, 0.05, 0.45
Gyr, 90.423, -0.21, 0.04, 0.44
Acc, 90.431, -3.68, 0.65, 8.96
Gyr, 90.445, -0.22, 0.03, 0.44
Gyr, 90.449, -0.20, 0.03, 0.44
Acc, 90.452, -3.68, 0.65, 8.96
Gyr, 90.455, -0.13, 0.03, 0.43
Gyr, 90.458, -0.02, 0.01, 0.42
Acc, 90.464, -3.46, 1.31, 8.67
Gyr, 90.471, 0.09, -0.01, 0.40
Gyr, 90.476, 0.14, -0.02, 0.37
Acc, 90.479, -3.00, 1.22, 9.30
Gyr, 90.481, 0.14, -0.02, 0.34
Gyr, 90.497, 0.10, -0.01, 0.31
Acc, 90.503, -3.04, 0.96, 9.57
Gyr, 90.506, 0.04, -0.00, 0.28
Gyr, 90.510, -0.02, 0.00, 0.25
Acc, 90.514, -2.86, 1.98, 9.32
Gyr, 90.516, -0.07, 0.01, 0.22
Gyr, 90.522, -0.10, 0.01, 0.20
Acc, 90.531, -2.86, 1.98, 9.32
Gyr, 90.535, -0.08, 0.02, 0.19
Gyr, 90.543, -0.00, 0.01, 0.18
Acc, 90.556, -2.86, 1.98, 9.32
Gyr, 90.563, 0.12, -0.01, 0.17
Gyr, 90.579, 0.20, -0.04, 0.15
Acc, 90.583, -2.86, 1.98, 9.32
Gyr, 90.587, 0.21, -0.04, 0.13
Gyr, 90.590, 0.17, -0.03, 0.12
Acc, 90.610, -3.03, 1.89, 9.28
Gyr, 90.615, 0.10, -0.03, 0.11
Gyr, 90.618, 0.03, -0.03, 0.10
Gyr, 90.621, -0.03, -0.02, 0.10
Acc, 90.624, -3.35, 0.28, 9.34
Gyr, 90.627, -0.07, -0.02, 0.09
Gyr, 90.632, -0.09, -0.02, 0.09
Acc, 90.639, -3.05, 1.53, 9.37
Gyr, 90.643, -0.07, -0.03, 0.09
Gyr, 90.649, -0.03, -0.03, 0.08
Acc, 90.654, -2.99, 0.47, 9.11
Gyr, 90.664, 0.00, -0.03, 0.09
Gyr, 90.680, 0.04, -0.03, 0.08
Acc, 90.685, -3.04, 0.39, 9.49
Gyr, 90.688, 0.06, -0.03, 0.08
Gyr, 90.703, 0.06, -0.03, 0.07
Acc, 90.707, -3.04, 0.39, 9.49
Gyr, 90.711, 0.02, -0.03, 0.07
Gyr, 90.721, -0.03, -0.03, 0.07
Acc, 90.726, -3.12, 1.01, 9.28
Gyr, 90.730, -0.07, -0.03, 0.06
Gyr, 90.733, -0.08, -0.03, 0.06
Acc, 90.745, -3.37, 1.21, 9.33
Gyr, 90.752, -0.07, -0.04, 0.05
Gyr, 90.755, -0.06, -0.04, 0.05
Acc, 90.762, -3.39, 0.82, 9.32
Gyr, 90.768, -0.03, -0.04, 0.04
Gyr, 90.780, 0.00, -0.05, 0.04
Acc, 90.788, -3.31, 0.78, 9.30
Gyr, 90.796, 0.04, -0.05, 0.03
Gyr, 90.801, 0.04, -0.05, 0.03
Acc, 90.814, -3.27, 0.70, 9.37
Gyr, 90.818, 0.02, -0.05, 0.02
Gyr, 90.821, -0.00, -0.05, 0.02
Acc, 90.831, -3.21, 1.09, 9.51
Gyr, 90.836, -0.04, -0.05, 0.02
Gyr, 90.840, -0.06, -0.05, 0.02
Acc, 90.846, -3.28, 1.14, 9.37
Gyr, 90.851, -0.08, -0.05, 0.02
Gyr, 90.855, -0.10, -0.06, 0.02
Acc, 90.865, -3.30, 0.95, 9.26
Gyr, 90.873, -0.10, -0.06, 0.02
Gyr, 90.882, -0.09, -0.07, 0.02
Acc, 90.891, -3.20, 0.90, 9.36
Gyr, 90.898, -0.03, -0.08, 0.02
Gyr, 90.910, 0.02, -0.09, 0.02
Acc, 90.921, -3.20, 0.90, 9.36
Gyr, 90.927, 0.05, -0.09, 0.02
Gyr, 90.934, 0.06, -0.09, 0.02
Acc, 90.943, -3.03, 0.33, 9.28
Gyr, 90.950, 0.03, -0.10, 0.02
Gyr, 90.960, -0.01, -0.10, 0.02
Acc, 90.967, -2.99, 0.77, 9.25
Gyr, 90.977, -0.07, -0.10, 0.02
Gyr, 90.984, -0.12, -0.09, 0.02
Acc, 90.995, -2.89, 0.98, 9.41
Gyr, 91.000, -0.14, -0.09, 0.03
Gyr, 91.006, -0.13, -0.09, 0.03
Acc, 91.013, -2.85, 0.77, 9.44
Gyr, 91.020, -0.08, -0.10, 0.03
Gyr, 91.028, -0.03, -0.11, 0.03
Acc, 91.041, -2.78, 0.14, 9.23
Gyr, 91.046, -0.00, -0.12, 0.03
Gyr, 91.049, 0.00, -0.13, 0.03
Acc, 91.054, -2.72, 0.06, 9.01
Gyr, 91.059, -0.02, -0.14, 0.03
Gyr, 91.063, -0.06, -0.15, 0.03
Acc, 91.067, -2.72, 0.06, 9.01
Gyr, 91.071, -0.11, -0.15, 0.04
Gyr, 91.076, -0.13, -0.16, 0.05
Acc, 91.079, -2.72, 0.06, 9.01
Gyr, 91.082, -0.13, -0.18, 0.05
Gyr, 91.085, -0.11, -0.20, 0.05
Gyr, 91.089, -0.10, -0.22, 0.04
Acc, 91.092, -2.72, 0.06, 9.01
Gyr, 91.107, -0.08, -0.24, 0.04
Gyr, 91.111, -0.08, -0.26, 0.04
Acc, 91.114, -2.69, 0.62, 9.14
Gyr, 91.117, -0.10, -0.28, 0.04
Gyr, 91.126, -0.11, -0.30, 0.03
Acc, 91.131, -2.63, 0.38, 8.59
Gyr, 91.139, -0.13, -0.32, 0.02
Gyr, 91.149, -0.17, -0.35, 0.04
Acc, 91.157, -2.34, 0.78, 8.67
Gyr, 91.166, -0.26, -0.37, 0.08
Gyr, 91.171, -0.34, -0.40, 0.13
Acc, 91.177, -2.37, 1.09, 8.96
Gyr, 91.181, -0.34, -0.43, 0.10
Gyr, 91.191, -0.25, -0.46, 0.06
Acc, 91.197, -2.42, 0.93, 10.06
Gyr, 91.209, 0.04, -0.48, -0.00
Gyr, 91.216, 0.33, -0.42, -0.15
Acc, 91.225, -2.61, -0.34, 12.12
Gyr, 91.232, 0.14, -0.11, 0.02
Gyr, 91.236, -0.13, 0.06, -0.08
Acc, 91.240, -1.36, -0.40, 10.50
Gyr, 91.245, -0.09, 0.09, -0.03
Gyr, 91.249, 0.00, 0.16, -0.20
Acc, 91.252, 0.51, 4.97, 14.53
Gyr, 91.255, -0.02, 0.19, -0.17
Gyr, 91.261, 0.00, 0.12, -0.11
Acc, 91.267, 0.56, 0.01, 13.87
Gyr, 91.276, 0.07, 0.03, -0.12
Gyr, 91.283, 0.16, -0.01, -0.02
Acc, 91.288, -2.74, -0.27, 9.21
Gyr, 91.302, 0.20, -0.07, -0.03
Gyr, 91.307, 0.09, -0.07, -0.05
Acc, 91.311, -2.19, 0.39, 7.89
Gyr, 91.315, 0.05, -0.10, -0.07
Gyr, 91.318, -0.08, -0.13, -0.03
Acc, 91.332, -2.18, 3.38, 13.47
Gyr, 91.336, -0.19, -0.16, 0.11
Gyr, 91.339, -0.16, -0.21, 0.01
Acc, 91.349, -2.39, -0.86, 12.82
Gyr, 91.354, 0.10, -0.28, -0.05
Gyr, 91.361, 0.43, -0.18, -0.06
Acc, 91.370, -2.10, -2.07, 11.82
Gyr, 91.381, 0.22, 0.05, -0.21
Gyr, 91.389, -0.24, 0.31, -0.11
Acc, 91.393, -2.10, -2.07, 11.82
Gyr, 91.411, -0.26, 0.40, -0.11
Gyr, 91.418, -0.18, 0.42, -0.19
Acc, 91.421, -2.10, -2.07, 11.82
Gyr, 91.425, -0.00, 0.35, -0.05
Gyr, 91.428, 0.17, 0.26, -0.05
Acc, 91.430, -2.10, -2.07, 11.82
Gyr, 91.438, 0.23, 0.20, -0.00
Gyr, 91.452, 0.16, 0.17, 0.05
Acc, 91.456, -1.67, 0.83, 11.34
Gyr, 91.459, -0.01, 0.18, 0.10
Gyr, 91.463, -0.11, 0.20, 0.17
Acc, 91.473, -1.27, -1.12, 7.25
Gyr, 91.478, -0.07, 0.21, 0.16
Gyr, 91.482, 0.01, 0.21, 0.12
Acc, 91.489, -1.94, 0.01, 9.36
Gyr, 91.492, 0.09, 0.21, 0.12
Gyr, 91.496, 0.13, 0.22, 0.12
Acc, 91.500, -2.27, -0.16, 10.90
Gyr, 91.505, 0.14, 0.22, 0.10
Gyr, 91.517, 0.09, 0.22, 0.09
Acc, 91.525, -2.27, 1.23, 9.96
Gyr, 91.528, 0.02, 0.23, 0.11
Gyr, 91.532, -0.04, 0.23, 0.13
Gyr, 91.538, -0.07, 0.23, 0.13
Acc, 91.544, -2.15, 1.05, 9.26
Gyr, 91.548, -0.08, 0.24, 0.13
Gyr, 91.557, -0.05, 0.24, 0.14
Acc, 91.560, -2.15, 1.05, 9.26
Gyr, 91.568, 0.00, 0.25, 0.12
Gyr, 91.579, 0.07, 0.25, 0.11
Acc, 91.583, -2.15, 1.05, 9.26
Gyr, 91.590, 0.10, 0.25, 0.10
Gyr, 91.598, 0.12, 0.25, 0.09
Acc, 91.603, -2.15, 1.05, 9.26
Gyr, 91.609, 0.14, 0.25, 0.08
Gyr, 91.623, 0.15, 0.24, 0.08
Acc, 91.630, -2.15, 1.05, 9.26
Gyr, 91.635, 0.12, 0.22, 0.09
Gyr, 91.640, 0.08, 0.22, 0.10
Acc, 91.644, -2.46, -0.02, 9.94
Gyr, 91.650, 0.04, 0.23, 0.11
Gyr, 91.657, 0.01, 0.23, 0.13
Acc, 91.661, -3.16, 0.77, 9.41
Gyr, 91.675, 0.00, 0.23, 0.14
Gyr, 91.685, -0.00, 0.23, 0.16
Acc, 91.696, -2.80, 0.92, 9.29
Gyr, 91.702, -0.00, 0.22, 0.16
Gyr, 91.710, 0.01, 0.22, 0.15
Acc, 91.720, -2.96, 0.78, 9.28
Gyr, 91.728, 0.03, 0.23, 0.15
Gyr, 91.731, 0.06, 0.22, 0.15
Acc, 91.738, -2.90, 0.96, 9.21
Gyr, 91.748, 0.05, 0.22, 0.15
Gyr, 91.754, 0.02, 0.23, 0.15
Acc, 91.760, -2.97, 1.07, 9.22
Gyr, 91.764, -0.02, 0.24, 0.14
Gyr, 91.768, -0.04, 0.23, 0.14
Acc, 91.774, -3.13, 1.59, 9.03
Gyr, 91.782, -0.03, 0.22, 0.14
Gyr, 91.786, -0.02, 0.20, 0.13
Acc, 91.796, -3.41, 1.28, 8.62
Gyr, 91.807, -0.03, 0.17, 0.12
Gyr, 91.813, -0.04, 0.16, 0.10
Acc, 91.817, -3.87, 1.40, 8.63
Gyr, 91.823, -0.03, 0.14, 0.07
Gyr, 91.829, 0.01, 0.11, 0.06
Acc, 91.836, -3.90, 1.28, 8.59
Gyr, 91.844, 0.04, 0.07, 0.05
Gyr, 91.848, 0.02, 0.05, 0.03
Acc, 91.857, -4.28, 0.81, 8.55
Gyr, 91.863, -0.01, 0.03, 0.02
Gyr, 91.866, -0.03, 0.01, 0.02
Acc, 91.877, -4.39, 1.44, 8.96
Gyr, 91.883, -0.04, -0.02, 0.02
Gyr, 91.893, -0.05, -0.04, 0.02
Acc, 91.899, -4.39, 1.44, 8.96
Gyr, 91.908, -0.04, -0.05, 0.03
Gyr, 91.914, 0.01, -0.07, 0.02
Acc, 91.918, -4.38, 0.81, 9.53
Gyr, 91.925, 0.06, -0.07, 0.00
Gyr, 91.931, 0.12, -0.07, 0.01
Acc, 91.935, -4.01, 0.57, 9.57
Gyr, 91.941, 0.16, -0.08, 0.01
Gyr, 91.948, 0.15, -0.06, 0.00
Acc, 91.953, -3.50, 0.12, 9.80
Gyr, 91.961, 0.12, -0.04, 0.01
Gyr, 91.972, 0.08, -0.01, 0.02
Acc, 91.979, -3.21, 0.88, 10.14
Gyr, 91.988, 0.06, 0.00, 0.01
Gyr, 92.004, 0.06, 0.01, 0.00
Acc, 92.013, -3.04, 0.64, 10.27
Gyr, 92.018, 0.05, 0.02, -0.01
Gyr, 92.022, 0.01, 0.03, -0.00
Acc, 92.028, -3.13, 0.88, 9.32
Gyr, 92.033, -0.03, 0.05, 0.00
Gyr, 92.038, -0.02, 0.06, 0.00
Acc, 92.052, -3.14, 1.12, 9.58
Gyr, 92.057, 0.01, 0.05, -0.00
Gyr, 92.067, 0.04, 0.03, -0.00
Acc, 92.075, -3.56, 0.60, 9.65
Gyr, 92.082, 0.06, 0.02, -0.00
Gyr, 92.091, 0.06, 0.02, 0.00
Acc, 92.098, -3.55, 0.58, 9.45
Gyr, 92.108, 0.05, 0.01, 0.01
Gyr, 92.118, 0.05, -0.00, 0.01
Gyr, 92.125, 0.03, -0.02, 0.02
Acc, 92.134, -3.55, 0.58, 9.45
Gyr, 92.142, 0.01, -0.02, 0.02
Gyr, 92.150, 0.01, -0.03, 0.03
Acc, 92.158, -3.55, 0.58, 9.45
Gyr, 92.171, 0.03, -0.04, 0.03
Gyr, 92.176, 0.05, -0.04, 0.03
Acc, 92.183, -3.55, 0.58, 9.45
Gyr, 92.193, 0.07, -0.05, 0.03
Gyr, 92.202, 0.08, -0.05, 0.04
Acc, 92.207, -3.80, 1.05, 9.22
Gyr, 92.210, 0.07, -0.05, 0.04
Gyr, 92.213, 0.06, -0.05, 0.04
Acc, 92.217, -3.85, 0.83, 9.40
Gyr, 92.245, 0.04, -0.04, 0.04
Gyr, 92.250, 0.04, -0.04, 0.03
Acc, 92.252, -3.72, 1.13, 9.50
Gyr, 92.255, 0.03, -0.04, 0.02
Gyr, 92.257, 0.02, -0.03, 0.02
Acc, 92.260, -3.68, 0.94, 9.49
Gyr, 92.262, 0.02, -0.02, 0.02
Gyr, 92.265, 0.03, -0.02, 0.02
Acc, 92.268, -3.58, 1.03, 9.46
Gyr, 92.271, 0.05, -0.02, 0.02
Gyr, 92.273, 0.06, -0.03, 0.02
Acc, 92.276, -3.48, 0.72, 9.61
Gyr, 92.295, 0.05, -0.04, 0.02
Gyr, 92.300, 0.01, -0.03, 0.02
Acc, 92.305, -3.63, 0.60, 9.49
Gyr, 92.310, -0.02, -0.02, 0.02
Gyr, 92.313, -0.05, -0.01, 0.02
Acc, 92.316, -3.53, 1.22, 9.30
Gyr, 92.319, -0.06, -0.01, 0.02
Gyr, 92.321, -0.05, -0.01, 0.01
Acc, 92.324, -3.54, 1.31, 9.47
Gyr, 92.328, -0.02, -0.01, 0.00
Gyr, 92.330, 0.01, -0.01, 0.00
Acc, 92.333, -3.37, 0.90, 9.48
Gyr, 92.339, 0.03, -0.01, 0.00
Gyr, 92.343, 0.03, -0.01, 0.00
Acc, 92.350, -3.42, 1.01, 9.59
Gyr, 92.359, 0.02, -0.01, 0.00
Gyr, 92.373, 0.01, -0.00, 0.00
Acc, 92.381, -3.42, 1.01, 9.59
Gyr, 92.398, 0.01, -0.01, 0.00
Gyr, 92.404, 0.00, -0.00, -0.00
Acc, 92.411, -3.42, 1.01, 9.59
Gyr, 92.418, -0.01, 0.00, 0.00
Gyr, 92.424, -0.01, 0.00, -0.00
Acc, 92.429, -3.42, 1.01, 9.59
Gyr, 92.437, 0.01, -0.01, -0.01
Gyr, 92.442, 0.03, -0.01, -0.00
Acc, 92.447, -3.40, 1.30, 9.54
Gyr, 92.450, 0.04, -0.02, 0.00
Gyr, 92.454, 0.04, -0.02, 0.01
Acc, 92.456, -3.40, 0.98, 9.45
Gyr, 92.459, 0.05, -0.02, 0.02
Gyr, 92.462, 0.07, -0.03, 0.02
Acc, 92.478, -3.38, 0.73, 9.39
Gyr, 92.483, 0.07, -0.04, 0.03
Gyr, 92.493, 0.08, -0.05, 0.05
Gyr, 92.502, 0.09, -0.05, 0.07
Acc, 92.507, -3.31, 0.74, 9.32
Gyr, 92.510, 0.11, -0.07, 0.08
Gyr, 92.517, 0.13, -0.07, 0.10
Acc, 92.521, -3.28, 0.54, 9.30
Gyr, 92.524, 0.15, -0.08, 0.11
Gyr, 92.531, 0.18, -0.08, 0.12
Acc, 92.539, -3.12, 0.60, 9.46
Gyr, 92.545, 0.21, -0.09, 0.12
Gyr, 92.553, 0.25, -0.10, 0.13
Acc, 92.560, -2.95, 0.52, 9.38
Gyr, 92.566, 0.27, -0.10, 0.14
Gyr, 92.581, 0.30, -0.10, 0.15
Acc, 92.587, -3.00, 0.67, 9.18
Gyr, 92.597, 0.34, -0.11, 0.16
Gyr, 92.604, 0.39, -0.12, 0.17
Acc, 92.611, -3.25, 0.29, 9.46
Gyr, 92.618, 0.42, -0.12, 0.18
Gyr, 92.622, 0.44, -0.13, 0.19
Acc, 92.627, -3.25, 0.29, 9.46
Gyr, 92.631, 0.46, -0.13, 0.21
Gyr, 92.640, 0.49, -0.13, 0.22
Acc, 92.647, -3.25, 0.29, 9.46
Gyr, 92.656, 0.52, -0.13, 0.23
Gyr, 92.659, 0.54, -0.13, 0.23
Acc, 92.663, -3.25, 0.29, 9.46
Gyr, 92.674, 0.53, -0.13, 0.24
Gyr, 92.682, 0.49, -0.11, 0.26
Acc, 92.687, -3.64, 0.10, 9.42
Gyr, 92.697, 0.45, -0.09, 0.26
Gyr, 92.706, 0.42, -0.08, 0.27
Acc, 92.709, -3.82, 0.13, 9.72
Gyr, 92.720, 0.40, -0.06, 0.27
Gyr, 92.725, 0.39, -0.05, 0.27
Acc, 92.729, -3.54, 1.60, 10.07
Gyr, 92.733, 0.40, -0.04, 0.27
Gyr, 92.737, 0.43, -0.03, 0.27
Acc, 92.743, -3.34, 1.78, 10.05
Gyr, 92.748, 0.47, -0.03, 0.28
Gyr, 92.753, 0.46, -0.03, 0.27
Acc, 92.756, -3.25, 1.56, 10.22
Gyr, 92.761, 0.41, -0.01, 0.27
Gyr, 92.771, 0.36, 0.00, 0.26
Acc, 92.776, -2.87, 2.63, 10.24
Gyr, 92.780, 0.28, 0.01, 0.24
Gyr, 92.788, 0.21, 0.03, 0.23
Acc, 92.802, -2.50, 3.14, 9.67
Gyr, 92.810, 0.16, 0.04, 0.23
Gyr, 92.814, 0.14, 0.04, 0.22
Acc, 92.818, -2.37, 3.07, 9.50
Gyr, 92.822, 0.14, 0.04, 0.22
Gyr, 92.831, 0.16, 0.04, 0.22
Acc, 92.836, -2.52, 2.84, 9.35
Gyr, 92.839, 0.22, 0.03, 0.22
Gyr, 92.845, 0.25, 0.01, 0.22
Acc, 92.857, -2.48, 2.16, 9.24
Gyr, 92.862, 0.24, 0.00, 0.21
Gyr, 92.878, 0.19, 0.00, 0.20
Acc, 92.882, -2.48, 2.16, 9.24
Gyr, 92.886, 0.14, 0.01, 0.18
Gyr, 92.890, 0.09, 0.02, 0.17
Acc, 92.897, -2.38, 3.49, 9.06
Gyr, 92.903, 0.05, 0.02, 0.16
Gyr, 92.911, 0.03, 0.02, 0.14
Acc, 92.923, -2.53, 3.55, 9.00
Gyr, 92.932, 0.02, 0.02, 0.13
Gyr, 92.942, 0.04, 0.03, 0.12
Acc, 92.946, -2.64, 3.30, 8.81
Gyr, 92.951, 0.07, 0.02, 0.11
Gyr, 92.954, 0.08, 0.01, 0.10
Acc, 92.957, -2.69, 2.75, 8.90
Gyr, 92.961, 0.08, 0.01, 0.09
Gyr, 92.971, 0.07, 0.02, 0.07
Gyr, 92.976, 0.04, 0.02, 0.06
Acc, 92.979, -2.74, 3.00, 9.08
Gyr, 92.987, 0.02, 0.03, 0.05
Gyr, 92.994, -0.00, 0.03, 0.03
Acc, 92.998, -2.74, 3.10, 9.18
Gyr, 93.010, -0.04, 0.04, 0.03
Gyr, 93.017, -0.07, 0.05, 0.02
Acc, 93.021, -2.66, 3.12, 8.96
Gyr, 93.026, -0.06, 0.05, 0.02
Gyr, 93.033, -0.01, 0.03, 0.02
Acc, 93.043, -2.72, 3.14, 8.89
Gyr, 93.048, 0.04, 0.02, 0.01
Gyr, 93.055, 0.06, 0.02, 0.01
Acc, 93.063, -2.95, 2.24, 9.00
Gyr, 93.069, 0.05, 0.01, 0.01
Gyr, 93.084, 0.02, 0.01, 0.01
Acc, 93.089, -3.03, 2.34, 9.25
Gyr, 93.092, -0.01, 0.01, 0.01
Gyr, 93.100, -0.05, 0.01, 0.01
Acc, 93.109, -3.00, 2.77, 9.13
Gyr, 93.120, -0.06, 0.01, 0.01
Gyr, 93.124, -0.07, 0.01, 0.01
Acc, 93.129, -3.00, 2.77, 9.13
Gyr, 93.133, -0.06, 0.01, 0.01
Gyr, 93.138, -0.05, 0.01, 0.01
Acc, 93.142, -3.00, 2.77, 9.13
Gyr, 93.149, -0.03, 0.01, 0.01
Gyr, 93.167, -0.01, 0.01, 0.00
Acc, 93.170, -3.00, 2.77, 9.13
Gyr, 93.174, 0.00, 0.01, -0.00
Gyr, 93.189, 0.00, 0.01, -0.00
Acc, 93.195, -2.85, 2.61, 9.20
Gyr, 93.199, -0.00, 0.02, -0.00
Gyr, 93.217, -0.02, 0.02, -0.00
Acc, 93.221, -2.83, 2.33, 9.54
Gyr, 93.225, -0.03, 0.03, -0.00
Gyr, 93.230, -0.03, 0.03, 0.00
Acc, 93.235, -2.82, 2.75, 9.49
Gyr, 93.238, -0.02, 0.02, -0.00
Gyr, 93.240, -0.02, 0.02, -0.01
Acc, 93.245, -3.03, 2.68, 9.31
Gyr, 93.247, -0.02, 0.02, -0.01
Gyr, 93.252, -0.02, 0.02, -0.00
Acc, 93.265, -2.86, 2.52, 9.31
Gyr, 93.269, -0.00, 0.02, -0.01
Gyr, 93.272, 0.01, 0.01, -0.01
Acc, 93.289, -3.00, 2.41, 9.31
Gyr, 93.301, 0.01, 0.01, -0.01
Gyr, 93.306, 0.01, 0.01, -0.01
Acc, 93.311, -3.00, 2.74, 9.29
Gyr, 93.316, 0.01, 0.01, -0.01
Gyr, 93.337, 0.03, 0.00, -0.00
Acc, 93.341, -3.03, 2.33, 9.32
Gyr, 93.345, 0.04, -0.01, -0.01
Gyr, 93.349, 0.04, -0.00, -0.01
Acc, 93.391, -3.03, 2.33, 9.32
Gyr, 93.395, 0.03, 0.05, 0.00
Gyr, 93.399, -0.08, 0.07, 0.01
Acc, 93.402, -2.99, 2.48, 9.45
Gyr, 93.405, -0.09, 0.04, 0.01
Gyr, 93.408, -0.01, 0.00, -0.02
Acc, 93.410, -2.99, 2.48, 9.45
Gyr, 93.413, -0.01, -0.02, -0.02
Gyr, 93.416, 0.02, -0.04, -0.03
Acc, 93.492, -2.99, 2.48, 9.45
Gyr, 93.497, 0.06, -0.05, -0.04
Gyr, 93.500, 0.06, -0.04, -0.04
Acc, 93.504, -3.30, 1.98, 9.18
Gyr, 93.508, 0.04, -0.01, -0.03
Gyr, 93.511, 0.02, 0.03, -0.02
Acc, 93.514, -2.99, 2.44, 9.70
Gyr, 93.518, -0.00, 0.04, -0.01
Gyr, 93.521, -0.01, 0.04, -0.02
Acc, 93.524, -2.09, 2.57, 9.66
Gyr, 93.528, -0.01, 0.04, -0.02
Gyr, 93.531, -0.01, 0.05, -0.01
Acc, 93.534, -3.31, 2.59, 9.71
Gyr, 93.538, -0.00, 0.05, -0.01
Gyr, 93.541, 0.01, 0.05, -0.01
Acc, 93.545, -2.75, 2.52, 9.65
Gyr, 93.547, 0.04, 0.04, -0.00
Gyr, 93.550, 0.06, 0.03, 0.00
Acc, 93.554, -3.25, 2.28, 9.25
Gyr, 93.557, 0.06, 0.02, 0.00
Gyr, 93.560, 0.04, 0.02, 0.01
Acc, 93.563, -3.36, 2.77, 9.02
Gyr, 93.566, 0.03, 0.02, 0.01
Gyr, 93.693, 0.02, 0.01, 0.00
Acc, 93.697, -3.34, 2.68, 9.09
Gyr, 93.700, 0.01, 0.01, 0.00
Gyr, 93.703, 0.02, 0.02, 0.01
Gyr, 93.706, 0.04, 0.01, 0.00
Acc, 93.708, -3.35, 2.60, 9.19
Gyr, 93.711, 0.05, 0.01, 0.00
Gyr, 93.714, 0.04, 0.02, 0.00
Acc, 93.717, -3.29, 2.35, 9.35
Gyr, 93.721, 0.04, 0.03, 0.01
Gyr, 93.724, 0.07, 0.04, 0.01
Acc, 93.727, -3.07, 2.65, 9.37
Gyr, 93.730, 0.09, 0.03, 0.00
Gyr, 93.734, 0.07, 0.04, -0.00
Acc, 93.736, -3.18, 2.23, 9.49
Gyr, 93.740, 0.05, 0.05, 0.00
Gyr, 93.743, 0.05, 0.05, 0.00
Acc, 93.746, -3.18, 2.23, 9.49
Gyr, 93.749, 0.03, 0.05, -0.00
Gyr, 93.752, 0.00, 0.05, 0.00
Acc, 93.755, -3.11, 2.63, 9.44
Gyr, 93.758, -0.02, 0.05, 0.00
Gyr, 93.793, -0.02, 0.05, 0.00
Acc, 93.798, -3.11, 2.63, 9.44
Gyr, 93.801, -0.00, 0.04, 0.00
Gyr, 93.805, 0.02, 0.04, 0.01
Acc, 93.808, -3.11, 2.63, 9.44
Gyr, 93.811, 0.04, 0.04, 0.01
Gyr, 93.814, 0.06, 0.03, 0.01
Acc, 93.868, -3.11, 2.63, 9.44
Gyr, 93.872, 0.07, 0.02, 0.01
Gyr, 93.876, 0.08, 0.02, 0.02
Acc, 93.879, -3.06, 2.69, 9.32
Gyr, 93.882, 0.07, 0.01, 0.02
Gyr, 93.885, 0.04, 0.01, 0.02
Acc, 93.888, -3.27, 2.52, 9.27
Gyr, 93.891, 0.01, 0.02, 0.02
Gyr, 93.894, -0.01, 0.02, 0.02
Acc, 93.897, -3.18, 3.00, 9.14
Gyr, 93.903, -0.00, 0.02, 0.01
Gyr, 93.907, 0.03, 0.02, 0.01
Acc, 93.910, -3.11, 2.69, 9.11
Gyr, 93.913, 0.07, 0.02, 0.01
Gyr, 93.916, 0.10, 0.01, 0.00
Acc, 93.919, -3.18, 2.21, 9.30
Gyr, 93.923, 0.10, 0.01, 0.01
Gyr, 93.926, 0.08, 0.02, 0.00
Acc, 93.929, -3.18, 2.21, 9.30
Gyr, 93.933, 0.05, 0.02, 0.01
Gyr, 93.940, 0.03, 0.02, 0.01
Acc, 93.945, -3.18, 2.21, 9.30
Gyr, 93.949, 0.01, 0.02, 0.01
Gyr, 93.953, 0.00, 0.02, 0.01
Acc, 93.956, -3.22, 2.82, 9.17
Gyr, 93.959, 0.00, 0.03, 0.02
Gyr, 93.964, 0.02, 0.03, 0.02
Acc, 93.968, -3.15, 2.47, 9.12
Gyr, 93.972, 0.05, 0.02, 0.02
Gyr, 93.975, 0.07, 0.01, 0.02
Acc, 93.979, -3.23, 2.17, 9.02
Gyr, 93.982, 0.06, 0.01, 0.02
Gyr, 93.994, 0.04, 0.01, 0.02
Acc, 94.003, -3.28, 2.54, 9.02
Gyr, 94.008, 0.01, 0.02, 0.01
Gyr, 94.013, -0.01, 0.01, 0.01
Acc, 94.016, -3.26, 2.77, 9.07
Gyr, 94.019, -0.03, 0.01, 0.01
Gyr, 94.023, -0.03, 0.02, 0.01
Acc, 94.026, -3.24, 2.71, 9.02
Gyr, 94.029, -0.02, 0.02, 0.01
Gyr, 94.032, 0.01, 0.01, 0.01
Gyr, 94.036, 0.04, -0.00, 0.01
Acc, 94.039, -3.21, 2.53, 9.00
Gyr, 94.042, 0.05, -0.01, 0.02
Gyr, 94.045, 0.04, -0.01, 0.01
Acc, 94.048, -3.36, 2.43, 8.99
Gyr, 94.058, 0.02, -0.01, 0.01
Gyr, 94.071, -0.00, -0.01, 0.00
Acc, 94.076, -3.30, 2.74, 9.11
Gyr, 94.079, -0.03, -0.00, 0.00
Gyr, 94.091, -0.05, -0.00, 0.00
Acc, 94.096, -3.29, 2.93, 9.13
Gyr, 94.099, -0.05, -0.00, 0.00
Gyr, 94.103, -0.02, -0.00, 0.00
Acc, 94.107, -3.32, 2.94, 9.21
Gyr, 94.114, 0.01, -0.01, 0.00
Gyr, 94.128, 0.03, -0.01, 0.00
Acc, 94.132, -3.29, 2.61, 9.10
Gyr, 94.137, 0.04, -0.01, 0.00
Gyr, 94.144, 0.04, -0.01, 0.00
Acc, 94.147, -3.41, 2.51, 9.23
Gyr, 94.177, 0.02, -0.01, -0.00
Gyr, 94.181, 0.00, -0.00, -0.00
Acc, 94.185, -3.32, 2.66, 9.31
Gyr, 94.188, -0.00, 0.00, 0.00
Gyr, 94.194, -0.00, 0.01, 0.00
Acc, 94.199, -3.21, 2.84, 9.35
Gyr, 94.204, -0.00, 0.01, 0.00
Gyr, 94.214, 0.00, 0.01, 0.01
Acc, 94.222, -3.18, 2.52, 9.42
Gyr, 94.236, 0.02, 0.01, 0.01
Gyr, 94.245, 0.04, 0.01, 0.01
Acc, 94.261, -3.22, 2.46, 9.30
Gyr, 94.268, 0.04, 0.00, 0.01
Gyr, 94.272, 0.03, 0.00, 0.02
Acc, 94.276, -3.41, 2.32, 9.10
Gyr, 94.280, 0.01, 0.00, 0.02
Gyr, 94.317, -0.00, 0.01, 0.02
Acc, 94.322, -3.41, 2.32, 9.10
Gyr, 94.325, -0.01, 0.01, 0.02
Gyr, 94.328, -0.02, 0.01, 0.02
Acc, 94.331, -3.41, 2.32, 9.10
Gyr, 94.334, -0.02, 0.01, 0.02
Gyr, 94.338, -0.01, 0.01, 0.02
Acc, 94.341, -3.41, 2.32, 9.10
Gyr, 94.344, 0.01, 0.00, 0.02
Gyr, 94.347, 0.02, 0.00, 0.01
Acc, 94.350, -3.35, 2.81, 9.18
Gyr, 94.354, 0.01, -0.00, 0.01
Gyr, 94.357, -0.00, 0.00, 0.01
Acc, 94.360, -3.36, 2.53, 9.19
Gyr, 94.364, -0.01, 0.01, 0.01
Gyr, 94.367, -0.01, 0.01, 0.01
Acc, 94.385, -3.30, 2.94, 9.17
Gyr, 94.388, -0.00, 0.01, 0.00
Gyr, 94.393, -0.01, 0.01, 0.00
Acc, 94.404, -3.30, 2.94, 9.17
Gyr, 94.408, -0.00, 0.01, 0.01
Gyr, 94.411, 0.00, 0.01, 0.01
Acc, 94.420, -3.30, 2.94, 9.17
Gyr, 94.429, -0.00, 0.01, 0.01
Gyr, 94.441, -0.01, 0.01, 0.01
Acc, 94.451, -3.30, 2.94, 9.17
Gyr, 94.456, -0.02, 0.01, 0.01
Gyr, 94.460, -0.02, 0.01, 0.01
Acc, 94.482, -3.30, 2.40, 9.21
Gyr, 94.487, -0.01, 0.01, 0.01
Gyr, 94.490, 0.00, 0.01, 0.01
Acc, 94.500, -3.22, 2.39, 9.20
Gyr, 94.505, 0.01, 0.01, 0.01
Gyr, 94.536, 0.01, 0.01, 0.01
Gyr, 94.542, 0.01, 0.01, 0.01
Acc, 94.546, -3.22, 2.39, 9.20
Gyr, 94.549, 0.00, 0.00, 0.00
Gyr, 94.553, -0.01, 0.00, 0.00
Acc, 94.556, -3.25, 2.75, 9.04
Gyr, 94.560, -0.01, 0.01, 0.01
Gyr, 94.564, -0.04, 0.01, -0.00
Acc, 94.567, -3.14, 2.75, 8.97
Gyr, 94.571, -0.05, -0.01, -0.00
Gyr, 94.574, 0.02, -0.03, -0.02
Acc, 94.578, -3.98, 2.82, 9.11
Gyr, 94.587, 0.03, -0.03, -0.02
