Gyr, 46.638, 0.02, -0.01, -0.02
Acc, 46.642, -2.06, 2.59, 9.57
Gyr, 46.645, 0.02, -0.01, -0.02
Gyr, 46.686, -0.01, 0.02, -0.01
Acc, 46.692, -2.24, 2.72, 9.69
Gyr, 46.696, -0.03, 0.05, -0.01
Gyr, 46.708, -0.01, 0.05, -0.02
Acc, 46.712, -2.24, 2.72, 9.69
Gyr, 46.726, 0.01, 0.04, -0.03
Gyr, 46.731, 0.00, 0.05, -0.03
Acc, 46.742, -2.24, 2.72, 9.69
Gyr, 46.788, -0.03, 0.06, -0.04
Gyr, 46.799, -0.05, 0.07, -0.05
Acc, 46.806, -2.24, 2.72, 9.69
Gyr, 46.809, -0.03, 0.07, -0.05
Gyr, 46.814, -0.00, 0.06, -0.05
Acc, 46.819, -2.10, 2.64, 9.75
Gyr, 46.823, 0.01, 0.05, -0.05
Gyr, 46.827, 0.01, 0.05, -0.04
Acc, 46.830, -2.08, 2.86, 9.28
Gyr, 46.843, 0.01, 0.05, -0.04
Gyr, 46.846, 0.01, 0.04, -0.05
Acc, 46.879, -2.01, 2.74, 9.19
Gyr, 46.895, -0.01, 0.04, -0.05
Gyr, 46.910, -0.04, 0.04, -0.04
Acc, 46.915, -2.14, 2.90, 9.05
Gyr, 46.929, -0.03, 0.04, -0.04
Gyr, 46.933, -0.01, 0.03, -0.04
Acc, 46.936, -1.99, 2.72, 9.18
Gyr, 46.940, -0.00, 0.02, -0.03
Gyr, 46.945, -0.01, 0.02, -0.03
Acc, 46.948, -2.07, 2.44, 9.09
Gyr, 46.951, -0.01, 0.02, -0.02
Gyr, 46.955, -0.02, 0.02, -0.02
Acc, 46.959, -2.07, 2.44, 9.09
Gyr, 46.964, -0.04, 0.01, -0.02
Gyr, 46.978, -0.07, 0.01, -0.02
Acc, 46.983, -2.07, 2.44, 9.09
Gyr, 46.988, -0.10, 0.01, -0.02
Gyr, 46.992, -0.14, 0.00, -0.02
Acc, 46.995, -1.98, 2.64, 9.19
Gyr, 46.998, -0.20, -0.00, -0.02
Gyr, 47.003, -0.27, 0.00, -0.03
Acc, 47.008, -2.18, 2.78, 9.15
Gyr, 47.011, -0.33, 0.00, -0.03
Gyr, 47.014, -0.40, -0.01, -0.04
Acc, 47.017, -2.01, 3.11, 8.92
Gyr, 47.022, -0.49, -0.01, -0.05
Gyr, 47.034, -0.66, -0.03, -0.07
Acc, 47.045, -2.01, 3.11, 8.92
Gyr, 47.050, -0.95, -0.05, -0.08
Gyr, 47.054, -1.37, -0.04, -0.09
Acc, 47.057, -2.17, 4.67, 8.41
Gyr, 47.062, -1.87, -0.02, -0.10
Gyr, 47.066, -2.40, 0.01, -0.12
Gyr, 47.070, -3.00, 0.01, -0.14
Acc, 47.073, -1.89, 6.32, 7.49
Gyr, 47.077, -3.68, 0.04, -0.16
Gyr, 47.082, -4.36, 0.09, -0.18
Acc, 47.087, -2.02, 6.37, 6.69
Gyr, 47.090, -4.98, 0.16, -0.20
Gyr, 47.093, -5.64, 0.22, -0.22
Acc, 47.096, -2.35, 6.65, 6.38
Gyr, 47.098, -6.43, 0.29, -0.26
Gyr, 47.102, -7.37, 0.35, -0.32
Acc, 47.108, -2.31, 4.54, 6.67
Gyr, 47.112, -8.43, 0.42, -0.37
Gyr, 47.115, -9.49, 0.49, -0.39
Acc, 47.119, -2.43, 4.79, 4.29
Gyr, 47.122, -10.33, 0.58, -0.36
Gyr, 47.126, -10.85, 0.64, -0.27
Acc, 47.130, -2.05, 0.53, -1.01
Gyr, 47.134, -11.06, 0.70, -0.12
Gyr, 47.138, -10.98, 0.74, 0.05
Acc, 47.143, -2.58, -6.83, -2.80
Gyr, 47.147, -10.72, 0.74, 0.19
Gyr, 47.151, -10.44, 0.76, 0.32
Acc, 47.156, -3.64, -11.63, -2.59
Gyr, 47.160, -10.08, 0.82, 0.44
Gyr, 47.163, -9.55, 0.90, 0.47
Acc, 47.166, -3.64, -11.63, -2.59
Gyr, 47.169, -8.96, 1.04, 0.46
Gyr, 47.172, -8.48, 1.21, 0.48
Acc, 47.186, -2.21, -13.52, -0.75
Gyr, 47.193, -8.21, 1.36, 0.49
Gyr, 47.196, -8.09, 1.48, 0.52
Acc, 47.199, -3.15, -12.21, -1.54
Gyr, 47.203, -7.98, 1.53, 0.60
Gyr, 47.207, -7.78, 1.52, 0.72
Acc, 47.214, -5.11, -12.69, -3.48
Gyr, 47.218, -7.46, 1.47, 0.81
Gyr, 47.222, -7.08, 1.39, 0.89
Acc, 47.239, -5.11, -12.69, -3.48
Gyr, 47.244, -6.60, 1.33, 0.97
Gyr, 47.252, -6.05, 1.27, 1.06
Acc, 47.257, -5.11, -12.69, -3.48
Gyr, 47.261, -5.47, 1.20, 1.11
Gyr, 47.283, -4.81, 1.12, 1.10
Gyr, 47.289, -4.10, 1.06, 1.10
Acc, 47.293, -5.11, -12.69, -3.48
Gyr, 47.296, -3.41, 1.01, 1.14
Gyr, 47.299, -2.84, 0.95, 1.14
Acc, 47.302, -5.41, -14.44, -0.34
Gyr, 47.306, -2.52, 0.87, 1.12
Gyr, 47.310, -2.42, 0.76, 1.09
Acc, 47.320, -5.89, -13.84, -6.93
Gyr, 47.325, -2.45, 0.67, 1.03
Gyr, 47.389, -2.44, 0.59, 0.95
Acc, 47.395, -5.86, -10.70, -8.33
Gyr, 47.399, -2.31, 0.52, 0.87
Gyr, 47.403, -2.05, 0.46, 0.78
Acc, 47.406, -5.86, -10.70, -8.33
Gyr, 47.410, -1.69, 0.41, 0.70
Gyr, 47.415, -1.32, 0.35, 0.62
Acc, 47.419, -5.97, -8.01, -7.94
Gyr, 47.422, -1.05, 0.29, 0.53
Gyr, 47.425, -0.85, 0.23, 0.44
Acc, 47.427, -5.78, -8.50, -7.20
Gyr, 47.430, -0.68, 0.16, 0.35
Gyr, 47.432, -0.51, 0.11, 0.27
Acc, 47.435, -5.78, -8.50, -7.20
Gyr, 47.438, -0.38, 0.07, 0.22
Gyr, 47.441, -0.26, 0.03, 0.18
Acc, 47.507, -5.57, -7.36, -7.75
Gyr, 47.513, -0.16, -0.01, 0.15
Gyr, 47.518, -0.08, -0.04, 0.13
Acc, 47.521, -5.67, -7.78, -7.54
Gyr, 47.525, -0.06, -0.05, 0.13
Gyr, 47.528, -0.04, -0.04, 0.14
Acc, 47.531, -5.26, -7.07, -6.45
Gyr, 47.535, 0.01, -0.01, 0.16
Gyr, 47.538, 0.01, 0.02, 0.20
Acc, 47.541, -5.01, -7.40, -5.52
Gyr, 47.545, -0.10, 0.07, 0.24
Gyr, 47.548, -0.29, 0.13, 0.28
Acc, 47.552, -5.07, -6.49, -5.35
Gyr, 47.555, -0.47, 0.16, 0.29
Gyr, 47.558, -0.58, 0.20, 0.29
Acc, 47.561, -4.86, -5.81, -5.80
Gyr, 47.565, -0.62, 0.22, 0.29
Gyr, 47.568, -0.62, 0.24, 0.30
Acc, 47.571, -4.86, -5.81, -5.80
Gyr, 47.575, -0.56, 0.27, 0.31
Gyr, 47.578, -0.46, 0.31, 0.32
Acc, 47.580, -4.32, -5.67, -5.13
Gyr, 47.582, -0.41, 0.35, 0.32
Gyr, 47.639, -0.45, 0.38, 0.32
Acc, 47.644, -4.35, -5.46, -5.24
Gyr, 47.647, -0.55, 0.42, 0.30
Gyr, 47.650, -0.66, 0.46, 0.28
Acc, 47.653, -3.91, -4.21, -5.74
Gyr, 47.656, -0.70, 0.52, 0.25
Gyr, 47.659, -0.70, 0.59, 0.22
Acc, 47.662, -3.89, -3.85, -5.97
Gyr, 47.665, -0.73, 0.68, 0.19
Gyr, 47.668, -0.79, 0.77, 0.14
Acc, 47.672, -4.37, -3.68, -5.54
Gyr, 47.676, -0.83, 0.87, 0.08
Gyr, 47.679, -0.82, 0.97, 0.04
Gyr, 47.682, -0.50, 0.95, -0.04
Acc, 47.685, -3.62, -2.34, -4.30
Gyr, 47.705, 0.24, 0.72, 0.11
Gyr, 47.712, 0.60, 0.64, 0.52
Acc, 47.716, -3.62, -2.34, -4.30
Gyr, 47.719, 0.39, 0.35, 0.43
Gyr, 47.739, -0.41, 0.10, 0.37
Acc, 47.747, -4.02, -22.15, -15.17
Gyr, 47.753, -0.88, 0.03, 0.38
Gyr, 47.794, -0.89, -0.06, 0.39
Acc, 47.808, -7.40, -4.37, -19.01
Gyr, 47.820, -0.64, -0.23, 0.30
Gyr, 47.825, -0.26, -0.31, 0.31
Acc, 47.828, -8.56, -6.66, -17.87
Gyr, 47.831, 0.16, -0.32, 0.31
Gyr, 47.835, 0.47, -0.35, 0.26
Acc, 47.838, -7.84, -4.82, -14.64
Gyr, 47.841, 0.64, -0.38, 0.29
Gyr, 47.844, 0.59, -0.41, 0.41
Acc, 47.847, -7.84, -4.82, -14.64
Gyr, 47.851, 0.27, -0.48, 0.42
Gyr, 47.854, -0.09, -0.54, 0.41
Acc, 47.857, -7.84, -4.82, -14.64
Gyr, 47.860, -0.14, -0.55, 0.42
Gyr, 47.863, 0.03, -0.56, 0.43
Acc, 47.865, -7.84, -4.82, -14.64
Gyr, 47.868, 0.21, -0.56, 0.43
Gyr, 47.871, 0.32, -0.55, 0.41
Acc, 47.874, -7.84, -4.82, -14.64
Gyr, 47.879, 0.34, -0.52, 0.39
Gyr, 47.885, 0.27, -0.49, 0.36
Acc, 47.891, -7.84, -4.82, -14.64
Gyr, 47.895, 0.19, -0.46, 0.33
Gyr, 47.898, 0.14, -0.42, 0.28
Acc, 47.901, -4.52, -3.85, -6.81
Gyr, 47.905, 0.14, -0.37, 0.24
Gyr, 47.909, 0.15, -0.32, 0.20
Acc, 47.913, -5.99, -4.93, -9.45
Gyr, 47.917, 0.17, -0.27, 0.15
Gyr, 47.920, 0.17, -0.22, 0.11
Acc, 47.925, -5.95, -2.79, -6.05
Gyr, 47.931, 0.17, -0.16, 0.08
Gyr, 47.936, 0.19, -0.12, 0.05
Acc, 47.940, -6.38, -2.35, -5.82
Gyr, 47.945, 0.18, -0.07, 0.03
Gyr, 47.948, 0.18, -0.02, 0.02
Acc, 47.953, -5.76, -2.75, -4.82
Gyr, 48.004, 0.18, 0.01, 0.01
Gyr, 48.008, 0.13, 0.03, 0.01
Acc, 48.011, -5.84, -3.11, -5.18
Gyr, 48.014, 0.06, 0.05, -0.01
Gyr, 48.017, 0.03, 0.06, -0.02
Acc, 48.020, -5.98, -3.15, -6.36
Gyr, 48.023, 0.01, 0.06, -0.02
Gyr, 48.027, 0.01, 0.05, -0.02
Acc, 48.029, -5.83, -3.75, -7.71
Gyr, 48.032, 0.03, 0.04, -0.02
Gyr, 48.036, 0.08, 0.03, -0.02
Acc, 48.039, -6.02, -4.07, -7.77
Gyr, 48.042, 0.12, 0.03, -0.03
Gyr, 48.045, 0.15, 0.03, -0.03
Acc, 48.049, -6.23, -4.17, -7.94
Gyr, 48.052, 0.17, 0.01, -0.03
Gyr, 48.056, 0.18, 0.00, -0.05
Acc, 48.061, -6.48, -3.92, -8.20
Gyr, 48.066, 0.16, -0.01, -0.05
Gyr, 48.073, 0.12, -0.01, -0.06
Gyr, 48.082, 0.06, -0.02, -0.06
Acc, 48.085, -6.34, -4.12, -8.32
Gyr, 48.089, -0.01, -0.02, -0.06
Acc, 48.104, -6.46, -4.19, -8.06
Gyr, 48.110, -0.04, -0.01, -0.05
Gyr, 48.117, -0.01, -0.01, -0.04
Acc, 48.127, -6.46, -4.19, -8.06
Gyr, 48.136, 0.04, -0.01, -0.03
Gyr, 48.150, 0.07, -0.01, -0.01
Acc, 48.163, -6.84, -4.94, -7.72
Gyr, 48.173, 0.09, -0.01, -0.00
Gyr, 48.177, 0.07, -0.01, 0.01
Acc, 48.180, -6.63, -4.65, -7.51
Gyr, 48.195, 0.02, -0.01, 0.01
Gyr, 48.202, -0.01, 0.00, 0.01
Acc, 48.223, -6.63, -4.65, -7.51
Gyr, 48.230, -0.00, 0.00, 0.01
Gyr, 48.236, 0.02, 0.01, 0.00
Acc, 48.239, -6.47, -4.40, -7.38
Gyr, 48.243, 0.01, 0.01, 0.01
Gyr, 48.246, 0.00, 0.01, 0.01
Acc, 48.250, -6.34, -4.14, -7.33
Gyr, 48.263, 0.00, 0.01, 0.01
Gyr, 48.268, -0.00, 0.02, 0.02
Gyr, 48.273, -0.01, 0.03, 0.02
Acc, 48.282, -6.34, -4.20, -7.41
Gyr, 48.294, -0.01, 0.03, 0.02
Gyr, 48.305, -0.01, 0.03, 0.02
Acc, 48.317, -6.28, -3.99, -7.58
Gyr, 48.345, -0.02, 0.04, 0.02
Gyr, 48.355, -0.02, 0.04, 0.01
Acc, 48.361, -6.28, -3.99, -7.58
Gyr, 48.372, -0.03, 0.05, 0.00
Gyr, 48.380, -0.02, 0.05, -0.01
Acc, 48.384, -6.22, -3.96, -7.43
Gyr, 48.389, 0.00, 0.06, -0.02
Gyr, 48.393, 0.03, 0.07, -0.02
Acc, 48.396, -6.25, -4.02, -7.20
Gyr, 48.413, 0.03, 0.08, -0.03
Gyr, 48.421, 0.01, 0.08, -0.04
Acc, 48.425, -6.25, -4.02, -7.20
Gyr, 48.429, -0.02, 0.08, -0.05
Gyr, 48.433, -0.03, 0.09, -0.05
Acc, 48.436, -6.25, -4.02, -7.20
Gyr, 48.440, -0.04, 0.09, -0.06
Gyr, 48.443, -0.05, 0.10, -0.05
Acc, 48.447, -6.25, -4.02, -7.20
Gyr, 48.451, -0.05, 0.10, -0.05
Gyr, 48.454, -0.06, 0.11, -0.05
Acc, 48.459, -6.26, -4.04, -7.30
Gyr, 48.462, -0.06, 0.12, -0.05
Gyr, 48.476, -0.05, 0.12, -0.05
Acc, 48.482, -6.14, -4.53, -7.19
Gyr, 48.486, -0.06, 0.14, -0.04
Gyr, 48.490, -0.05, 0.14, -0.04
Acc, 48.494, -6.13, -4.47, -7.19
Gyr, 48.497, -0.06, 0.15, -0.04
Gyr, 48.500, -0.05, 0.16, -0.04
Acc, 48.503, -6.00, -4.41, -7.28
Gyr, 48.506, -0.06, 0.17, -0.04
Gyr, 48.509, -0.09, 0.18, -0.03
Acc, 48.513, -5.84, -4.21, -7.19
Gyr, 48.516, -0.12, 0.19, -0.04
Gyr, 48.519, -0.14, 0.21, -0.04
Acc, 48.522, -5.58, -3.94, -7.04
Gyr, 48.525, -0.13, 0.23, -0.05
Gyr, 48.528, -0.11, 0.26, -0.06
Acc, 48.531, -5.41, -3.84, -6.70
Gyr, 48.535, -0.09, 0.29, -0.08
Gyr, 48.538, -0.14, 0.33, -0.08
Gyr, 48.553, -0.22, 0.40, -0.09
Acc, 48.559, -5.25, -3.67, -6.28
Gyr, 48.563, -0.32, 0.47, -0.09
Gyr, 48.566, -0.43, 0.55, -0.11
Acc, 48.569, -4.96, -3.12, -6.09
Gyr, 48.579, -0.53, 0.63, -0.13
Gyr, 48.593, -0.65, 0.72, -0.15
Acc, 48.599, -5.45, -2.72, -6.34
Gyr, 48.603, -0.73, 0.81, -0.17
Gyr, 48.618, -0.71, 0.89, -0.18
Acc, 48.625, -5.37, -2.58, -5.67
Gyr, 48.629, -0.20, 0.76, -0.24
Gyr, 48.635, 0.62, 0.51, 0.07
Acc, 48.639, -4.66, -3.44, -4.36
Gyr, 48.643, 1.11, 0.39, 0.41
Gyr, 48.657, 0.72, 0.06, 0.31
Acc, 48.662, -2.16, -12.83, -12.84
Gyr, 48.665, -0.37, -0.18, 0.28
Gyr, 48.670, -0.95, -0.28, 0.29
Acc, 48.674, -9.32, -12.02, -22.37
Gyr, 48.685, -0.81, -0.38, 0.26
Gyr, 48.692, -0.39, -0.44, 0.21
Acc, 48.701, -9.26, -4.50, -14.22
Gyr, 48.705, -0.03, -0.40, 0.16
Gyr, 48.708, 0.29, -0.36, 0.10
Acc, 48.715, -9.26, -4.50, -14.22
Gyr, 48.721, 0.56, -0.32, 0.12
Gyr, 48.738, 0.70, -0.29, 0.15
Acc, 48.745, -3.67, -7.19, -4.31
Gyr, 48.749, 0.59, -0.31, 0.13
Gyr, 48.758, 0.34, -0.30, 0.14
Acc, 48.764, -4.24, -1.45, -5.51
Gyr, 48.768, 0.16, -0.27, 0.17
Gyr, 48.786, 0.04, -0.26, 0.16
Acc, 48.791, -4.24, -1.45, -5.51
Gyr, 48.795, -0.02, -0.24, 0.12
Gyr, 48.798, 0.01, -0.21, 0.11
Acc, 48.811, -4.24, -1.45, -5.51
Gyr, 48.816, 0.09, -0.19, 0.10
Gyr, 48.821, 0.16, -0.18, 0.09
Acc, 48.838, -4.24, -1.45, -5.51
Gyr, 48.844, 0.19, -0.16, 0.09
Gyr, 48.849, 0.17, -0.14, 0.10
Acc, 48.853, -5.57, -4.15, -6.46
Gyr, 48.856, 0.14, -0.11, 0.10
Gyr, 48.862, 0.12, -0.07, 0.11
Acc, 48.870, -5.19, -3.83, -5.67
Gyr, 48.876, 0.09, -0.03, 0.11
Gyr, 48.881, 0.04, -0.01, 0.10
Acc, 48.885, -5.19, -3.83, -5.67
Gyr, 48.890, 0.01, 0.02, 0.09
Gyr, 48.897, 0.02, 0.05, 0.10
Gyr, 48.900, 0.02, 0.08, 0.11
Acc, 48.903, -5.19, -3.83, -5.67
Gyr, 48.906, 0.03, 0.10, 0.11
Gyr, 48.917, 0.02, 0.11, 0.12
Acc, 48.924, -5.19, -3.83, -5.67
Gyr, 48.928, 0.03, 0.11, 0.12
Gyr, 48.938, 0.05, 0.11, 0.11
Acc, 48.954, -5.19, -3.83, -5.67
Gyr, 48.960, 0.07, 0.11, 0.11
Gyr, 48.968, 0.06, 0.10, 0.11
Acc, 48.979, -5.52, -4.08, -7.25
Gyr, 48.999, 0.05, 0.09, 0.11
Gyr, 49.007, 0.03, 0.08, 0.10
Acc, 49.010, -5.40, -4.37, -7.83
Gyr, 49.013, 0.03, 0.07, 0.10
Gyr, 49.016, 0.04, 0.06, 0.11
Acc, 49.019, -5.46, -4.14, -8.34
Gyr, 49.022, 0.05, 0.06, 0.11
Gyr, 49.025, 0.03, 0.05, 0.11
Acc, 49.027, -5.56, -4.17, -8.41
Gyr, 49.030, 0.01, 0.05, 0.11
Gyr, 49.035, 0.00, 0.04, 0.11
Acc, 49.044, -5.58, -4.12, -8.21
Gyr, 49.054, 0.01, 0.04, 0.10
Gyr, 49.062, 0.04, 0.05, 0.10
Acc, 49.071, -5.61, -4.08, -8.10
Gyr, 49.081, 0.07, 0.05, 0.10
Gyr, 49.094, 0.06, 0.05, 0.09
Acc, 49.100, -6.05, -4.27, -8.31
Gyr, 49.105, 0.04, 0.05, 0.09
Gyr, 49.110, 0.01, 0.05, 0.08
Acc, 49.113, -5.95, -3.80, -7.96
Gyr, 49.117, -0.01, 0.04, 0.07
Gyr, 49.119, -0.03, 0.04, 0.07
Acc, 49.126, -5.98, -3.89, -7.97
Gyr, 49.132, -0.01, 0.05, 0.06
Gyr, 49.139, 0.01, 0.05, 0.06
Acc, 49.148, -5.98, -3.93, -7.95
Gyr, 49.152, 0.01, 0.05, 0.06
Gyr, 49.164, -0.00, 0.05, 0.05
Acc, 49.170, -6.27, -3.92, -8.27
Gyr, 49.178, 0.01, 0.06, 0.05
Gyr, 49.191, 0.01, 0.06, 0.05
Acc, 49.196, -5.83, -3.76, -8.16
Gyr, 49.199, -0.02, 0.06, 0.05
Gyr, 49.203, -0.04, 0.07, 0.05
Acc, 49.206, -5.85, -3.77, -7.84
Gyr, 49.210, -0.03, 0.08, 0.05
Gyr, 49.217, -0.02, 0.08, 0.05
Gyr, 49.225, -0.02, 0.08, 0.05
Acc, 49.230, -5.70, -4.06, -7.73
Gyr, 49.232, -0.02, 0.08, 0.04
Gyr, 49.244, -0.00, 0.08, 0.04
Acc, 49.249, -5.84, -3.85, -7.95
Gyr, 49.252, 0.01, 0.08, 0.04
Gyr, 49.262, 0.00, 0.08, 0.03
Acc, 49.275, -5.68, -3.93, -8.06
Gyr, 49.283, -0.00, 0.07, 0.03
Gyr, 49.287, -0.01, 0.06, 0.03
Acc, 49.293, -5.68, -3.93, -8.06
Gyr, 49.314, -0.03, 0.06, 0.03
Gyr, 49.320, -0.03, 0.06, 0.03
Acc, 49.324, -5.77, -3.83, -8.09
Gyr, 49.330, -0.02, 0.07, 0.03
Gyr, 49.334, -0.02, 0.06, 0.03
Acc, 49.341, -5.84, -3.85, -8.18
Gyr, 49.348, -0.01, 0.05, 0.02
Gyr, 49.352, -0.00, 0.05, 0.01
Acc, 49.356, -6.03, -3.93, -8.61
Gyr, 49.360, 0.01, 0.05, 0.00
Gyr, 49.378, 0.03, 0.04, 0.00
Acc, 49.386, -6.03, -3.93, -8.61
Gyr, 49.391, 0.05, 0.04, -0.00
Gyr, 49.402, 0.07, 0.03, -0.01
Acc, 49.414, -6.03, -3.93, -8.61
Gyr, 49.419, 0.09, 0.04, -0.02
Gyr, 49.422, 0.13, 0.04, -0.03
Acc, 49.426, -5.87, -3.74, -8.39
Gyr, 49.430, 0.17, 0.04, -0.04
Gyr, 49.433, 0.21, 0.05, -0.05
Acc, 49.436, -5.72, -3.86, -8.06
Gyr, 49.439, 0.20, 0.05, -0.05
Gyr, 49.442, 0.14, 0.05, -0.06
Acc, 49.448, -5.37, -3.40, -7.63
Gyr, 49.455, 0.09, 0.06, -0.07
Gyr, 49.458, 0.04, 0.08, -0.07
Acc, 49.465, -5.37, -3.40, -7.63
Gyr, 49.474, -0.03, 0.09, -0.08
Gyr, 49.480, -0.09, 0.12, -0.08
Acc, 49.496, -5.17, -3.68, -7.42
Gyr, 49.507, -0.13, 0.17, -0.08
Gyr, 49.511, -0.13, 0.25, -0.09
Acc, 49.515, -5.00, -3.51, -6.82
Gyr, 49.524, -0.14, 0.34, -0.09
Gyr, 49.532, -0.19, 0.42, -0.12
Acc, 49.536, -5.76, -3.47, -5.92
Gyr, 49.539, -0.28, 0.51, -0.17
Gyr, 49.541, -0.26, 0.56, -0.26
Acc, 49.555, -5.34, -2.57, -3.64
Gyr, 49.560, 0.34, 0.39, -0.29
Gyr, 49.564, 1.06, 0.42, 0.12
Acc, 49.575, -5.34, -2.57, -3.64
Gyr, 49.592, 1.35, 0.27, 0.20
Gyr, 49.598, 0.67, 0.02, 0.16
Acc, 49.602, -7.52, -7.17, -16.09
Gyr, 49.607, -0.22, -0.08, 0.17
Gyr, 49.614, -0.68, -0.12, 0.16
Acc, 49.621, -5.39, -3.03, -14.61
Gyr, 49.628, -0.79, -0.19, 0.13
Gyr, 49.632, -0.57, -0.27, 0.05
Gyr, 49.636, -0.11, -0.26, 0.02
Acc, 49.639, -8.44, -2.69, -12.11
Gyr, 49.651, 0.29, -0.22, 0.00
Acc, 49.656, -5.11, -4.05, -7.15
Gyr, 49.659, 0.43, -0.18, -0.03
Gyr, 49.661, 0.43, -0.15, -0.03
Acc, 49.670, -3.78, -2.76, -5.34
Gyr, 49.679, 0.33, -0.13, 0.02
Gyr, 49.694, 0.09, -0.15, 0.04
Acc, 49.718, -4.39, -3.09, -7.30
Gyr, 49.725, -0.13, -0.19, 0.03
Gyr, 49.729, -0.15, -0.21, 0.05
Acc, 49.732, -4.08, -3.46, -9.25
Gyr, 49.735, -0.06, -0.25, 0.07
Gyr, 49.738, 0.02, -0.31, 0.07
Acc, 49.740, -4.08, -3.46, -9.25
Gyr, 49.742, 0.08, -0.34, 0.08
Gyr, 49.745, 0.11, -0.37, 0.09
Acc, 49.748, -5.06, -3.90, -9.21
Gyr, 49.752, 0.08, -0.40, 0.09
Gyr, 49.759, 0.00, -0.41, 0.09
Gyr, 49.776, -0.07, -0.42, 0.08
Acc, 49.782, -5.06, -3.90, -9.21
Gyr, 49.786, -0.10, -0.42, 0.06
Gyr, 49.800, -0.08, -0.42, 0.05
Acc, 49.807, -5.06, -3.90, -9.21
Gyr, 49.811, -0.05, -0.42, 0.04
Gyr, 49.822, -0.01, -0.41, 0.03
Acc, 49.828, -5.06, -3.90, -9.21
Gyr, 49.832, 0.01, -0.39, 0.02
Gyr, 49.835, 0.02, -0.38, -0.01
Acc, 49.838, -6.24, -4.00, -7.86
Gyr, 49.851, -0.00, -0.36, -0.03
Gyr, 49.859, -0.02, -0.34, -0.05
Acc, 49.863, -6.33, -3.52, -6.68
Gyr, 49.868, -0.03, -0.31, -0.06
Gyr, 49.871, -0.03, -0.27, -0.06
Acc, 49.875, -6.16, -4.14, -5.53
Gyr, 49.890, -0.03, -0.25, -0.08
Gyr, 49.895, -0.03, -0.22, -0.09
Acc, 49.897, -6.16, -4.14, -5.53
Gyr, 49.902, -0.00, -0.19, -0.09
Gyr, 49.906, 0.02, -0.15, -0.08
Acc, 49.915, -6.16, -4.14, -5.53
Gyr, 49.924, 0.02, -0.12, -0.07
Gyr, 49.929, -0.01, -0.10, -0.08
Acc, 49.943, -6.16, -4.14, -5.53
Gyr, 49.954, -0.03, -0.07, -0.07
Gyr, 49.957, -0.03, -0.04, -0.07
Acc, 49.960, -6.16, -4.14, -5.53
Gyr, 49.963, -0.03, -0.03, -0.06
Gyr, 49.967, -0.03, -0.02, -0.06
Acc, 49.974, -6.31, -4.35, -6.42
Gyr, 49.985, -0.01, -0.01, -0.06
Gyr, 49.988, -0.01, -0.01, -0.05
Acc, 49.995, -5.75, -4.41, -7.13
Gyr, 50.010, -0.04, -0.01, -0.05
Gyr, 50.032, -0.07, -0.02, -0.07
Acc, 50.039, -5.88, -4.21, -7.76
Gyr, 50.052, -0.08, -0.03, -0.07
Gyr, 50.058, -0.09, -0.03, -0.07
Acc, 50.061, -5.92, -4.04, -7.76
Gyr, 50.083, -0.08, -0.04, -0.09
Gyr, 50.089, -0.05, -0.04, -0.09
Acc, 50.092, -6.25, -4.15, -8.15
Gyr, 50.095, -0.02, -0.04, -0.10
Gyr, 50.098, -0.03, -0.04, -0.09
Acc, 50.100, -6.33, -4.26, -7.86
Gyr, 50.103, -0.07, -0.04, -0.09
Gyr, 50.106, -0.11, -0.05, -0.10
Acc, 50.108, -6.43, -4.06, -8.01
Gyr, 50.111, -0.11, -0.05, -0.10
Gyr, 50.114, -0.09, -0.05, -0.11
Acc, 50.119, -6.51, -4.20, -7.98
Gyr, 50.138, -0.05, -0.05, -0.11
Gyr, 50.143, -0.01, -0.05, -0.10
Acc, 50.147, -6.41, -4.53, -7.49
Gyr, 50.150, 0.01, -0.04, -0.10
Gyr, 50.159, 0.02, -0.04, -0.10
Acc, 50.165, -6.53, -4.60, -7.46
Gyr, 50.167, 0.04, -0.04, -0.11
Gyr, 50.172, 0.05, -0.04, -0.11
Acc, 50.176, -6.48, -4.47, -7.52
Gyr, 50.183, 0.05, -0.04, -0.11
Gyr, 50.192, 0.02, -0.03, -0.10
Acc, 50.201, -6.61, -4.53, -7.42
Gyr, 50.223, -0.01, -0.03, -0.10
Gyr, 50.229, -0.04, -0.02, -0.10
Acc, 50.233, -6.50, -4.41, -7.37
Gyr, 50.236, -0.04, -0.01, -0.09
Gyr, 50.239, -0.04, -0.01, -0.09
Acc, 50.255, -6.38, -4.70, -7.11
Gyr, 50.260, -0.02, -0.00, -0.08
Gyr, 50.263, -0.02, 0.00, -0.07
Acc, 50.266, -6.34, -4.76, -7.19
Gyr, 50.269, -0.02, 0.01, -0.07
Gyr, 50.274, -0.03, 0.01, -0.07
Gyr, 50.277, -0.05, 0.02, -0.07
Acc, 50.282, -6.34, -4.76, -7.19
Gyr, 50.288, -0.06, 0.03, -0.07
Gyr, 50.293, -0.06, 0.03, -0.07
Acc, 50.297, -6.01, -4.40, -7.29
Gyr, 50.310, -0.05, 0.04, -0.08
Gyr, 50.316, -0.04, 0.05, -0.08
Acc, 50.320, -5.94, -4.48, -7.11
Gyr, 50.329, -0.02, 0.07, -0.09
Gyr, 50.337, -0.00, 0.08, -0.10
Acc, 50.340, -5.77, -4.28, -6.89
Gyr, 50.344, 0.00, 0.09, -0.11
Gyr, 50.348, 0.01, 0.11, -0.13
Acc, 50.356, -5.72, -4.30, -6.79
Gyr, 50.366, 0.01, 0.13, -0.14
Gyr, 50.379, 0.00, 0.15, -0.16
Acc, 50.385, -5.40, -3.96, -6.38
Gyr, 50.390, 0.01, 0.17, -0.19
Gyr, 50.399, 0.03, 0.22, -0.22
Acc, 50.406, -5.40, -3.96, -6.38
Gyr, 50.410, 0.06, 0.29, -0.24
Gyr, 50.413, 0.04, 0.37, -0.25
Acc, 50.416, -5.40, -3.96, -6.38
Gyr, 50.425, -0.05, 0.46, -0.30
Gyr, 50.431, -0.20, 0.56, -0.33
Acc, 50.445, -5.40, -3.96, -6.38
Gyr, 50.450, -0.40, 0.68, -0.33
Gyr, 50.454, -0.58, 0.78, -0.39
Acc, 50.461, -4.81, -3.36, -5.61
Gyr, 50.478, -0.62, 0.85, -0.46
Gyr, 50.499, -0.00, 0.65, -0.56
Acc, 50.505, -5.49, -2.30, -4.63
Gyr, 50.508, 1.03, 0.45, -0.17
Gyr, 50.511, 1.79, 0.41, 0.14
Acc, 50.515, -5.38, -27.27, -21.09
Gyr, 50.519, 1.34, 0.04, 0.10
Gyr, 50.522, -0.02, -0.22, 0.13
Acc, 50.525, -6.27, -1.09, -20.07
Gyr, 50.528, -0.95, -0.28, 0.14
Gyr, 50.531, -1.07, -0.34, 0.14
Acc, 50.540, -6.27, -1.09, -20.07
Gyr, 50.547, -0.73, -0.42, 0.07
Gyr, 50.550, -0.30, -0.40, 0.06
Acc, 50.566, -8.27, -5.09, -15.36
Gyr, 50.572, 0.06, -0.35, -0.01
Gyr, 50.576, 0.34, -0.33, -0.04
Acc, 50.589, -4.14, -2.72, -3.25
Gyr, 50.595, 0.49, -0.28, 0.01
Gyr, 50.598, 0.44, -0.26, 0.01
Acc, 50.603, -5.51, -5.18, -6.22
Gyr, 50.607, 0.15, -0.28, 0.02
Gyr, 50.614, -0.07, -0.25, 0.02
Acc, 50.621, -5.05, -2.25, -7.89
Gyr, 50.625, -0.11, -0.24, 0.02
Gyr, 50.633, -0.06, -0.24, 0.03
Acc, 50.651, -5.76, -4.65, -7.80
Gyr, 50.656, 0.01, -0.24, 0.02
Gyr, 50.660, 0.07, -0.25, 0.02
Acc, 50.665, -5.50, -4.30, -7.25
Gyr, 50.668, 0.07, -0.25, 0.01
Gyr, 50.674, 0.04, -0.24, 0.00
Acc, 50.682, -5.57, -3.85, -7.28
Gyr, 50.685, -0.00, -0.24, 0.00
Gyr, 50.688, -0.05, -0.23, -0.01
Acc, 50.702, -5.62, -3.78, -7.22
Gyr, 50.707, -0.04, -0.22, -0.01
Gyr, 50.711, -0.02, -0.20, -0.02
Acc, 50.725, -5.63, -4.29, -7.25
Gyr, 50.731, -0.03, -0.20, -0.03
Gyr, 50.735, -0.05, -0.19, -0.04
Acc, 50.741, -5.63, -4.29, -7.25
Gyr, 50.744, -0.03, -0.18, -0.06
Gyr, 50.750, -0.01, -0.16, -0.06
Acc, 50.758, -5.35, -3.82, -7.11
Gyr, 50.762, 0.00, -0.15, -0.08
Gyr, 50.771, -0.00, -0.15, -0.09
Acc, 50.780, -5.35, -3.82, -7.11
Gyr, 50.789, -0.02, -0.14, -0.10
Gyr, 50.793, -0.00, -0.13, -0.11
Acc, 50.803, -5.35, -3.82, -7.11
Gyr, 50.809, 0.02, -0.12, -0.10
Gyr, 50.814, -0.00, -0.12, -0.11
Acc, 50.823, -5.49, -3.99, -7.38
Gyr, 50.835, -0.05, -0.12, -0.12
Gyr, 50.843, -0.09, -0.11, -0.12
Acc, 50.859, -5.31, -3.96, -7.23
Gyr, 50.865, -0.11, -0.10, -0.12
Gyr, 50.872, -0.13, -0.09, -0.12
Acc, 50.876, -5.70, -4.40, -7.90
Gyr, 50.879, -0.14, -0.09, -0.14
Gyr, 50.882, -0.13, -0.09, -0.14
Acc, 50.885, -5.61, -4.22, -7.82
Gyr, 50.887, -0.11, -0.08, -0.14
Gyr, 50.894, -0.10, -0.08, -0.14
Acc, 50.902, -5.75, -4.61, -7.75
Gyr, 50.905, -0.11, -0.09, -0.14
Gyr, 50.909, -0.12, -0.09, -0.15
Acc, 50.918, -5.75, -4.61, -7.75
Gyr, 50.927, -0.11, -0.08, -0.15
Gyr, 50.930, -0.08, -0.09, -0.16
Acc, 50.940, -5.75, -4.61, -7.75
Gyr, 50.946, -0.05, -0.09, -0.15
Gyr, 50.949, -0.02, -0.09, -0.15
Gyr, 50.956, -0.02, -0.09, -0.16
Acc, 50.962, -5.75, -4.61, -7.75
Gyr, 50.971, -0.02, -0.09, -0.17
Gyr, 50.978, -0.03, -0.09, -0.17
Acc, 50.982, -5.75, -4.61, -7.75
Gyr, 50.985, -0.03, -0.09, -0.17
Gyr, 50.996, -0.04, -0.09, -0.17
Acc, 51.005, -5.88, -4.92, -7.44
Gyr, 51.014, -0.05, -0.10, -0.16
Gyr, 51.021, -0.05, -0.11, -0.15
Acc, 51.033, -5.95, -4.74, -8.07
Gyr, 51.040, -0.04, -0.12, -0.14
Gyr, 51.050, -0.03, -0.13, -0.12
Acc, 51.063, -6.25, -5.18, -7.46
Gyr, 51.075, -0.05, -0.14, -0.10
Gyr, 51.095, -0.07, -0.15, -0.08
Acc, 51.138, -6.29, -5.05, -7.71
Gyr, 51.144, -0.11, -0.16, -0.07
Gyr, 51.148, -0.13, -0.17, -0.05
Acc, 51.151, -6.24, -4.80, -7.62
Gyr, 51.155, -0.14, -0.18, -0.04
Gyr, 51.158, -0.11, -0.19, -0.03
Acc, 51.161, -6.25, -4.78, -7.59
Gyr, 51.164, -0.09, -0.19, -0.02
Gyr, 51.167, -0.10, -0.18, -0.01
Acc, 51.171, -6.08, -4.77, -7.18
Gyr, 51.174, -0.14, -0.18, -0.01
Gyr, 51.177, -0.17, -0.17, -0.02
Acc, 51.181, -5.98, -4.48, -7.36
Gyr, 51.184, -0.19, -0.16, -0.03
Gyr, 51.189, -0.19, -0.15, -0.04
Acc, 51.193, -5.94, -4.34, -7.29
Gyr, 51.196, -0.17, -0.14, -0.05
Gyr, 51.199, -0.15, -0.12, -0.06
Acc, 51.203, -5.91, -4.53, -7.04
Gyr, 51.206, -0.13, -0.11, -0.07
Gyr, 51.209, -0.12, -0.10, -0.09
Acc, 51.212, -5.94, -4.65, -7.15
Gyr, 51.215, -0.11, -0.08, -0.10
Gyr, 51.218, -0.11, -0.07, -0.12
Acc, 51.221, -5.91, -4.50, -7.08
Gyr, 51.225, -0.11, -0.06, -0.13
Gyr, 51.230, -0.10, -0.05, -0.15
Acc, 51.244, -5.81, -4.50, -7.13
Gyr, 51.253, -0.08, -0.04, -0.16
Gyr, 51.257, -0.04, -0.03, -0.17
Acc, 51.268, -5.81, -4.50, -7.13
Gyr, 51.274, -0.01, -0.03, -0.17
Gyr, 51.277, 0.02, -0.02, -0.17
Acc, 51.294, -5.75, -5.00, -7.00
Gyr, 51.300, 0.06, -0.00, -0.17
Gyr, 51.305, 0.09, 0.01, -0.16
Acc, 51.311, -5.72, -5.12, -6.99
Gyr, 51.331, 0.11, 0.02, -0.15
Gyr, 51.338, 0.10, 0.03, -0.15
Acc, 51.347, -5.83, -5.01, -7.13
Gyr, 51.350, 0.05, 0.04, -0.14
Gyr, 51.354, -0.00, 0.05, -0.14
Acc, 51.357, -5.62, -4.69, -7.20
Gyr, 51.360, -0.03, 0.05, -0.13
Gyr, 51.365, -0.03, 0.06, -0.12
Gyr, 51.369, -0.00, 0.08, -0.12
Acc, 51.375, -5.39, -4.68, -6.99
Gyr, 51.387, 0.02, 0.09, -0.12
Gyr, 51.398, 0.02, 0.10, -0.12
Acc, 51.407, -5.25, -4.95, -6.60
Gyr, 51.417, -0.03, 0.13, -0.12
Gyr, 51.433, -0.08, 0.15, -0.14
Acc, 51.440, -5.16, -4.46, -6.56
Gyr, 51.444, -0.12, 0.18, -0.16
Gyr, 51.448, -0.16, 0.23, -0.18
Acc, 51.452, -5.16, -4.46, -6.56
Gyr, 51.456, -0.21, 0.28, -0.19
Gyr, 51.460, -0.23, 0.35, -0.21
Acc, 51.464, -5.16, -4.46, -6.56
Gyr, 51.468, -0.22, 0.42, -0.24
Gyr, 51.476, -0.22, 0.49, -0.28
Acc, 51.484, -5.16, -4.46, -6.56
Gyr, 51.496, -0.21, 0.57, -0.30
Gyr, 51.500, 0.23, 0.42, -0.32
Acc, 51.505, -4.71, -3.67, -5.95
Gyr, 51.509, 0.87, 0.38, 0.05
Gyr, 51.512, 1.27, 0.32, 0.21
Acc, 51.516, -4.28, -3.50, -4.79
Gyr, 51.518, 0.71, 0.03, 0.21
Gyr, 51.527, -0.33, -0.09, 0.22
Acc, 51.532, -7.71, -21.77, -16.58
Gyr, 51.538, -0.95, -0.08, 0.20
Gyr, 51.542, -1.03, -0.12, 0.18
Acc, 51.549, -7.01, -3.24, -16.38
Gyr, 51.556, -0.80, -0.22, 0.11
Gyr, 51.560, -0.37, -0.28, 0.06
Acc, 51.571, -7.50, -4.97, -9.08
Gyr, 51.578, 0.14, -0.26, 0.04
Gyr, 51.582, 0.50, -0.26, 0.02
Acc, 51.595, -3.48, -5.08, -5.28
Gyr, 51.601, 0.61, -0.29, 0.05
Gyr, 51.613, 0.51, -0.30, 0.08
Acc, 51.630, -3.69, -6.01, -6.64
Gyr, 51.636, 0.22, -0.34, 0.09
Gyr, 51.646, -0.06, -0.37, 0.13
Acc, 51.657, -4.68, -2.99, -8.88
Gyr, 51.667, -0.13, -0.38, 0.13
Gyr, 51.685, -0.02, -0.40, 0.12
Gyr, 51.693, 0.09, -0.40, 0.12
Acc, 51.696, -6.19, -4.76, -9.73
Gyr, 51.700, 0.14, -0.39, 0.12
Gyr, 51.704, 0.14, -0.38, 0.11
Acc, 51.706, -6.12, -4.64, -7.67
Gyr, 51.708, 0.10, -0.36, 0.11
Gyr, 51.711, 0.05, -0.34, 0.09
Acc, 51.713, -6.20, -4.03, -6.02
Gyr, 51.716, 0.00, -0.32, 0.08
Gyr, 51.721, -0.01, -0.30, 0.08
Acc, 51.727, -5.89, -4.04, -5.35
Gyr, 51.730, 0.02, -0.27, 0.08
Gyr, 51.734, 0.06, -0.25, 0.07
Acc, 51.749, -5.91, -4.68, -6.17
Gyr, 51.755, 0.09, -0.22, 0.06
Gyr, 51.758, 0.10, -0.20, 0.05
Acc, 51.774, -5.91, -4.68, -6.17
Gyr, 51.781, 0.09, -0.17, 0.05
Gyr, 51.784, 0.05, -0.14, 0.04
Acc, 51.790, -5.91, -4.68, -6.17
Gyr, 51.797, 0.02, -0.11, 0.04
Gyr, 51.801, 0.01, -0.09, 0.03
Acc, 51.805, -5.91, -4.68, -6.17
Gyr, 51.809, 0.04, -0.06, 0.04
Gyr, 51.821, 0.05, -0.04, 0.04
Acc, 51.828, -6.20, -4.76, -5.48
Gyr, 51.833, 0.05, -0.04, 0.03
Gyr, 51.840, 0.05, -0.04, 0.03
Acc, 51.849, -6.53, -4.72, -7.01
Gyr, 51.852, 0.03, -0.03, 0.04
Gyr, 51.855, 0.01, -0.03, 0.03
Acc, 51.862, -6.25, -4.54, -7.33
Gyr, 51.872, -0.00, -0.03, 0.02
Gyr, 51.876, -0.00, -0.02, 0.01
Acc, 51.890, -6.24, -4.43, -7.12
Gyr, 51.897, 0.02, -0.01, 0.00
Gyr, 51.900, 0.04, -0.00, 0.00
Acc, 51.911, -6.10, -4.71, -6.74
Gyr, 51.918, 0.04, 0.00, 0.00
Gyr, 51.920, 0.04, 0.01, -0.00
Acc, 51.938, -6.25, -4.65, -7.01
Gyr, 51.943, 0.01, 0.01, 0.00
Gyr, 51.947, -0.02, 0.01, 0.00
Acc, 51.950, -6.33, -4.61, -7.42
Gyr, 51.953, -0.03, 0.01, -0.01
Gyr, 51.956, -0.01, 0.01, -0.01
Gyr, 51.959, -0.01, 0.01, -0.01
Acc, 51.962, -6.41, -4.74, -7.59
Gyr, 51.967, -0.00, 0.01, -0.01
Gyr, 51.975, 0.02, 0.02, -0.01
Acc, 51.979, -6.41, -4.74, -7.59
Gyr, 51.987, 0.01, 0.02, -0.01
Gyr, 52.001, -0.03, 0.02, -0.02
Acc, 52.009, -6.41, -4.74, -7.59
Gyr, 52.013, -0.04, 0.02, -0.02
Gyr, 52.025, -0.03, 0.03, -0.02
Acc, 52.032, -6.41, -4.74, -7.59
Gyr, 52.036, -0.02, 0.02, -0.03
Gyr, 52.041, -0.03, 0.02, -0.03
Acc, 52.045, -6.48, -4.71, -6.98
Gyr, 52.049, -0.02, 0.03, -0.03
Gyr, 52.058, -0.02, 0.03, -0.04
Acc, 52.061, -6.59, -4.45, -7.19
Gyr, 52.069, -0.04, 0.03, -0.04
Gyr, 52.078, -0.07, 0.03, -0.04
Acc, 52.082, -6.57, -4.77, -7.11
Gyr, 52.091, -0.06, 0.03, -0.05
Gyr, 52.107, -0.04, 0.03, -0.05
Acc, 52.117, -6.43, -4.48, -7.25
Gyr, 52.126, -0.03, 0.03, -0.05
Gyr, 52.130, -0.03, 0.04, -0.05
Acc, 52.135, -6.41, -4.71, -7.08
Gyr, 52.140, -0.03, 0.04, -0.05
Gyr, 52.156, -0.04, 0.04, -0.06
Acc, 52.177, -6.41, -4.71, -7.08
Gyr, 52.183, -0.05, 0.04, -0.07
Gyr, 52.187, -0.05, 0.04, -0.08
Acc, 52.190, -6.20, -4.58, -7.09
Gyr, 52.193, -0.05, 0.04, -0.08
Gyr, 52.196, -0.05, 0.04, -0.08
Acc, 52.204, -6.21, -4.78, -7.39
Gyr, 52.210, -0.06, 0.04, -0.09
Gyr, 52.214, -0.05, 0.04, -0.09
Acc, 52.217, -6.22, -4.58, -7.55
Gyr, 52.221, -0.03, 0.04, -0.10
Gyr, 52.224, -0.01, 0.04, -0.11
Acc, 52.227, -6.04, -4.68, -7.23
Gyr, 52.230, -0.01, 0.04, -0.11
Gyr, 52.234, -0.03, 0.04, -0.12
Gyr, 52.245, -0.04, 0.04, -0.13
Acc, 52.250, -6.04, -4.68, -7.23
Gyr, 52.262, -0.06, 0.05, -0.13
Gyr, 52.268, -0.07, 0.06, -0.13
Acc, 52.274, -5.97, -4.54, -7.17
Gyr, 52.287, -0.07, 0.06, -0.14
Gyr, 52.293, -0.07, 0.07, -0.14
Acc, 52.296, -5.90, -4.75, -7.09
Gyr, 52.300, -0.05, 0.08, -0.14
Gyr, 52.305, -0.04, 0.09, -0.15
Acc, 52.310, -5.77, -4.79, -6.92
Gyr, 52.315, -0.04, 0.10, -0.16
Gyr, 52.323, -0.05, 0.11, -0.17
Acc, 52.331, -5.71, -4.58, -6.52
Gyr, 52.334, -0.07, 0.12, -0.18
Acc, 52.348, -5.48, -4.51, -6.10
Gyr, 52.354, -0.10, 0.15, -0.18
Gyr, 52.357, -0.14, 0.18, -0.19
Gyr, 52.363, -0.18, 0.22, -0.19
Acc, 52.371, -5.24, -4.50, -5.60
Gyr, 52.376, -0.20, 0.26, -0.19
Gyr, 52.379, -0.22, 0.32, -0.20
Acc, 52.383, -5.17, -4.64, -5.83
Gyr, 52.393, -0.26, 0.38, -0.21
Gyr, 52.401, -0.30, 0.44, -0.20
Acc, 52.404, -5.21, -3.99, -6.19
Gyr, 52.410, -0.36, 0.49, -0.20
Gyr, 52.426, -0.40, 0.54, -0.22
Acc, 52.435, -5.74, -4.19, -6.80
Gyr, 52.439, -0.39, 0.59, -0.29
Gyr, 52.445, 0.07, 0.47, -0.34
Acc, 52.455, -5.65, -3.73, -5.92
Gyr, 52.462, 0.91, 0.29, 0.05
Gyr, 52.473, 1.47, 0.33, 0.28
Acc, 52.482, -3.39, -14.34, -10.85
Gyr, 52.499, 0.96, 0.05, 0.08
Gyr, 52.506, -0.33, -0.21, 0.15
Acc, 52.510, -3.39, -14.34, -10.85
Gyr, 52.516, -1.04, -0.24, 0.17
Gyr, 52.519, -0.92, -0.22, 0.11
Acc, 52.522, -3.39, -14.34, -10.85
Gyr, 52.525, -0.55, -0.25, 0.05
Gyr, 52.528, -0.18, -0.26, -0.00
Acc, 52.535, -3.39, -14.34, -10.85
Gyr, 52.541, 0.18, -0.22, -0.04
Gyr, 52.549, 0.46, -0.17, -0.04
Acc, 52.561, -3.39, -14.34, -10.85
Gyr, 52.570, 0.57, -0.13, -0.01
Gyr, 52.573, 0.51, -0.11, 0.01
Acc, 52.577, -9.42, -5.71, -10.97
Gyr, 52.582, 0.28, -0.12, 0.05
Gyr, 52.586, -0.02, -0.14, 0.08
Acc, 52.594, -3.26, -5.02, -2.91
Gyr, 52.600, -0.15, -0.17, 0.10
Gyr, 52.605, -0.08, -0.19, 0.12
Acc, 52.616, -5.15, -3.52, -10.48
Gyr, 52.624, 0.05, -0.20, 0.17
Gyr, 52.636, 0.11, -0.22, 0.21
Acc, 52.643, -5.14, -6.33, -8.96
Gyr, 52.647, 0.09, -0.24, 0.24
Gyr, 52.653, 0.00, -0.26, 0.28
Acc, 52.664, -5.81, -5.36, -8.13
Gyr, 52.673, -0.11, -0.26, 0.30
Gyr, 52.686, -0.20, -0.26, 0.32
Acc, 52.693, -5.57, -4.87, -7.61
Gyr, 52.697, -0.20, -0.26, 0.32
Gyr, 52.701, -0.13, -0.25, 0.32
Acc, 52.705, -6.06, -5.20, -8.07
Gyr, 52.709, -0.04, -0.24, 0.31
Gyr, 52.712, 0.05, -0.24, 0.30
Gyr, 52.715, 0.11, -0.22, 0.28
Acc, 52.718, -6.33, -5.36, -7.99
Gyr, 52.728, 0.13, -0.21, 0.26
Gyr, 52.736, 0.12, -0.20, 0.23
Acc, 52.741, -6.47, -4.93, -7.72
Gyr, 52.762, 0.12, -0.19, 0.20
Gyr, 52.769, 0.12, -0.17, 0.18
Acc, 52.773, -6.47, -4.93, -7.72
Gyr, 52.778, 0.10, -0.16, 0.17
Gyr, 52.789, 0.10, -0.15, 0.16
Acc, 52.794, -6.47, -4.93, -7.72
Gyr, 52.797, 0.11, -0.14, 0.14
Gyr, 52.801, 0.13, -0.12, 0.14
Acc, 52.806, -6.59, -4.35, -7.49
Gyr, 52.810, 0.13, -0.11, 0.14
Gyr, 52.813, 0.11, -0.10, 0.13
Acc, 52.816, -6.21, -3.72, -7.02
Gyr, 52.819, 0.06, -0.08, 0.13
Gyr, 52.828, 0.05, -0.07, 0.13
Acc, 52.834, -6.44, -3.39, -7.40
Gyr, 52.838, 0.06, -0.05, 0.12
Gyr, 52.845, 0.06, -0.04, 0.11
Acc, 52.848, -6.16, -3.28, -7.17
Gyr, 52.856, 0.05, -0.03, 0.11
Gyr, 52.865, 0.04, -0.02, 0.12
Acc, 52.873, -6.35, -3.46, -6.98
Gyr, 52.880, 0.03, -0.02, 0.11
Gyr, 52.890, 0.03, -0.02, 0.11
Acc, 52.898, -6.17, -3.51, -7.17
Gyr, 52.902, 0.02, -0.01, 0.11
Gyr, 52.907, -0.00, -0.01, 0.11
Acc, 52.913, -6.33, -3.50, -7.15
Gyr, 52.922, -0.04, -0.01, 0.11
Gyr, 52.927, -0.07, -0.01, 0.11
Acc, 52.930, -6.52, -3.72, -7.68
Gyr, 52.935, -0.05, 0.00, 0.10
Gyr, 52.950, -0.03, 0.01, 0.09
Acc, 52.955, -6.56, -3.69, -7.33
Gyr, 52.961, 0.00, 0.01, 0.08
Gyr, 52.965, 0.03, 0.01, 0.07
Acc, 52.978, -6.72, -3.99, -7.39
Gyr, 52.984, 0.03, 0.02, 0.06
Gyr, 53.003, 0.03, 0.03, 0.04
Acc, 53.010, -6.71, -3.87, -7.47
Gyr, 53.016, 0.01, 0.03, 0.04
Gyr, 53.019, -0.02, 0.03, 0.04
Acc, 53.022, -6.86, -3.97, -7.71
Gyr, 53.027, -0.05, 0.03, 0.03
Gyr, 53.034, -0.06, 0.03, 0.03
Acc, 53.046, -6.80, -4.10, -7.70
Gyr, 53.053, -0.04, 0.04, 0.04
Gyr, 53.060, -0.02, 0.04, 0.05
Acc, 53.070, -6.80, -4.10, -7.70
Gyr, 53.076, -0.00, 0.04, 0.05
Gyr, 53.087, -0.02, 0.04, 0.05
Acc, 53.095, -6.80, -4.10, -7.70
Gyr, 53.105, -0.02, 0.04, 0.06
Gyr, 53.112, -0.03, 0.04, 0.06
Acc, 53.119, -6.80, -4.10, -7.70
Gyr, 53.129, -0.05, 0.04, 0.06
Gyr, 53.133, -0.07, 0.04, 0.05
Acc, 53.138, -6.80, -4.03, -7.57
Gyr, 53.141, -0.07, 0.05, 0.05
Gyr, 53.148, -0.04, 0.05, 0.03
Acc, 53.154, -6.74, -3.63, -7.81
Gyr, 53.163, -0.00, 0.05, 0.01
Gyr, 53.171, 0.02, 0.06, -0.00
Acc, 53.177, -6.43, -3.83, -7.38
Gyr, 53.189, 0.04, 0.07, -0.03
Gyr, 53.197, 0.02, 0.08, -0.05
Acc, 53.208, -5.92, -3.23, -6.70
Gyr, 53.215, -0.02, 0.09, -0.07
Gyr, 53.223, -0.07, 0.10, -0.08
Acc, 53.230, -6.17, -2.93, -7.71
Gyr, 53.238, -0.10, 0.11, -0.09
Gyr, 53.243, -0.09, 0.12, -0.09
Acc, 53.250, -6.22, -3.57, -7.68
Gyr, 53.258, -0.06, 0.13, -0.09
Gyr, 53.265, -0.03, 0.13, -0.09
Acc, 53.272, -6.22, -3.57, -7.68
Gyr, 53.281, 0.01, 0.14, -0.09
Gyr, 53.289, 0.04, 0.15, -0.09
Gyr, 53.298, 0.02, 0.15, -0.09
Acc, 53.307, -6.26, -3.79, -7.38
Gyr, 53.316, -0.04, 0.16, -0.09
Gyr, 53.323, -0.08, 0.17, -0.10
Acc, 53.332, -6.27, -3.68, -7.34
Gyr, 53.342, -0.09, 0.19, -0.10
Gyr, 53.346, -0.09, 0.21, -0.11
Acc, 53.350, -6.42, -3.98, -7.25
Gyr, 53.356, -0.07, 0.22, -0.11
Gyr, 53.362, -0.05, 0.25, -0.12
Acc, 53.372, -6.35, -4.13, -7.01
Gyr, 53.376, -0.06, 0.29, -0.13
Gyr, 53.379, -0.12, 0.33, -0.13
Acc, 53.390, -6.37, -4.02, -7.03
Gyr, 53.395, -0.23, 0.38, -0.14
Gyr, 53.399, -0.36, 0.42, -0.15
Acc, 53.411, -6.52, -3.18, -7.84
Gyr, 53.417, -0.43, 0.48, -0.17
Gyr, 53.421, -0.42, 0.55, -0.18
Acc, 53.425, -6.49, -3.29, -6.37
Gyr, 53.437, -0.32, 0.62, -0.20
Gyr, 53.442, -0.21, 0.68, -0.19
Acc, 53.446, -5.55, -4.68, -3.69
Gyr, 53.449, -0.11, 0.69, -0.18
Gyr, 53.454, 0.47, 0.42, -0.15
Acc, 53.457, -4.98, -4.92, -3.93
Gyr, 53.460, 0.98, 0.34, 0.26
Gyr, 53.464, 0.98, 0.10, 0.21
Acc, 53.467, -4.08, -20.85, -18.08
Gyr, 53.473, 0.00, -0.14, 0.16
Gyr, 53.476, -0.84, -0.17, 0.11
Acc, 53.479, -9.08, -1.61, -20.18
Gyr, 53.483, -0.95, -0.18, 0.06
Gyr, 53.486, -0.55, -0.19, 0.06
Acc, 53.489, -7.39, -1.44, -12.77
Gyr, 53.491, -0.06, -0.19, 0.07
Gyr, 53.497, 0.28, -0.18, 0.04
Acc, 53.504, -7.30, -6.95, -8.41
Gyr, 53.509, 0.45, -0.19, 0.05
Gyr, 53.513, 0.46, -0.21, 0.08
Acc, 53.524, -3.14, -4.70, -5.61
Gyr, 53.532, 0.31, -0.25, 0.10
Gyr, 53.538, 0.12, -0.28, 0.13
Acc, 53.547, -3.14, -4.70, -5.61
Gyr, 53.556, 0.00, -0.32, 0.15
Gyr, 53.561, -0.00, -0.35, 0.15
Acc, 53.565, -3.14, -4.70, -5.61
Gyr, 53.574, 0.06, -0.38, 0.14
Gyr, 53.583, 0.14, -0.40, 0.15
Acc, 53.591, -3.14, -4.70, -5.61
Gyr, 53.598, 0.21, -0.41, 0.16
Gyr, 53.603, 0.22, -0.41, 0.18
Acc, 53.607, -5.11, -3.72, -10.15
Gyr, 53.612, 0.18, -0.41, 0.19
Gyr, 53.616, 0.11, -0.40, 0.20
Acc, 53.619, -5.70, -4.55, -8.23
Gyr, 53.625, 0.06, -0.37, 0.19
Gyr, 53.629, 0.05, -0.35, 0.18
Acc, 53.639, -6.27, -3.54, -7.24
Gyr, 53.646, 0.06, -0.31, 0.17
Gyr, 53.650, 0.09, -0.27, 0.15
Gyr, 53.664, 0.13, -0.24, 0.12
Acc, 53.669, -6.16, -3.42, -6.63
Gyr, 53.675, 0.13, -0.21, 0.10
Gyr, 53.686, 0.12, -0.17, 0.09
Acc, 53.690, -6.37, -3.34, -6.39
Gyr, 53.694, 0.13, -0.15, 0.07
Gyr, 53.697, 0.13, -0.12, 0.06
Acc, 53.703, -5.91, -3.32, -5.93
Gyr, 53.712, 0.11, -0.10, 0.05
Gyr, 53.718, 0.10, -0.08, 0.05
Acc, 53.729, -5.91, -3.54, -5.52
Gyr, 53.737, 0.11, -0.04, 0.05
Gyr, 53.745, 0.12, -0.01, 0.06
Acc, 53.755, -5.91, -3.54, -5.52
Gyr, 53.763, 0.09, 0.01, 0.06
Gyr, 53.770, 0.06, 0.02, 0.03
Acc, 53.779, -5.91, -3.54, -5.52
Gyr, 53.793, 0.05, 0.04, 0.02
Gyr, 53.798, 0.04, 0.05, 0.02
Acc, 53.803, -5.55, -3.43, -5.32
Gyr, 53.807, 0.02, 0.06, 0.02
Gyr, 53.810, -0.03, 0.06, 0.01
Acc, 53.813, -5.62, -3.27, -6.82
Gyr, 53.815, -0.07, 0.06, 0.01
Gyr, 53.822, -0.05, 0.08, 0.00
Acc, 53.830, -5.65, -3.31, -6.54
Gyr, 53.835, -0.02, 0.10, 0.01
Gyr, 53.838, -0.01, 0.11, 0.01
Acc, 53.847, -5.81, -3.66, -6.94
Gyr, 53.856, -0.00, 0.10, -0.00
Gyr, 53.864, 0.00, 0.10, -0.02
Acc, 53.875, -7.10, -4.18, -8.29
Gyr, 53.886, -0.01, 0.10, 0.00
Gyr, 53.897, -0.06, 0.10, 0.02
Acc, 53.902, -7.26, -4.86, -7.91
Gyr, 53.914, -0.07, 0.10, 0.03
Gyr, 53.921, -0.06, 0.10, 0.05
Acc, 53.928, -7.18, -5.20, -7.52
Gyr, 53.933, -0.03, 0.10, 0.07
Gyr, 53.941, -0.01, 0.09, 0.08
Acc, 53.951, -7.18, -5.20, -7.52
Gyr, 53.958, 0.02, 0.08, 0.09
Gyr, 53.962, 0.05, 0.07, 0.09
Acc, 53.966, -7.11, -4.90, -8.34
Gyr, 53.971, 0.07, 0.06, 0.09
Gyr, 53.976, 0.06, 0.05, 0.09
Acc, 53.986, -7.11, -4.90, -8.34
Gyr, 53.996, 0.06, 0.03, 0.09
Gyr, 54.006, 0.05, 0.02, 0.09
Acc, 54.017, -6.56, -4.13, -8.04
Gyr, 54.026, 0.05, 0.02, 0.09
Gyr, 54.029, 0.06, 0.01, 0.08
Acc, 54.036, -6.40, -3.86, -7.94
Gyr, 54.045, 0.06, 0.02, 0.08
Gyr, 54.055, 0.06, 0.02, 0.08
Acc, 54.062, -6.46, -3.76, -7.75
Gyr, 54.066, 0.06, 0.02, 0.08
Gyr, 54.072, 0.04, 0.03, 0.08
Acc, 54.078, -6.38, -3.61, -7.53
Gyr, 54.081, 0.03, 0.03, 0.08
Gyr, 54.088, 0.02, 0.04, 0.08
Acc, 54.095, -6.25, -3.44, -7.56
Gyr, 54.099, 0.01, 0.04, 0.07
Gyr, 54.104, 0.00, 0.05, 0.07
Acc, 54.109, -6.25, -3.44, -7.56
Gyr, 54.112, -0.03, 0.06, 0.08
Gyr, 54.115, -0.05, 0.07, 0.08
Acc, 54.122, -6.25, -3.44, -7.56
Gyr, 54.131, -0.05, 0.07, 0.08
Gyr, 54.138, -0.04, 0.09, 0.07
Acc, 54.149, -6.25, -3.44, -7.56
Gyr, 54.154, -0.02, 0.10, 0.07
Gyr, 54.159, 0.00, 0.11, 0.07
Gyr, 54.163, -0.00, 0.11, 0.07
Acc, 54.169, -6.26, -3.49, -7.29
Gyr, 54.175, -0.02, 0.12, 0.07
Acc, 54.179, -6.26, -3.74, -7.52
Gyr, 54.183, -0.05, 0.13, 0.06
Gyr, 54.190, -0.05, 0.13, 0.06
Gyr, 54.215, -0.05, 0.14, 0.05
Acc, 54.227, -6.26, -3.54, -7.28
Gyr, 54.248, -0.04, 0.14, 0.04
Gyr, 54.254, -0.02, 0.15, 0.04
Acc, 54.258, -6.38, -3.58, -7.75
Gyr, 54.266, -0.00, 0.16, 0.04
Gyr, 54.269, -0.01, 0.16, 0.03
Acc, 54.272, -6.38, -3.58, -7.75
Gyr, 54.275, -0.04, 0.16, 0.03
Gyr, 54.278, -0.05, 0.17, 0.02
Acc, 54.280, -6.30, -3.62, -7.61
Gyr, 54.284, -0.05, 0.17, 0.02
Gyr, 54.287, -0.05, 0.18, 0.01
Acc, 54.289, -6.18, -3.76, -7.38
Gyr, 54.292, -0.02, 0.19, -0.00
Gyr, 54.295, 0.00, 0.21, -0.01
Acc, 54.297, -6.06, -3.69, -7.08
Gyr, 54.300, 0.00, 0.22, -0.03
Gyr, 54.303, -0.01, 0.24, -0.05
Acc, 54.316, -6.08, -3.58, -6.85
Gyr, 54.321, -0.04, 0.27, -0.06
Gyr, 54.329, -0.08, 0.30, -0.08
Acc, 54.337, -5.95, -3.39, -6.76
Gyr, 54.342, -0.13, 0.35, -0.09
Gyr, 54.346, -0.22, 0.41, -0.10
Acc, 54.358, -5.64, -3.12, -7.08
Gyr, 54.364, -0.35, 0.47, -0.10
Gyr, 54.367, -0.52, 0.54, -0.11
Acc, 54.371, -5.69, -2.35, -7.69
Gyr, 54.379, -0.67, 0.61, -0.13
Gyr, 54.387, -0.70, 0.68, -0.20
Acc, 54.400, -6.57, -2.39, -7.28
Gyr, 54.405, -0.62, 0.75, -0.22
Gyr, 54.413, -0.14, 0.61, -0.27
Acc, 54.419, -5.92, -2.64, -5.03
Gyr, 54.427, 0.71, 0.34, 0.02
Gyr, 54.434, 1.21, 0.28, 0.35
Acc, 54.439, -2.75, -11.06, -13.27
Gyr, 54.449, 0.75, -0.03, 0.20
Gyr, 54.464, -0.40, -0.25, 0.24
Acc, 54.471, -10.60, -10.93, -20.75
Gyr, 54.476, -1.03, -0.26, 0.27
Gyr, 54.479, -0.85, -0.29, 0.20
Acc, 54.486, -5.41, -0.22, -15.83
Gyr, 54.493, -0.35, -0.32, 0.15
Gyr, 54.497, 0.12, -0.28, 0.11
Acc, 54.503, -9.60, -4.06, -11.23
Gyr, 54.506, 0.46, -0.22, 0.09
Gyr, 54.509, 0.60, -0.16, 0.11
Acc, 54.516, -4.16, -3.16, -3.40
Gyr, 54.523, 0.56, -0.14, 0.08
Gyr, 54.534, 0.36, -0.14, 0.09
Acc, 54.556, -3.96, -4.00, -3.51
Gyr, 54.561, 0.12, -0.13, 0.11
Gyr, 54.565, -0.01, -0.12, 0.10
Gyr, 54.568, 0.00, -0.13, 0.10
Acc, 54.582, -4.15, -1.90, -7.13
Gyr, 54.587, 0.10, -0.14, 0.08
Gyr, 54.590, 0.17, -0.15, 0.08
Acc, 54.592, -4.15, -1.90, -7.13
Gyr, 54.595, 0.18, -0.15, 0.10
Gyr, 54.605, 0.16, -0.15, 0.11
Acc, 54.611, -4.15, -1.90, -7.13
Gyr, 54.614, 0.12, -0.16, 0.12
Gyr, 54.617, 0.06, -0.17, 0.14
Acc, 54.621, -4.15, -1.90, -7.13
Gyr, 54.630, 0.00, -0.17, 0.13
Gyr, 54.642, -0.02, -0.16, 0.14
Acc, 54.649, -4.15, -1.90, -7.13
Gyr, 54.654, -0.04, -0.14, 0.15
Gyr, 54.661, -0.02, -0.15, 0.12
Acc, 54.667, -5.31, -3.68, -7.83
Gyr, 54.673, 0.01, -0.15, 0.09
Gyr, 54.678, 0.00, -0.14, 0.07
Acc, 54.682, -5.53, -3.53, -7.94
Gyr, 54.695, -0.01, -0.13, 0.05
Gyr, 54.711, -0.01, -0.13, 0.04
Acc, 54.723, -5.85, -3.36, -8.12
Gyr, 54.727, -0.00, -0.12, 0.03
Gyr, 54.734, 0.02, -0.11, 0.02
Acc, 54.740, -6.05, -3.43, -7.56
Gyr, 54.743, 0.06, -0.09, 0.02
Gyr, 54.746, 0.08, -0.07, 0.04
Acc, 54.749, -6.05, -3.43, -7.56
Gyr, 54.753, 0.08, -0.06, 0.04
Gyr, 54.758, 0.08, -0.05, 0.03
Acc, 54.761, -6.05, -3.43, -7.56
Gyr, 54.768, 0.06, -0.04, 0.03
Gyr, 54.774, 0.03, -0.02, 0.03
Acc, 54.781, -6.22, -3.89, -7.33
Gyr, 54.785, 0.01, -0.01, 0.03
Gyr, 54.794, -0.00, -0.01, 0.03
Acc, 54.800, -6.24, -3.53, -7.68
Gyr, 54.804, -0.01, -0.00, 0.02
Gyr, 54.809, -0.00, 0.01, 0.02
Acc, 54.819, -6.02, -3.84, -7.32
Gyr, 54.824, 0.02, 0.01, 0.02
Gyr, 54.827, 0.02, 0.02, 0.02
Acc, 54.841, -6.16, -3.82, -7.83
Gyr, 54.850, 0.02, 0.02, 0.02
Gyr, 54.854, 0.01, 0.02, 0.02
Acc, 54.858, -6.32, -3.60, -8.16
Gyr, 54.862, 0.00, 0.02, 0.01
Gyr, 54.869, -0.00, 0.02, 0.01
Acc, 54.879, -6.19, -3.69, -8.48
Gyr, 54.883, -0.02, 0.01, 0.01
Gyr, 54.893, -0.02, 0.01, 0.01
Acc, 54.902, -6.43, -3.83, -8.34
Gyr, 54.906, -0.01, 0.00, 0.02
Gyr, 54.913, -0.00, -0.01, 0.03
Acc, 54.928, -6.43, -3.83, -8.34
Gyr, 54.935, 0.00, -0.02, 0.04
Gyr, 54.938, -0.00, -0.03, 0.05
Acc, 54.943, -6.61, -4.05, -8.40
Gyr, 54.948, -0.00, -0.03, 0.05
Gyr, 54.951, 0.01, -0.04, 0.05
Acc, 54.957, -6.57, -4.19, -8.48
Gyr, 54.965, 0.00, -0.05, 0.05
Gyr, 54.969, -0.00, -0.06, 0.05
Acc, 54.983, -6.75, -3.93, -8.53
Gyr, 54.988, -0.03, -0.07, 0.06
Gyr, 54.999, -0.04, -0.09, 0.06
Acc, 55.011, -6.84, -4.08, -8.70
Gyr, 55.016, -0.03, -0.10, 0.06
Gyr, 55.019, -0.00, -0.11, 0.06
Acc, 55.025, -6.72, -4.06, -8.22
Gyr, 55.032, 0.01, -0.11, 0.06
Gyr, 55.037, 0.04, -0.12, 0.06
Gyr, 55.043, 0.04, -0.12, 0.07
Acc, 55.054, -6.82, -4.13, -8.15
Gyr, 55.063, 0.02, -0.13, 0.07
Gyr, 55.073, -0.03, -0.14, 0.07
Acc, 55.077, -6.89, -3.83, -8.26
Gyr, 55.089, -0.06, -0.14, 0.06
Gyr, 55.098, -0.04, -0.14, 0.06
Acc, 55.103, -6.70, -3.59, -8.22
Gyr, 55.107, 0.00, -0.15, 0.05
Gyr, 55.110, 0.04, -0.14, 0.05
Acc, 55.115, -6.73, -3.83, -8.02
Gyr, 55.121, 0.05, -0.14, 0.05
Gyr, 55.128, 0.04, -0.12, 0.05
Acc, 55.132, -6.73, -3.83, -8.02
Gyr, 55.135, 0.02, -0.12, 0.04
Gyr, 55.140, 0.01, -0.10, 0.03
Acc, 55.148, -6.51, -3.64, -7.64
Gyr, 55.156, 0.01, -0.09, 0.04
Gyr, 55.159, 0.01, -0.08, 0.04
Acc, 55.164, -6.51, -3.64, -7.64
Gyr, 55.167, -0.01, -0.06, 0.04
Gyr, 55.174, -0.02, -0.05, 0.04
Acc, 55.179, -6.51, -3.64, -7.64
Gyr, 55.186, -0.01, -0.02, 0.03
Gyr, 55.194, 0.00, 0.00, 0.02
Acc, 55.198, -6.55, -3.44, -7.49
Gyr, 55.205, 0.02, 0.02, 0.02
Gyr, 55.214, 0.02, 0.05, 0.01
Acc, 55.221, -6.45, -3.32, -6.98
Gyr, 55.227, -0.00, 0.08, 0.00
Gyr, 55.235, -0.03, 0.11, -0.01
Acc, 55.242, -6.13, -2.95, -6.58
Gyr, 55.246, -0.05, 0.13, -0.02
Gyr, 55.253, -0.07, 0.16, -0.03
Acc, 55.263, -6.13, -2.95, -6.58
Gyr, 55.268, -0.07, 0.19, -0.04
Gyr, 55.274, -0.07, 0.21, -0.04
Acc, 55.286, -5.88, -2.98, -6.58
Gyr, 55.293, -0.06, 0.24, -0.05
Gyr, 55.303, -0.05, 0.26, -0.07
Acc, 55.310, -5.48, -2.98, -6.30
Gyr, 55.315, -0.05, 0.30, -0.08
Gyr, 55.320, -0.05, 0.33, -0.09
Acc, 55.324, -5.45, -2.80, -6.15
Gyr, 55.330, -0.10, 0.38, -0.10
Gyr, 55.341, -0.17, 0.44, -0.11
Acc, 55.347, -5.45, -2.42, -5.94
Gyr, 55.353, -0.23, 0.52, -0.11
Gyr, 55.362, -0.30, 0.60, -0.10
Acc, 55.371, -5.63, -2.26, -6.18
Gyr, 55.380, -0.35, 0.67, -0.12
Gyr, 55.388, -0.40, 0.74, -0.16
Acc, 55.399, -6.33, -2.47, -6.82
Gyr, 55.409, -0.40, 0.82, -0.19
Gyr, 55.416, -0.35, 0.90, -0.20
Acc, 55.423, -5.14, -2.18, -4.66
Gyr, 55.433, 0.24, 0.67, -0.25
Gyr, 55.437, 1.03, 0.52, 0.19
Acc, 55.443, -4.86, -3.10, -5.93
Gyr, 55.458, 1.44, 0.38, 0.35
Gyr, 55.466, 0.74, -0.00, 0.24
Acc, 55.476, -8.21, -23.34, -21.72
Gyr, 55.491, -0.47, -0.16, 0.27
Gyr, 55.500, -1.09, -0.18, 0.22
Acc, 55.508, -7.99, 0.10, -20.86
Gyr, 55.518, -1.08, -0.24, 0.14
Gyr, 55.523, -0.70, -0.31, 0.08
Acc, 55.528, -9.80, -3.89, -14.60
Gyr, 55.531, -0.15, -0.31, 0.09
Gyr, 55.537, 0.31, -0.27, 0.07
Acc, 55.543, -7.05, -4.47, -9.00
Gyr, 55.547, 0.59, -0.25, 0.04
Gyr, 55.551, 0.66, -0.23, 0.07
Acc, 55.558, -3.32, -3.61, -3.88
Gyr, 55.583, 0.53, -0.23, 0.07
Gyr, 55.589, 0.27, -0.24, 0.08
Gyr, 55.593, 0.02, -0.26, 0.11
Acc, 55.596, -3.65, -4.07, -5.50
Gyr, 55.600, -0.05, -0.28, 0.10
Gyr, 55.603, 0.01, -0.29, 0.10
Acc, 55.606, -4.77, -1.75, -9.48
Gyr, 55.610, 0.09, -0.29, 0.11
Gyr, 55.615, 0.13, -0.31, 0.12
Acc, 55.619, -5.38, -3.53, -9.84
Gyr, 55.625, 0.13, -0.32, 0.14
Gyr, 55.628, 0.12, -0.32, 0.16
Acc, 55.631, -5.87, -4.03, -8.79
Gyr, 55.635, 0.12, -0.32, 0.18
Gyr, 55.638, 0.11, -0.32, 0.19
Acc, 55.641, -5.92, -3.73, -7.84
Gyr, 55.644, 0.05, -0.32, 0.20
Gyr, 55.655, -0.00, -0.30, 0.20
Acc, 55.661, -5.92, -3.73, -7.84
Gyr, 55.664, -0.01, -0.28, 0.21
Gyr, 55.669, 0.01, -0.26, 0.18
Acc, 55.686, -5.92, -3.73, -7.84
Gyr, 55.692, 0.04, -0.24, 0.17
Gyr, 55.696, 0.08, -0.20, 0.15
Acc, 55.699, -5.92, -3.73, -7.84
Gyr, 55.710, 0.11, -0.16, 0.13
Gyr, 55.715, 0.14, -0.13, 0.11
Acc, 55.718, -7.33, -3.40, -7.79
Gyr, 55.721, 0.14, -0.10, 0.07
Gyr, 55.723, 0.11, -0.04, 0.05
Acc, 55.734, -6.39, -2.29, -5.00
Gyr, 55.739, 0.08, 0.01, 0.03
Gyr, 55.743, 0.04, 0.08, 0.02
Acc, 55.748, -6.39, -2.29, -5.00
Gyr, 55.754, 0.02, 0.14, 0.02
Gyr, 55.762, 0.01, 0.21, 0.01
Acc, 55.769, -6.39, -2.29, -5.00
Gyr, 55.773, 0.02, 0.26, 0.00
Gyr, 55.785, 0.03, 0.31, 0.01
Acc, 55.791, -6.39, -2.29, -5.00
Gyr, 55.796, 0.03, 0.35, 0.02
Gyr, 55.806, -0.00, 0.38, 0.04
Acc, 55.810, -5.60, -3.13, -6.02
Gyr, 55.815, -0.04, 0.38, 0.05
Gyr, 55.820, -0.06, 0.38, 0.07
Acc, 55.828, -5.47, -3.71, -8.29
Gyr, 55.834, -0.05, 0.37, 0.09
Gyr, 55.839, -0.03, 0.35, 0.11
Acc, 55.853, -5.64, -4.22, -9.38
Gyr, 55.859, -0.01, 0.31, 0.12
Gyr, 55.863, -0.00, 0.27, 0.13
Acc, 55.870, -5.98, -3.99, -9.70
Gyr, 55.878, 0.00, 0.24, 0.13
Gyr, 55.883, -0.00, 0.20, 0.14
Acc, 55.889, -6.35, -4.04, -9.85
Gyr, 55.897, -0.02, 0.17, 0.14
Gyr, 55.901, -0.03, 0.14, 0.14
Acc, 55.907, -6.35, -4.04, -9.85
Gyr, 55.910, -0.01, 0.11, 0.14
Gyr, 55.919, 0.02, 0.08, 0.13
Acc, 55.926, -6.80, -4.18, -9.50
Gyr, 55.930, 0.03, 0.05, 0.13
Gyr, 55.937, 0.02, 0.03, 0.13
Acc, 55.953, -6.89, -3.78, -9.17
Gyr, 55.963, 0.02, 0.01, 0.12
Gyr, 55.968, 0.02, -0.00, 0.11
Acc, 55.972, -7.02, -3.61, -9.00
Gyr, 55.976, 0.01, -0.02, 0.11
Gyr, 55.981, -0.01, -0.03, 0.10
Acc, 55.990, -6.75, -3.49, -8.43
Gyr, 55.994, -0.01, -0.03, 0.10
Gyr, 55.998, 0.00, -0.03, 0.10
Acc, 56.012, -6.75, -3.49, -8.43
Gyr, 56.018, 0.00, -0.03, 0.10
Gyr, 56.022, 0.00, -0.03, 0.11
Gyr, 56.027, 0.00, -0.03, 0.11
Acc, 56.031, -6.76, -3.48, -8.23
Gyr, 56.039, 0.02, -0.02, 0.10
Gyr, 56.049, 0.02, -0.02, 0.09
Acc, 56.052, -6.76, -3.29, -8.10
Gyr, 56.066, 0.02, -0.02, 0.08
Acc, 56.074, -6.68, -2.97, -7.94
Gyr, 56.078, 0.01, -0.01, 0.07
Gyr, 56.082, 0.01, -0.00, 0.07
Acc, 56.086, -6.68, -3.06, -7.79
Gyr, 56.091, 0.00, 0.00, 0.06
Gyr, 56.099, -0.04, 0.01, 0.06
Acc, 56.106, -6.54, -2.81, -7.93
Gyr, 56.109, -0.08, 0.01, 0.04
Gyr, 56.116, -0.07, 0.02, 0.03
Acc, 56.129, -6.43, -2.96, -8.05
Gyr, 56.134, -0.05, 0.02, 0.02
Gyr, 56.143, -0.04, 0.03, 0.01
Gyr, 56.163, -0.04, 0.03, 0.01
Acc, 56.168, -6.39, -2.94, -8.26
Gyr, 56.173, -0.03, 0.02, 0.00
Acc, 56.191, -6.39, -2.94, -8.26
Gyr, 56.198, -0.03, 0.02, 0.00
Gyr, 56.201, -0.05, 0.02, 0.00
Gyr, 56.204, -0.05, 0.01, 0.01
Acc, 56.206, -6.39, -2.94, -8.26
Gyr, 56.209, -0.05, 0.01, 0.01
Gyr, 56.218, -0.04, 0.00, 0.01
Acc, 56.224, -6.39, -2.94, -8.26
Gyr, 56.228, -0.02, -0.00, 0.00
Gyr, 56.234, 0.00, -0.00, -0.01
Acc, 56.237, -6.39, -2.94, -8.26
Gyr, 56.240, -0.00, -0.00, -0.01
Gyr, 56.251, -0.03, 0.00, -0.02
Acc, 56.256, -6.23, -3.21, -8.49
Gyr, 56.261, -0.05, 0.01, -0.03
Gyr, 56.265, -0.07, 0.01, -0.04
Acc, 56.268, -5.93, -3.30, -8.24
Gyr, 56.273, -0.06, 0.03, -0.04
Gyr, 56.284, -0.04, 0.04, -0.05
Acc, 56.287, -5.85, -3.00, -7.69
Gyr, 56.297, -0.05, 0.06, -0.05
Gyr, 56.304, -0.08, 0.09, -0.06
Acc, 56.310, -5.66, -2.81, -7.03
Gyr, 56.323, -0.15, 0.12, -0.06
Gyr, 56.327, -0.28, 0.17, -0.07
Acc, 56.331, -5.51, -2.43, -6.63
Gyr, 56.335, -0.40, 0.24, -0.09
Gyr, 56.346, -0.49, 0.34, -0.12
Acc, 56.354, -5.43, -1.63, -6.10
Gyr, 56.411, -0.57, 0.44, -0.15
Gyr, 56.415, -0.66, 0.53, -0.19
Acc, 56.418, -5.78, -1.43, -5.43
Gyr, 56.420, -0.73, 0.62, -0.27
Gyr, 56.422, -0.59, 0.69, -0.37
Acc, 56.426, -6.25, -0.15, -4.82
Gyr, 56.429, 0.31, 0.47, -0.37
Gyr, 56.432, 1.11, 0.53, 0.14
Acc, 56.443, -2.96, -2.66, -4.04
Gyr, 56.450, 1.25, 0.36, 0.13
Gyr, 56.456, 0.36, 0.05, 0.12
Acc, 56.459, -9.36, -17.70, -17.19
Gyr, 56.463, -0.43, -0.01, 0.20
Gyr, 56.468, -0.62, 0.01, 0.24
Acc, 56.471, -4.74, -2.33, -18.74
Gyr, 56.475, -0.56, -0.05, 0.21
Gyr, 56.477, -0.42, -0.11, 0.17
Acc, 56.480, -10.27, -5.07, -13.92
Gyr, 56.484, -0.18, -0.11, 0.11
Gyr, 56.487, 0.12, -0.10, 0.04
Acc, 56.500, -7.27, -2.34, -8.71
Gyr, 56.507, 0.35, -0.09, -0.01
Gyr, 56.510, 0.42, -0.09, -0.05
Gyr, 56.520, 0.33, -0.10, -0.09
Acc, 56.527, -5.25, -2.04, -6.81
Gyr, 56.531, 0.20, -0.10, -0.11
Gyr, 56.538, 0.16, -0.12, -0.11
Acc, 56.545, -4.58, -2.01, -7.60
Gyr, 56.549, 0.26, -0.16, -0.12
Gyr, 56.556, 0.47, -0.21, -0.11
Acc, 56.562, -4.20, -1.62, -8.48
Gyr, 56.569, 0.71, -0.27, -0.10
Gyr, 56.579, 0.94, -0.35, -0.11
Acc, 56.583, -3.78, -4.05, -9.27
Gyr, 56.588, 1.13, -0.44, -0.11
Gyr, 56.592, 1.26, -0.51, -0.12
Acc, 56.599, -4.68, -4.18, -10.13
Gyr, 56.606, 1.30, -0.56, -0.14
Gyr, 56.611, 1.28, -0.59, -0.16
Acc, 56.624, -5.21, -3.98, -9.34
Gyr, 56.630, 1.26, -0.61, -0.20
Gyr, 56.644, 1.32, -0.62, -0.25
Acc, 56.651, -6.10, -3.60, -8.99
Gyr, 56.654, 1.51, -0.63, -0.31
Gyr, 56.658, 1.87, -0.64, -0.38
Acc, 56.662, -6.64, -3.90, -9.25
Gyr, 56.669, 2.42, -0.66, -0.44
Gyr, 56.675, 3.14, -0.67, -0.49
Acc, 56.680, -6.64, -3.90, -9.25
Gyr, 56.687, 3.91, -0.67, -0.53
Gyr, 56.695, 4.60, -0.66, -0.53
Acc, 56.700, -6.64, -3.90, -9.25
Gyr, 56.705, 5.12, -0.67, -0.52
Gyr, 56.711, 5.59, -0.71, -0.52
Acc, 56.720, -6.64, -3.90, -9.25
Gyr, 56.727, 6.22, -0.74, -0.53
Gyr, 56.732, 7.05, -0.75, -0.53
Acc, 56.741, -6.64, -3.90, -9.25
Gyr, 56.749, 8.01, -0.74, -0.53
Gyr, 56.757, 8.80, -0.72, -0.53
Acc, 56.764, -6.64, -3.90, -9.25
Gyr, 56.772, 9.15, -0.72, -0.52
Gyr, 56.780, 9.09, -0.74, -0.48
Acc, 56.791, -6.74, -4.11, -9.26
Gyr, 56.799, 8.97, -0.76, -0.46
Gyr, 56.809, 8.87, -0.69, -0.51
Acc, 56.816, -6.86, -9.58, -6.29
Gyr, 56.824, 8.81, -0.57, -0.53
Gyr, 56.833, 8.69, -0.49, -0.54
Acc, 56.842, -7.07, -11.14, -4.93
Gyr, 56.852, 8.29, -0.46, -0.53
Gyr, 56.860, 7.59, -0.47, -0.47
Acc, 56.870, -6.65, -5.89, 0.91
Gyr, 56.878, 6.76, -0.45, -0.38
Gyr, 56.886, 5.98, -0.45, -0.31
Acc, 56.893, -6.06, -3.38, 3.80
Gyr, 56.901, 5.34, -0.42, -0.24
Gyr, 56.906, 4.84, -0.40, -0.18
Acc, 56.916, -5.07, -3.81, 7.10
Gyr, 56.930, 4.46, -0.41, -0.14
Gyr, 56.936, 4.24, -0.41, -0.08
Acc, 56.946, -5.21, -4.55, 8.85
Gyr, 56.953, 4.15, -0.43, -0.04
Gyr, 56.963, 4.06, -0.45, -0.01
Acc, 56.970, -5.13, -5.47, 8.52
Gyr, 56.980, 3.92, -0.44, 0.03
Gyr, 56.987, 3.75, -0.44, 0.05
Acc, 56.991, -5.25, -4.02, 9.11
Gyr, 56.996, 3.60, -0.41, 0.07
Gyr, 57.004, 3.55, -0.38, 0.11
Gyr, 57.021, 3.60, -0.40, 0.10
Acc, 57.026, -4.98, -3.43, 10.31
Gyr, 57.042, 3.62, -0.45, 0.08
Gyr, 57.050, 3.46, -0.49, 0.08
Acc, 57.055, -4.98, -3.43, 10.31
Gyr, 57.058, 3.15, -0.48, 0.12
Gyr, 57.066, 2.83, -0.45, 0.16
Acc, 57.075, -5.54, -0.74, 10.62
Gyr, 57.083, 2.57, -0.40, 0.19
Gyr, 57.090, 2.46, -0.37, 0.22
Acc, 57.095, -4.23, -0.01, 10.92
Gyr, 57.100, 2.51, -0.40, 0.24
Gyr, 57.105, 2.62, -0.45, 0.24
Acc, 57.110, -4.25, -1.32, 11.08
Gyr, 57.116, 2.70, -0.47, 0.26
Gyr, 57.123, 2.68, -0.48, 0.28
Acc, 57.128, -4.66, -1.16, 10.98
Gyr, 57.136, 2.55, -0.48, 0.31
Gyr, 57.143, 2.35, -0.44, 0.34
Acc, 57.149, -4.49, 0.43, 11.42
Gyr, 57.160, 2.20, -0.42, 0.38
Gyr, 57.168, 2.16, -0.41, 0.42
Acc, 57.176, -3.90, 1.92, 12.28
Gyr, 57.185, 2.19, -0.43, 0.45
Gyr, 57.195, 2.20, -0.45, 0.48
Acc, 57.201, -3.76, 1.46, 12.09
Gyr, 57.208, 2.21, -0.44, 0.51
Gyr, 57.212, 2.25, -0.45, 0.53
Acc, 57.219, -3.97, 2.47, 11.94
Gyr, 57.224, 2.26, -0.46, 0.55
Gyr, 57.229, 2.20, -0.46, 0.57
Acc, 57.236, -3.68, 2.74, 11.35
Gyr, 57.247, 2.04, -0.46, 0.60
Gyr, 57.251, 1.90, -0.43, 0.63
Acc, 57.259, -3.64, 4.08, 11.28
Gyr, 57.270, 1.80, -0.41, 0.65
Gyr, 57.275, 1.70, -0.40, 0.67
Acc, 57.279, -3.64, 4.08, 11.28
Gyr, 57.281, 1.57, -0.39, 0.68
Gyr, 57.289, 1.43, -0.37, 0.69
Acc, 57.296, -3.64, 4.08, 11.28
Gyr, 57.300, 1.31, -0.34, 0.69
Gyr, 57.304, 1.22, -0.32, 0.69
Acc, 57.310, -3.64, 4.08, 11.28
Gyr, 57.313, 1.14, -0.31, 0.69
Gyr, 57.317, 1.07, -0.30, 0.70
Acc, 57.320, -3.64, 4.08, 11.28
Gyr, 57.326, 1.03, -0.28, 0.69
Gyr, 57.338, 1.00, -0.27, 0.68
Gyr, 57.346, 0.97, -0.26, 0.69
Acc, 57.349, -3.64, 4.08, 11.28
Gyr, 57.353, 0.95, -0.25, 0.69
Gyr, 57.357, 0.94, -0.23, 0.69
Acc, 57.363, -2.51, 5.42, 10.97
Gyr, 57.365, 0.91, -0.22, 0.70
Acc, 57.368, -2.40, 5.77, 10.25
Gyr, 57.371, 0.85, -0.21, 0.72
Gyr, 57.374, 0.78, -0.21, 0.73
Gyr, 57.377, 0.70, -0.19, 0.73
Acc, 57.379, -2.38, 6.60, 10.35
Gyr, 57.381, 0.65, -0.19, 0.72
Gyr, 57.384, 0.63, -0.18, 0.71
Acc, 57.390, -2.37, 7.30, 10.10
Gyr, 57.395, 0.63, -0.18, 0.69
Gyr, 57.401, 0.64, -0.17, 0.66
Acc, 57.408, -2.36, 7.31, 9.60
Gyr, 57.417, 0.61, -0.15, 0.63
Gyr, 57.424, 0.57, -0.13, 0.60
Acc, 57.431, -2.25, 7.12, 9.66
Gyr, 57.437, 0.54, -0.10, 0.55
Gyr, 57.446, 0.51, -0.08, 0.51
Acc, 57.458, -2.18, 7.81, 10.01
Gyr, 57.468, 0.45, -0.06, 0.47
Gyr, 57.478, 0.37, -0.04, 0.42
Acc, 57.485, -2.29, 8.35, 9.37
Gyr, 57.499, 0.29, -0.02, 0.37
Gyr, 57.506, 0.21, -0.00, 0.33
Acc, 57.511, -2.09, 8.40, 8.99
Gyr, 57.516, 0.14, 0.02, 0.28
Gyr, 57.520, 0.08, 0.04, 0.24
Acc, 57.523, -1.94, 8.51, 8.96
Gyr, 57.528, 0.05, 0.06, 0.20
Gyr, 57.531, 0.03, 0.08, 0.16
Acc, 57.538, -1.82, 8.22, 9.34
Gyr, 57.545, 0.01, 0.10, 0.12
Gyr, 57.550, -0.01, 0.12, 0.08
Acc, 57.554, -1.79, 8.15, 9.59
Gyr, 57.564, -0.03, 0.14, 0.05
Gyr, 57.588, -0.03, 0.14, 0.03
Acc, 57.595, -1.93, 8.00, 9.44
Gyr, 57.599, -0.04, 0.14, 0.02
Gyr, 57.602, -0.04, 0.15, 0.02
Acc, 57.605, -1.90, 7.75, 9.54
Gyr, 57.608, -0.02, 0.14, 0.01
Gyr, 57.611, -0.03, 0.14, 0.01
Acc, 57.620, -1.90, 7.70, 9.60
Gyr, 57.626, -0.05, 0.14, -0.00
Gyr, 57.631, -0.07, 0.14, -0.02
Acc, 57.635, -1.89, 8.07, 9.60
Gyr, 57.638, -0.09, 0.14, -0.02
Gyr, 57.641, -0.10, 0.13, -0.02
Gyr, 57.653, -0.09, 0.12, -0.03
Acc, 57.679, -1.98, 7.88, 9.46
Gyr, 57.682, -0.08, 0.10, -0.03
Gyr, 57.685, -0.07, 0.09, -0.03
Acc, 57.688, -2.08, 7.47, 9.57
Gyr, 57.692, -0.06, 0.08, -0.03
Gyr, 57.695, -0.05, 0.07, -0.03
Acc, 57.698, -2.01, 7.55, 9.55
Gyr, 57.765, -0.04, 0.06, -0.02
Gyr, 57.770, -0.04, 0.05, -0.02
Acc, 57.773, -2.01, 7.55, 9.55
Gyr, 57.776, -0.04, 0.04, -0.01
Gyr, 57.780, -0.05, 0.03, -0.00
Acc, 57.783, -2.01, 7.55, 9.55
Gyr, 57.786, -0.05, 0.03, 0.01
Gyr, 57.789, -0.04, 0.02, 0.02
Acc, 57.792, -2.12, 7.41, 9.77
Gyr, 57.796, -0.01, 0.01, 0.02
Gyr, 57.799, -0.00, 0.01, 0.03
Acc, 57.802, -2.20, 7.46, 9.81
Gyr, 57.805, 0.01, 0.01, 0.03
Gyr, 57.894, 0.02, 0.01, 0.03
Acc, 57.898, -2.13, 7.04, 9.86
Gyr, 57.901, 0.03, 0.01, 0.03
Gyr, 57.905, 0.02, 0.00, 0.03
Acc, 57.908, -2.17, 7.10, 9.83
Gyr, 57.911, 0.01, 0.01, 0.04
Gyr, 57.914, 0.02, 0.01, 0.04
Acc, 57.917, -2.17, 7.10, 9.83
Gyr, 57.920, 0.02, 0.00, 0.05
Gyr, 57.923, 0.01, 0.00, 0.05
Acc, 57.927, -2.17, 7.10, 9.83
Gyr, 57.930, -0.00, 0.01, 0.05
Gyr, 57.933, -0.01, 0.01, 0.05
Acc, 57.936, -2.17, 7.10, 9.83
Gyr, 57.939, 0.00, 0.02, 0.04
Gyr, 57.942, 0.02, 0.02, 0.03
Acc, 57.945, -2.17, 7.10, 9.83
Gyr, 57.948, 0.04, 0.04, 0.03
Gyr, 57.952, -0.03, 0.05, 0.03
Acc, 57.955, -2.20, 7.35, 9.75
Gyr, 57.958, -0.04, 0.03, 0.04
Gyr, 57.961, 0.02, -0.01, 0.03
