Gyr, 60.522, -0.06, 0.05, -0.05
Acc, 60.538, -0.87, 6.72, 9.00
Gyr, 60.542, -0.08, 0.05, -0.05
Gyr, 60.547, -0.10, 0.06, -0.07
Acc, 60.549, -0.84, 6.75, 8.83
Gyr, 60.552, -0.11, 0.06, -0.07
Gyr, 60.555, -0.11, 0.06, -0.08
Acc, 60.571, -1.00, 6.74, 8.59
Gyr, 60.575, -0.11, 0.05, -0.09
Gyr, 60.579, -0.11, 0.05, -0.11
Acc, 60.584, -1.10, 6.53, 8.63
Gyr, 60.588, -0.12, 0.05, -0.11
Gyr, 60.621, -0.13, 0.04, -0.12
Acc, 60.631, -1.07, 6.65, 8.65
Gyr, 60.639, -0.13, 0.03, -0.13
Gyr, 60.643, -0.13, 0.02, -0.14
Acc, 60.646, -1.07, 6.65, 8.65
Gyr, 60.650, -0.15, 0.01, -0.15
Gyr, 60.654, -0.16, 0.00, -0.15
Acc, 60.657, -1.07, 6.65, 8.65
Gyr, 60.660, -0.18, -0.00, -0.16
Gyr, 60.665, -0.21, -0.01, -0.16
Acc, 60.669, -1.07, 6.65, 8.65
Gyr, 60.672, -0.21, -0.00, -0.16
Gyr, 60.677, -0.18, -0.01, -0.16
Acc, 60.692, -1.07, 6.65, 8.65
Gyr, 60.697, -0.13, -0.02, -0.16
Gyr, 60.706, -0.09, -0.03, -0.16
Acc, 60.710, -1.02, 6.44, 8.49
Gyr, 60.715, -0.08, -0.04, -0.15
Gyr, 60.720, -0.08, -0.05, -0.14
Acc, 60.724, -1.08, 5.71, 8.87
Gyr, 60.728, -0.10, -0.05, -0.14
Gyr, 60.732, -0.14, -0.06, -0.13
Acc, 60.735, -1.08, 5.71, 8.87
Gyr, 60.739, -0.16, -0.07, -0.11
Gyr, 60.743, -0.18, -0.07, -0.11
Acc, 60.747, -1.08, 5.71, 8.87
Gyr, 60.751, -0.20, -0.07, -0.11
Gyr, 60.755, -0.21, -0.07, -0.11
Acc, 60.770, -1.08, 5.71, 8.87
Gyr, 60.778, -0.20, -0.07, -0.11
Gyr, 60.795, -0.19, -0.08, -0.12
Acc, 60.801, -1.39, 5.77, 9.04
Gyr, 60.806, -0.20, -0.08, -0.13
Gyr, 60.810, -0.24, -0.07, -0.15
Acc, 60.814, -1.33, 6.16, 9.01
Gyr, 60.819, -0.29, -0.06, -0.17
Gyr, 60.824, -0.34, -0.05, -0.21
Gyr, 60.837, -0.40, -0.05, -0.25
Acc, 60.846, -1.27, 6.68, 8.70
Gyr, 60.850, -0.48, -0.05, -0.30
Gyr, 60.861, -0.58, -0.05, -0.35
Acc, 60.865, -1.18, 7.19, 8.36
Gyr, 60.880, -0.68, -0.05, -0.39
Gyr, 60.885, -0.76, -0.05, -0.43
Acc, 60.891, -1.05, 7.63, 7.70
Gyr, 60.908, -0.79, -0.05, -0.47
Gyr, 60.912, -0.75, -0.05, -0.51
Acc, 60.915, -1.18, 7.74, 7.27
Gyr, 60.920, -0.65, -0.05, -0.55
Gyr, 60.926, -0.53, -0.06, -0.58
Acc, 60.929, -0.80, 6.51, 7.93
Gyr, 60.933, -0.43, -0.07, -0.57
Gyr, 60.937, -0.38, -0.07, -0.56
Acc, 60.941, -0.40, 5.43, 9.22
Gyr, 60.945, -0.42, -0.08, -0.54
Gyr, 60.956, -0.56, -0.10, -0.51
Acc, 60.965, -0.34, 4.56, 10.01
Gyr, 60.971, -0.79, -0.10, -0.47
Gyr, 60.975, -1.07, -0.08, -0.40
Acc, 60.984, -0.62, 5.32, 9.84
Gyr, 61.000, -1.30, -0.05, -0.31
Gyr, 61.005, -1.38, -0.02, -0.22
Acc, 61.009, -0.50, 5.43, 9.45
Gyr, 61.013, -1.27, -0.03, -0.17
Gyr, 61.025, -1.03, -0.06, -0.16
Acc, 61.033, -1.57, 0.65, 10.68
Gyr, 61.063, -0.79, -0.10, -0.14
Gyr, 61.069, -0.63, -0.12, -0.09
Acc, 61.077, -2.20, 0.87, 11.02
Gyr, 61.095, -0.55, -0.11, -0.03
Gyr, 61.103, -0.50, -0.09, 0.02
Acc, 61.111, -1.69, 1.56, 11.57
Gyr, 61.121, -0.45, -0.07, 0.04
Gyr, 61.129, -0.40, -0.07, 0.08
Acc, 61.138, -2.26, 2.22, 11.29
Gyr, 61.158, -0.38, -0.07, 0.13
Gyr, 61.171, -0.37, -0.07, 0.16
Acc, 61.178, -2.68, 2.48, 10.88
Gyr, 61.182, -0.33, -0.08, 0.18
Gyr, 61.193, -0.29, -0.08, 0.18
Acc, 61.207, -2.50, 2.95, 10.62
Gyr, 61.211, -0.23, -0.08, 0.18
Gyr, 61.221, -0.16, -0.10, 0.16
Acc, 61.233, -2.07, 2.78, 10.16
Gyr, 61.241, -0.10, -0.10, 0.15
Gyr, 61.251, -0.07, -0.10, 0.14
Acc, 61.264, -1.40, 3.19, 10.11
Gyr, 61.274, -0.06, -0.09, 0.11
Gyr, 61.283, -0.10, -0.10, 0.10
Acc, 61.293, -1.40, 3.19, 10.11
Gyr, 61.309, -0.15, -0.10, 0.08
Gyr, 61.313, -0.18, -0.11, 0.07
Acc, 61.317, -1.40, 3.19, 10.11
Gyr, 61.323, -0.16, -0.12, 0.05
Gyr, 61.328, -0.12, -0.15, 0.00
Acc, 61.341, -1.40, 3.19, 10.11
Gyr, 61.345, -0.13, -0.18, -0.02
Gyr, 61.352, -0.18, -0.19, -0.02
Acc, 61.357, -1.40, 3.19, 10.11
Gyr, 61.363, -0.20, -0.18, -0.01
Gyr, 61.370, -0.10, -0.19, -0.04
Acc, 61.376, -0.80, 4.26, 9.93
Gyr, 61.379, 0.05, -0.25, -0.08
Gyr, 61.383, 0.16, -0.29, -0.14
Acc, 61.390, -0.11, 4.86, 10.16
Gyr, 61.411, 0.07, -0.25, -0.16
Gyr, 61.416, -0.13, -0.17, -0.19
Acc, 61.420, 2.40, 6.40, 11.20
Gyr, 61.425, -0.31, -0.09, -0.22
Gyr, 61.430, -0.36, -0.01, -0.22
Acc, 61.434, 2.39, 5.46, 13.15
Gyr, 61.439, -0.26, 0.03, -0.28
Gyr, 61.444, -0.01, 0.06, -0.32
Acc, 61.450, 1.08, 3.20, 13.23
Gyr, 61.458, 0.36, 0.05, -0.44
Gyr, 61.463, 0.61, 0.04, -0.59
Acc, 61.471, 0.51, 4.05, 12.22
Gyr, 61.478, 0.61, 0.07, -0.60
Gyr, 61.482, 0.55, 0.09, -0.62
Acc, 61.497, 0.46, 6.04, 11.31
Gyr, 61.505, 0.52, 0.09, -0.67
Gyr, 61.510, 0.48, 0.08, -0.70
Acc, 61.514, -0.12, 5.74, 10.23
Gyr, 61.520, 0.43, 0.06, -0.74
Gyr, 61.526, 0.37, 0.05, -0.77
Gyr, 61.532, 0.28, 0.03, -0.78
Acc, 61.542, -0.14, 5.71, 10.22
Gyr, 61.550, 0.20, 0.03, -0.79
Gyr, 61.557, 0.16, 0.02, -0.77
Acc, 61.567, -0.22, 4.87, 9.95
Gyr, 61.578, 0.20, 0.02, -0.75
Gyr, 61.583, 0.27, 0.01, -0.74
Acc, 61.598, -0.52, 2.60, 10.29
Gyr, 61.602, 0.32, 0.00, -0.72
Gyr, 61.609, 0.32, 0.00, -0.69
Acc, 61.614, -0.64, 1.67, 10.46
Gyr, 61.617, 0.28, 0.01, -0.65
Gyr, 61.621, 0.26, 0.01, -0.62
Acc, 61.624, -1.01, 1.83, 10.20
Gyr, 61.627, 0.25, 0.00, -0.59
Gyr, 61.660, 0.22, -0.01, -0.54
Acc, 61.683, -1.22, 1.40, 9.94
Gyr, 61.688, 0.18, -0.01, -0.49
Gyr, 61.693, 0.13, -0.01, -0.42
Acc, 61.696, -1.32, 1.22, 9.96
Gyr, 61.700, 0.10, -0.02, -0.35
Gyr, 61.703, 0.10, -0.03, -0.30
Acc, 61.707, -1.55, 0.90, 9.51
Gyr, 61.710, 0.10, -0.03, -0.24
Gyr, 61.713, 0.09, -0.04, -0.17
Acc, 61.717, -1.53, 0.38, 9.41
Gyr, 61.720, 0.06, -0.04, -0.11
Gyr, 61.723, -0.00, -0.04, -0.05
Acc, 61.726, -1.66, 0.39, 9.45
Gyr, 61.728, -0.07, -0.03, 0.03
Gyr, 61.731, -0.05, -0.04, 0.07
Acc, 61.734, -1.97, 0.80, 9.43
Gyr, 61.737, -0.00, -0.05, 0.08
Gyr, 61.740, 0.03, -0.05, 0.11
Gyr, 61.743, 0.03, -0.03, 0.12
Acc, 61.745, -1.91, 0.67, 9.28
Gyr, 61.748, 0.02, 0.00, 0.12
Gyr, 61.750, -0.01, 0.04, 0.12
Acc, 61.752, -1.46, 2.41, 9.89
Gyr, 61.755, -0.03, 0.08, 0.11
Gyr, 61.757, -0.04, 0.11, 0.11
Acc, 61.759, -1.46, 2.41, 9.89
Gyr, 61.761, -0.08, 0.14, 0.12
Gyr, 61.764, -0.18, 0.18, 0.15
Acc, 61.768, -1.46, 2.41, 9.89
Gyr, 61.771, -0.24, 0.22, 0.18
Gyr, 61.775, -0.18, 0.24, 0.21
Acc, 61.778, -1.46, 2.41, 9.89
Gyr, 61.780, -0.02, 0.25, 0.25
Gyr, 61.783, 0.10, 0.26, 0.30
Acc, 61.787, -1.46, 2.41, 9.89
Gyr, 61.790, 0.09, 0.31, 0.34
Gyr, 61.814, -0.01, 0.36, 0.39
Acc, 61.819, -1.46, 2.41, 9.89
Gyr, 61.823, -0.13, 0.42, 0.42
Gyr, 61.826, -0.17, 0.46, 0.45
Acc, 61.829, -1.46, 2.41, 9.89
Gyr, 61.831, -0.17, 0.49, 0.48
Gyr, 61.834, -0.16, 0.50, 0.52
Acc, 61.836, -0.91, 3.30, 11.21
Gyr, 61.839, -0.16, 0.50, 0.55
Gyr, 61.859, -0.17, 0.50, 0.57
Acc, 61.865, -0.27, 2.11, 10.84
Gyr, 61.869, -0.18, 0.50, 0.58
Gyr, 61.878, -0.18, 0.49, 0.58
Acc, 61.882, -1.10, 2.18, 12.31
Gyr, 61.886, -0.17, 0.45, 0.59
Gyr, 61.889, -0.17, 0.42, 0.59
Acc, 61.901, -2.34, 3.25, 9.80
Gyr, 61.920, -0.17, 0.39, 0.59
Gyr, 61.925, -0.16, 0.37, 0.58
Acc, 61.928, -2.80, 4.25, 8.95
Gyr, 61.937, -0.10, 0.35, 0.55
Gyr, 61.940, -0.02, 0.32, 0.51
Acc, 61.944, -2.78, 4.14, 8.87
Gyr, 61.948, 0.07, 0.29, 0.47
Gyr, 61.951, 0.13, 0.26, 0.43
Acc, 61.955, -2.83, 4.52, 9.04
Gyr, 61.958, 0.16, 0.24, 0.39
Gyr, 61.964, 0.16, 0.21, 0.35
Acc, 61.968, -2.79, 5.29, 8.57
Gyr, 61.971, 0.13, 0.19, 0.30
Gyr, 61.974, 0.08, 0.17, 0.27
Acc, 61.977, -2.72, 5.90, 8.15
Gyr, 61.980, 0.04, 0.16, 0.24
Gyr, 61.983, 0.02, 0.13, 0.21
Acc, 61.993, -2.56, 5.34, 8.25
Gyr, 61.998, 0.01, 0.10, 0.17
Gyr, 62.007, -0.01, 0.08, 0.15
Acc, 62.010, -2.62, 5.00, 8.52
Gyr, 62.014, -0.03, 0.06, 0.14
Gyr, 62.017, -0.03, 0.06, 0.13
Acc, 62.020, -2.62, 5.00, 8.52
Gyr, 62.022, -0.01, 0.05, 0.11
Gyr, 62.028, 0.02, 0.03, 0.09
Acc, 62.037, -2.33, 3.98, 9.33
Gyr, 62.040, 0.03, 0.02, 0.09
Gyr, 62.043, 0.02, 0.01, 0.08
Acc, 62.059, -2.33, 3.98, 9.33
Gyr, 62.064, 0.02, -0.00, 0.07
Gyr, 62.068, 0.01, -0.00, 0.06
Acc, 62.074, -2.25, 3.65, 9.62
Gyr, 62.078, 0.00, -0.00, 0.07
Gyr, 62.084, -0.00, 0.00, 0.07
Gyr, 62.090, -0.01, 0.00, 0.07
Acc, 62.095, -2.16, 3.45, 9.74
Gyr, 62.104, -0.00, 0.00, 0.07
Gyr, 62.111, 0.00, -0.01, 0.08
Acc, 62.116, -2.14, 3.45, 9.81
Gyr, 62.123, 0.00, -0.01, 0.08
Gyr, 62.131, -0.00, -0.01, 0.08
Acc, 62.140, -2.29, 3.44, 9.85
Gyr, 62.146, 0.00, -0.01, 0.08
Gyr, 62.155, 0.00, -0.00, 0.07
Acc, 62.164, -2.29, 3.44, 9.85
Gyr, 62.171, 0.01, 0.00, 0.07
Gyr, 62.184, 0.03, -0.01, 0.07
Acc, 62.194, -2.35, 3.36, 10.04
Gyr, 62.198, 0.03, -0.01, 0.06
Gyr, 62.202, 0.02, 0.00, 0.06
Acc, 62.211, -2.30, 3.33, 9.86
Gyr, 62.216, 0.00, 0.01, 0.06
Gyr, 62.220, -0.01, 0.03, 0.06
Acc, 62.225, -2.16, 3.53, 10.05
Gyr, 62.230, -0.03, 0.04, 0.06
Gyr, 62.241, -0.04, 0.04, 0.06
Acc, 62.247, -2.16, 3.53, 10.05
Gyr, 62.252, -0.05, 0.03, 0.06
Gyr, 62.263, -0.08, 0.03, 0.05
Acc, 62.269, -2.16, 3.53, 10.05
Gyr, 62.276, -0.10, 0.04, 0.05
Gyr, 62.287, -0.08, 0.03, 0.05
Acc, 62.292, -2.16, 3.53, 10.05
Gyr, 62.297, -0.04, 0.02, 0.05
Gyr, 62.300, 0.01, 0.00, 0.04
Acc, 62.306, -2.16, 3.53, 10.05
Gyr, 62.314, 0.03, -0.01, 0.04
Gyr, 62.319, 0.03, -0.01, 0.05
Acc, 62.334, -2.57, 3.71, 9.52
Gyr, 62.345, 0.02, -0.00, 0.05
Gyr, 62.354, 0.00, -0.01, 0.05
Acc, 62.363, -2.66, 3.08, 9.75
Gyr, 62.371, -0.01, -0.02, 0.05
Gyr, 62.381, -0.04, -0.03, 0.06
Acc, 62.388, -2.61, 3.30, 9.35
Gyr, 62.397, -0.06, -0.04, 0.07
Gyr, 62.402, -0.05, -0.05, 0.08
Acc, 62.405, -2.64, 3.17, 9.46
Gyr, 62.409, -0.02, -0.07, 0.09
Gyr, 62.413, 0.00, -0.08, 0.10
Gyr, 62.420, 0.01, -0.09, 0.10
Acc, 62.426, -2.70, 2.71, 9.47
Gyr, 62.431, 0.03, -0.10, 0.11
Gyr, 62.436, 0.03, -0.11, 0.12
Acc, 62.441, -2.55, 2.79, 9.57
Gyr, 62.448, 0.02, -0.12, 0.12
Gyr, 62.466, -0.00, -0.12, 0.12
Acc, 62.488, -2.47, 2.86, 9.36
Gyr, 62.493, -0.03, -0.12, 0.13
Gyr, 62.497, -0.05, -0.13, 0.13
Acc, 62.501, -2.47, 3.20, 9.16
Gyr, 62.505, -0.07, -0.14, 0.13
Gyr, 62.508, -0.08, -0.13, 0.13
Acc, 62.511, -2.35, 3.16, 9.38
Gyr, 62.514, -0.09, -0.14, 0.14
Gyr, 62.517, -0.07, -0.14, 0.13
Acc, 62.520, -2.37, 3.32, 9.69
Gyr, 62.523, -0.06, -0.16, 0.13
Gyr, 62.526, -0.06, -0.16, 0.12
Acc, 62.528, -2.37, 3.11, 9.46
Gyr, 62.534, -0.11, -0.16, 0.11
Gyr, 62.541, -0.16, -0.14, 0.10
Acc, 62.545, -2.19, 3.33, 9.36
Gyr, 62.559, -0.21, -0.12, 0.10
Gyr, 62.570, -0.23, -0.12, 0.09
Acc, 62.575, -1.99, 4.05, 9.75
Gyr, 62.578, -0.24, -0.12, 0.07
Gyr, 62.582, -0.24, -0.12, 0.05
Acc, 62.586, -2.02, 3.71, 9.88
Gyr, 62.591, -0.24, -0.12, 0.04
Gyr, 62.602, -0.23, -0.12, 0.03
Acc, 62.610, -1.93, 3.63, 9.57
Gyr, 62.613, -0.22, -0.14, 0.02
Gyr, 62.623, -0.20, -0.15, 0.02
Acc, 62.630, -1.74, 3.50, 9.65
Gyr, 62.634, -0.18, -0.17, 0.00
Gyr, 62.638, -0.18, -0.19, -0.01
Acc, 62.653, -1.74, 3.50, 9.65
Gyr, 62.658, -0.18, -0.20, -0.02
Gyr, 62.663, -0.18, -0.22, -0.04
Acc, 62.674, -1.74, 3.50, 9.65
Gyr, 62.680, -0.15, -0.25, -0.05
Gyr, 62.684, -0.10, -0.27, -0.06
Acc, 62.688, -1.74, 3.50, 9.65
Gyr, 62.692, -0.05, -0.30, -0.07
Gyr, 62.697, -0.04, -0.31, -0.09
Acc, 62.708, -1.35, 3.81, 9.07
Gyr, 62.711, -0.05, -0.31, -0.12
Gyr, 62.716, -0.06, -0.33, -0.13
Acc, 62.728, -1.03, 4.31, 10.30
Gyr, 62.733, -0.03, -0.37, -0.14
Gyr, 62.740, 0.11, -0.40, -0.19
Acc, 62.749, -1.16, 3.31, 10.88
Gyr, 62.763, 0.26, -0.41, -0.32
Gyr, 62.770, -0.00, -0.26, -0.31
Acc, 62.775, 0.63, 5.49, 10.18
Gyr, 62.779, -0.31, -0.11, -0.30
Gyr, 62.782, -0.31, -0.04, -0.30
Acc, 62.794, 0.63, 5.49, 10.18
Gyr, 62.798, -0.20, -0.02, -0.34
Gyr, 62.808, -0.16, 0.04, -0.38
Acc, 62.815, 0.63, 5.49, 10.18
Gyr, 62.819, 0.01, 0.09, -0.34
Gyr, 62.828, 0.31, 0.08, -0.45
Acc, 62.840, 0.63, 5.49, 10.18
Gyr, 62.865, 0.47, 0.10, -0.50
Gyr, 62.875, 0.51, 0.12, -0.50
Acc, 62.885, 0.63, 5.49, 10.18
Gyr, 62.906, 0.52, 0.14, -0.55
Gyr, 62.914, 0.46, 0.15, -0.56
Acc, 62.918, -1.17, 3.23, 12.99
Gyr, 62.927, 0.31, 0.15, -0.57
Gyr, 62.933, 0.13, 0.16, -0.57
Acc, 62.938, -1.12, 5.09, 10.81
Gyr, 62.946, -0.02, 0.16, -0.55
Gyr, 62.955, -0.08, 0.16, -0.55
Acc, 62.963, -1.14, 4.44, 9.52
Gyr, 62.973, -0.04, 0.15, -0.53
Gyr, 62.983, 0.06, 0.12, -0.53
Acc, 62.990, -1.39, 2.09, 9.33
Gyr, 62.997, 0.17, 0.09, -0.53
Gyr, 63.010, 0.25, 0.07, -0.50
Acc, 63.019, -1.41, 1.72, 9.78
Gyr, 63.025, 0.26, 0.05, -0.48
Gyr, 63.032, 0.22, 0.03, -0.44
Acc, 63.041, -1.67, 2.33, 9.44
Gyr, 63.049, 0.14, 0.01, -0.41
Gyr, 63.063, 0.06, 0.00, -0.37
Gyr, 63.069, -0.00, -0.01, -0.34
Acc, 63.074, -1.89, 2.48, 9.24
Gyr, 63.082, -0.03, -0.01, -0.30
Gyr, 63.088, 0.00, -0.02, -0.25
Acc, 63.092, -1.90, 1.99, 9.34
Gyr, 63.103, 0.09, -0.03, -0.22
Acc, 63.116, -1.90, 1.99, 9.34
Gyr, 63.120, 0.16, -0.05, -0.19
Gyr, 63.124, 0.18, -0.06, -0.15
Gyr, 63.132, 0.17, -0.06, -0.11
Acc, 63.141, -1.92, 0.72, 9.95
Gyr, 63.145, 0.14, -0.06, -0.08
Gyr, 63.148, 0.06, -0.06, -0.05
Acc, 63.154, -2.03, 1.44, 10.04
Gyr, 63.157, -0.05, -0.05, 0.00
Gyr, 63.169, -0.12, -0.04, 0.04
Acc, 63.175, -2.37, 2.49, 10.02
Gyr, 63.179, -0.12, -0.03, 0.04
Gyr, 63.186, -0.07, -0.03, 0.05
Acc, 63.193, -2.28, 2.21, 10.04
Gyr, 63.202, -0.01, -0.02, 0.05
Gyr, 63.211, 0.02, -0.00, 0.06
Acc, 63.218, -2.13, 2.14, 10.55
Gyr, 63.227, 0.03, 0.02, 0.06
Gyr, 63.277, 0.03, 0.05, 0.06
Acc, 63.281, -2.13, 2.14, 10.55
Gyr, 63.285, 0.01, 0.08, 0.07
Gyr, 63.288, -0.01, 0.11, 0.08
Acc, 63.291, -1.78, 3.06, 11.43
Gyr, 63.295, -0.07, 0.14, 0.11
Gyr, 63.297, -0.17, 0.18, 0.14
Acc, 63.300, -1.58, 2.64, 11.64
Gyr, 63.303, -0.28, 0.20, 0.17
Gyr, 63.306, -0.37, 0.22, 0.21
Acc, 63.308, -1.61, 2.71, 10.60
Gyr, 63.310, -0.35, 0.24, 0.25
Gyr, 63.313, -0.23, 0.26, 0.26
Acc, 63.315, -1.72, 2.10, 10.54
Gyr, 63.318, -0.10, 0.28, 0.24
Gyr, 63.320, -0.01, 0.31, 0.26
Acc, 63.323, -1.70, 0.98, 11.70
Gyr, 63.326, 0.05, 0.34, 0.29
Gyr, 63.328, 0.09, 0.37, 0.31
Acc, 63.331, -2.07, 1.23, 12.48
Gyr, 63.333, 0.10, 0.39, 0.32
Gyr, 63.340, 0.06, 0.41, 0.34
Acc, 63.367, -2.07, 1.23, 12.48
Gyr, 63.372, -0.01, 0.43, 0.37
Gyr, 63.376, -0.09, 0.45, 0.39
Acc, 63.379, -2.07, 1.23, 12.48
Gyr, 63.383, -0.14, 0.46, 0.41
Gyr, 63.386, -0.14, 0.45, 0.42
Acc, 63.390, -2.07, 1.23, 12.48
Gyr, 63.392, -0.11, 0.44, 0.42
Gyr, 63.396, -0.09, 0.42, 0.43
Acc, 63.398, -2.22, 1.87, 12.26
Gyr, 63.401, -0.05, 0.42, 0.42
Gyr, 63.405, -0.01, 0.40, 0.42
Acc, 63.408, -3.12, 2.48, 10.11
Gyr, 63.410, 0.02, 0.38, 0.41
Gyr, 63.412, 0.05, 0.36, 0.39
Acc, 63.415, -3.23, 3.03, 9.20
Gyr, 63.417, 0.08, 0.35, 0.38
Gyr, 63.420, 0.10, 0.32, 0.37
Acc, 63.431, -3.32, 3.53, 8.66
Gyr, 63.434, 0.08, 0.29, 0.36
Gyr, 63.438, 0.03, 0.26, 0.34
Acc, 63.442, -3.50, 3.84, 7.91
Gyr, 63.447, -0.03, 0.25, 0.33
Gyr, 63.451, -0.08, 0.22, 0.31
Acc, 63.464, -3.36, 4.43, 7.79
Gyr, 63.469, -0.11, 0.19, 0.29
Gyr, 63.474, -0.12, 0.15, 0.27
Gyr, 63.480, -0.13, 0.13, 0.24
Acc, 63.484, -3.37, 4.26, 7.72
Gyr, 63.490, -0.11, 0.11, 0.22
Gyr, 63.501, -0.09, 0.08, 0.20
Acc, 63.506, -3.25, 4.14, 7.95
Gyr, 63.510, -0.05, 0.05, 0.18
Gyr, 63.518, -0.03, 0.04, 0.16
Acc, 63.523, -3.11, 3.70, 8.00
Gyr, 63.529, -0.00, 0.02, 0.15
Gyr, 63.537, 0.01, -0.00, 0.13
Acc, 63.540, -3.07, 3.60, 8.24
Gyr, 63.556, 0.01, -0.02, 0.11
Gyr, 63.563, -0.01, -0.03, 0.10
Acc, 63.569, -3.01, 3.46, 8.61
Gyr, 63.571, -0.05, -0.04, 0.09
Gyr, 63.574, -0.08, -0.04, 0.08
Acc, 63.584, -2.96, 3.92, 8.74
Gyr, 63.588, -0.08, -0.04, 0.08
Gyr, 63.591, -0.07, -0.04, 0.07
Acc, 63.600, -2.94, 3.89, 9.03
Gyr, 63.604, -0.05, -0.05, 0.06
Gyr, 63.613, -0.03, -0.05, 0.06
Acc, 63.622, -3.03, 3.38, 9.37
Gyr, 63.630, 0.01, -0.05, 0.06
Gyr, 63.635, 0.03, -0.06, 0.05
Acc, 63.639, -3.10, 3.18, 9.97
Gyr, 63.647, 0.02, -0.05, 0.05
Gyr, 63.652, -0.01, -0.04, 0.06
Acc, 63.655, -3.10, 3.18, 9.97
Gyr, 63.661, -0.03, -0.03, 0.05
Gyr, 63.668, -0.05, -0.03, 0.05
Acc, 63.676, -3.10, 3.18, 9.97
Gyr, 63.685, -0.08, -0.02, 0.06
Gyr, 63.691, -0.09, -0.01, 0.06
Acc, 63.699, -3.05, 2.89, 10.27
Gyr, 63.708, -0.09, -0.01, 0.07
Gyr, 63.716, -0.06, -0.01, 0.08
Acc, 63.725, -3.02, 3.01, 10.04
Gyr, 63.731, -0.02, -0.03, 0.08
Gyr, 63.742, 0.01, -0.04, 0.08
Acc, 63.751, -3.19, 2.71, 10.05
Gyr, 63.769, 0.03, -0.04, 0.08
Gyr, 63.775, 0.03, -0.04, 0.08
Acc, 63.785, -3.13, 2.92, 9.76
Gyr, 63.794, 0.03, -0.04, 0.07
Gyr, 63.800, 0.02, -0.04, 0.07
Acc, 63.811, -3.19, 3.18, 9.63
Gyr, 63.819, -0.01, -0.04, 0.06
Gyr, 63.824, -0.05, -0.04, 0.07
Acc, 63.828, -3.05, 3.29, 9.63
Gyr, 63.832, -0.07, -0.03, 0.07
Gyr, 63.835, -0.05, -0.04, 0.07
Acc, 63.841, -3.05, 2.81, 9.50
Gyr, 63.847, -0.01, -0.05, 0.07
Gyr, 63.860, 0.02, -0.06, 0.06
Acc, 63.874, -3.05, 2.81, 9.50
Gyr, 63.899, 0.04, -0.06, 0.06
Gyr, 63.905, 0.03, -0.06, 0.06
Acc, 63.908, -3.05, 2.81, 9.50
Gyr, 63.912, 0.01, -0.05, 0.06
Gyr, 63.914, 0.00, -0.04, 0.06
Acc, 63.918, -3.05, 2.81, 9.50
Gyr, 63.922, -0.00, -0.05, 0.06
Gyr, 63.926, -0.02, -0.06, 0.06
Acc, 63.930, -3.05, 2.81, 9.50
Gyr, 63.933, -0.04, -0.07, 0.06
Gyr, 63.938, -0.07, -0.07, 0.07
Acc, 63.941, -2.96, 2.98, 9.83
Gyr, 63.945, -0.07, -0.07, 0.07
Gyr, 63.948, -0.04, -0.07, 0.07
Acc, 63.951, -3.17, 3.46, 9.54
Gyr, 63.958, -0.01, -0.08, 0.06
Gyr, 63.965, 0.01, -0.09, 0.05
Gyr, 63.971, 0.00, -0.09, 0.03
Acc, 63.977, -3.04, 2.92, 9.78
Gyr, 63.980, -0.03, -0.08, 0.03
Gyr, 63.990, -0.05, -0.07, 0.03
Acc, 64.000, -2.80, 3.45, 9.66
Gyr, 64.018, -0.07, -0.08, 0.04
Gyr, 64.024, -0.09, -0.09, 0.04
Acc, 64.028, -2.72, 3.21, 9.61
Gyr, 64.031, -0.11, -0.11, 0.03
Gyr, 64.055, -0.13, -0.12, 0.03
Acc, 64.061, -2.70, 3.20, 9.17
Gyr, 64.065, -0.18, -0.13, 0.04
Gyr, 64.082, -0.21, -0.13, 0.06
Acc, 64.086, -2.62, 3.29, 9.07
Gyr, 64.091, -0.21, -0.14, 0.06
Gyr, 64.096, -0.20, -0.16, 0.05
Acc, 64.099, -2.31, 2.70, 9.28
Gyr, 64.103, -0.18, -0.19, 0.02
Gyr, 64.106, -0.19, -0.21, 0.02
Acc, 64.109, -2.61, 2.85, 9.05
Gyr, 64.112, -0.22, -0.23, 0.03
Gyr, 64.116, -0.26, -0.24, 0.07
Acc, 64.119, -2.53, 3.38, 8.69
Gyr, 64.122, -0.28, -0.28, 0.06
Gyr, 64.140, -0.29, -0.31, 0.05
Acc, 64.148, -2.65, 3.14, 8.57
Gyr, 64.152, -0.30, -0.35, 0.05
Gyr, 64.155, -0.24, -0.39, 0.03
Acc, 64.159, -2.65, 3.14, 8.57
Gyr, 64.162, -0.09, -0.42, -0.01
Gyr, 64.165, 0.12, -0.48, -0.06
Acc, 64.176, -3.17, 3.05, 8.84
Gyr, 64.180, 0.36, -0.55, -0.11
Gyr, 64.183, 0.48, -0.56, -0.19
Acc, 64.186, -4.32, 2.14, 7.75
Gyr, 64.189, 0.35, -0.49, -0.21
Gyr, 64.194, 0.25, -0.47, -0.20
Acc, 64.202, -3.58, 4.84, 8.98
Gyr, 64.205, 0.16, -0.44, -0.24
Gyr, 64.210, 0.09, -0.40, -0.28
Acc, 64.222, -4.78, 5.39, 10.53
Gyr, 64.226, 0.14, -0.38, -0.29
Gyr, 64.247, 0.28, -0.38, -0.35
Acc, 64.252, -5.04, 3.61, 11.47
Gyr, 64.256, 0.38, -0.39, -0.40
Gyr, 64.267, 0.36, -0.36, -0.41
Acc, 64.271, -5.29, 3.68, 11.70
Gyr, 64.274, 0.31, -0.33, -0.40
Gyr, 64.290, 0.25, -0.30, -0.41
Acc, 64.294, -3.90, 4.48, 11.61
Gyr, 64.298, 0.15, -0.27, -0.40
Gyr, 64.302, -0.01, -0.22, -0.37
Acc, 64.329, -3.05, 4.33, 11.79
Gyr, 64.334, -0.18, -0.15, -0.33
Gyr, 64.339, -0.26, -0.09, -0.28
Gyr, 64.341, -0.23, -0.05, -0.25
Acc, 64.347, -1.15, 3.66, 13.11
Gyr, 64.354, -0.12, -0.02, -0.21
Gyr, 64.357, 0.02, -0.01, -0.16
Acc, 64.360, -0.60, 1.10, 13.66
Gyr, 64.365, 0.16, -0.01, -0.13
Gyr, 64.369, 0.27, -0.01, -0.09
Acc, 64.373, -0.47, -0.26, 12.80
Gyr, 64.377, 0.33, -0.01, -0.06
Gyr, 64.380, 0.31, -0.02, -0.02
Acc, 64.389, -0.47, -0.26, 12.80
Gyr, 64.402, 0.23, -0.02, 0.02
Gyr, 64.423, 0.13, -0.02, 0.04
Acc, 64.428, -0.47, -0.26, 12.80
Gyr, 64.431, 0.02, -0.01, 0.05
Gyr, 64.443, -0.05, 0.01, 0.07
Acc, 64.448, -0.47, -0.26, 12.80
Gyr, 64.453, -0.00, 0.02, 0.08
Gyr, 64.461, 0.13, 0.01, 0.08
Acc, 64.464, -0.04, -0.36, 11.15
Gyr, 64.468, 0.23, 0.00, 0.07
Gyr, 64.472, 0.26, 0.01, 0.07
Acc, 64.476, 1.03, 2.92, 9.77
Gyr, 64.478, 0.21, 0.02, 0.09
Gyr, 64.481, 0.14, 0.04, 0.09
Acc, 64.484, 1.41, 1.90, 10.64
Gyr, 64.490, 0.06, 0.08, 0.10
Gyr, 64.497, 0.01, 0.12, 0.11
Acc, 64.506, 1.29, 3.05, 10.68
Gyr, 64.514, 0.00, 0.13, 0.11
Gyr, 64.530, -0.02, 0.13, 0.09
Acc, 64.534, 1.36, 3.00, 11.26
Gyr, 64.547, -0.07, 0.12, 0.08
Gyr, 64.561, -0.12, 0.12, 0.08
Acc, 64.566, -0.12, 3.36, 9.02
Gyr, 64.570, -0.13, 0.13, 0.10
Gyr, 64.584, -0.09, 0.12, 0.11
Acc, 64.591, 0.74, 1.77, 9.49
Gyr, 64.598, -0.03, 0.12, 0.10
Gyr, 64.602, -0.02, 0.13, 0.09
Acc, 64.607, 1.55, 2.04, 9.84
Gyr, 64.615, -0.05, 0.16, 0.09
Gyr, 64.622, -0.15, 0.20, 0.09
Acc, 64.631, 1.67, 2.83, 9.89
Gyr, 64.635, -0.27, 0.25, 0.09
Gyr, 64.639, -0.36, 0.29, 0.09
Acc, 64.658, 1.67, 2.83, 9.89
Gyr, 64.663, -0.39, 0.32, 0.07
Gyr, 64.667, -0.35, 0.35, 0.05
Acc, 64.669, 1.67, 2.83, 9.89
Gyr, 64.672, -0.29, 0.36, 0.03
Gyr, 64.675, -0.26, 0.36, 0.03
Gyr, 64.682, -0.22, 0.38, 0.03
Acc, 64.687, 1.67, 2.83, 9.89
Gyr, 64.691, -0.17, 0.38, 0.04
Gyr, 64.695, -0.13, 0.35, 0.04
Acc, 64.702, 0.99, 3.43, 10.52
Gyr, 64.708, -0.10, 0.34, 0.04
Gyr, 64.714, -0.08, 0.32, 0.03
Acc, 64.721, -0.16, 2.53, 10.51
Gyr, 64.724, -0.05, 0.29, 0.03
Gyr, 64.737, -0.01, 0.26, 0.02
Acc, 64.742, -0.87, 2.46, 9.47
Gyr, 64.746, 0.03, 0.23, 0.01
Gyr, 64.752, 0.05, 0.20, 0.01
Acc, 64.755, -2.16, 2.59, 9.64
Gyr, 64.759, 0.01, 0.17, 0.01
Gyr, 64.769, -0.06, 0.16, 0.02
Acc, 64.773, -2.41, 3.07, 9.82
Gyr, 64.780, -0.11, 0.14, 0.02
Gyr, 64.789, -0.12, 0.11, 0.02
Acc, 64.796, -2.95, 3.42, 9.16
Gyr, 64.802, -0.10, 0.09, 0.03
Gyr, 64.806, -0.04, 0.06, 0.03
Acc, 64.821, -3.31, 2.99, 8.80
Gyr, 64.825, 0.04, 0.04, 0.02
Gyr, 64.842, 0.11, 0.02, 0.00
Acc, 64.848, -3.60, 2.53, 9.10
Gyr, 64.852, 0.17, 0.02, -0.01
Gyr, 64.861, 0.21, 0.01, -0.02
Acc, 64.873, -3.55, 2.45, 9.52
Gyr, 64.876, 0.23, 0.01, -0.05
Gyr, 64.880, 0.22, 0.00, -0.07
Acc, 64.889, -3.70, 2.69, 9.36
Gyr, 64.896, 0.16, 0.01, -0.07
Gyr, 64.901, 0.08, 0.02, -0.08
Acc, 64.905, -3.87, 3.47, 9.23
Gyr, 64.908, 0.04, 0.03, -0.08
Gyr, 64.911, 0.04, 0.03, -0.08
Acc, 64.923, -3.71, 3.34, 9.50
Gyr, 64.934, 0.07, 0.02, -0.09
Gyr, 64.944, 0.10, 0.02, -0.10
Acc, 64.948, -3.81, 2.50, 9.80
Gyr, 64.953, 0.12, 0.02, -0.11
Gyr, 64.958, 0.11, 0.02, -0.11
Acc, 64.968, -3.81, 2.50, 9.80
Gyr, 64.972, 0.06, 0.03, -0.12
Gyr, 64.975, 0.00, 0.04, -0.11
Acc, 64.979, -3.81, 2.50, 9.80
Gyr, 64.984, -0.03, 0.05, -0.10
Gyr, 64.990, -0.02, 0.04, -0.10
Acc, 65.001, -3.81, 2.50, 9.80
Gyr, 65.011, 0.01, 0.03, -0.10
Gyr, 65.015, 0.06, 0.02, -0.09
Acc, 65.023, -3.55, 3.02, 9.41
Gyr, 65.027, 0.09, 0.02, -0.08
Gyr, 65.038, 0.09, 0.02, -0.07
Acc, 65.042, -3.22, 2.42, 9.74
Gyr, 65.045, 0.07, 0.02, -0.07
Gyr, 65.050, 0.04, 0.02, -0.07
Acc, 65.054, -3.09, 2.61, 9.78
Gyr, 65.057, 0.01, 0.01, -0.07
Gyr, 65.064, -0.01, 0.01, -0.06
Acc, 65.075, -3.30, 2.50, 9.70
Gyr, 65.078, -0.02, 0.01, -0.06
Gyr, 65.087, -0.01, 0.01, -0.05
Gyr, 65.098, 0.03, 0.01, -0.03
Acc, 65.101, -3.24, 2.40, 9.86
Gyr, 65.111, 0.09, 0.00, -0.03
Gyr, 65.122, 0.12, -0.00, -0.02
Acc, 65.128, -2.97, 1.94, 10.02
Gyr, 65.137, 0.12, -0.00, -0.02
Gyr, 65.144, 0.10, 0.00, -0.01
Acc, 65.150, -2.97, 1.94, 10.02
Gyr, 65.158, 0.07, -0.00, -0.01
Gyr, 65.167, 0.03, -0.01, -0.01
Acc, 65.175, -2.98, 1.80, 9.84
Gyr, 65.181, -0.00, -0.01, -0.01
Gyr, 65.192, -0.01, -0.00, -0.01
Acc, 65.198, -3.02, 2.77, 9.67
Gyr, 65.209, 0.01, -0.00, -0.02
Gyr, 65.215, 0.04, -0.01, -0.01
Acc, 65.226, -2.82, 2.71, 9.81
Gyr, 65.233, 0.06, -0.01, -0.01
Gyr, 65.247, 0.07, -0.03, -0.01
Acc, 65.251, -2.63, 2.34, 9.63
Gyr, 65.254, 0.07, -0.03, -0.02
Gyr, 65.259, 0.05, -0.04, -0.02
Acc, 65.262, -2.80, 2.32, 9.31
Gyr, 65.265, 0.02, -0.04, -0.02
Gyr, 65.274, -0.01, -0.04, -0.02
Acc, 65.277, -2.73, 2.74, 9.41
Gyr, 65.280, -0.02, -0.04, -0.02
Gyr, 65.283, -0.03, -0.04, -0.02
Acc, 65.286, -2.47, 2.73, 9.37
Gyr, 65.290, -0.03, -0.04, -0.02
Gyr, 65.298, -0.01, -0.05, -0.02
Acc, 65.303, -2.51, 2.39, 9.36
Gyr, 65.308, 0.03, -0.07, -0.02
Gyr, 65.316, 0.07, -0.10, -0.03
Acc, 65.331, -2.62, 2.32, 9.04
Gyr, 65.348, 0.09, -0.12, -0.03
Gyr, 65.356, 0.10, -0.13, -0.03
Acc, 65.359, -2.62, 2.62, 8.95
Gyr, 65.375, 0.09, -0.15, -0.03
Gyr, 65.380, 0.08, -0.16, -0.03
Acc, 65.386, -2.59, 2.97, 8.94
Gyr, 65.390, 0.06, -0.17, -0.04
Gyr, 65.393, 0.03, -0.18, -0.04
Acc, 65.396, -2.59, 2.97, 8.94
Gyr, 65.399, 0.02, -0.20, -0.05
Gyr, 65.404, 0.03, -0.20, -0.05
Acc, 65.410, -2.51, 2.79, 8.92
Gyr, 65.417, 0.05, -0.22, -0.05
Gyr, 65.422, 0.09, -0.25, -0.04
Acc, 65.437, -2.69, 2.24, 8.62
Gyr, 65.441, 0.12, -0.28, -0.04
Gyr, 65.445, 0.13, -0.30, -0.04
Acc, 65.449, -2.69, 2.24, 8.62
Gyr, 65.455, 0.10, -0.34, -0.03
Gyr, 65.458, 0.03, -0.37, -0.02
Acc, 65.473, -2.69, 2.24, 8.62
Gyr, 65.477, -0.05, -0.42, -0.00
Gyr, 65.481, -0.15, -0.46, 0.01
Acc, 65.490, -2.69, 2.24, 8.62
Gyr, 65.494, -0.24, -0.44, 0.05
Gyr, 65.496, -0.34, -0.37, 0.12
Acc, 65.506, -2.69, 2.24, 8.62
Gyr, 65.509, -0.42, -0.31, 0.12
Gyr, 65.525, -0.39, -0.27, 0.23
Acc, 65.529, -3.18, 2.43, 7.64
Gyr, 65.533, -0.31, -0.27, 0.21
Gyr, 65.541, -0.25, -0.22, 0.21
Gyr, 65.544, -0.20, -0.15, 0.26
Acc, 65.547, -3.15, -0.09, 12.30
Gyr, 65.553, -0.15, -0.07, 0.26
Gyr, 65.559, -0.09, -0.02, 0.28
Acc, 65.563, -2.49, -0.46, 13.72
Gyr, 65.572, -0.05, 0.03, 0.31
Gyr, 65.579, -0.04, 0.07, 0.31
Acc, 65.592, -2.28, 1.61, 13.52
Gyr, 65.597, -0.06, 0.09, 0.31
Gyr, 65.612, -0.07, 0.09, 0.31
Acc, 65.616, -2.29, 2.28, 11.56
Gyr, 65.621, -0.08, 0.09, 0.28
Gyr, 65.628, -0.09, 0.09, 0.28
Acc, 65.638, -2.29, 2.28, 11.56
Gyr, 65.643, -0.07, 0.08, 0.28
Gyr, 65.645, -0.04, 0.06, 0.29
Acc, 65.659, -2.29, 2.28, 11.56
Gyr, 65.662, 0.01, 0.04, 0.29
Gyr, 65.666, 0.05, 0.02, 0.28
Acc, 65.680, -2.29, 2.28, 11.56
Gyr, 65.685, 0.04, 0.01, 0.28
Gyr, 65.688, 0.03, 0.00, 0.28
Acc, 65.693, -1.33, 2.43, 9.52
Gyr, 65.701, 0.01, -0.01, 0.28
Gyr, 65.712, 0.00, -0.02, 0.28
Acc, 65.715, -0.74, 2.59, 9.29
Gyr, 65.719, 0.01, -0.02, 0.27
Gyr, 65.738, 0.03, -0.02, 0.26
Acc, 65.743, -0.55, 2.40, 9.59
Gyr, 65.746, 0.07, -0.02, 0.24
Gyr, 65.749, 0.10, -0.01, 0.22
Acc, 65.761, -0.24, 2.49, 10.35
Gyr, 65.765, 0.13, 0.01, 0.20
Gyr, 65.767, 0.16, 0.03, 0.18
Acc, 65.778, -0.15, 2.72, 10.82
Gyr, 65.781, 0.16, 0.04, 0.15
Gyr, 65.784, 0.15, 0.05, 0.13
Acc, 65.787, -0.36, 2.79, 10.71
Gyr, 65.790, 0.13, 0.05, 0.11
Gyr, 65.797, 0.11, 0.05, 0.09
Acc, 65.811, -0.58, 3.30, 10.29
Gyr, 65.815, 0.09, 0.06, 0.07
Gyr, 65.829, 0.09, 0.07, 0.05
Acc, 65.841, -0.42, 3.25, 10.38
Gyr, 65.848, 0.08, 0.08, 0.06
Gyr, 65.852, 0.07, 0.08, 0.04
Acc, 65.864, -0.52, 3.26, 10.81
Gyr, 65.869, 0.04, 0.08, 0.02
Gyr, 65.873, -0.01, 0.09, 0.02
Acc, 65.887, -0.87, 3.30, 10.92
Gyr, 65.891, -0.06, 0.11, 0.01
Gyr, 65.898, -0.07, 0.12, 0.01
Acc, 65.901, -0.78, 3.43, 10.96
Gyr, 65.905, -0.03, 0.11, -0.01
Gyr, 65.916, -0.03, 0.08, -0.02
Acc, 65.921, -1.02, 2.51, 10.17
Gyr, 65.925, -0.09, 0.08, -0.01
Gyr, 65.929, -0.20, 0.11, 0.01
Acc, 65.939, -0.75, 3.20, 9.39
Gyr, 65.944, -0.28, 0.18, 0.07
Gyr, 65.947, -0.22, 0.24, 0.09
Gyr, 65.952, -0.07, 0.26, 0.01
Acc, 65.955, 0.46, 2.80, 10.77
Gyr, 65.963, 0.07, 0.28, -0.03
Acc, 65.973, -0.34, 1.24, 12.20
Gyr, 65.976, 0.15, 0.32, -0.06
Gyr, 65.996, 0.20, 0.36, -0.08
Acc, 66.001, -0.49, 2.10, 12.83
Gyr, 66.004, 0.19, 0.38, -0.11
Gyr, 66.007, 0.17, 0.41, -0.15
Gyr, 66.017, 0.15, 0.42, -0.18
Acc, 66.021, -0.49, 2.10, 12.83
Gyr, 66.031, 0.12, 0.42, -0.21
Gyr, 66.038, 0.09, 0.41, -0.22
Acc, 66.041, -0.49, 2.10, 12.83
Gyr, 66.044, 0.05, 0.40, -0.23
Gyr, 66.057, 0.05, 0.38, -0.25
Acc, 66.066, -0.49, 2.10, 12.83
Gyr, 66.069, 0.10, 0.35, -0.27
Gyr, 66.073, 0.14, 0.32, -0.29
Acc, 66.075, -0.79, 2.87, 11.87
Gyr, 66.081, 0.19, 0.29, -0.30
Gyr, 66.088, 0.27, 0.25, -0.31
Acc, 66.091, -1.46, 3.50, 9.54
Gyr, 66.099, 0.33, 0.20, -0.32
Gyr, 66.105, 0.37, 0.16, -0.34
Acc, 66.110, -2.39, 2.70, 8.83
Gyr, 66.127, 0.36, 0.12, -0.35
Gyr, 66.132, 0.33, 0.09, -0.36
Acc, 66.137, -2.39, 2.70, 8.83
Gyr, 66.140, 0.29, 0.06, -0.37
Gyr, 66.146, 0.22, 0.03, -0.37
Acc, 66.155, -3.28, 2.86, 7.82
Gyr, 66.160, 0.17, 0.01, -0.37
Gyr, 66.168, 0.15, -0.01, -0.36
Acc, 66.176, -3.51, 2.95, 8.04
Gyr, 66.184, 0.15, -0.03, -0.36
Gyr, 66.192, 0.18, -0.06, -0.35
Acc, 66.196, -3.58, 2.12, 8.11
Gyr, 66.200, 0.21, -0.09, -0.33
Gyr, 66.216, 0.24, -0.11, -0.31
Acc, 66.221, -3.94, 1.34, 8.16
Gyr, 66.225, 0.22, -0.12, -0.29
Gyr, 66.238, 0.19, -0.12, -0.27
Acc, 66.242, -3.75, 1.04, 8.71
Gyr, 66.245, 0.17, -0.11, -0.25
Gyr, 66.259, 0.14, -0.12, -0.22
Acc, 66.263, -3.64, 0.92, 8.86
Gyr, 66.266, 0.10, -0.11, -0.20
Gyr, 66.270, 0.07, -0.10, -0.18
Acc, 66.278, -3.64, 1.24, 8.97
Gyr, 66.285, 0.05, -0.10, -0.16
Gyr, 66.294, 0.04, -0.10, -0.14
Acc, 66.297, -3.56, 1.19, 9.13
Gyr, 66.300, 0.02, -0.09, -0.12
Gyr, 66.307, 0.01, -0.09, -0.10
Acc, 66.314, -3.59, 1.14, 9.28
Gyr, 66.329, -0.00, -0.08, -0.09
Gyr, 66.333, -0.01, -0.08, -0.07
Acc, 66.342, -3.66, 1.49, 9.14
Gyr, 66.347, -0.02, -0.08, -0.06
Gyr, 66.359, -0.04, -0.08, -0.06
Acc, 66.364, -3.58, 1.97, 9.16
Gyr, 66.367, -0.06, -0.07, -0.05
Gyr, 66.376, -0.08, -0.06, -0.05
Acc, 66.381, -3.41, 2.20, 9.31
Gyr, 66.385, -0.06, -0.06, -0.04
Gyr, 66.395, -0.03, -0.06, -0.04
Acc, 66.399, -3.43, 1.94, 9.57
Gyr, 66.403, -0.01, -0.06, -0.04
Gyr, 66.407, 0.00, -0.06, -0.04
Acc, 66.424, -3.21, 2.12, 9.60
Gyr, 66.429, 0.00, -0.06, -0.05
Gyr, 66.433, -0.00, -0.06, -0.05
Acc, 66.440, -3.11, 2.50, 9.55
Gyr, 66.445, -0.02, -0.05, -0.06
Gyr, 66.448, -0.03, -0.04, -0.05
Gyr, 66.453, -0.02, -0.04, -0.05
Acc, 66.465, -2.99, 2.62, 9.69
Gyr, 66.473, -0.01, -0.04, -0.05
Gyr, 66.484, -0.01, -0.03, -0.05
Acc, 66.487, -2.93, 2.33, 9.77
Gyr, 66.490, -0.01, -0.03, -0.05
Gyr, 66.503, 0.00, -0.03, -0.04
Acc, 66.508, -2.93, 2.33, 9.77
Gyr, 66.511, 0.01, -0.03, -0.03
Gyr, 66.531, 0.02, -0.03, -0.03
Acc, 66.535, -2.93, 2.33, 9.77
Gyr, 66.538, 0.01, -0.04, -0.03
Gyr, 66.541, -0.00, -0.04, -0.02
Acc, 66.547, -2.93, 2.33, 9.77
Gyr, 66.551, -0.03, -0.03, -0.01
Gyr, 66.554, -0.05, -0.03, -0.01
Acc, 66.557, -2.93, 2.12, 9.92
Gyr, 66.563, -0.05, -0.03, -0.00
Gyr, 66.568, -0.02, -0.03, -0.01
Acc, 66.580, -2.71, 2.52, 9.62
Gyr, 66.585, 0.02, -0.04, -0.01
Gyr, 66.588, 0.05, -0.04, -0.01
Acc, 66.602, -2.64, 2.00, 9.75
Gyr, 66.606, 0.05, -0.04, -0.01
Gyr, 66.613, 0.04, -0.05, -0.01
Acc, 66.620, -2.64, 2.00, 9.75
Gyr, 66.626, 0.01, -0.05, -0.01
Gyr, 66.633, -0.04, -0.06, -0.01
Acc, 66.638, -2.64, 2.00, 9.75
Gyr, 66.647, -0.09, -0.06, -0.01
Gyr, 66.654, -0.10, -0.06, -0.01
Acc, 66.659, -2.64, 2.00, 9.75
Gyr, 66.672, -0.09, -0.07, -0.01
Gyr, 66.677, -0.04, -0.08, -0.02
Acc, 66.687, -2.44, 2.80, 9.26
Gyr, 66.696, -0.00, -0.09, -0.02
Gyr, 66.703, 0.01, -0.10, -0.02
Acc, 66.708, -2.30, 1.92, 9.36
Gyr, 66.716, 0.00, -0.10, -0.03
Gyr, 66.733, -0.03, -0.11, -0.03
Acc, 66.737, -2.07, 2.30, 9.23
Gyr, 66.741, -0.06, -0.11, -0.02
Gyr, 66.745, -0.04, -0.12, -0.03
Acc, 66.765, -2.22, 2.49, 8.94
Gyr, 66.771, 0.03, -0.15, -0.04
Gyr, 66.774, 0.11, -0.18, -0.05
Acc, 66.777, -2.30, 1.87, 8.75
Gyr, 66.780, 0.15, -0.20, -0.06
Gyr, 66.795, 0.15, -0.22, -0.07
Acc, 66.799, -2.36, 2.30, 8.63
Gyr, 66.807, 0.10, -0.23, -0.09
Gyr, 66.810, 0.03, -0.25, -0.09
Acc, 66.814, -2.13, 2.90, 8.78
Gyr, 66.818, -0.03, -0.26, -0.10
Gyr, 66.821, -0.08, -0.28, -0.11
Acc, 66.824, -2.09, 2.89, 8.35
Gyr, 66.828, -0.10, -0.31, -0.13
Gyr, 66.831, -0.13, -0.34, -0.14
Acc, 66.840, -2.11, 2.79, 8.06
Gyr, 66.847, -0.16, -0.36, -0.14
Gyr, 66.852, -0.13, -0.36, -0.12
Acc, 66.861, -2.02, 2.87, 8.35
Gyr, 66.869, -0.06, -0.39, -0.12
Gyr, 66.880, -0.01, -0.41, -0.13
Gyr, 66.885, -0.09, -0.42, -0.11
Acc, 66.889, -1.17, 1.18, 9.65
Gyr, 66.903, -0.25, -0.40, -0.06
Gyr, 66.907, -0.33, -0.30, 0.00
Acc, 66.909, -0.71, 1.56, 10.57
Gyr, 66.913, -0.37, -0.15, 0.11
Gyr, 66.917, -0.38, 0.00, 0.08
Acc, 66.928, 0.47, 0.87, 11.44
Gyr, 66.933, -0.29, 0.10, 0.16
Gyr, 66.948, -0.08, 0.16, 0.16
Acc, 66.952, 2.81, -0.89, 14.54
Gyr, 66.956, 0.04, 0.21, 0.13
Gyr, 66.963, -0.02, 0.27, 0.17
Acc, 66.966, 0.85, -2.26, 14.88
Gyr, 66.972, -0.21, 0.37, 0.21
Gyr, 66.980, -0.37, 0.45, 0.25
Acc, 66.983, -0.54, -0.02, 14.51
Gyr, 66.990, -0.44, 0.47, 0.28
Gyr, 66.999, -0.44, 0.45, 0.31
Acc, 67.003, 0.34, 0.52, 13.59
Gyr, 67.019, -0.35, 0.41, 0.36
Gyr, 67.024, -0.21, 0.35, 0.39
Acc, 67.027, -1.47, 0.11, 10.65
Gyr, 67.033, -0.11, 0.29, 0.39
Gyr, 67.045, -0.02, 0.25, 0.40
Acc, 67.049, -1.47, 0.11, 10.65
Gyr, 67.052, 0.06, 0.21, 0.41
Gyr, 67.064, 0.13, 0.18, 0.37
Acc, 67.068, -1.47, 0.11, 10.65
Gyr, 67.072, 0.19, 0.16, 0.34
Gyr, 67.086, 0.24, 0.13, 0.31
Acc, 67.090, -1.47, 0.11, 10.65
Gyr, 67.095, 0.31, 0.11, 0.27
Gyr, 67.100, 0.36, 0.09, 0.23
Acc, 67.114, -2.40, 0.03, 8.80
Gyr, 67.118, 0.40, 0.07, 0.19
Gyr, 67.120, 0.43, 0.06, 0.17
Acc, 67.128, -2.85, 2.84, 8.59
Gyr, 67.132, 0.47, 0.03, 0.14
Gyr, 67.135, 0.48, -0.01, 0.08
Acc, 67.143, -3.39, 4.27, 8.47
Gyr, 67.150, 0.42, -0.03, 0.03
Gyr, 67.156, 0.28, -0.03, 0.00
Acc, 67.171, -3.91, 4.55, 8.17
Gyr, 67.175, 0.15, -0.03, -0.02
Gyr, 67.181, 0.05, -0.02, -0.05
Acc, 67.189, -3.91, 4.55, 8.17
Gyr, 67.196, -0.01, -0.02, -0.07
Gyr, 67.202, -0.05, -0.01, -0.08
Acc, 67.206, -3.34, 4.04, 10.46
Gyr, 67.210, -0.08, 0.01, -0.09
Gyr, 67.216, -0.09, 0.03, -0.09
Acc, 67.228, -3.13, 3.26, 11.14
Gyr, 67.233, -0.08, 0.05, -0.10
Gyr, 67.236, -0.05, 0.07, -0.10
Acc, 67.248, -3.13, 3.26, 11.14
Gyr, 67.254, -0.05, 0.10, -0.10
Gyr, 67.257, -0.06, 0.12, -0.08
Acc, 67.270, -2.81, 2.59, 10.95
Gyr, 67.274, -0.07, 0.12, -0.07
Gyr, 67.278, -0.07, 0.11, -0.06
Gyr, 67.289, -0.07, 0.09, -0.06
Acc, 67.295, -2.84, 2.24, 8.85
Gyr, 67.310, -0.07, 0.07, -0.03
Gyr, 67.319, -0.10, 0.11, 0.00
Acc, 67.325, -2.66, 2.34, 8.49
Gyr, 67.329, -0.09, 0.14, 0.01
Gyr, 67.332, -0.06, 0.15, -0.04
Acc, 67.338, -2.21, 2.44, 10.81
Gyr, 67.341, -0.05, 0.17, -0.09
Gyr, 67.345, -0.07, 0.21, -0.11
Acc, 67.347, -3.28, 3.10, 11.70
Gyr, 67.352, -0.07, 0.26, -0.12
Gyr, 67.361, -0.04, 0.30, -0.13
Acc, 67.372, -2.82, 2.97, 11.52
Gyr, 67.377, 0.02, 0.31, -0.15
Gyr, 67.387, 0.10, 0.31, -0.17
Acc, 67.396, -3.38, 2.06, 10.79
Gyr, 67.401, 0.14, 0.30, -0.19
Gyr, 67.418, 0.16, 0.29, -0.20
Acc, 67.423, -3.76, 2.12, 9.98
Gyr, 67.426, 0.13, 0.28, -0.20
Gyr, 67.434, 0.08, 0.28, -0.21
Acc, 67.439, -3.93, 2.92, 9.74
Gyr, 67.442, 0.01, 0.28, -0.22
Gyr, 67.445, -0.07, 0.26, -0.23
Acc, 67.457, -3.94, 3.46, 9.33
Gyr, 67.461, -0.14, 0.24, -0.25
Gyr, 67.469, -0.17, 0.22, -0.25
Acc, 67.479, -4.31, 3.51, 8.44
Gyr, 67.489, -0.16, 0.20, -0.25
Gyr, 67.497, -0.07, 0.18, -0.24
Acc, 67.501, -4.07, 2.68, 8.12
Gyr, 67.505, 0.05, 0.15, -0.21
Gyr, 67.525, 0.17, 0.10, -0.21
Acc, 67.529, -3.36, 0.64, 8.66
Gyr, 67.532, 0.23, 0.07, -0.20
Gyr, 67.535, 0.23, 0.06, -0.18
Acc, 67.538, -3.11, 0.60, 8.79
Gyr, 67.541, 0.19, 0.06, -0.16
Gyr, 67.543, 0.12, 0.04, -0.14
Acc, 67.555, -2.82, 1.37, 8.73
Gyr, 67.558, 0.03, 0.03, -0.12
Gyr, 67.563, -0.06, 0.04, -0.09
Acc, 67.577, -2.82, 1.37, 8.73
Gyr, 67.581, -0.12, 0.04, -0.07
Gyr, 67.585, -0.11, 0.03, -0.05
Acc, 67.594, -2.82, 1.37, 8.73
Gyr, 67.607, -0.06, 0.02, -0.04
Gyr, 67.622, -0.00, 0.01, -0.02
Acc, 67.629, -2.82, 1.37, 8.73
Gyr, 67.634, 0.02, 0.00, -0.01
Gyr, 67.637, 0.02, 0.00, -0.01
Gyr, 67.642, 0.00, 0.00, 0.00
Acc, 67.646, -2.82, 1.37, 8.73
Gyr, 67.649, -0.03, -0.00, 0.01
Gyr, 67.654, -0.07, -0.01, 0.02
Acc, 67.659, -2.82, 1.37, 8.73
Gyr, 67.662, -0.11, -0.01, 0.01
Gyr, 67.668, -0.12, 0.00, 0.02
Acc, 67.671, -2.63, 1.62, 8.89
Gyr, 67.681, -0.11, -0.00, 0.03
Gyr, 67.687, -0.09, -0.01, 0.02
Acc, 67.703, -2.55, 0.52, 9.33
Gyr, 67.707, -0.06, -0.02, 0.02
Gyr, 67.715, -0.03, -0.02, 0.03
Acc, 67.719, -2.90, 1.80, 9.17
Gyr, 67.724, 0.01, -0.02, 0.02
Gyr, 67.728, 0.02, -0.02, 0.02
Acc, 67.731, -2.94, 1.37, 9.62
Gyr, 67.742, 0.02, -0.02, 0.02
Gyr, 67.747, 0.01, -0.03, 0.03
Acc, 67.753, -3.06, 1.43, 9.43
Gyr, 67.762, -0.01, -0.03, 0.03
Gyr, 67.768, -0.06, -0.04, 0.03
Acc, 67.771, -3.02, 1.74, 9.32
Gyr, 67.777, -0.11, -0.04, 0.04
Gyr, 67.786, -0.13, -0.04, 0.05
Acc, 67.794, -3.02, 2.01, 9.29
Gyr, 67.806, -0.11, -0.05, 0.06
Gyr, 67.820, -0.07, -0.06, 0.06
Acc, 67.825, -2.99, 1.84, 9.50
Gyr, 67.829, -0.04, -0.06, 0.06
Gyr, 67.845, -0.01, -0.07, 0.07
Acc, 67.850, -3.05, 1.27, 9.70
Gyr, 67.854, 0.00, -0.08, 0.07
Gyr, 67.858, 0.01, -0.08, 0.07
Acc, 67.861, -3.12, 1.47, 9.56
Gyr, 67.863, 0.02, -0.09, 0.07
Gyr, 67.866, -0.00, -0.09, 0.07
Acc, 67.871, -3.11, 1.78, 9.43
Gyr, 67.879, -0.04, -0.08, 0.07
Gyr, 67.886, -0.06, -0.07, 0.06
Acc, 67.889, -3.24, 2.30, 9.35
Gyr, 67.906, -0.05, -0.07, 0.05
Gyr, 67.909, -0.04, -0.07, 0.05
Acc, 67.924, -3.05, 2.46, 9.72
Gyr, 67.928, -0.03, -0.07, 0.04
Gyr, 67.941, -0.02, -0.07, 0.03
Acc, 67.946, -3.21, 2.03, 9.80
Gyr, 67.949, -0.02, -0.06, 0.02
Gyr, 67.951, -0.02, -0.06, 0.01
Acc, 67.954, -3.12, 2.17, 9.74
Gyr, 67.958, -0.03, -0.06, 0.01
Gyr, 67.966, -0.03, -0.05, 0.00
Acc, 67.972, -3.09, 2.35, 9.68
Gyr, 67.978, -0.03, -0.05, 0.00
Gyr, 67.991, -0.04, -0.05, 0.00
Acc, 67.996, -3.09, 2.33, 9.76
Gyr, 68.011, -0.05, -0.04, 0.00
Gyr, 68.017, -0.04, -0.05, 0.00
Acc, 68.023, -3.07, 2.20, 9.69
Gyr, 68.026, -0.04, -0.05, 0.00
Gyr, 68.030, -0.05, -0.06, 0.01
Acc, 68.038, -3.24, 1.82, 9.41
Gyr, 68.046, -0.05, -0.06, 0.01
Gyr, 68.049, -0.04, -0.06, 0.01
Acc, 68.059, -3.24, 1.82, 9.41
Gyr, 68.065, -0.03, -0.06, 0.02
Gyr, 68.075, -0.02, -0.07, 0.01
Acc, 68.081, -3.09, 1.53, 9.44
Gyr, 68.085, -0.01, -0.07, 0.01
Gyr, 68.099, -0.02, -0.07, 0.01
Acc, 68.105, -3.09, 1.53, 9.44
Gyr, 68.109, -0.04, -0.07, 0.01
Gyr, 68.113, -0.07, -0.08, 0.02
Acc, 68.118, -3.09, 1.53, 9.44
Gyr, 68.124, -0.09, -0.09, 0.02
Gyr, 68.127, -0.10, -0.10, 0.03
Acc, 68.141, -3.09, 1.53, 9.44
Gyr, 68.148, -0.10, -0.11, 0.04
Gyr, 68.151, -0.10, -0.12, 0.06
Acc, 68.162, -3.09, 1.53, 9.44
Gyr, 68.166, -0.12, -0.13, 0.06
Gyr, 68.170, -0.12, -0.14, 0.06
Acc, 68.184, -3.03, 1.65, 9.29
Gyr, 68.189, -0.11, -0.14, 0.06
Gyr, 68.192, -0.10, -0.15, 0.05
Acc, 68.202, -3.09, 1.52, 9.39
Gyr, 68.205, -0.10, -0.15, 0.05
Gyr, 68.211, -0.10, -0.16, 0.05
Acc, 68.218, -2.62, 1.63, 9.43
Gyr, 68.223, -0.10, -0.16, 0.05
Gyr, 68.229, -0.08, -0.18, 0.03
Acc, 68.235, -2.48, 1.88, 9.37
Gyr, 68.240, -0.07, -0.19, 0.01
Gyr, 68.245, -0.10, -0.20, -0.00
Gyr, 68.252, -0.17, -0.21, -0.01
Acc, 68.260, -2.41, 2.06, 9.42
Gyr, 68.267, -0.22, -0.20, -0.02
Gyr, 68.284, -0.24, -0.22, -0.05
Acc, 68.289, -2.02, 2.97, 9.68
Gyr, 68.294, -0.27, -0.26, -0.09
Gyr, 68.303, -0.33, -0.32, -0.10
Acc, 68.307, -2.02, 2.97, 9.68
Gyr, 68.310, -0.42, -0.37, -0.11
Gyr, 68.313, -0.29, -0.34, -0.15
Acc, 68.316, -1.90, 2.53, 9.11
Gyr, 68.326, -0.03, -0.35, -0.33
Gyr, 68.332, -0.32, -0.19, -0.40
Acc, 68.336, -1.42, 2.11, 10.07
Gyr, 68.346, -0.70, -0.01, -0.25
Gyr, 68.352, -0.46, 0.04, -0.31
Acc, 68.366, -1.23, 5.88, 12.41
Gyr, 68.372, 0.00, 0.05, -0.47
Gyr, 68.376, 0.29, 0.05, -0.56
Acc, 68.388, -1.80, 0.22, 12.43
Gyr, 68.393, 0.44, 0.09, -0.58
Gyr, 68.406, 0.59, 0.12, -0.62
Acc, 68.410, -2.84, 1.62, 12.22
Gyr, 68.412, 0.61, 0.13, -0.69
Gyr, 68.420, 0.53, 0.15, -0.70
Acc, 68.434, -2.87, 3.33, 11.18
Gyr, 68.438, 0.46, 0.15, -0.69
Gyr, 68.441, 0.42, 0.13, -0.68
Acc, 68.449, -2.99, 3.28, 10.10
Gyr, 68.454, 0.39, 0.10, -0.65
Gyr, 68.457, 0.33, 0.06, -0.62
Acc, 68.468, -2.83, 1.56, 9.60
Gyr, 68.473, 0.25, 0.03, -0.58
Gyr, 68.477, 0.15, 0.01, -0.52
Acc, 68.494, -2.66, 0.97, 9.32
Gyr, 68.499, 0.05, -0.01, -0.46
Gyr, 68.505, -0.08, -0.01, -0.40
Acc, 68.508, -2.59, 0.64, 9.78
Gyr, 68.511, -0.18, -0.01, -0.33
Gyr, 68.514, -0.23, -0.01, -0.27
Acc, 68.524, -2.50, 0.29, 10.01
Gyr, 68.527, -0.23, -0.02, -0.21
Gyr, 68.537, -0.17, -0.03, -0.14
Acc, 68.544, -2.78, -0.96, 9.82
Gyr, 68.548, -0.04, -0.05, -0.08
Gyr, 68.556, 0.08, -0.07, -0.04
Acc, 68.570, -2.88, -2.76, 9.77
Gyr, 68.575, 0.17, -0.07, 0.02
Gyr, 68.589, 0.23, -0.07, 0.05
Acc, 68.593, -2.94, -2.70, 9.76
Gyr, 68.597, 0.25, -0.06, 0.08
Gyr, 68.606, 0.25, -0.05, 0.09
Acc, 68.610, -2.94, -2.70, 9.76
Gyr, 68.612, 0.23, -0.03, 0.10
Gyr, 68.616, 0.19, -0.02, 0.10
Gyr, 68.623, 0.14, -0.00, 0.11
Acc, 68.628, -2.94, -2.70, 9.76
Gyr, 68.638, 0.08, 0.01, 0.10
Gyr, 68.645, 0.00, 0.03, 0.10
Acc, 68.648, -2.94, -2.70, 9.76
Gyr, 68.657, -0.05, 0.04, 0.09
Gyr, 68.665, -0.06, 0.07, 0.11
Acc, 68.669, -2.94, -2.70, 9.76
Gyr, 68.682, -0.04, 0.11, 0.13
Gyr, 68.687, 0.01, 0.16, 0.18
Acc, 68.690, -2.94, -2.70, 9.76
Gyr, 68.706, 0.10, 0.20, 0.16
Gyr, 68.712, 0.12, 0.22, 0.12
Acc, 68.716, -2.94, -2.70, 9.76
Gyr, 68.720, 0.06, 0.26, 0.14
Gyr, 68.729, -0.02, 0.31, 0.16
Acc, 68.737, -2.74, -1.31, 9.72
Gyr, 68.746, -0.08, 0.35, 0.17
Gyr, 68.756, -0.12, 0.37, 0.18
Acc, 68.763, -2.27, 1.58, 9.46
Gyr, 68.767, -0.16, 0.40, 0.19
Gyr, 68.775, -0.19, 0.41, 0.21
Acc, 68.778, -2.10, 0.38, 11.33
Gyr, 68.781, -0.19, 0.42, 0.23
Gyr, 68.784, -0.18, 0.41, 0.26
Acc, 68.788, -2.64, 0.97, 11.87
Gyr, 68.799, -0.15, 0.39, 0.28
Gyr, 68.811, -0.12, 0.37, 0.29
Acc, 68.815, -3.42, 0.34, 10.55
Gyr, 68.818, -0.08, 0.36, 0.30
Gyr, 68.825, -0.03, 0.34, 0.31
Acc, 68.829, -3.67, 0.26, 9.96
Gyr, 68.832, -0.02, 0.32, 0.30
Gyr, 68.840, -0.01, 0.30, 0.29
Acc, 68.851, -3.81, 1.59, 9.12
Gyr, 68.855, -0.01, 0.29, 0.28
Gyr, 68.864, 0.01, 0.28, 0.28
Acc, 68.871, -3.58, 1.58, 8.59
Gyr, 68.886, 0.03, 0.25, 0.27
Gyr, 68.890, 0.04, 0.23, 0.27
Acc, 68.899, -3.54, 1.32, 8.15
Gyr, 68.902, 0.06, 0.21, 0.27
Gyr, 68.906, 0.09, 0.17, 0.27
Acc, 68.917, -3.65, 1.27, 7.81
Gyr, 68.922, 0.08, 0.12, 0.27
Gyr, 68.926, 0.04, 0.09, 0.26
Acc, 68.938, -3.71, 1.85, 7.75
Gyr, 68.944, -0.02, 0.07, 0.26
Gyr, 68.948, -0.06, 0.07, 0.25
Acc, 68.953, -3.47, 2.00, 7.91
Gyr, 68.957, -0.08, 0.05, 0.24
Gyr, 68.963, -0.09, 0.05, 0.23
Acc, 68.970, -3.55, 1.63, 8.41
Gyr, 68.978, -0.09, 0.04, 0.22
Gyr, 68.988, -0.08, 0.03, 0.20
Acc, 68.996, -3.63, 1.49, 8.58
Gyr, 69.014, -0.07, 0.02, 0.18
Gyr, 69.022, -0.08, 0.01, 0.17
Acc, 69.026, -3.95, 1.77, 8.77
Gyr, 69.035, -0.08, 0.00, 0.16
Gyr, 69.042, -0.07, 0.01, 0.15
Acc, 69.064, -3.84, 1.88, 8.79
Gyr, 69.069, -0.07, 0.01, 0.14
Gyr, 69.073, -0.05, 0.02, 0.12
Acc, 69.076, -3.74, 1.87, 9.38
Gyr, 69.079, -0.03, 0.02, 0.10
Gyr, 69.081, -0.02, 0.02, 0.09
Acc, 69.084, -3.79, 1.74, 9.61
Gyr, 69.086, -0.01, 0.02, 0.07
Gyr, 69.089, -0.01, 0.03, 0.06
Acc, 69.092, -3.79, 1.74, 9.61
Gyr, 69.096, -0.01, 0.02, 0.05
Gyr, 69.098, -0.03, 0.02, 0.04
Acc, 69.105, -3.77, 1.74, 9.72
Gyr, 69.112, -0.04, 0.03, 0.04
Gyr, 69.117, -0.05, 0.04, 0.04
Gyr, 69.132, -0.06, 0.04, 0.04
Acc, 69.139, -3.69, 1.70, 9.63
Gyr, 69.142, -0.06, 0.04, 0.03
Gyr, 69.146, -0.05, 0.03, 0.03
Acc, 69.149, -3.81, 1.57, 9.75
Gyr, 69.156, -0.03, 0.02, 0.03
Gyr, 69.170, -0.00, 0.01, 0.04
Acc, 69.176, -3.92, 1.23, 9.54
Gyr, 69.185, 0.03, 0.00, 0.04
Gyr, 69.196, 0.03, -0.01, 0.03
Acc, 69.201, -3.92, 1.23, 9.54
Gyr, 69.205, 0.01, -0.02, 0.04
Gyr, 69.213, -0.02, -0.02, 0.04
Acc, 69.220, -3.92, 1.23, 9.54
Gyr, 69.230, -0.03, -0.02, 0.04
Gyr, 69.237, -0.05, -0.02, 0.05
Acc, 69.245, -3.92, 1.23, 9.54
Gyr, 69.249, -0.04, -0.02, 0.04
Gyr, 69.252, -0.00, -0.01, 0.03
Acc, 69.258, -3.92, 1.23, 9.54
Gyr, 69.263, 0.04, -0.02, 0.03
Gyr, 69.267, 0.08, -0.03, 0.02
Acc, 69.270, -3.82, 1.62, 9.64
Gyr, 69.274, 0.10, -0.03, 0.01
Gyr, 69.294, 0.09, -0.03, 0.01
Acc, 69.299, -3.98, 1.15, 9.39
Gyr, 69.307, 0.06, -0.02, 0.00
Gyr, 69.312, 0.02, -0.02, 0.00
Acc, 69.321, -3.82, 1.78, 9.45
Gyr, 69.327, -0.01, -0.01, -0.00
Gyr, 69.331, -0.04, -0.01, -0.00
Acc, 69.339, -3.96, 1.88, 9.47
Gyr, 69.350, -0.05, -0.02, -0.00
Gyr, 69.354, -0.05, -0.02, -0.01
Acc, 69.371, -3.99, 1.63, 9.36
Gyr, 69.377, -0.03, -0.03, -0.00
Gyr, 69.381, 0.01, -0.04, -0.01
Acc, 69.395, -4.18, 1.37, 9.40
Gyr, 69.398, 0.04, -0.05, -0.01
Gyr, 69.401, 0.05, -0.05, -0.01
Acc, 69.404, -4.11, 1.22, 9.42
Gyr, 69.406, 0.05, -0.05, -0.01
Gyr, 69.413, 0.04, -0.05, -0.02
Acc, 69.426, -3.99, 1.35, 9.52
Gyr, 69.440, 0.01, -0.06, -0.02
Gyr, 69.444, -0.01, -0.06, -0.02
Acc, 69.446, -3.81, 1.63, 9.50
Gyr, 69.449, -0.05, -0.06, -0.02
Gyr, 69.461, -0.06, -0.06, -0.02
Acc, 69.464, -3.79, 1.55, 9.09
Gyr, 69.467, -0.05, -0.06, -0.01
Gyr, 69.470, -0.01, -0.06, -0.01
Acc, 69.487, -3.74, 1.09, 9.26
Gyr, 69.492, 0.03, -0.07, -0.01
Gyr, 69.496, 0.06, -0.07, -0.01
Acc, 69.503, -3.56, 0.43, 9.40
Gyr, 69.506, 0.06, -0.08, -0.00
Gyr, 69.509, 0.05, -0.08, 0.00
Acc, 69.513, -3.44, 0.71, 9.42
Gyr, 69.518, -0.00, -0.07, 0.00
Gyr, 69.525, -0.06, -0.07, 0.01
Acc, 69.532, -3.39, 1.19, 9.04
Gyr, 69.535, -0.10, -0.07, 0.02
Gyr, 69.540, -0.12, -0.09, 0.03
Acc, 69.552, -3.38, 1.14, 8.98
Gyr, 69.556, -0.11, -0.10, 0.02
Gyr, 69.563, -0.08, -0.12, 0.02
Acc, 69.573, -3.42, 0.80, 8.80
Gyr, 69.576, -0.07, -0.13, 0.02
Gyr, 69.586, -0.06, -0.14, 0.02
Gyr, 69.600, -0.06, -0.16, 0.02
Acc, 69.607, -3.42, 0.80, 8.80
Gyr, 69.610, -0.05, -0.18, 0.02
Gyr, 69.623, -0.05, -0.21, 0.02
Acc, 69.629, -3.42, 0.80, 8.80
Gyr, 69.634, -0.07, -0.22, 0.02
Gyr, 69.640, -0.10, -0.24, 0.03
Acc, 69.649, -3.46, 0.84, 8.50
Gyr, 69.658, -0.12, -0.26, 0.04
Gyr, 69.668, -0.12, -0.28, 0.04
Acc, 69.680, -3.22, 1.11, 8.74
Gyr, 69.688, -0.12, -0.30, 0.04
Gyr, 69.692, -0.12, -0.32, 0.04
Acc, 69.696, -3.17, 0.89, 8.55
Gyr, 69.700, -0.12, -0.35, 0.04
Gyr, 69.703, -0.12, -0.38, 0.03
Acc, 69.706, -3.13, 1.06, 8.52
Gyr, 69.709, -0.13, -0.40, 0.02
Gyr, 69.713, -0.13, -0.43, 0.00
Acc, 69.718, -3.07, 1.25, 8.41
Gyr, 69.724, -0.11, -0.45, -0.01
Gyr, 69.732, -0.08, -0.46, -0.02
Acc, 69.736, -2.83, 1.53, 8.18
Gyr, 69.739, -0.01, -0.47, -0.02
Gyr, 69.750, 0.07, -0.50, -0.01
Acc, 69.765, -2.83, 1.53, 8.18
Gyr, 69.773, 0.12, -0.53, 0.00
Gyr, 69.776, 0.10, -0.54, 0.05
Acc, 69.780, -2.83, 1.53, 8.18
Gyr, 69.786, 0.03, -0.55, 0.12
Gyr, 69.804, -0.08, -0.53, 0.20
Acc, 69.810, -2.83, 1.53, 8.18
Gyr, 69.814, -0.15, -0.36, 0.36
Gyr, 69.820, 0.02, -0.15, 0.44
Acc, 69.824, -0.64, -0.65, 9.58
Gyr, 69.828, 0.26, -0.03, 0.27
Gyr, 69.831, 0.40, 0.02, 0.43
Acc, 69.835, 4.19, -4.92, 14.11
Gyr, 69.841, 0.49, 0.08, 0.33
Gyr, 69.853, 0.17, 0.22, 0.30
Acc, 69.859, -1.74, -0.21, 18.51
Gyr, 69.862, -0.23, 0.40, 0.44
Gyr, 69.874, -0.41, 0.48, 0.42
Acc, 69.890, -0.74, 2.39, 15.04
Gyr, 69.903, -0.51, 0.49, 0.39
Gyr, 69.910, -0.61, 0.49, 0.40
Acc, 69.915, -2.47, 1.11, 12.32
Gyr, 69.919, -0.62, 0.49, 0.45
Gyr, 69.923, -0.52, 0.47, 0.50
Acc, 69.926, -2.68, -0.52, 9.97
Gyr, 69.931, -0.32, 0.41, 0.51
Gyr, 69.937, -0.11, 0.33, 0.50
Acc, 69.943, -2.68, -0.52, 9.97
Gyr, 69.946, 0.02, 0.25, 0.49
Gyr, 69.949, 0.05, 0.20, 0.49
Acc, 69.955, -4.11, -0.83, 8.38
Gyr, 69.963, 0.06, 0.16, 0.49
Gyr, 69.967, 0.10, 0.11, 0.47
Acc, 69.981, -4.15, 1.65, 7.38
Gyr, 69.991, 0.15, 0.08, 0.42
Gyr, 69.996, 0.19, 0.05, 0.38
Acc, 69.999, -4.40, 2.39, 7.53
Gyr, 70.002, 0.26, 0.03, 0.35
Gyr, 70.007, 0.40, 0.00, 0.31
Acc, 70.012, -4.38, 2.31, 8.14
Gyr, 70.019, 0.54, -0.03, 0.24
Gyr, 70.027, 0.69, -0.07, 0.19
Acc, 70.040, -4.66, 2.83, 7.92
Gyr, 70.049, 0.74, -0.10, 0.11
Gyr, 70.053, 0.57, -0.08, 0.07
Acc, 70.063, -3.69, 5.16, 8.59
Gyr, 70.069, 0.33, -0.04, 0.06
Gyr, 70.079, 0.12, -0.01, 0.04
Acc, 70.100, -3.33, 5.66, 9.56
Gyr, 70.110, -0.00, 0.01, -0.01
Gyr, 70.119, -0.04, 0.02, -0.06
Acc, 70.125, -3.33, 5.66, 9.56
Gyr, 70.136, -0.05, 0.03, -0.10
Gyr, 70.142, -0.05, 0.05, -0.12
Gyr, 70.153, -0.07, 0.06, -0.13
Acc, 70.162, -3.18, 3.36, 10.10
Gyr, 70.171, -0.09, 0.08, -0.13
Acc, 70.177, -2.63, 2.56, 9.50
Gyr, 70.186, -0.09, 0.09, -0.12
Gyr, 70.190, -0.07, 0.09, -0.12
Acc, 70.199, -2.32, 1.23, 9.19
Gyr, 70.205, -0.04, 0.12, -0.11
Gyr, 70.212, 0.01, 0.17, -0.08
Acc, 70.229, -2.01, 0.41, 10.62
Gyr, 70.254, 0.12, 0.21, -0.10
Gyr, 70.259, 0.22, 0.22, -0.14
Acc, 70.263, -2.80, 0.89, 11.73
Gyr, 70.267, 0.27, 0.24, -0.15
Gyr, 70.270, 0.26, 0.27, -0.16
Acc, 70.273, -2.85, 1.72, 12.23
Gyr, 70.277, 0.22, 0.30, -0.16
Gyr, 70.279, 0.16, 0.31, -0.18
Gyr, 70.281, 0.07, 0.32, -0.20
Acc, 70.284, -2.85, 1.72, 12.23
Gyr, 70.289, -0.05, 0.33, -0.21
Acc, 70.293, -2.85, 1.72, 12.23
Gyr, 70.296, -0.14, 0.35, -0.20
Gyr, 70.299, -0.17, 0.35, -0.19
Gyr, 70.302, -0.13, 0.34, -0.19
Acc, 70.306, -2.85, 1.72, 12.23
Gyr, 70.309, -0.03, 0.31, -0.20
Gyr, 70.312, 0.08, 0.27, -0.20
Acc, 70.316, -2.85, 1.72, 12.23
Gyr, 70.320, 0.17, 0.24, -0.20
Gyr, 70.323, 0.22, 0.20, -0.20
Acc, 70.326, -2.94, 2.34, 11.86
Gyr, 70.329, 0.23, 0.16, -0.20
Gyr, 70.333, 0.20, 0.13, -0.20
Acc, 70.337, -3.08, 2.19, 9.81
Gyr, 70.349, 0.13, 0.11, -0.19
Gyr, 70.354, 0.06, 0.09, -0.17
Acc, 70.357, -3.57, 0.72, 8.35
Gyr, 70.367, 0.03, 0.07, -0.16
Gyr, 70.378, 0.04, 0.05, -0.13
Acc, 70.383, -3.11, 1.09, 7.14
Gyr, 70.395, 0.07, 0.02, -0.11
Gyr, 70.400, 0.09, 0.01, -0.10
Acc, 70.405, -3.16, 0.36, 7.41
Gyr, 70.410, 0.09, 0.00, -0.09
Gyr, 70.417, 0.06, -0.01, -0.09
Acc, 70.428, -3.27, 0.62, 8.47
Gyr, 70.432, 0.04, -0.03, -0.09
Gyr, 70.445, 0.01, -0.04, -0.09
Acc, 70.450, -3.68, 1.04, 9.06
Gyr, 70.454, -0.02, -0.04, -0.09
Gyr, 70.460, -0.03, -0.03, -0.08
Acc, 70.468, -3.73, 1.10, 9.01
Gyr, 70.473, -0.01, -0.02, -0.07
Gyr, 70.478, 0.01, -0.02, -0.07
Acc, 70.493, -3.78, 0.89, 8.98
Gyr, 70.497, 0.03, -0.02, -0.07
Gyr, 70.501, 0.03, -0.01, -0.07
Acc, 70.515, -4.02, 0.80, 9.03
Gyr, 70.520, 0.02, -0.01, -0.07
Gyr, 70.524, -0.00, -0.00, -0.07
Acc, 70.531, -4.10, 1.29, 9.35
Gyr, 70.534, -0.02, 0.00, -0.07
Gyr, 70.541, -0.03, 0.00, -0.07
Acc, 70.548, -4.16, 1.24, 9.60
Gyr, 70.552, -0.04, 0.00, -0.07
Gyr, 70.559, -0.04, 0.00, -0.05
Acc, 70.567, -4.34, 1.14, 9.63
Gyr, 70.574, -0.04, 0.00, -0.04
Gyr, 70.596, -0.03, -0.00, -0.02
Acc, 70.600, -4.34, 1.14, 9.63
Gyr, 70.603, -0.02, -0.01, -0.01
Gyr, 70.607, -0.01, -0.02, 0.00
Acc, 70.619, -4.34, 1.14, 9.63
Gyr, 70.624, -0.02, -0.02, 0.01
Gyr, 70.628, -0.03, -0.02, 0.02
Acc, 70.635, -4.28, 0.93, 9.39
Gyr, 70.638, -0.04, -0.02, 0.02
Gyr, 70.641, -0.03, -0.01, 0.02
Acc, 70.653, -4.38, 1.23, 9.27
Gyr, 70.659, -0.00, -0.01, 0.03
Gyr, 70.662, 0.02, -0.01, 0.03
Acc, 70.665, -4.18, 1.06, 9.78
Gyr, 70.668, 0.03, -0.01, 0.03
Gyr, 70.676, 0.03, -0.01, 0.03
Gyr, 70.683, 0.01, -0.01, 0.02
Acc, 70.686, -4.16, 1.21, 9.80
Gyr, 70.697, -0.01, -0.01, 0.02
Gyr, 70.705, -0.05, -0.01, 0.03
Acc, 70.708, -4.08, 1.62, 9.60
Gyr, 70.719, -0.07, 0.00, 0.03
Gyr, 70.726, -0.06, 0.00, 0.03
Acc, 70.730, -3.79, 1.65, 9.46
Gyr, 70.734, -0.04, -0.00, 0.03
Gyr, 70.749, -0.00, -0.01, 0.03
Acc, 70.753, -3.83, 1.37, 9.52
Gyr, 70.757, 0.04, -0.02, 0.03
Gyr, 70.776, 0.06, -0.03, 0.02
Acc, 70.782, -3.81, 1.13, 9.48
Gyr, 70.787, 0.05, -0.03, 0.02
Gyr, 70.790, 0.03, -0.03, 0.03
Acc, 70.793, -3.81, 1.15, 9.48
Gyr, 70.795, 0.01, -0.03, 0.03
Gyr, 70.800, -0.02, -0.03, 0.02
Acc, 70.807, -3.81, 1.15, 9.48
Gyr, 70.815, -0.05, -0.03, 0.02
Gyr, 70.823, -0.08, -0.03, 0.02
Acc, 70.827, -3.81, 1.15, 9.48
Gyr, 70.838, -0.09, -0.02, 0.02
Gyr, 70.852, -0.07, -0.03, 0.02
Acc, 70.856, -3.81, 1.15, 9.48
Gyr, 70.859, -0.03, -0.03, 0.02
Gyr, 70.866, 0.01, -0.04, 0.01
Acc, 70.874, -3.47, 1.60, 9.36
Gyr, 70.896, 0.03, -0.06, 0.01
Gyr, 70.902, 0.01, -0.07, 0.01
Acc, 70.906, -3.31, 1.22, 9.19
Gyr, 70.908, -0.01, -0.07, 0.01
Gyr, 70.914, -0.05, -0.07, 0.00
Acc, 70.918, -3.46, 1.45, 9.05
Gyr, 70.924, -0.08, -0.08, -0.00
Gyr, 70.927, -0.11, -0.09, -0.01
Acc, 70.930, -3.52, 1.65, 8.79
Gyr, 70.939, -0.12, -0.10, -0.02
Gyr, 70.944, -0.12, -0.11, -0.02
Acc, 70.959, -3.58, 1.46, 8.75
Gyr, 70.964, -0.10, -0.11, -0.03
Gyr, 70.967, -0.06, -0.12, -0.03
Acc, 70.983, -3.58, 1.46, 8.75
Gyr, 70.988, -0.03, -0.15, -0.03
Gyr, 70.992, -0.02, -0.16, -0.04
Acc, 70.995, -3.59, 1.09, 8.99
Gyr, 70.998, -0.05, -0.17, -0.05
Gyr, 71.003, -0.10, -0.17, -0.06
Acc, 71.012, -3.53, 1.53, 8.78
Gyr, 71.016, -0.13, -0.17, -0.06
Gyr, 71.024, -0.15, -0.19, -0.07
Acc, 71.035, -3.58, 1.45, 8.29
Gyr, 71.044, -0.16, -0.22, -0.07
Gyr, 71.047, -0.19, -0.25, -0.07
Acc, 71.061, -3.75, 1.42, 7.63
Gyr, 71.066, -0.24, -0.28, -0.07
Gyr, 71.070, -0.27, -0.32, -0.07
Acc, 71.086, -3.75, 1.42, 7.63
Gyr, 71.091, -0.28, -0.38, -0.06
Gyr, 71.094, -0.29, -0.44, -0.05
Acc, 71.098, -3.75, 1.42, 7.63
Gyr, 71.101, -0.31, -0.51, -0.03
Gyr, 71.104, -0.37, -0.61, -0.02
Gyr, 71.109, -0.48, -0.69, -0.02
Acc, 71.112, -5.40, 1.85, 6.46
Gyr, 71.119, -0.53, -0.73, -0.05
Gyr, 71.128, -0.57, -0.64, -0.07
Acc, 71.131, -5.61, 2.89, 7.36
Gyr, 71.141, -0.69, -0.39, 0.00
Gyr, 71.149, -0.62, -0.33, -0.08
Acc, 71.153, 0.25, 0.15, 11.14
Gyr, 71.165, -0.38, -0.30, -0.05
Gyr, 71.182, -0.19, -0.18, -0.15
Acc, 71.187, -4.46, -0.12, 16.42
Gyr, 71.194, -0.12, -0.08, -0.12
Gyr, 71.199, -0.07, 0.01, -0.10
Acc, 71.202, -3.36, -1.09, 16.52
Gyr, 71.206, -0.02, 0.06, -0.13
Gyr, 71.218, -0.05, 0.07, -0.11
Acc, 71.225, -4.29, -0.99, 14.73
Gyr, 71.231, -0.11, 0.08, -0.07
Gyr, 71.234, -0.12, 0.07, -0.01
Acc, 71.238, -4.74, -0.20, 11.56
Gyr, 71.240, -0.09, 0.05, 0.03
Gyr, 71.247, -0.04, 0.01, 0.05
Acc, 71.252, -4.18, -0.83, 9.61
Gyr, 71.265, -0.01, -0.02, 0.07
Gyr, 71.285, 0.01, -0.05, 0.09
Acc, 71.289, -4.18, -0.83, 9.61
Gyr, 71.294, 0.02, -0.09, 0.10
Gyr, 71.297, 0.01, -0.12, 0.11
Acc, 71.300, -3.14, 0.31, 8.53
Gyr, 71.304, -0.00, -0.15, 0.10
Gyr, 71.307, -0.00, -0.17, 0.08
Acc, 71.310, -3.14, 0.31, 8.53
Gyr, 71.315, -0.01, -0.19, 0.07
Gyr, 71.328, 0.01, -0.19, 0.06
Acc, 71.333, -3.14, 0.31, 8.53
Gyr, 71.336, 0.03, -0.19, 0.06
Gyr, 71.345, 0.04, -0.18, 0.06
Acc, 71.354, -3.14, 0.31, 8.53
Gyr, 71.357, 0.07, -0.17, 0.07
Gyr, 71.367, 0.11, -0.15, 0.06
Acc, 71.379, -2.65, 1.06, 8.47
Gyr, 71.385, 0.12, -0.11, 0.06
Gyr, 71.396, 0.09, -0.05, 0.06
Acc, 71.401, -0.46, 0.21, 10.48
Gyr, 71.406, 0.05, 0.03, 0.04
Gyr, 71.417, 0.04, 0.09, 0.02
Acc, 71.421, 0.80, 0.82, 12.82
Gyr, 71.426, 0.03, 0.15, -0.00
Gyr, 71.432, 0.02, 0.21, -0.02
Acc, 71.440, 0.43, 0.59, 13.33
Gyr, 71.445, 0.01, 0.25, -0.01
Gyr, 71.457, 0.06, 0.27, -0.00
Acc, 71.461, 0.47, 0.04, 12.59
Gyr, 71.466, 0.12, 0.25, -0.01
Gyr, 71.474, 0.17, 0.22, -0.03
Acc, 71.487, -0.84, -0.44, 10.81
Gyr, 71.491, 0.19, 0.20, -0.01
Gyr, 71.494, 0.16, 0.19, 0.01
Acc, 71.507, -0.79, -0.16, 9.54
Gyr, 71.511, 0.10, 0.17, 0.03
Gyr, 71.516, 0.04, 0.16, 0.06
Acc, 71.523, -0.38, 0.12, 8.80
Gyr, 71.527, 0.01, 0.17, 0.09
Gyr, 71.529, 0.05, 0.18, 0.10
Acc, 71.541, 0.18, -0.25, 8.37
Gyr, 71.545, 0.10, 0.18, 0.08
Gyr, 71.557, 0.05, 0.21, 0.09
Acc, 71.561, 0.54, 0.05, 9.53
Gyr, 71.565, -0.03, 0.26, 0.11
Gyr, 71.578, -0.05, 0.28, 0.11
Acc, 71.582, 0.54, 0.05, 9.53
Gyr, 71.585, -0.02, 0.29, 0.06
Gyr, 71.587, 0.00, 0.30, 0.03
Acc, 71.597, 0.54, 0.05, 9.53
Gyr, 71.601, 0.00, 0.31, 0.02
Gyr, 71.606, 0.00, 0.33, 0.00
Acc, 71.618, -0.16, 1.64, 10.26
Gyr, 71.627, -0.02, 0.34, -0.01
Gyr, 71.631, -0.05, 0.35, -0.04
Acc, 71.645, -1.27, 0.97, 10.27
Gyr, 71.651, -0.06, 0.35, -0.05
Gyr, 71.656, -0.05, 0.34, -0.07
Acc, 71.661, -2.33, 1.46, 10.14
Gyr, 71.669, -0.03, 0.31, -0.08
Gyr, 71.674, 0.01, 0.27, -0.09
Acc, 71.679, -3.29, 1.04, 9.48
Gyr, 71.683, 0.06, 0.24, -0.09
Gyr, 71.698, 0.11, 0.20, -0.08
Gyr, 71.707, 0.16, 0.16, -0.07
Acc, 71.710, -3.60, 0.92, 9.03
Gyr, 71.714, 0.19, 0.13, -0.07
Acc, 71.717, -3.74, 0.44, 9.03
Gyr, 71.719, 0.19, 0.11, -0.05
Gyr, 71.725, 0.17, 0.09, -0.05
Gyr, 71.738, 0.14, 0.07, -0.04
Acc, 71.746, -3.70, 0.75, 8.72
Gyr, 71.749, 0.12, 0.05, -0.04
Gyr, 71.759, 0.10, 0.04, -0.04
Acc, 71.766, -3.79, 0.88, 8.62
Gyr, 71.782, 0.07, 0.03, -0.04
Gyr, 71.787, 0.04, 0.03, -0.04
Acc, 71.790, -4.01, 0.76, 8.71
Gyr, 71.794, 0.01, 0.02, -0.03
Gyr, 71.800, -0.01, 0.03, -0.02
Acc, 71.804, -3.97, 0.84, 9.00
Gyr, 71.806, -0.02, 0.03, -0.02
Gyr, 71.814, -0.04, 0.04, -0.01
Acc, 71.831, -3.96, 0.69, 9.31
Gyr, 71.835, -0.05, 0.04, -0.01
Gyr, 71.839, -0.06, 0.04, -0.01
Acc, 71.857, -4.05, 0.47, 9.25
Gyr, 71.862, -0.08, 0.04, -0.02
Gyr, 71.866, -0.10, 0.04, -0.03
Acc, 71.869, -4.38, 0.52, 8.98
Gyr, 71.877, -0.11, 0.04, -0.03
Gyr, 71.883, -0.11, 0.04, -0.03
Acc, 71.886, -4.38, 0.52, 8.98
Gyr, 71.889, -0.07, 0.05, -0.03
Gyr, 71.899, -0.01, 0.04, -0.03
Acc, 71.905, -4.38, 0.52, 8.98
Gyr, 71.909, 0.05, 0.04, -0.03
Gyr, 71.922, 0.11, 0.04, -0.03
Acc, 71.928, -4.38, 0.52, 8.98
Gyr, 71.931, 0.13, 0.03, -0.03
Gyr, 71.936, 0.10, 0.04, -0.03
Acc, 71.941, -4.26, 0.08, 9.38
Gyr, 71.946, 0.04, 0.06, -0.02
Gyr, 71.950, -0.02, 0.07, -0.02
Acc, 71.966, -3.97, 1.05, 9.62
Gyr, 71.969, -0.06, 0.08, -0.01
Gyr, 71.977, -0.09, 0.09, -0.01
Acc, 71.990, -3.90, 0.60, 9.61
Gyr, 71.995, -0.09, 0.09, 0.00
Gyr, 71.999, -0.08, 0.10, 0.01
Acc, 72.011, -3.88, 0.19, 9.75
Gyr, 72.015, -0.06, 0.09, 0.02
Gyr, 72.018, -0.05, 0.09, 0.03
Acc, 72.021, -3.86, 0.07, 9.66
Gyr, 72.024, -0.03, 0.09, 0.04
Gyr, 72.034, -0.01, 0.08, 0.04
Acc, 72.040, -3.98, 0.19, 9.77
Gyr, 72.043, -0.01, 0.08, 0.04
Gyr, 72.052, -0.03, 0.08, 0.04
Acc, 72.064, -3.98, 0.19, 9.77
Gyr, 72.084, -0.06, 0.08, 0.05
Gyr, 72.089, -0.09, 0.08, 0.06
Acc, 72.092, -3.98, 0.19, 9.77
Gyr, 72.099, -0.10, 0.08, 0.06
Gyr, 72.103, -0.09, 0.08, 0.07
Acc, 72.106, -3.68, 0.33, 9.27
Gyr, 72.109, -0.08, 0.07, 0.07
Gyr, 72.114, -0.07, 0.06, 0.07
Acc, 72.123, -3.77, 0.28, 9.56
Gyr, 72.133, -0.06, 0.06, 0.07
Gyr, 72.141, -0.06, 0.05, 0.06
Acc, 72.145, -3.45, 0.49, 9.43
Gyr, 72.149, -0.08, 0.06, 0.05
Gyr, 72.165, -0.10, 0.06, 0.05
Acc, 72.172, -3.23, 0.74, 9.24
Gyr, 72.175, -0.11, 0.06, 0.05
Gyr, 72.178, -0.13, 0.05, 0.04
Acc, 72.190, -3.37, 0.71, 9.06
Gyr, 72.194, -0.15, 0.05, 0.03
Gyr, 72.198, -0.16, 0.05, 0.03
Acc, 72.210, -3.38, 0.84, 9.03
Gyr, 72.221, -0.17, 0.04, 0.04
Gyr, 72.229, -0.17, 0.03, 0.04
Acc, 72.243, -3.44, 0.34, 8.79
Gyr, 72.257, -0.18, 0.01, 0.04
Gyr, 72.265, -0.19, 0.01, 0.04
Acc, 72.270, -3.48, 0.50, 8.74
Gyr, 72.279, -0.20, -0.01, 0.03
Gyr, 72.282, -0.21, -0.02, 0.03
Acc, 72.287, -3.51, 0.47, 8.75
Gyr, 72.290, -0.24, -0.04, 0.03
Gyr, 72.293, -0.26, -0.05, 0.03
Gyr, 72.296, -0.27, -0.08, 0.03
Acc, 72.299, -3.51, 0.47, 8.75
Gyr, 72.309, -0.28, -0.11, 0.03
Gyr, 72.316, -0.29, -0.13, 0.03
Acc, 72.321, -3.91, 0.49, 8.18
Gyr, 72.326, -0.29, -0.16, 0.03
Gyr, 72.332, -0.30, -0.20, 0.03
Acc, 72.339, -3.89, 0.48, 8.10
Gyr, 72.344, -0.32, -0.24, 0.03
Gyr, 72.348, -0.33, -0.27, 0.02
Acc, 72.351, -4.26, 0.79, 7.83
Gyr, 72.357, -0.32, -0.32, 0.01
Gyr, 72.371, -0.32, -0.39, -0.01
Acc, 72.384, -4.55, 0.89, 7.64
Gyr, 72.402, -0.31, -0.49, -0.05
Gyr, 72.410, -0.34, -0.58, -0.12
Acc, 72.414, -4.55, 0.89, 7.64
Gyr, 72.417, -0.41, -0.63, -0.23
Gyr, 72.421, -0.40, -0.68, -0.29
Acc, 72.424, -4.55, 0.89, 7.64
Gyr, 72.426, -0.16, -0.71, -0.32
Gyr, 72.441, 0.31, -0.78, -0.48
Acc, 72.445, -4.55, 0.89, 7.64
Gyr, 72.447, 0.40, -0.71, -0.62
Gyr, 72.450, 0.21, -0.60, -0.51
Acc, 72.452, -6.07, 4.74, 7.48
Gyr, 72.470, 0.20, -0.59, -0.64
Gyr, 72.499, 0.14, -0.50, -0.68
Acc, 72.504, -3.79, 4.39, 7.78
Gyr, 72.510, 0.07, -0.39, -0.67
Gyr, 72.516, -0.01, -0.28, -0.69
Acc, 72.527, -3.64, 3.28, 14.72
Gyr, 72.534, -0.05, -0.15, -0.69
Gyr, 72.551, 0.02, -0.05, -0.66
Acc, 72.559, -2.46, -0.44, 16.51
Gyr, 72.567, 0.16, 0.01, -0.61
Gyr, 72.570, 0.32, 0.03, -0.54
Acc, 72.573, -1.82, -4.65, 15.20
Gyr, 72.580, 0.44, 0.03, -0.47
Gyr, 72.585, 0.52, 0.01, -0.38
Acc, 72.589, -2.36, -5.29, 12.72
Gyr, 72.596, 0.50, -0.00, -0.31
Gyr, 72.613, 0.40, -0.02, -0.22
Acc, 72.619, -2.36, -5.29, 12.72
Gyr, 72.624, 0.28, -0.03, -0.13
Gyr, 72.628, 0.17, -0.05, -0.07
Acc, 72.634, -2.36, -5.29, 12.72
Gyr, 72.638, 0.04, -0.06, -0.02
Gyr, 72.641, -0.05, -0.05, 0.03
Acc, 72.646, -2.18, -4.00, 10.35
Gyr, 72.651, -0.04, -0.04, 0.07
Gyr, 72.655, 0.06, -0.04, 0.08
Acc, 72.659, -0.46, -1.33, 10.55
Gyr, 72.663, 0.17, -0.04, 0.08
Gyr, 72.666, 0.26, -0.02, 0.09
Acc, 72.669, -0.54, -1.59, 10.71
Gyr, 72.673, 0.32, 0.00, 0.09
Gyr, 72.698, 0.32, 0.04, 0.08
Acc, 72.705, -0.22, -0.82, 11.23
Gyr, 72.709, 0.28, 0.08, 0.08
Gyr, 72.713, 0.28, 0.11, 0.08
Gyr, 72.717, 0.28, 0.12, 0.05
Acc, 72.720, 0.10, 0.44, 11.66
Gyr, 72.723, 0.28, 0.12, 0.03
Gyr, 72.726, 0.23, 0.11, 0.02
Acc, 72.739, -1.24, 0.83, 10.23
Gyr, 72.743, 0.12, 0.13, 0.03
Gyr, 72.747, 0.03, 0.14, 0.06
Acc, 72.750, -1.09, 0.81, 9.33
Gyr, 72.754, -0.02, 0.13, 0.07
Gyr, 72.758, -0.05, 0.12, 0.09
Acc, 72.761, -0.51, 0.14, 9.04
Gyr, 72.764, -0.05, 0.12, 0.11
Gyr, 72.776, -0.04, 0.13, 0.10
Acc, 72.779, -0.70, -0.48, 9.18
Gyr, 72.782, -0.05, 0.16, 0.12
Gyr, 72.797, -0.12, 0.21, 0.14
Acc, 72.801, -0.20, -0.47, 9.61
Gyr, 72.806, -0.21, 0.26, 0.17
Gyr, 72.811, -0.27, 0.31, 0.18
Acc, 72.814, -0.01, -0.14, 10.39
Gyr, 72.818, -0.27, 0.33, 0.19
Gyr, 72.826, -0.25, 0.35, 0.19
Acc, 72.830, -0.42, -0.10, 11.16
Gyr, 72.835, -0.23, 0.37, 0.20
Gyr, 72.840, -0.24, 0.37, 0.21
Acc, 72.856, -1.00, -0.78, 11.06
Gyr, 72.862, -0.30, 0.38, 0.22
Gyr, 72.866, -0.32, 0.39, 0.24
Acc, 72.875, -2.33, -0.23, 10.30
Gyr, 72.885, -0.32, 0.37, 0.24
Gyr, 72.892, -0.32, 0.34, 0.24
Acc, 72.899, -2.33, -0.23, 10.30
Gyr, 72.903, -0.35, 0.31, 0.24
Gyr, 72.916, -0.37, 0.28, 0.25
Acc, 72.921, -3.29, -0.10, 9.88
Gyr, 72.931, -0.39, 0.25, 0.25
Gyr, 72.934, -0.36, 0.22, 0.26
Acc, 72.937, -3.29, -0.10, 9.88
Gyr, 72.940, -0.27, 0.19, 0.27
Gyr, 72.942, -0.17, 0.13, 0.26
Acc, 72.955, -3.29, -0.10, 9.88
Gyr, 72.959, -0.09, 0.09, 0.26
Gyr, 72.963, -0.05, 0.05, 0.25
Acc, 72.980, -3.29, -0.10, 9.88
Gyr, 72.984, -0.03, 0.02, 0.24
Gyr, 72.987, -0.04, -0.01, 0.22
Acc, 72.996, -3.80, 0.37, 8.64
Gyr, 73.005, -0.05, -0.03, 0.20
Gyr, 73.016, -0.07, -0.04, 0.17
Acc, 73.019, -3.82, 1.26, 7.61
Gyr, 73.024, -0.05, -0.04, 0.15
Gyr, 73.041, -0.02, -0.05, 0.13
Acc, 73.047, -4.03, 1.06, 8.83
Gyr, 73.050, 0.02, -0.05, 0.10
Gyr, 73.053, 0.09, -0.04, 0.08
Acc, 73.056, -4.03, 1.06, 8.83
Gyr, 73.059, 0.16, -0.04, 0.07
Gyr, 73.062, 0.21, -0.02, 0.05
Acc, 73.073, -4.03, 1.06, 8.83
Gyr, 73.076, 0.22, 0.01, 0.05
Gyr, 73.079, 0.20, 0.04, 0.05
Acc, 73.097, -4.04, 0.33, 10.26
Gyr, 73.101, 0.16, 0.07, 0.04
Gyr, 73.117, 0.13, 0.10, 0.03
Acc, 73.121, -4.18, 0.74, 10.84
Gyr, 73.126, 0.10, 0.13, 0.02
Gyr, 73.130, 0.08, 0.15, 0.02
Acc, 73.140, -4.31, 0.68, 10.89
Gyr, 73.145, 0.05, 0.16, 0.03
Gyr, 73.149, 0.05, 0.18, 0.04
Acc, 73.152, -4.19, 0.34, 10.65
Gyr, 73.167, 0.06, 0.20, 0.05
Gyr, 73.171, 0.10, 0.21, 0.06
Acc, 73.186, -4.15, -0.30, 10.34
Gyr, 73.201, 0.14, 0.21, 0.07
Gyr, 73.215, 0.19, 0.21, 0.08
Acc, 73.220, -4.30, -0.32, 10.35
Gyr, 73.224, 0.23, 0.20, 0.08
Gyr, 73.227, 0.24, 0.19, 0.09
Acc, 73.231, -4.23, 0.04, 9.75
Gyr, 73.234, 0.22, 0.19, 0.10
Gyr, 73.237, 0.18, 0.19, 0.12
Acc, 73.240, -4.07, 0.47, 9.43
Gyr, 73.244, 0.14, 0.18, 0.13
Gyr, 73.246, 0.08, 0.17, 0.13
Acc, 73.249, -4.07, 0.47, 9.43
Gyr, 73.254, 0.02, 0.16, 0.14
Gyr, 73.261, -0.00, 0.15, 0.14
Acc, 73.267, -4.03, 0.72, 8.88
Gyr, 73.270, -0.01, 0.14, 0.14
Gyr, 73.282, 0.01, 0.13, 0.15
Acc, 73.292, -4.03, 0.72, 8.88
Gyr, 73.296, 0.03, 0.11, 0.14
Gyr, 73.309, 0.05, 0.10, 0.14
Acc, 73.314, -3.92, 0.20, 8.73
Gyr, 73.318, 0.06, 0.09, 0.14
Gyr, 73.323, 0.05, 0.07, 0.12
Acc, 73.329, -3.95, 0.55, 8.60
Gyr, 73.336, 0.02, 0.07, 0.11
Gyr, 73.339, -0.01, 0.07, 0.11
Acc, 73.359, -3.87, 1.04, 8.70
Gyr, 73.363, -0.03, 0.07, 0.10
Gyr, 73.367, -0.04, 0.06, 0.09
Gyr, 73.372, -0.05, 0.05, 0.09
Acc, 73.376, -3.80, 0.78, 8.83
Gyr, 73.381, -0.05, 0.04, 0.08
Gyr, 73.389, -0.05, 0.03, 0.07
Acc, 73.393, -3.96, 0.86, 8.80
Gyr, 73.396, -0.04, 0.03, 0.07
Gyr, 73.408, -0.01, 0.02, 0.05
Acc, 73.423, -4.07, 0.78, 8.74
Gyr, 73.427, 0.00, 0.01, 0.04
Gyr, 73.443, 0.01, 0.01, 0.03
Acc, 73.447, -4.07, 0.78, 8.74
Gyr, 73.451, 0.03, 0.01, 0.02
Gyr, 73.474, 0.05, -0.00, 0.01
Acc, 73.478, -4.07, 0.78, 8.74
Gyr, 73.481, 0.06, -0.01, 0.00
Gyr, 73.484, 0.05, -0.02, -0.01
Acc, 73.487, -4.07, 0.78, 8.74
Gyr, 73.491, 0.01, -0.03, -0.01
Gyr, 73.498, -0.02, -0.04, -0.00
Acc, 73.505, -4.06, 0.76, 8.89
Gyr, 73.510, -0.05, -0.05, -0.00
Gyr, 73.515, -0.06, -0.06, -0.01
Acc, 73.523, -4.11, 1.05, 9.24
Gyr, 73.530, -0.06, -0.07, -0.00
Gyr, 73.540, -0.05, -0.08, 0.00
Acc, 73.547, -4.19, 0.63, 9.27
Gyr, 73.551, -0.01, -0.09, 0.01
Gyr, 73.563, 0.03, -0.11, 0.01
Acc, 73.567, -4.19, 0.63, 9.27
Gyr, 73.571, 0.04, -0.13, 0.01
Gyr, 73.591, 0.02, -0.14, 0.01
Acc, 73.597, -4.19, 0.63, 9.27
Gyr, 73.600, 0.01, -0.15, 0.02
Gyr, 73.604, 0.00, -0.16, 0.01
Acc, 73.624, -4.08, 0.07, 9.32
Gyr, 73.629, -0.01, -0.17, 0.01
Gyr, 73.633, -0.04, -0.18, 0.00
Acc, 73.637, -4.01, 0.76, 9.23
Gyr, 73.639, -0.05, -0.18, 0.00
Gyr, 73.641, -0.04, -0.18, 0.00
Acc, 73.644, -3.79, 1.04, 9.26
Gyr, 73.647, -0.01, -0.19, -0.00
Gyr, 73.660, 0.01, -0.19, -0.01
Acc, 73.664, -3.70, 0.49, 9.27
Gyr, 73.667, 0.01, -0.19, -0.02
Gyr, 73.669, 0.01, -0.20, -0.03
Acc, 73.684, -3.62, 0.66, 9.43
Gyr, 73.688, -0.01, -0.20, -0.05
Gyr, 73.692, -0.05, -0.20, -0.06
Acc, 73.710, -3.59, 1.17, 9.44
Gyr, 73.715, -0.10, -0.19, -0.06
Gyr, 73.718, -0.10, -0.20, -0.06
Acc, 73.721, -3.43, 1.42, 9.27
Gyr, 73.728, -0.09, -0.21, -0.07
Gyr, 73.733, -0.06, -0.22, -0.08
Acc, 73.739, -3.32, 0.66, 9.17
Gyr, 73.743, -0.04, -0.23, -0.08
Gyr, 73.758, -0.03, -0.26, -0.09
Acc, 73.765, -3.20, 0.51, 9.11
Gyr, 73.768, -0.04, -0.28, -0.10
Gyr, 73.771, -0.06, -0.31, -0.11
Acc, 73.775, -3.10, 0.84, 8.71
Gyr, 73.777, -0.07, -0.34, -0.12
Gyr, 73.782, -0.09, -0.37, -0.16
Acc, 73.797, -2.80, 1.17, 8.45
Gyr, 73.804, -0.11, -0.40, -0.19
Gyr, 73.807, -0.12, -0.43, -0.21
Acc, 73.817, -2.48, 1.99, 8.19
Gyr, 73.823, -0.09, -0.47, -0.24
Gyr, 73.827, -0.01, -0.53, -0.29
Gyr, 73.839, 0.14, -0.57, -0.35
Acc, 73.844, -2.47, 2.73, 8.53
Gyr, 73.848, 0.25, -0.60, -0.49
Gyr, 73.856, -0.05, -0.43, -0.48
Acc, 73.859, -2.40, 1.94, 8.70
Gyr, 73.862, -0.34, -0.23, -0.47
Gyr, 73.872, -0.24, -0.11, -0.49
Acc, 73.887, 0.25, 4.24, 10.26
Gyr, 73.891, 0.13, -0.07, -0.65
Gyr, 73.894, 0.37, -0.05, -0.78
Acc, 73.901, -1.73, 2.76, 14.34
Gyr, 73.909, 0.47, 0.01, -0.76
Gyr, 73.917, 0.62, 0.06, -0.81
Acc, 73.927, -3.06, 0.75, 13.61
Gyr, 73.931, 0.77, 0.08, -0.88
Gyr, 73.950, 0.85, 0.10, -0.92
Acc, 73.955, -2.71, 0.17, 13.05
Gyr, 73.959, 0.88, 0.11, -0.97
Gyr, 73.973, 0.85, 0.10, -0.99
Acc, 73.976, -3.54, 0.31, 11.72
Gyr, 73.980, 0.74, 0.10, -1.00
Gyr, 73.984, 0.57, 0.09, -0.99
Acc, 73.996, -3.53, 2.19, 10.48
Gyr, 74.001, 0.41, 0.09, -0.92
Gyr, 74.005, 0.30, 0.06, -0.85
Acc, 74.009, -3.53, 2.19, 10.48
Gyr, 74.012, 0.18, 0.03, -0.77
Gyr, 74.016, 0.01, 0.02, -0.64
Acc, 74.023, -3.53, 2.19, 10.48
Gyr, 74.029, -0.12, 0.03, -0.53
Gyr, 74.040, -0.19, 0.05, -0.43
Acc, 74.048, -3.53, 2.19, 10.48
Gyr, 74.062, -0.21, 0.05, -0.34
Gyr, 74.071, -0.22, 0.06, -0.24
Acc, 74.076, -3.50, 2.18, 9.86
Gyr, 74.080, -0.13, 0.08, -0.15
Gyr, 74.090, 0.04, 0.07, -0.07
Acc, 74.095, -2.82, -1.62, 10.65
Gyr, 74.098, 0.21, 0.05, -0.02
Gyr, 74.102, 0.32, 0.05, 0.02
Acc, 74.116, -2.98, -3.53, 10.97
Gyr, 74.121, 0.35, 0.05, 0.08
Gyr, 74.125, 0.36, 0.05, 0.14
Acc, 74.135, -2.85, -4.06, 10.56
Gyr, 74.140, 0.37, 0.05, 0.20
Gyr, 74.143, 0.42, 0.04, 0.26
Acc, 74.160, -2.33, -2.35, 9.06
Gyr, 74.177, 0.44, 0.03, 0.29
Gyr, 74.181, 0.35, 0.05, 0.30
Acc, 74.184, -1.47, -1.21, 9.79
Gyr, 74.188, 0.23, 0.10, 0.34
Gyr, 74.191, 0.17, 0.14, 0.38
Acc, 74.195, -1.60, -0.56, 11.22
Gyr, 74.199, 0.18, 0.16, 0.38
Gyr, 74.203, 0.26, 0.19, 0.39
Acc, 74.206, -1.66, -1.38, 11.15
Gyr, 74.212, 0.36, 0.20, 0.42
Gyr, 74.216, 0.45, 0.21, 0.45
Acc, 74.219, -2.18, -1.43, 10.71
Gyr, 74.222, 0.51, 0.21, 0.47
Gyr, 74.228, 0.54, 0.22, 0.49
Acc, 74.264, -2.39, -0.62, 10.16
Gyr, 74.274, 0.57, 0.23, 0.51
Gyr, 74.287, 0.58, 0.22, 0.53
Gyr, 74.301, 0.61, 0.21, 0.53
Acc, 74.309, -2.93, -0.24, 9.67
Gyr, 74.314, 0.64, 0.20, 0.52
Gyr, 74.318, 0.67, 0.19, 0.52
Acc, 74.326, -3.45, 0.35, 9.64
Gyr, 74.333, 0.69, 0.17, 0.51
Gyr, 74.337, 0.69, 0.14, 0.50
Acc, 74.348, -3.57, 0.44, 9.18
Gyr, 74.356, 0.64, 0.12, 0.50
Gyr, 74.369, 0.58, 0.11, 0.50
Acc, 74.378, -4.10, 1.58, 8.48
Gyr, 74.387, 0.56, 0.10, 0.51
Gyr, 74.403, 0.53, 0.07, 0.51
Acc, 74.409, -3.90, 1.77, 8.37
Gyr, 74.413, 0.50, 0.06, 0.51
Gyr, 74.418, 0.45, 0.06, 0.50
Acc, 74.421, -3.61, 1.52, 8.74
Gyr, 74.424, 0.39, 0.06, 0.49
Gyr, 74.428, 0.32, 0.07, 0.48
Acc, 74.433, -3.50, 2.32, 9.13
Gyr, 74.440, 0.29, 0.07, 0.47
Gyr, 74.447, 0.29, 0.07, 0.47
Acc, 74.455, -3.40, 2.66, 9.24
Gyr, 74.465, 0.33, 0.06, 0.45
Gyr, 74.472, 0.36, 0.05, 0.43
Acc, 74.476, -3.39, 2.24, 9.08
Gyr, 74.480, 0.37, 0.05, 0.41
Gyr, 74.498, 0.37, 0.05, 0.40
Acc, 74.505, -3.24, 2.62, 9.03
Gyr, 74.510, 0.39, 0.06, 0.38
Gyr, 74.514, 0.41, 0.05, 0.36
Acc, 74.517, -3.24, 2.62, 9.03
Gyr, 74.520, 0.41, 0.04, 0.35
Gyr, 74.523, 0.42, 0.04, 0.33
Acc, 74.526, -3.24, 2.62, 9.03
Gyr, 74.534, 0.42, 0.03, 0.31
Gyr, 74.537, 0.41, 0.02, 0.29
Acc, 74.540, -3.24, 2.62, 9.03
Gyr, 74.543, 0.39, 0.03, 0.28
Gyr, 74.546, 0.38, 0.03, 0.27
Acc, 74.549, -3.24, 2.62, 9.03
Gyr, 74.552, 0.38, 0.03, 0.26
Gyr, 74.565, 0.39, 0.03, 0.24
Acc, 74.570, -2.88, 2.69, 9.09
Gyr, 74.573, 0.42, 0.03, 0.24
Gyr, 74.577, 0.43, 0.02, 0.24
Acc, 74.580, -2.59, 2.97, 9.01
Gyr, 74.585, 0.41, 0.01, 0.24
Gyr, 74.590, 0.37, 0.01, 0.23
Acc, 74.594, -2.71, 3.06, 8.65
Gyr, 74.597, 0.32, 0.01, 0.22
Gyr, 74.600, 0.28, 0.02, 0.21
Acc, 74.606, -2.71, 3.06, 8.65
Gyr, 74.611, 0.27, 0.03, 0.20
Gyr, 74.615, 0.26, 0.03, 0.19
Acc, 74.624, -2.71, 3.06, 8.65
Gyr, 74.627, 0.26, 0.03, 0.18
Gyr, 74.645, 0.25, 0.03, 0.16
Acc, 74.649, -2.72, 3.59, 8.83
Gyr, 74.654, 0.25, 0.02, 0.15
Gyr, 74.660, 0.24, 0.02, 0.14
Acc, 74.672, -2.71, 3.15, 8.72
Gyr, 74.677, 0.24, 0.01, 0.13
Gyr, 74.680, 0.22, 0.00, 0.13
Gyr, 74.695, 0.20, -0.00, 0.12
Acc, 74.699, -3.03, 3.49, 8.35
Gyr, 74.704, 0.17, -0.00, 0.12
Gyr, 74.711, 0.15, 0.00, 0.10
Acc, 74.715, -3.11, 3.69, 8.51
Gyr, 74.718, 0.14, 0.01, 0.09
Gyr, 74.729, 0.15, 0.00, 0.08
Acc, 74.732, -2.99, 3.63, 8.83
Gyr, 74.740, 0.15, 0.00, 0.08
Gyr, 74.745, 0.14, -0.00, 0.07
Acc, 74.749, -3.03, 3.16, 8.74
Gyr, 74.755, 0.12, -0.00, 0.07
Gyr, 74.762, 0.10, 0.01, 0.07
Acc, 74.765, -3.10, 3.27, 8.63
Gyr, 74.778, 0.10, 0.01, 0.06
Gyr, 74.782, 0.08, 0.01, 0.06
Acc, 74.788, -3.00, 3.33, 9.01
Gyr, 74.799, 0.06, 0.02, 0.06
Gyr, 74.809, 0.04, 0.03, 0.06
Acc, 74.816, -2.89, 3.09, 9.17
Gyr, 74.820, 0.02, 0.03, 0.05
Gyr, 74.828, 0.00, 0.04, 0.05
Acc, 74.835, -2.90, 3.25, 9.20
Gyr, 74.851, -0.00, 0.05, 0.05
Gyr, 74.858, 0.00, 0.05, 0.05
Acc, 74.863, -2.84, 3.12, 9.03
Gyr, 74.866, 0.01, 0.06, 0.05
Gyr, 74.869, 0.01, 0.06, 0.04
Acc, 74.875, -2.90, 3.24, 9.14
Gyr, 74.882, -0.00, 0.07, 0.03
Gyr, 74.885, -0.02, 0.07, 0.02
Acc, 74.889, -2.90, 3.24, 9.14
Gyr, 74.899, -0.03, 0.08, 0.01
Gyr, 74.903, -0.03, 0.08, 0.01
Acc, 74.916, -2.90, 3.48, 9.32
Gyr, 74.922, -0.02, 0.08, 0.01
Gyr, 74.930, -0.02, 0.07, 0.01
Acc, 74.938, -3.03, 3.50, 9.06
Gyr, 74.954, -0.02, 0.07, 0.00
Gyr, 74.963, -0.02, 0.07, 0.00
Acc, 74.972, -3.03, 3.41, 9.06
Gyr, 74.981, -0.02, 0.07, 0.01
Gyr, 74.989, -0.01, 0.07, 0.01
Acc, 74.999, -3.16, 3.39, 8.91
Gyr, 75.007, -0.01, 0.06, 0.01
Gyr, 75.017, -0.01, 0.06, 0.01
Acc, 75.037, -3.16, 3.32, 9.03
Gyr, 75.048, -0.02, 0.06, 0.00
Gyr, 75.053, -0.03, 0.06, 0.00
Acc, 75.057, -3.21, 3.37, 9.00
Gyr, 75.060, -0.04, 0.05, 0.00
Gyr, 75.063, -0.03, 0.05, 0.00
Acc, 75.073, -3.21, 3.37, 9.00
Gyr, 75.078, -0.02, 0.04, 0.01
Gyr, 75.082, -0.00, 0.04, 0.01
Acc, 75.086, -3.21, 3.37, 9.00
Gyr, 75.089, 0.02, 0.03, 0.01
Gyr, 75.093, 0.03, 0.03, 0.01
Gyr, 75.096, 0.04, 0.02, 0.01
Acc, 75.099, -3.21, 3.37, 9.00
Gyr, 75.102, 0.04, 0.02, 0.01
Gyr, 75.105, 0.02, 0.02, 0.01
Acc, 75.108, -3.21, 3.37, 9.00
Gyr, 75.111, 0.00, 0.02, 0.01
Gyr, 75.115, -0.00, 0.02, 0.01
Acc, 75.118, -3.21, 3.37, 9.00
Gyr, 75.127, 0.01, 0.02, 0.01
Gyr, 75.134, 0.01, 0.02, 0.01
Acc, 75.138, -3.30, 3.34, 8.95
Gyr, 75.142, 0.01, 0.02, 0.01
Gyr, 75.154, 0.01, 0.03, 0.02
Acc, 75.157, -3.29, 3.07, 8.98
Gyr, 75.163, 0.02, 0.03, 0.02
Gyr, 75.176, 0.03, 0.03, 0.02
Acc, 75.180, -3.24, 3.12, 9.06
Gyr, 75.187, 0.03, 0.03, 0.03
Gyr, 75.192, 0.02, 0.03, 0.02
Acc, 75.197, -3.20, 2.85, 8.94
Gyr, 75.206, -0.01, 0.03, 0.03
Gyr, 75.214, -0.04, 0.04, 0.03
Acc, 75.218, -3.32, 3.43, 8.98
Gyr, 75.232, -0.05, 0.03, 0.02
Gyr, 75.241, -0.05, 0.04, 0.01
Acc, 75.245, -3.31, 3.22, 9.05
Gyr, 75.247, -0.05, 0.04, 0.01
Gyr, 75.250, -0.05, 0.03, 0.01
Acc, 75.261, -3.28, 3.28, 8.90
Gyr, 75.266, -0.04, 0.03, 0.01
Gyr, 75.280, 0.00, 0.02, 0.02
Acc, 75.285, -3.39, 3.26, 8.88
Gyr, 75.288, 0.03, 0.02, 0.02
Gyr, 75.294, -0.02, 0.02, 0.03
Acc, 75.297, -3.15, 2.96, 8.62
Gyr, 75.300, 0.00, -0.00, 0.03
Gyr, 75.309, -0.00, -0.02, 0.01
Acc, 75.315, -3.76, 3.25, 8.81
Gyr, 75.330, -0.02, -0.02, 0.01
Gyr, 75.348, -0.01, -0.02, 0.01
Acc, 75.352, -3.42, 3.64, 9.00
Gyr, 75.358, 0.01, -0.03, 0.00
Gyr, 75.364, 0.03, -0.04, -0.01
Acc, 75.368, -3.58, 3.28, 9.11
Gyr, 75.371, 0.01, -0.01, -0.02
Gyr, 75.373, -0.01, 0.04, -0.01
Acc, 75.387, -3.28, 3.69, 9.13
Gyr, 75.391, 0.00, 0.02, 0.00
Gyr, 75.404, 0.04, -0.00, -0.03
