Gyr, 3.976, 0.01, -0.02, -0.04
Gyr, 3.979, 0.02, -0.01, -0.05
Acc, 3.982, -0.32, 4.10, 8.85
Gyr, 3.986, 0.00, 0.00, -0.05
Gyr, 3.991, -0.01, 0.02, -0.06
Acc, 3.996, 0.21, 4.44, 9.26
Gyr, 4.000, -0.02, 0.02, -0.07
Gyr, 4.004, -0.02, 0.03, -0.09
Gyr, 4.008, -0.04, 0.05, -0.10
Acc, 4.011, 0.21, 4.44, 9.26
Gyr, 4.014, -0.05, 0.06, -0.10
Gyr, 4.017, -0.05, 0.07, -0.11
Acc, 4.021, 0.21, 4.44, 9.26
Gyr, 4.025, -0.05, 0.06, -0.12
Gyr, 4.028, -0.04, 0.06, -0.13
Acc, 4.033, 0.21, 4.44, 9.26
Gyr, 4.036, -0.04, 0.07, -0.15
Gyr, 4.039, -0.05, 0.07, -0.15
Acc, 4.043, 0.10, 4.43, 9.35
Gyr, 4.046, -0.06, 0.08, -0.16
Gyr, 4.049, -0.07, 0.08, -0.16
Acc, 4.052, -0.10, 4.07, 8.94
Gyr, 4.056, -0.05, 0.08, -0.15
Gyr, 4.108, -0.05, 0.08, -0.15
Acc, 4.111, -0.07, 3.98, 9.00
Gyr, 4.146, -0.06, 0.08, -0.14
Gyr, 4.149, -0.07, 0.07, -0.14
Acc, 4.152, -0.17, 3.63, 8.98
Gyr, 4.156, -0.08, 0.07, -0.13
Gyr, 4.163, -0.07, 0.06, -0.12
Acc, 4.166, -0.37, 3.83, 8.80
Gyr, 4.170, -0.06, 0.05, -0.11
Gyr, 4.173, -0.03, 0.04, -0.10
Acc, 4.176, -0.51, 3.60, 8.82
Gyr, 4.179, -0.00, 0.03, -0.09
Gyr, 4.185, 0.02, 0.02, -0.07
Acc, 4.189, -0.57, 3.48, 8.98
Gyr, 4.194, 0.04, 0.01, -0.05
Gyr, 4.198, 0.04, 0.01, -0.03
Acc, 4.202, -0.53, 3.24, 9.19
Gyr, 4.235, 0.03, 0.01, -0.02
Gyr, 4.243, 0.02, 0.00, -0.01
Acc, 4.261, -0.46, 3.24, 9.14
Gyr, 4.265, 0.00, -0.01, 0.01
Gyr, 4.270, -0.02, -0.00, 0.02
Acc, 4.274, -0.46, 3.24, 9.14
Gyr, 4.384, -0.03, 0.00, 0.04
Gyr, 4.447, -0.02, 0.00, 0.05
Acc, 4.450, -0.46, 3.24, 9.14
Gyr, 4.454, -0.00, 0.00, 0.05
Gyr, 4.458, 0.01, 0.00, 0.06
Acc, 4.463, -0.52, 3.46, 9.29
Gyr, 4.467, 0.01, 0.00, 0.05
Gyr, 4.469, 0.00, 0.01, 0.05
Acc, 4.473, -0.11, 3.83, 9.25
Gyr, 4.502, -0.00, 0.01, 0.05
Gyr, 4.530, -0.01, 0.01, 0.04
Acc, 4.552, 0.01, 3.93, 9.15
Gyr, 4.607, -0.03, 0.02, 0.03
Gyr, 4.611, -0.06, 0.02, 0.02
Acc, 4.617, 0.10, 4.39, 8.98
Gyr, 4.620, -0.07, 0.02, 0.02
Gyr, 4.624, -0.08, 0.01, 0.00
Acc, 4.628, 0.08, 4.44, 8.64
Gyr, 4.633, -0.09, 0.00, -0.01
Gyr, 4.638, -0.09, -0.00, -0.03
Acc, 4.642, -0.05, 4.60, 8.39
Gyr, 4.698, -0.07, -0.02, -0.05
Gyr, 4.702, -0.06, -0.03, -0.06
Acc, 4.706, -0.16, 4.38, 8.32
Gyr, 4.710, -0.07, -0.05, -0.08
Gyr, 4.717, -0.10, -0.05, -0.10
Acc, 4.720, -0.20, 4.88, 8.24
Gyr, 4.727, -0.14, -0.06, -0.11
Gyr, 4.731, -0.19, -0.07, -0.13
Acc, 4.736, -0.13, 5.06, 8.19
Gyr, 4.740, -0.25, -0.07, -0.15
Gyr, 4.745, -0.31, -0.08, -0.17
Acc, 4.749, -0.13, 4.99, 8.03
Gyr, 4.781, -0.38, -0.08, -0.19
Gyr, 4.785, -0.45, -0.08, -0.21
Acc, 4.788, -0.13, 4.99, 8.03
Gyr, 4.791, -0.52, -0.09, -0.24
Gyr, 4.795, -0.58, -0.11, -0.26
Acc, 4.799, -0.27, 5.07, 7.86
Gyr, 4.802, -0.64, -0.12, -0.30
Gyr, 4.805, -0.73, -0.13, -0.34
Acc, 4.808, -0.28, 5.56, 7.60
Gyr, 4.812, -0.82, -0.13, -0.39
Gyr, 4.815, -0.92, -0.16, -0.44
Acc, 4.818, -0.28, 5.56, 7.60
Gyr, 4.821, -1.08, -0.22, -0.48
Gyr, 4.824, -1.29, -0.26, -0.51
Acc, 4.827, -0.28, 5.56, 7.60
Gyr, 4.830, -1.50, -0.28, -0.54
Gyr, 4.833, -1.61, -0.29, -0.58
Acc, 4.836, -0.28, 5.56, 7.60
Gyr, 4.839, -1.57, -0.28, -0.64
Gyr, 4.842, -1.30, -0.28, -0.71
Acc, 4.845, -0.28, 5.56, 7.60
Gyr, 4.848, -0.85, -0.32, -0.77
Gyr, 4.850, -0.38, -0.38, -0.83
Acc, 4.853, -1.12, 6.38, 6.32
Gyr, 4.856, -0.05, -0.41, -0.85
Gyr, 4.858, 0.10, -0.39, -0.85
Gyr, 4.861, 0.16, -0.36, -0.84
Acc, 4.864, -0.13, 0.27, 9.81
Gyr, 4.866, 0.20, -0.33, -0.82
Gyr, 4.869, 0.21, -0.33, -0.78
Acc, 4.871, 0.36, 1.67, 11.10
Gyr, 4.875, 0.15, -0.32, -0.74
Gyr, 4.877, 0.03, -0.28, -0.70
Acc, 4.880, 0.49, 0.97, 11.11
Gyr, 4.883, -0.14, -0.24, -0.66
Acc, 4.885, 0.95, 1.69, 10.76
Gyr, 4.888, -0.31, -0.19, -0.62
Gyr, 4.891, -0.43, -0.15, -0.60
Gyr, 4.894, -0.47, -0.11, -0.58
Acc, 4.896, 0.95, 1.69, 10.76
Gyr, 4.898, -0.43, -0.09, -0.55
Gyr, 4.901, -0.37, -0.09, -0.53
Acc, 4.903, 0.59, 0.67, 11.93
Gyr, 4.906, -0.32, -0.08, -0.51
Gyr, 4.909, -0.29, -0.07, -0.48
Acc, 4.912, 0.30, 0.51, 11.26
Gyr, 4.914, -0.27, -0.07, -0.46
Gyr, 4.917, -0.25, -0.07, -0.43
Acc, 4.919, -0.14, 1.12, 10.42
Gyr, 4.922, -0.20, -0.06, -0.41
Gyr, 4.925, -0.16, -0.07, -0.38
Acc, 4.928, -0.45, 1.17, 10.27
Gyr, 4.931, -0.12, -0.07, -0.36
Gyr, 4.935, -0.12, -0.06, -0.34
Acc, 4.937, -0.41, 1.05, 10.53
Gyr, 4.941, -0.14, -0.05, -0.31
Gyr, 4.945, -0.16, -0.04, -0.29
Acc, 4.948, -0.48, 1.71, 10.19
Gyr, 4.955, -0.17, -0.04, -0.27
Gyr, 4.959, -0.17, -0.04, -0.26
Acc, 4.963, -0.85, 1.66, 9.88
Gyr, 4.967, -0.12, -0.03, -0.25
Gyr, 4.971, -0.05, -0.02, -0.24
Acc, 4.976, -0.40, 1.15, 10.07
Gyr, 4.980, 0.03, -0.02, -0.24
Gyr, 4.987, 0.05, -0.02, -0.24
Gyr, 4.992, 0.01, -0.02, -0.23
Acc, 4.996, -0.00, 0.55, 10.02
Gyr, 5.001, -0.05, -0.01, -0.21
Gyr, 5.004, -0.10, -0.02, -0.19
Acc, 5.007, -0.11, 1.26, 9.58
Gyr, 5.010, -0.14, -0.02, -0.18
Gyr, 5.014, -0.15, -0.03, -0.16
Acc, 5.017, 0.08, 1.32, 9.44
Gyr, 5.020, -0.17, -0.03, -0.15
Gyr, 5.023, -0.17, -0.03, -0.14
Acc, 5.030, 0.06, 1.01, 9.40
Gyr, 5.036, -0.14, -0.04, -0.11
Gyr, 5.041, -0.10, -0.06, -0.09
Acc, 5.047, 0.08, 1.06, 9.78
Gyr, 5.053, -0.06, -0.07, -0.08
Gyr, 5.058, -0.06, -0.07, -0.06
Acc, 5.063, 0.07, 0.77, 10.02
Gyr, 5.067, -0.05, -0.06, -0.05
Gyr, 5.072, -0.03, -0.06, -0.03
Acc, 5.076, 0.02, 1.16, 9.77
Gyr, 5.081, -0.00, -0.07, -0.02
Gyr, 5.085, 0.03, -0.08, -0.02
Acc, 5.090, 0.02, 1.16, 9.77
Gyr, 5.094, 0.05, -0.09, -0.01
Gyr, 5.098, 0.04, -0.09, -0.00
Acc, 5.103, 0.02, 1.16, 9.77
Gyr, 5.107, 0.01, -0.08, 0.00
Gyr, 5.111, -0.04, -0.07, 0.01
Acc, 5.115, 0.02, 1.16, 9.77
Gyr, 5.119, -0.08, -0.06, 0.02
Gyr, 5.124, -0.11, -0.07, 0.02
Acc, 5.129, -0.20, 1.43, 9.60
Gyr, 5.134, -0.12, -0.08, 0.03
Gyr, 5.137, -0.13, -0.08, 0.03
Acc, 5.142, -0.23, 1.89, 9.69
Gyr, 5.148, -0.13, -0.09, 0.04
Gyr, 5.154, -0.12, -0.09, 0.04
Acc, 5.159, -0.07, 1.78, 9.52
Gyr, 5.164, -0.10, -0.11, 0.04
Gyr, 5.169, -0.09, -0.12, 0.04
Acc, 5.173, -0.26, 1.79, 9.09
Gyr, 5.177, -0.08, -0.13, 0.04
Gyr, 5.182, -0.06, -0.14, 0.04
Acc, 5.186, 0.04, 1.73, 9.14
Gyr, 5.191, -0.02, -0.16, 0.03
Gyr, 5.195, 0.01, -0.18, 0.03
Acc, 5.200, 0.04, 1.73, 9.14
Gyr, 5.205, -0.01, -0.20, 0.03
Gyr, 5.209, -0.09, -0.21, 0.04
Acc, 5.213, 0.04, 1.73, 9.14
Gyr, 5.218, -0.26, -0.19, 0.05
Gyr, 5.222, -0.45, -0.19, 0.10
Acc, 5.228, 0.04, 1.73, 9.14
Gyr, 5.233, -0.66, -0.22, 0.17
Gyr, 5.237, -0.96, -0.17, 0.18
Acc, 5.246, 0.99, 1.46, 8.84
Gyr, 5.262, -1.07, -0.07, 0.15
Gyr, 5.266, -0.67, -0.03, 0.05
Acc, 5.268, 0.99, 1.46, 8.84
Gyr, 5.271, -0.65, 0.01, -0.06
Gyr, 5.276, -0.94, 0.29, -0.35
Acc, 5.287, 0.50, 7.86, 15.51
Gyr, 5.295, -0.86, 0.49, -0.07
Gyr, 5.299, -0.63, 0.60, -0.16
Acc, 5.304, 2.67, 0.23, 14.57
Gyr, 5.308, -0.39, 0.67, -0.24
Gyr, 5.311, -0.01, 0.56, -0.07
Gyr, 5.320, 0.22, 0.43, -0.15
Acc, 5.325, -1.20, -1.91, 10.36
Gyr, 5.337, 0.17, 0.35, -0.11
Acc, 5.354, -0.79, -0.60, 5.99
Gyr, 5.358, -0.03, 0.30, -0.01
Gyr, 5.361, -0.25, 0.28, 0.02
Acc, 5.365, -0.31, 0.85, 6.48
Gyr, 5.369, -0.32, 0.25, 0.09
Gyr, 5.373, -0.19, 0.22, 0.07
Acc, 5.377, -0.39, -0.82, 9.25
Gyr, 5.381, 0.07, 0.18, 0.04
Gyr, 5.386, 0.34, 0.12, 0.02
Gyr, 5.395, 0.51, 0.07, 0.01
Acc, 5.399, -0.85, -1.52, 10.23
Gyr, 5.404, 0.55, 0.04, 0.02
Gyr, 5.417, 0.50, 0.01, 0.06
Acc, 5.423, -0.92, 0.42, 8.71
Gyr, 5.433, 0.39, -0.01, 0.08
Gyr, 5.448, 0.28, -0.03, 0.08
Acc, 5.453, -0.50, 1.50, 8.16
Gyr, 5.457, 0.20, -0.04, 0.07
Gyr, 5.471, 0.14, -0.05, 0.08
Acc, 5.476, -0.50, 1.50, 8.16
Gyr, 5.481, 0.11, -0.06, 0.08
Gyr, 5.490, 0.11, -0.06, 0.09
Acc, 5.493, -0.11, 1.04, 9.36
Gyr, 5.498, 0.12, -0.06, 0.09
Gyr, 5.512, 0.15, -0.06, 0.08
Acc, 5.517, -0.06, 0.99, 10.04
Gyr, 5.521, 0.22, -0.06, 0.07
Gyr, 5.526, 0.29, -0.07, 0.05
Acc, 5.529, -0.26, 0.69, 9.91
Gyr, 5.533, 0.32, -0.07, 0.04
Gyr, 5.542, 0.29, -0.06, 0.04
Acc, 5.546, -0.37, 0.92, 9.48
Gyr, 5.554, 0.23, -0.04, 0.04
Gyr, 5.559, 0.17, -0.02, 0.04
Acc, 5.570, -0.37, 0.92, 9.48
Gyr, 5.575, 0.14, -0.01, 0.04
Gyr, 5.585, 0.11, -0.01, 0.03
Acc, 5.592, -0.37, 0.92, 9.48
Gyr, 5.599, 0.07, -0.01, 0.03
Gyr, 5.604, 0.04, -0.00, 0.03
Acc, 5.620, -0.37, 0.92, 9.48
Gyr, 5.624, 0.02, 0.00, 0.04
Gyr, 5.626, 0.01, -0.01, 0.04
Acc, 5.629, -0.17, 1.01, 9.68
Gyr, 5.634, 0.03, -0.01, 0.04
Gyr, 5.645, 0.06, -0.02, 0.03
Acc, 5.650, -0.36, 1.15, 10.00
Gyr, 5.654, 0.09, -0.02, 0.03
Gyr, 5.659, 0.11, -0.02, 0.03
Acc, 5.670, -0.50, 1.08, 9.78
Gyr, 5.674, 0.14, -0.03, 0.03
Gyr, 5.680, 0.14, -0.04, 0.03
Acc, 5.691, -0.50, 1.08, 9.78
Gyr, 5.695, 0.12, -0.04, 0.03
Gyr, 5.705, 0.09, -0.03, 0.03
Acc, 5.719, -0.31, 1.21, 9.64
Gyr, 5.729, 0.05, -0.03, 0.03
Gyr, 5.733, 0.01, -0.03, 0.03
Acc, 5.737, -0.13, 1.31, 9.51
Gyr, 5.741, 0.00, -0.03, 0.04
Gyr, 5.758, 0.02, -0.04, 0.03
Acc, 5.762, -0.26, 1.23, 9.78
Gyr, 5.765, 0.04, -0.04, 0.03
Gyr, 5.770, 0.05, -0.04, 0.03
Gyr, 5.775, 0.06, -0.05, 0.03
Acc, 5.778, -0.20, 1.09, 9.68
Gyr, 5.784, 0.05, -0.05, 0.02
Gyr, 5.789, 0.04, -0.05, 0.02
Acc, 5.794, -0.21, 1.13, 9.50
Gyr, 5.797, 0.02, -0.06, 0.02
Gyr, 5.809, 0.00, -0.06, 0.02
Acc, 5.814, -0.14, 1.39, 9.56
Gyr, 5.830, -0.01, -0.07, 0.02
Gyr, 5.834, -0.03, -0.08, 0.02
Acc, 5.838, -0.14, 1.30, 9.41
Gyr, 5.856, -0.04, -0.09, 0.02
Gyr, 5.861, -0.05, -0.11, 0.02
Acc, 5.864, -0.22, 1.26, 9.29
Gyr, 5.867, -0.07, -0.12, 0.02
Gyr, 5.871, -0.07, -0.13, 0.02
Acc, 5.877, -0.13, 1.27, 9.06
Gyr, 5.881, -0.06, -0.16, 0.02
Gyr, 5.884, -0.06, -0.19, 0.02
Acc, 5.888, -0.13, 1.23, 8.75
Gyr, 5.896, -0.09, -0.21, 0.02
Gyr, 5.902, -0.15, -0.22, 0.04
Acc, 5.915, 0.07, 1.18, 8.76
Gyr, 5.925, -0.31, -0.22, 0.06
Gyr, 5.933, -0.69, -0.20, 0.10
Acc, 5.942, 0.53, 3.03, 14.22
Gyr, 5.962, -1.01, -0.15, 0.23
Gyr, 5.969, -0.90, -0.12, 0.22
Acc, 5.978, 0.19, 0.60, 15.91
Gyr, 5.987, -0.30, -0.21, -0.10
Gyr, 6.002, -0.33, -0.07, -0.17
Acc, 6.009, 0.90, -1.19, 7.47
Gyr, 6.035, -1.02, 0.23, -0.42
Gyr, 6.040, -1.12, 0.44, -0.01
Acc, 6.044, 1.00, 5.47, 16.18
Gyr, 6.047, -0.74, 0.51, -0.06
Gyr, 6.050, -0.45, 0.54, -0.23
Acc, 6.053, 0.62, 1.07, 13.47
Gyr, 6.057, -0.08, 0.43, -0.05
Gyr, 6.060, 0.16, 0.32, -0.14
Acc, 6.063, 0.62, 1.07, 13.47
Gyr, 6.067, 0.23, 0.26, -0.13
Gyr, 6.075, 0.18, 0.20, -0.08
Acc, 6.080, -1.82, -2.40, 7.33
Gyr, 6.084, -0.07, 0.18, -0.06
Gyr, 6.086, -0.24, 0.18, 0.06
Acc, 6.089, -1.82, -2.40, 7.33
Gyr, 6.097, -0.17, 0.15, 0.05
Gyr, 6.103, 0.01, 0.13, -0.01
Acc, 6.108, -1.82, -2.40, 7.33
Gyr, 6.111, 0.21, 0.13, 0.00
Gyr, 6.115, 0.39, 0.12, 0.02
Acc, 6.128, -1.82, -2.40, 7.33
Gyr, 6.131, 0.52, 0.11, 0.02
Gyr, 6.134, 0.57, 0.09, 0.00
Gyr, 6.138, 0.51, 0.07, -0.01
Acc, 6.142, -0.48, 1.55, 8.41
Gyr, 6.149, 0.39, 0.06, 0.01
Gyr, 6.154, 0.27, 0.05, 0.04
Acc, 6.158, -0.37, -1.73, 11.68
Gyr, 6.166, 0.16, 0.04, 0.05
Gyr, 6.174, 0.08, 0.03, 0.06
Acc, 6.177, -0.60, 1.49, 8.88
Gyr, 6.187, 0.05, 0.03, 0.06
Gyr, 6.193, 0.05, 0.03, 0.06
Acc, 6.206, -0.60, 1.49, 8.88
Gyr, 6.210, 0.09, 0.02, 0.06
Gyr, 6.218, 0.14, 0.02, 0.05
Acc, 6.225, -0.60, 1.49, 8.88
Gyr, 6.234, 0.17, 0.01, 0.05
Gyr, 6.244, 0.19, 0.00, 0.05
Acc, 6.255, -0.52, 1.15, 9.67
Gyr, 6.262, 0.23, 0.00, 0.04
Gyr, 6.272, 0.27, -0.01, 0.04
Acc, 6.282, -0.66, 0.63, 9.75
Gyr, 6.290, 0.27, -0.02, 0.03
Gyr, 6.294, 0.24, -0.01, 0.03
Acc, 6.302, -0.66, 0.63, 9.75
Gyr, 6.310, 0.18, 0.00, 0.03
Gyr, 6.323, 0.12, 0.00, 0.03
Acc, 6.328, -0.44, 1.27, 9.55
Gyr, 6.336, 0.07, 0.00, 0.03
Gyr, 6.344, 0.04, 0.00, 0.03
Acc, 6.348, -0.60, 1.32, 9.72
Gyr, 6.351, 0.03, 0.00, 0.04
Gyr, 6.369, 0.06, 0.00, 0.03
Acc, 6.374, -0.50, 0.75, 9.72
Gyr, 6.377, 0.09, -0.00, 0.03
Gyr, 6.380, 0.13, -0.01, 0.03
Acc, 6.383, -0.61, 0.68, 9.60
Gyr, 6.386, 0.14, -0.01, 0.03
Gyr, 6.388, 0.16, -0.01, 0.03
Acc, 6.390, -0.60, 0.92, 9.52
Gyr, 6.393, 0.17, -0.02, 0.02
Gyr, 6.396, 0.17, -0.02, 0.03
Acc, 6.399, -0.57, 0.86, 9.52
Gyr, 6.402, 0.15, -0.02, 0.04
Gyr, 6.408, 0.12, -0.02, 0.04
Acc, 6.416, -0.51, 1.07, 9.59
Gyr, 6.423, 0.08, -0.01, 0.04
Gyr, 6.433, 0.05, -0.01, 0.05
Acc, 6.449, -0.35, 1.18, 9.75
Gyr, 6.455, 0.02, -0.02, 0.05
Gyr, 6.458, -0.00, -0.02, 0.05
Acc, 6.467, -0.51, 1.26, 9.72
Gyr, 6.470, -0.00, -0.02, 0.05
Gyr, 6.472, 0.01, -0.03, 0.05
Acc, 6.480, -0.55, 1.12, 9.56
Gyr, 6.485, 0.05, -0.03, 0.05
Gyr, 6.493, 0.10, -0.05, 0.05
Gyr, 6.501, 0.15, -0.06, 0.05
Acc, 6.505, -0.65, 0.96, 9.45
Gyr, 6.519, 0.16, -0.07, 0.04
Gyr, 6.524, 0.13, -0.07, 0.04
Acc, 6.527, -0.64, 0.83, 9.44
Gyr, 6.539, 0.09, -0.08, 0.04
Gyr, 6.547, 0.05, -0.09, 0.04
Acc, 6.550, -0.53, 1.37, 9.33
Gyr, 6.553, -0.00, -0.10, 0.04
Gyr, 6.568, -0.04, -0.11, 0.04
Acc, 6.573, -0.56, 1.62, 9.19
Gyr, 6.577, -0.05, -0.12, 0.04
Gyr, 6.585, -0.04, -0.14, 0.04
Acc, 6.589, -0.49, 1.53, 8.94
Gyr, 6.591, -0.01, -0.16, 0.04
Gyr, 6.602, 0.01, -0.18, 0.03
Acc, 6.607, -0.49, 1.19, 8.78
Gyr, 6.614, 0.02, -0.21, 0.03
Gyr, 6.616, -0.00, -0.23, 0.04
Acc, 6.629, -0.49, 1.19, 8.78
Gyr, 6.634, -0.04, -0.25, 0.04
Gyr, 6.637, -0.12, -0.26, 0.04
Acc, 6.646, -0.49, 1.19, 8.78
Gyr, 6.652, -0.23, -0.26, 0.04
Gyr, 6.655, -0.39, -0.25, 0.07
Acc, 6.665, -0.40, 1.09, 8.84
Gyr, 6.672, -0.53, -0.24, 0.17
Gyr, 6.683, -0.68, -0.21, 0.21
Acc, 6.689, -0.15, 1.71, 8.85
Gyr, 6.693, -0.49, -0.19, 0.08
Gyr, 6.708, -0.06, -0.22, -0.17
Acc, 6.713, -0.12, 0.60, 11.00
Gyr, 6.717, -0.37, -0.04, -0.19
Gyr, 6.721, -1.03, 0.29, -0.32
Acc, 6.728, -0.12, 0.60, 11.00
Gyr, 6.736, -0.93, 0.46, 0.05
Gyr, 6.739, -0.53, 0.54, -0.15
Acc, 6.750, 1.42, 10.65, 16.55
Gyr, 6.755, -0.22, 0.58, -0.21
Gyr, 6.761, 0.15, 0.48, -0.05
Acc, 6.768, -1.98, -2.61, 11.42
Gyr, 6.772, 0.35, 0.38, -0.14
Gyr, 6.779, 0.42, 0.31, -0.11
Acc, 6.786, -1.50, -1.61, 5.84
Gyr, 6.791, 0.43, 0.22, -0.06
Gyr, 6.799, 0.20, 0.16, -0.06
Acc, 6.806, -0.62, 1.85, 4.64
Gyr, 6.821, -0.16, 0.18, 0.05
Gyr, 6.824, -0.26, 0.18, 0.11
Acc, 6.833, -0.35, 1.57, 9.49
Gyr, 6.840, -0.10, 0.15, 0.05
Gyr, 6.850, 0.15, 0.10, 0.04
Gyr, 6.856, 0.38, 0.06, 0.04
Acc, 6.859, -0.86, -1.33, 11.09
Gyr, 6.862, 0.54, 0.04, 0.03
Gyr, 6.866, 0.60, 0.02, 0.03
Acc, 6.870, -0.86, -1.33, 11.09
Gyr, 6.875, 0.58, 0.01, 0.03
Gyr, 6.892, 0.51, 0.01, 0.04
Acc, 6.896, -0.48, 0.18, 8.85
Gyr, 6.901, 0.40, 0.01, 0.05
Gyr, 6.906, 0.27, 0.03, 0.07
Acc, 6.910, -0.38, 1.47, 9.14
Gyr, 6.913, 0.16, 0.03, 0.09
Gyr, 6.929, 0.09, 0.03, 0.08
Acc, 6.934, -0.24, 1.75, 10.05
Gyr, 6.939, 0.05, 0.03, 0.07
Gyr, 6.943, 0.07, 0.03, 0.05
Acc, 6.955, -0.69, 0.96, 9.82
Gyr, 6.959, 0.13, 0.02, 0.04
Gyr, 6.963, 0.20, 0.01, 0.04
Acc, 6.978, -0.63, 0.37, 9.44
Gyr, 6.982, 0.25, -0.00, 0.03
Gyr, 6.998, 0.26, -0.00, 0.05
Acc, 7.002, -0.73, 0.52, 9.14
Gyr, 7.007, 0.23, 0.00, 0.07
Gyr, 7.013, 0.19, 0.00, 0.07
Acc, 7.016, -0.44, 1.16, 9.06
Gyr, 7.019, 0.15, 0.00, 0.07
Gyr, 7.026, 0.12, 0.00, 0.07
Acc, 7.031, -0.42, 1.29, 9.46
Gyr, 7.039, 0.09, 0.01, 0.06
Gyr, 7.049, 0.08, 0.02, 0.05
Acc, 7.062, -0.51, 1.44, 9.78
Gyr, 7.069, 0.08, 0.02, 0.05
Gyr, 7.079, 0.08, 0.02, 0.03
Acc, 7.088, -0.40, 1.19, 10.38
Gyr, 7.114, 0.04, 0.03, 0.04
Gyr, 7.119, 0.02, 0.04, 0.05
Acc, 7.122, -0.62, 1.62, 9.96
Gyr, 7.126, 0.01, 0.03, 0.05
Gyr, 7.129, 0.01, 0.02, 0.04
Acc, 7.132, -0.62, 1.62, 9.96
Gyr, 7.135, 0.02, 0.02, 0.03
Gyr, 7.146, 0.03, 0.02, 0.03
Gyr, 7.149, 0.04, 0.01, 0.03
Acc, 7.158, -0.62, 1.62, 9.96
Gyr, 7.164, 0.05, 0.01, 0.02
Gyr, 7.167, 0.06, 0.01, 0.01
Acc, 7.171, -0.62, 1.62, 9.96
Gyr, 7.175, 0.05, 0.00, 0.02
Acc, 7.184, -0.62, 1.62, 9.96
Gyr, 7.190, 0.05, 0.00, 0.02
Gyr, 7.199, 0.06, 0.00, 0.01
Gyr, 7.202, 0.06, -0.00, 0.01
Acc, 7.205, -0.62, 1.62, 9.96
Gyr, 7.208, 0.04, -0.00, 0.01
Gyr, 7.210, 0.02, -0.01, 0.01
Acc, 7.213, -0.62, 1.42, 9.83
Gyr, 7.227, -0.01, -0.01, 0.01
Gyr, 7.231, -0.03, -0.01, 0.00
Acc, 7.233, -0.76, 1.48, 9.87
Gyr, 7.238, -0.04, -0.01, -0.00
Gyr, 7.248, -0.05, -0.02, -0.01
Acc, 7.266, -0.73, 1.56, 9.86
Gyr, 7.285, -0.07, -0.03, -0.01
Gyr, 7.289, -0.05, -0.03, -0.01
Acc, 7.293, -0.75, 1.66, 9.47
Gyr, 7.298, -0.03, -0.06, -0.01
Gyr, 7.302, -0.02, -0.08, -0.02
Acc, 7.305, -0.76, 1.31, 9.17
Gyr, 7.309, -0.05, -0.09, -0.01
Gyr, 7.314, -0.08, -0.10, -0.01
Acc, 7.322, -0.88, 1.31, 8.91
Gyr, 7.327, -0.11, -0.12, -0.01
Gyr, 7.343, -0.14, -0.14, -0.01
Acc, 7.349, -0.66, 1.54, 8.63
Gyr, 7.352, -0.16, -0.17, -0.01
Gyr, 7.359, -0.17, -0.21, -0.01
Acc, 7.369, -0.73, 1.35, 8.37
Gyr, 7.371, -0.20, -0.24, -0.01
Gyr, 7.375, -0.29, -0.25, 0.00
Acc, 7.389, -0.56, 1.66, 8.44
Gyr, 7.393, -0.40, -0.28, 0.03
Gyr, 7.397, -0.59, -0.31, 0.03
Acc, 7.403, -0.56, 1.66, 8.44
Gyr, 7.407, -0.91, -0.26, 0.09
Gyr, 7.410, -1.06, -0.21, 0.21
Acc, 7.421, -0.74, 2.84, 9.96
Gyr, 7.439, -0.65, -0.26, 0.02
Gyr, 7.444, -0.34, -0.22, -0.20
Acc, 7.448, 0.50, 0.97, 8.97
Gyr, 7.451, -0.72, 0.00, -0.29
Gyr, 7.463, -1.13, 0.25, -0.28
Acc, 7.467, 0.27, 9.63, 15.98
Gyr, 7.470, -0.92, 0.34, 0.00
Gyr, 7.474, -0.66, 0.44, -0.27
Acc, 7.488, 2.56, 0.13, 13.15
Gyr, 7.492, -0.33, 0.41, -0.15
Gyr, 7.496, 0.02, 0.29, -0.05
Acc, 7.510, -2.06, -2.99, 10.28
Gyr, 7.515, 0.21, 0.21, -0.14
Gyr, 7.519, 0.30, 0.17, -0.07
Acc, 7.530, -1.05, -2.76, 6.74
Gyr, 7.534, 0.34, 0.12, -0.08
Gyr, 7.536, 0.18, 0.10, -0.09
Acc, 7.546, -0.75, 0.96, 6.45
Gyr, 7.550, -0.05, 0.12, 0.05
Gyr, 7.553, -0.09, 0.13, 0.05
Acc, 7.558, -0.75, 0.96, 6.45
Gyr, 7.563, 0.01, 0.11, 0.01
Gyr, 7.568, 0.14, 0.08, 0.03
Acc, 7.577, -1.05, -0.79, 11.29
Gyr, 7.580, 0.27, 0.06, 0.04
Gyr, 7.588, 0.39, 0.06, 0.03
Acc, 7.601, -0.86, -0.62, 10.17
Gyr, 7.607, 0.48, 0.03, 0.03
Gyr, 7.610, 0.49, 0.02, 0.02
Acc, 7.628, -0.89, 0.08, 9.34
Gyr, 7.633, 0.45, 0.02, 0.01
Gyr, 7.637, 0.39, 0.03, 0.04
Acc, 7.653, -0.69, 0.87, 9.29
Gyr, 7.659, 0.36, 0.04, 0.06
Gyr, 7.662, 0.32, 0.04, 0.06
Acc, 7.672, -0.69, 0.87, 9.29
Gyr, 7.679, 0.27, 0.05, 0.05
Gyr, 7.697, 0.22, 0.06, 0.06
Gyr, 7.701, 0.19, 0.06, 0.06
Acc, 7.706, -0.69, 0.87, 9.29
Gyr, 7.709, 0.16, 0.04, 0.04
Gyr, 7.712, 0.15, 0.04, 0.03
Acc, 7.717, -0.69, 0.87, 9.29
Gyr, 7.729, 0.17, 0.05, 0.04
Gyr, 7.733, 0.20, 0.05, 0.05
Acc, 7.737, -0.69, 0.87, 9.29
Gyr, 7.742, 0.22, 0.04, 0.05
Gyr, 7.750, 0.22, 0.03, 0.05
Acc, 7.756, -0.69, 0.87, 9.29
Gyr, 7.761, 0.23, 0.02, 0.06
Gyr, 7.765, 0.22, 0.02, 0.06
Acc, 7.768, -0.73, 1.06, 10.51
Gyr, 7.776, 0.21, 0.02, 0.06
Gyr, 7.789, 0.18, 0.02, 0.05
Acc, 7.796, -0.86, 0.44, 9.70
Gyr, 7.799, 0.13, 0.02, 0.05
Gyr, 7.810, 0.08, 0.01, 0.05
Acc, 7.816, -0.68, 0.80, 9.50
Gyr, 7.831, 0.07, 0.01, 0.05
Gyr, 7.835, 0.07, 0.01, 0.05
Acc, 7.838, -0.93, 1.31, 9.61
Gyr, 7.842, 0.07, 0.00, 0.05
Gyr, 7.857, 0.06, -0.00, 0.05
Acc, 7.863, -0.89, 1.10, 9.60
Gyr, 7.866, 0.06, 0.01, 0.04
Gyr, 7.869, 0.09, 0.01, 0.04
Acc, 7.876, -0.61, 1.24, 9.64
Gyr, 7.881, 0.12, 0.01, 0.04
Gyr, 7.884, 0.13, 0.01, 0.03
Acc, 7.887, -0.74, 0.86, 9.55
Gyr, 7.893, 0.11, 0.01, 0.03
Gyr, 7.902, 0.06, 0.01, 0.03
Acc, 7.911, -0.90, 1.45, 9.82
Gyr, 7.920, 0.02, 0.01, 0.02
Gyr, 7.947, -0.01, 0.01, 0.03
Acc, 7.951, -0.83, 1.56, 9.78
Gyr, 7.954, -0.02, 0.00, 0.03
Gyr, 7.957, -0.03, 0.00, 0.03
Acc, 7.960, -0.86, 1.30, 9.58
Gyr, 7.963, -0.00, 0.00, 0.03
Gyr, 7.966, 0.03, -0.01, 0.02
Acc, 7.968, -0.80, 1.05, 9.67
Gyr, 7.971, 0.04, -0.02, 0.02
Gyr, 7.980, 0.04, -0.02, 0.02
Acc, 7.986, -0.94, 1.12, 9.54
Gyr, 7.989, 0.01, -0.03, 0.02
Gyr, 7.993, -0.01, -0.04, 0.02
Acc, 8.003, -0.79, 1.32, 9.30
Gyr, 8.013, -0.03, -0.05, 0.02
Gyr, 8.025, -0.05, -0.06, 0.03
Acc, 8.045, -0.99, 1.38, 9.16
Gyr, 8.052, -0.05, -0.07, 0.02
Gyr, 8.055, -0.05, -0.09, 0.02
Acc, 8.058, -0.99, 1.26, 9.10
Gyr, 8.061, -0.05, -0.11, 0.02
Gyr, 8.064, -0.05, -0.14, 0.02
Acc, 8.073, -0.97, 1.15, 9.02
Gyr, 8.083, -0.05, -0.15, 0.01
Gyr, 8.092, -0.06, -0.17, 0.01
Acc, 8.096, -0.79, 1.25, 8.76
Gyr, 8.099, -0.08, -0.19, 0.00
Gyr, 8.103, -0.13, -0.22, 0.01
Acc, 8.116, -0.78, 1.40, 8.64
Gyr, 8.119, -0.19, -0.25, 0.02
Gyr, 8.122, -0.33, -0.28, 0.04
Acc, 8.125, -0.65, 1.77, 8.87
Gyr, 8.128, -0.63, -0.22, 0.10
Gyr, 8.135, -0.90, -0.14, 0.22
Acc, 8.143, -0.20, 3.63, 12.79
Gyr, 8.147, -0.58, -0.16, 0.21
Gyr, 8.156, 0.05, -0.26, -0.18
Gyr, 8.170, -0.16, -0.02, -0.23
Acc, 8.177, -0.20, 3.63, 12.79
Gyr, 8.181, -0.71, 0.27, -0.37
Acc, 8.190, -0.20, 3.63, 12.79
Gyr, 8.200, -0.62, 0.39, 0.05
Gyr, 8.208, -0.32, 0.46, -0.21
Gyr, 8.213, -0.03, 0.45, -0.21
Acc, 8.224, -0.29, -0.71, 16.22
Gyr, 8.237, 0.28, 0.30, -0.07
Gyr, 8.242, 0.31, 0.21, -0.19
Acc, 8.246, -0.76, 0.74, 12.54
Gyr, 8.250, 0.19, 0.18, -0.12
Gyr, 8.257, 0.03, 0.14, -0.09
Acc, 8.270, -0.76, 0.74, 12.54
Gyr, 8.293, -0.24, 0.13, -0.06
Gyr, 8.301, -0.38, 0.13, 0.04
Acc, 8.306, -0.76, 0.74, 12.54
Gyr, 8.309, -0.31, 0.13, 0.04
Gyr, 8.312, -0.13, 0.12, 0.02
Acc, 8.315, -0.76, 0.74, 12.54
Gyr, 8.318, 0.11, 0.08, 0.04
Gyr, 8.340, 0.33, 0.05, 0.03
Acc, 8.345, -0.76, 0.74, 12.54
Gyr, 8.348, 0.43, 0.02, 0.01
Gyr, 8.351, 0.44, 0.01, 0.01
Acc, 8.354, -1.06, 1.16, 8.14
Gyr, 8.356, 0.36, 0.02, 0.02
Gyr, 8.359, 0.24, 0.03, 0.03
Acc, 8.361, -1.16, -1.60, 10.73
Gyr, 8.365, 0.16, 0.05, 0.04
Gyr, 8.368, 0.12, 0.06, 0.04
Acc, 8.371, -0.81, 1.19, 9.04
Gyr, 8.374, 0.10, 0.07, 0.04
Gyr, 8.380, 0.13, 0.07, 0.05
Acc, 8.387, -0.91, 0.39, 10.68
Gyr, 8.390, 0.19, 0.07, 0.04
Gyr, 8.397, 0.24, 0.06, 0.03
Acc, 8.410, -1.22, 0.23, 10.19
Gyr, 8.418, 0.25, 0.05, 0.02
Gyr, 8.421, 0.22, 0.05, 0.02
Acc, 8.435, -1.23, 0.97, 9.62
Gyr, 8.440, 0.18, 0.05, 0.03
Gyr, 8.445, 0.16, 0.05, 0.04
Acc, 8.451, -1.17, 1.03, 9.30
Gyr, 8.455, 0.14, 0.04, 0.04
Gyr, 8.461, 0.12, 0.04, 0.05
Acc, 8.470, -1.22, 1.05, 9.25
Gyr, 8.474, 0.12, 0.03, 0.05
Gyr, 8.482, 0.11, 0.03, 0.05
Acc, 8.495, -1.08, 1.13, 9.77
Gyr, 8.500, 0.09, 0.03, 0.05
Gyr, 8.508, 0.09, 0.02, 0.05
Acc, 8.520, -1.19, 1.11, 9.71
Gyr, 8.534, 0.09, 0.01, 0.04
Gyr, 8.543, 0.09, 0.01, 0.04
Acc, 8.551, -1.37, 1.09, 9.50
Gyr, 8.555, 0.09, 0.00, 0.04
Gyr, 8.559, 0.10, 0.00, 0.05
Acc, 8.562, -1.23, 1.10, 9.53
Gyr, 8.566, 0.12, -0.01, 0.05
Gyr, 8.579, 0.13, -0.01, 0.04
Acc, 8.582, -1.22, 1.04, 9.38
Gyr, 8.585, 0.14, -0.01, 0.04
Gyr, 8.588, 0.15, -0.01, 0.03
Gyr, 8.596, 0.12, -0.01, 0.03
Acc, 8.619, -1.17, 1.11, 9.65
Gyr, 8.622, 0.08, -0.01, 0.03
Acc, 8.633, -1.20, 1.52, 9.67
Gyr, 8.636, 0.03, -0.01, 0.02
Gyr, 8.639, 0.00, -0.01, 0.03
Gyr, 8.653, -0.00, -0.01, 0.03
Acc, 8.657, -1.14, 1.51, 9.70
Gyr, 8.660, 0.00, -0.01, 0.03
Gyr, 8.666, 0.02, -0.02, 0.02
Acc, 8.670, -1.14, 1.51, 9.70
Gyr, 8.673, 0.03, -0.03, 0.02
Gyr, 8.679, 0.04, -0.03, 0.02
Acc, 8.681, -1.04, 1.10, 9.64
Gyr, 8.684, 0.05, -0.04, 0.02
Gyr, 8.687, 0.05, -0.05, 0.02
Acc, 8.690, -1.02, 1.11, 9.41
Gyr, 8.696, 0.02, -0.06, 0.02
Gyr, 8.709, -0.01, -0.06, 0.02
Acc, 8.714, -0.98, 1.21, 9.25
Gyr, 8.726, -0.05, -0.07, 0.02
Gyr, 8.731, -0.08, -0.09, 0.02
Acc, 8.737, -0.96, 1.34, 9.02
Gyr, 8.741, -0.10, -0.10, 0.02
Gyr, 8.746, -0.10, -0.12, 0.01
Acc, 8.749, -0.96, 1.34, 9.02
Gyr, 8.754, -0.10, -0.15, 0.01
Gyr, 8.768, -0.10, -0.19, 0.01
Acc, 8.776, -0.96, 1.34, 9.02
Gyr, 8.780, -0.11, -0.23, 0.01
Gyr, 8.789, -0.12, -0.26, 0.01
Acc, 8.800, -0.96, 1.34, 9.02
Gyr, 8.810, -0.12, -0.29, 0.02
Gyr, 8.828, -0.19, -0.32, 0.05
Acc, 8.834, -0.96, 1.27, 8.85
Gyr, 8.839, -0.33, -0.38, 0.08
Gyr, 8.844, -0.59, -0.37, 0.11
Acc, 8.849, -0.72, 1.26, 7.65
Gyr, 8.860, -0.76, -0.30, 0.15
Gyr, 8.864, -0.62, -0.36, -0.02
Acc, 8.868, -0.34, 2.81, 15.38
Gyr, 8.871, -0.68, -0.22, -0.17
Gyr, 8.884, -1.22, 0.10, -0.29
Acc, 8.887, 0.67, 3.10, 9.20
Gyr, 8.890, -1.35, 0.31, -0.26
Gyr, 8.893, -1.10, 0.27, 0.02
Acc, 8.910, 0.40, 9.06, 16.22
Gyr, 8.915, -1.14, 0.34, -0.34
Gyr, 8.918, -1.09, 0.35, -0.13
Acc, 8.939, 0.64, 1.81, 10.99
Gyr, 8.944, -0.77, 0.25, 0.03
Gyr, 8.947, -0.57, 0.19, -0.05
Acc, 8.950, -0.92, -3.25, 9.11
Gyr, 8.953, -0.46, 0.18, -0.06
Gyr, 8.956, -0.36, 0.18, -0.08
Acc, 8.958, -0.25, -3.05, 8.71
Gyr, 8.961, -0.21, 0.16, -0.03
Gyr, 8.967, -0.01, 0.15, -0.02
Acc, 8.973, -0.98, -1.83, 10.08
Gyr, 8.978, 0.12, 0.12, -0.02
Gyr, 8.981, 0.21, 0.11, 0.02
Acc, 8.995, -1.11, -1.43, 10.92
Gyr, 8.999, 0.29, 0.08, 0.04
Gyr, 9.010, 0.37, 0.06, 0.04
Acc, 9.017, -1.06, -1.16, 10.35
Gyr, 9.020, 0.42, 0.04, 0.04
Gyr, 9.032, 0.46, 0.03, 0.03
Acc, 9.037, -1.20, -0.63, 9.30
Gyr, 9.044, 0.49, 0.02, 0.02
Gyr, 9.051, 0.48, 0.03, 0.01
Gyr, 9.059, 0.44, 0.04, 0.02
Acc, 9.067, -0.94, -0.52, 9.56
Gyr, 9.081, 0.38, 0.05, 0.04
Gyr, 9.096, 0.33, 0.05, 0.04
Acc, 9.100, -0.94, 0.43, 10.45
Gyr, 9.105, 0.30, 0.05, 0.03
Gyr, 9.109, 0.28, 0.04, 0.02
Acc, 9.113, -0.96, 0.51, 10.50
Gyr, 9.121, 0.28, 0.04, 0.01
Gyr, 9.126, 0.28, 0.03, 0.02
Acc, 9.138, -1.24, 0.50, 9.65
Gyr, 9.147, 0.29, 0.02, 0.02
Gyr, 9.153, 0.29, 0.03, 0.02
Acc, 9.165, -1.25, 0.36, 9.05
Gyr, 9.168, 0.32, 0.03, 0.02
Gyr, 9.171, 0.34, 0.03, 0.02
Acc, 9.174, -1.25, 0.36, 9.05
Gyr, 9.178, 0.35, 0.03, 0.01
Gyr, 9.182, 0.34, 0.04, 0.01
Acc, 9.189, -1.25, 0.36, 9.05
Gyr, 9.192, 0.31, 0.03, 0.01
Gyr, 9.198, 0.28, 0.03, 0.01
Acc, 9.204, -0.99, -0.02, 9.69
Gyr, 9.221, 0.25, 0.04, 0.01
Gyr, 9.225, 0.25, 0.04, 0.02
Acc, 9.229, -1.08, 0.45, 9.81
Gyr, 9.231, 0.26, 0.03, 0.03
Gyr, 9.241, 0.27, 0.02, 0.02
Acc, 9.245, -1.11, 0.35, 9.75
Gyr, 9.248, 0.27, 0.02, 0.03
Gyr, 9.252, 0.24, 0.02, 0.04
Acc, 9.255, -1.14, 0.26, 9.70
Gyr, 9.264, 0.19, 0.02, 0.05
Gyr, 9.273, 0.13, 0.02, 0.05
Acc, 9.276, -1.12, 0.66, 9.73
Gyr, 9.285, 0.09, 0.03, 0.05
Gyr, 9.297, 0.08, 0.03, 0.05
Acc, 9.308, -1.12, 0.66, 9.73
Gyr, 9.312, 0.08, 0.02, 0.04
Gyr, 9.326, 0.08, 0.02, 0.02
Acc, 9.330, -1.12, 0.66, 9.73
Gyr, 9.334, 0.08, 0.03, 0.02
Gyr, 9.343, 0.08, 0.02, 0.03
Acc, 9.346, -1.12, 0.66, 9.73
Gyr, 9.348, 0.07, 0.01, 0.03
Gyr, 9.360, 0.04, 0.01, 0.03
Acc, 9.365, -1.08, 1.01, 9.58
Gyr, 9.369, 0.01, 0.01, 0.02
Gyr, 9.376, -0.02, 0.00, 0.02
Acc, 9.379, -1.12, 0.74, 9.72
Gyr, 9.384, -0.05, -0.01, 0.02
Gyr, 9.391, -0.08, -0.02, 0.02
Acc, 9.407, -1.22, 1.12, 9.01
Gyr, 9.418, -0.10, -0.04, 0.02
Gyr, 9.429, -0.10, -0.06, 0.02
Acc, 9.438, -1.26, 0.97, 8.75
Gyr, 9.446, -0.09, -0.08, 0.01
Gyr, 9.450, -0.05, -0.11, 0.01
Acc, 9.454, -1.26, 0.97, 8.75
Gyr, 9.457, -0.01, -0.15, 0.01
Gyr, 9.469, 0.01, -0.18, 0.01
Acc, 9.472, -1.28, 0.48, 8.16
Gyr, 9.481, 0.01, -0.22, 0.01
Gyr, 9.486, -0.04, -0.23, 0.02
Acc, 9.492, -1.28, 0.48, 8.16
Gyr, 9.496, -0.19, -0.26, 0.07
Gyr, 9.505, -0.47, -0.28, 0.10
Acc, 9.527, -0.93, 2.26, 10.93
Gyr, 9.542, -0.88, -0.23, 0.12
Gyr, 9.546, -1.05, -0.19, 0.18
Acc, 9.550, -0.67, 2.43, 14.94
Gyr, 9.556, -0.79, -0.24, 0.08
Gyr, 9.560, -0.29, -0.38, -0.28
Acc, 9.564, -0.67, 2.43, 14.94
Gyr, 9.568, -0.63, -0.11, -0.15
Gyr, 9.571, -1.23, 0.18, -0.35
Acc, 9.579, 3.03, 8.30, 13.20
Gyr, 9.586, -1.25, 0.32, 0.00
Gyr, 9.591, -1.02, 0.37, -0.02
Gyr, 9.595, -0.98, 0.41, -0.19
Acc, 9.599, 2.02, -2.14, 12.22
Gyr, 9.602, -0.83, 0.35, -0.03
Gyr, 9.613, -0.65, 0.28, -0.12
Acc, 9.617, -2.39, -1.21, 11.51
Gyr, 9.624, -0.51, 0.26, -0.16
Gyr, 9.628, -0.41, 0.23, -0.14
Acc, 9.631, -1.04, -1.71, 8.30
Gyr, 9.639, -0.37, 0.24, -0.16
Gyr, 9.642, -0.29, 0.24, -0.12
Acc, 9.645, -1.04, -1.71, 8.30
Gyr, 9.648, -0.16, 0.22, -0.13
Gyr, 9.659, -0.04, 0.20, -0.16
Acc, 9.662, -0.65, -0.53, 7.17
Gyr, 9.668, 0.01, 0.19, -0.16
Gyr, 9.679, 0.04, 0.17, -0.16
Acc, 9.684, -1.38, -0.54, 10.82
Gyr, 9.693, 0.05, 0.16, -0.16
Gyr, 9.713, 0.09, 0.13, -0.16
Acc, 9.717, -1.24, -0.35, 10.76
Gyr, 9.720, 0.13, 0.11, -0.16
Gyr, 9.734, 0.18, 0.09, -0.15
Acc, 9.738, -1.39, -0.68, 9.84
Gyr, 9.743, 0.22, 0.06, -0.14
Gyr, 9.747, 0.27, 0.03, -0.13
Acc, 9.759, -1.56, -1.08, 9.41
Gyr, 9.763, 0.30, -0.00, -0.12
Gyr, 9.766, 0.32, -0.01, -0.09
Acc, 9.771, -1.46, -0.86, 9.67
Gyr, 9.775, 0.32, -0.02, -0.07
Gyr, 9.783, 0.31, -0.02, -0.06
Acc, 9.800, -1.46, -0.86, 9.67
Gyr, 9.805, 0.30, -0.03, -0.06
Gyr, 9.808, 0.30, -0.04, -0.07
Acc, 9.821, -1.46, -0.86, 9.67
Gyr, 9.825, 0.30, -0.04, -0.07
Gyr, 9.830, 0.32, -0.05, -0.05
Acc, 9.837, -1.46, -0.86, 9.67
Gyr, 9.841, 0.35, -0.06, -0.05
Gyr, 9.844, 0.38, -0.06, -0.05
Acc, 9.850, -1.46, -0.86, 9.67
Gyr, 9.856, 0.38, -0.07, -0.05
Gyr, 9.860, 0.36, -0.06, -0.03
Acc, 9.872, -1.35, -0.72, 9.64
Gyr, 9.877, 0.31, -0.05, -0.03
Gyr, 9.886, 0.25, -0.04, -0.04
Acc, 9.889, -1.37, -0.37, 9.59
Gyr, 9.893, 0.19, -0.03, -0.04
Gyr, 9.898, 0.13, -0.03, -0.05
Acc, 9.906, -1.16, 0.45, 9.84
Gyr, 9.910, 0.08, -0.02, -0.06
Gyr, 9.918, 0.06, -0.02, -0.07
Acc, 9.929, -1.24, 0.71, 9.62
Gyr, 9.934, 0.06, -0.02, -0.07
Gyr, 9.939, 0.11, -0.02, -0.08
Acc, 9.955, -1.27, 0.22, 9.61
Gyr, 9.958, 0.17, -0.02, -0.08
Gyr, 9.962, 0.22, -0.03, -0.08
Gyr, 9.971, 0.23, -0.04, -0.07
Acc, 9.984, -1.24, -0.17, 9.52
Gyr, 9.988, 0.22, -0.04, -0.08
Gyr, 9.992, 0.19, -0.05, -0.09
Acc, 9.996, -1.31, -0.03, 9.64
Gyr, 10.008, 0.14, -0.06, -0.10
Gyr, 10.011, 0.09, -0.06, -0.11
Acc, 10.015, -1.30, 0.37, 9.61
Gyr, 10.034, 0.04, -0.06, -0.10
Gyr, 10.039, 0.01, -0.07, -0.10
Acc, 10.043, -1.27, 0.75, 9.43
Gyr, 10.046, -0.01, -0.07, -0.10
Gyr, 10.056, 0.00, -0.08, -0.09
Acc, 10.062, -1.13, 0.41, 9.36
Gyr, 10.066, 0.03, -0.10, -0.09
Gyr, 10.071, 0.05, -0.11, -0.09
Acc, 10.075, -1.24, 0.23, 9.48
Gyr, 10.077, 0.07, -0.12, -0.09
Gyr, 10.085, 0.08, -0.12, -0.09
Acc, 10.091, -1.21, 0.05, 9.50
Gyr, 10.109, 0.09, -0.14, -0.10
Gyr, 10.113, 0.08, -0.16, -0.11
Acc, 10.117, -1.06, 0.18, 9.39
Gyr, 10.125, 0.07, -0.18, -0.11
Gyr, 10.128, 0.04, -0.20, -0.12
Acc, 10.135, -1.16, 0.40, 9.15
Gyr, 10.140, 0.01, -0.22, -0.13
Gyr, 10.143, -0.00, -0.24, -0.13
Acc, 10.147, -1.16, 0.40, 9.15
Gyr, 10.156, 0.01, -0.26, -0.13
Gyr, 10.162, 0.02, -0.29, -0.14
Acc, 10.176, -1.16, 0.40, 9.15
Gyr, 10.180, 0.02, -0.31, -0.15
Gyr, 10.186, 0.01, -0.35, -0.14
Acc, 10.194, -0.95, 0.39, 7.93
Gyr, 10.203, -0.08, -0.41, -0.11
Gyr, 10.209, -0.31, -0.42, -0.07
Acc, 10.216, -1.10, 2.25, 11.99
Gyr, 10.221, -0.53, -0.32, -0.02
Gyr, 10.226, -0.38, -0.25, -0.03
Acc, 10.234, -1.10, 2.25, 11.99
Gyr, 10.239, 0.08, -0.30, -0.35
Gyr, 10.242, -0.21, -0.12, -0.34
Acc, 10.257, 1.36, -1.53, 9.36
Gyr, 10.264, -0.95, 0.20, -0.41
Gyr, 10.268, -1.05, 0.37, -0.03
Acc, 10.283, -0.06, 2.10, 16.54
Gyr, 10.287, -0.79, 0.44, -0.18
Gyr, 10.291, -0.53, 0.46, -0.19
Acc, 10.306, -0.06, 2.10, 16.54
Gyr, 10.315, -0.06, 0.35, 0.01
Gyr, 10.318, 0.32, 0.25, -0.08
Acc, 10.321, -2.23, -5.34, 8.82
Gyr, 10.325, 0.49, 0.18, -0.07
Gyr, 10.343, 0.48, 0.14, -0.01
Gyr, 10.348, 0.30, 0.12, 0.03
Acc, 10.350, -0.93, -2.36, 6.49
Gyr, 10.354, 0.09, 0.11, 0.12
Gyr, 10.364, 0.02, 0.10, 0.17
Acc, 10.368, -0.93, -2.36, 6.49
Gyr, 10.371, 0.06, 0.08, 0.16
Gyr, 10.385, 0.13, 0.07, 0.16
Acc, 10.390, -0.93, -2.36, 6.49
Gyr, 10.394, 0.24, 0.06, 0.18
Gyr, 10.401, 0.36, 0.04, 0.19
Acc, 10.405, -0.93, -2.36, 6.49
Gyr, 10.408, 0.42, 0.03, 0.19
Gyr, 10.419, 0.43, 0.03, 0.20
Acc, 10.424, -1.52, 0.51, 7.66
Gyr, 10.429, 0.39, 0.03, 0.22
Gyr, 10.435, 0.34, 0.03, 0.22
Acc, 10.438, -1.27, -1.70, 11.17
Gyr, 10.445, 0.30, 0.03, 0.24
Gyr, 10.452, 0.25, 0.03, 0.27
Acc, 10.455, -1.33, 0.15, 9.45
Gyr, 10.462, 0.19, 0.04, 0.28
Gyr, 10.470, 0.12, 0.06, 0.29
Acc, 10.474, -1.24, 0.01, 9.70
Gyr, 10.483, 0.05, 0.07, 0.30
Gyr, 10.502, -0.00, 0.07, 0.30
Acc, 10.510, -1.23, 0.51, 10.69
Gyr, 10.515, -0.03, 0.07, 0.28
Gyr, 10.518, -0.02, 0.08, 0.27
Acc, 10.523, -1.39, 0.14, 10.15
Gyr, 10.526, -0.00, 0.07, 0.26
Gyr, 10.535, 0.01, 0.07, 0.27
Acc, 10.541, -1.41, -0.10, 9.44
Gyr, 10.546, 0.03, 0.07, 0.29
Gyr, 10.553, 0.04, 0.07, 0.31
Acc, 10.559, -1.37, 0.03, 9.19
Gyr, 10.563, 0.06, 0.06, 0.32
Gyr, 10.570, 0.09, 0.05, 0.33
Acc, 10.583, -1.38, -0.33, 9.43
Gyr, 10.590, 0.09, 0.04, 0.35
Gyr, 10.598, 0.07, 0.03, 0.35
Acc, 10.615, -1.31, -0.37, 9.63
Gyr, 10.623, 0.05, 0.03, 0.37
Gyr, 10.627, 0.02, 0.03, 0.38
Acc, 10.631, -1.21, 0.02, 9.64
Gyr, 10.636, 0.00, 0.02, 0.38
Gyr, 10.648, -0.03, 0.01, 0.39
Acc, 10.656, -1.21, 0.02, 9.64
Gyr, 10.659, -0.07, 0.02, 0.41
Gyr, 10.673, -0.10, 0.03, 0.42
Acc, 10.677, -1.07, 0.39, 9.66
Gyr, 10.680, -0.10, 0.03, 0.42
Gyr, 10.684, -0.08, 0.02, 0.41
Acc, 10.704, -1.06, 0.29, 9.86
Gyr, 10.709, -0.04, 0.02, 0.40
Gyr, 10.711, -0.02, 0.02, 0.40
Acc, 10.715, -1.09, 0.30, 9.98
Gyr, 10.717, -0.01, 0.03, 0.39
Gyr, 10.729, -0.02, 0.04, 0.38
Gyr, 10.734, -0.06, 0.04, 0.38
Acc, 10.738, -0.86, 0.57, 10.18
Gyr, 10.740, -0.09, 0.05, 0.37
Gyr, 10.743, -0.10, 0.05, 0.36
Acc, 10.747, -0.89, 1.07, 9.98
Gyr, 10.749, -0.10, 0.04, 0.35
Gyr, 10.755, -0.10, 0.04, 0.34
Acc, 10.761, -0.89, 1.09, 9.86
Gyr, 10.774, -0.10, 0.04, 0.33
Gyr, 10.790, -0.11, 0.05, 0.33
Acc, 10.795, -0.77, 1.01, 9.86
Gyr, 10.811, -0.11, 0.04, 0.32
Gyr, 10.815, -0.11, 0.02, 0.31
Acc, 10.819, -0.74, 0.99, 9.92
Gyr, 10.822, -0.11, 0.01, 0.30
Gyr, 10.839, -0.10, -0.00, 0.29
Acc, 10.843, -1.01, 0.94, 9.66
Gyr, 10.846, -0.10, -0.02, 0.29
Gyr, 10.848, -0.10, -0.03, 0.28
Acc, 10.851, -0.91, 0.94, 9.67
Gyr, 10.863, -0.10, -0.04, 0.28
Gyr, 10.868, -0.10, -0.06, 0.28
Acc, 10.872, -0.91, 0.94, 9.67
Gyr, 10.876, -0.10, -0.08, 0.27
Gyr, 10.881, -0.11, -0.10, 0.27
Acc, 10.891, -0.91, 0.94, 9.67
Gyr, 10.896, -0.12, -0.13, 0.26
Gyr, 10.899, -0.13, -0.16, 0.26
Acc, 10.907, -0.91, 0.94, 9.67
Gyr, 10.915, -0.13, -0.19, 0.26
Gyr, 10.918, -0.13, -0.23, 0.26
Acc, 10.931, -0.83, 0.79, 8.81
Gyr, 10.935, -0.14, -0.27, 0.26
Gyr, 10.939, -0.13, -0.31, 0.27
Acc, 10.945, -0.74, 0.63, 8.15
Gyr, 10.949, -0.14, -0.34, 0.27
Gyr, 10.956, -0.20, -0.34, 0.31
Acc, 10.965, -0.65, 0.42, 7.80
Gyr, 10.968, -0.24, -0.34, 0.45
Gyr, 10.978, -0.16, -0.33, 0.48
Acc, 10.990, -0.01, 1.04, 14.52
Gyr, 11.000, 0.06, -0.26, 0.30
Gyr, 11.003, 0.40, -0.16, 0.13
Acc, 11.017, 1.20, 0.34, 15.61
Gyr, 11.022, 0.21, 0.10, -0.16
Gyr, 11.025, -0.02, 0.41, -0.17
Acc, 11.039, 1.20, 0.34, 15.61
Gyr, 11.043, 0.08, 0.53, 0.04
Gyr, 11.046, -0.01, 0.70, -0.31
Acc, 11.050, 1.80, 3.60, 13.65
Gyr, 11.055, -0.02, 0.72, -0.16
Gyr, 11.060, 0.17, 0.58, -0.07
Gyr, 11.067, 0.27, 0.44, -0.18
Acc, 11.076, -2.38, -1.29, 9.23
Gyr, 11.082, 0.22, 0.35, -0.13
Acc, 11.100, -1.32, -0.20, 5.22
Gyr, 11.104, -0.01, 0.31, -0.10
Gyr, 11.107, -0.24, 0.29, -0.01
Gyr, 11.112, -0.23, 0.24, 0.01
Acc, 11.116, -1.30, 2.46, 6.29
Gyr, 11.129, -0.10, 0.19, -0.05
Gyr, 11.133, 0.05, 0.15, -0.06
Acc, 11.136, -1.30, 2.46, 6.29
Gyr, 11.139, 0.22, 0.12, -0.06
Gyr, 11.150, 0.37, 0.08, -0.08
Acc, 11.157, -1.30, 2.46, 6.29
Gyr, 11.161, 0.45, 0.05, -0.09
Gyr, 11.177, 0.45, 0.04, -0.10
Acc, 11.183, -1.30, 2.46, 6.29
Gyr, 11.186, 0.41, 0.03, -0.10
Gyr, 11.199, 0.34, 0.01, -0.10
Acc, 11.203, -1.29, 0.36, 9.99
Gyr, 11.205, 0.25, 0.00, -0.10
Gyr, 11.219, 0.18, -0.01, -0.10
Acc, 11.223, -0.90, 1.29, 9.01
Gyr, 11.227, 0.11, -0.02, -0.10
Gyr, 11.231, 0.07, -0.02, -0.10
Acc, 11.234, -0.97, 1.16, 9.07
Gyr, 11.240, 0.07, -0.02, -0.11
Gyr, 11.248, 0.09, -0.03, -0.12
Acc, 11.251, -0.95, 0.92, 9.26
Gyr, 11.254, 0.09, -0.03, -0.13
Gyr, 11.264, 0.12, -0.03, -0.14
Acc, 11.272, -1.12, 0.72, 9.00
Gyr, 11.276, 0.15, -0.04, -0.15
Gyr, 11.290, 0.15, -0.05, -0.16
Acc, 11.294, -1.15, 0.51, 8.98
Gyr, 11.299, 0.11, -0.05, -0.16
Gyr, 11.309, 0.07, -0.05, -0.16
Acc, 11.315, -1.09, 1.08, 9.17
Gyr, 11.318, 0.04, -0.06, -0.17
Gyr, 11.321, 0.02, -0.06, -0.18
Acc, 11.335, -0.95, 1.16, 9.27
Gyr, 11.341, -0.00, -0.06, -0.18
Gyr, 11.345, -0.01, -0.05, -0.18
Acc, 11.352, -0.90, 1.28, 9.33
Gyr, 11.359, 0.01, -0.06, -0.20
Gyr, 11.363, 0.04, -0.07, -0.22
Acc, 11.375, -1.03, 0.85, 9.37
Gyr, 11.379, 0.07, -0.08, -0.24
Gyr, 11.390, 0.09, -0.09, -0.25
Acc, 11.406, -1.27, 0.94, 9.32
Gyr, 11.413, 0.08, -0.09, -0.25
Gyr, 11.434, 0.05, -0.09, -0.26
Acc, 11.439, -1.27, 0.94, 9.32
Gyr, 11.443, 0.03, -0.09, -0.26
Gyr, 11.445, 0.03, -0.10, -0.27
Acc, 11.448, -1.27, 0.94, 9.32
Gyr, 11.451, 0.02, -0.11, -0.28
Gyr, 11.457, 0.01, -0.10, -0.28
Gyr, 11.462, 0.02, -0.10, -0.27
Acc, 11.466, -1.27, 0.94, 9.32
Gyr, 11.471, 0.05, -0.10, -0.27
Gyr, 11.485, 0.09, -0.10, -0.26
Acc, 11.488, -1.19, 1.43, 9.46
Gyr, 11.491, 0.13, -0.11, -0.26
Gyr, 11.504, 0.16, -0.12, -0.26
Acc, 11.513, -1.09, 0.86, 9.65
Gyr, 11.516, 0.16, -0.12, -0.25
Gyr, 11.520, 0.13, -0.11, -0.24
Acc, 11.529, -1.10, 0.19, 9.92
Gyr, 11.536, 0.11, -0.10, -0.22
Gyr, 11.540, 0.12, -0.10, -0.21
Acc, 11.543, -1.06, 0.59, 9.65
Gyr, 11.547, 0.15, -0.11, -0.20
Gyr, 11.563, 0.18, -0.12, -0.20
Acc, 11.567, -1.17, 0.35, 9.79
Gyr, 11.571, 0.19, -0.12, -0.19
Gyr, 11.576, 0.18, -0.13, -0.18
Acc, 11.583, -1.18, 0.39, 9.53
Gyr, 11.594, 0.15, -0.13, -0.16
Gyr, 11.598, 0.10, -0.13, -0.15
Acc, 11.600, -1.21, 0.82, 9.34
Gyr, 11.609, 0.05, -0.14, -0.14
Gyr, 11.613, 0.00, -0.15, -0.13
Acc, 11.619, -1.21, 0.82, 9.34
Gyr, 11.624, -0.02, -0.16, -0.13
Gyr, 11.631, -0.03, -0.18, -0.12
Acc, 11.640, -1.21, 0.69, 9.08
Gyr, 11.648, -0.03, -0.20, -0.11
Gyr, 11.651, -0.03, -0.22, -0.10
Acc, 11.663, -1.14, 0.49, 8.46
Gyr, 11.668, -0.05, -0.24, -0.09
Gyr, 11.677, -0.07, -0.25, -0.09
Acc, 11.685, -0.93, 0.69, 8.24
Gyr, 11.701, -0.10, -0.27, -0.08
Gyr, 11.706, -0.17, -0.31, -0.09
Acc, 11.712, -0.93, 0.69, 8.24
Gyr, 11.720, -0.38, -0.30, -0.07
Gyr, 11.730, -0.61, -0.30, 0.06
Acc, 11.737, -0.92, 1.11, 7.83
Gyr, 11.744, -0.75, -0.26, 0.16
Gyr, 11.756, -0.65, -0.24, 0.05
Acc, 11.760, -0.67, 0.26, 15.11
Gyr, 11.764, -0.23, -0.30, -0.21
Gyr, 11.767, -0.24, -0.18, -0.16
Acc, 11.783, 0.36, -0.33, 10.07
Gyr, 11.787, -0.82, 0.14, -0.30
Gyr, 11.789, -0.98, 0.32, -0.05
Acc, 11.793, -0.36, 5.83, 17.89
Gyr, 11.798, -0.68, 0.41, -0.10
Gyr, 11.805, -0.36, 0.48, -0.27
Acc, 11.809, 0.41, -1.64, 14.38
Gyr, 11.811, 0.06, 0.40, -0.07
Gyr, 11.824, 0.36, 0.31, -0.08
Acc, 11.830, 0.41, -1.64, 14.38
Gyr, 11.834, 0.50, 0.28, -0.08
Gyr, 11.837, 0.55, 0.23, -0.04
Acc, 11.840, -0.02, -2.38, 7.31
Gyr, 11.844, 0.37, 0.22, -0.04
Gyr, 11.846, 0.06, 0.26, 0.10
Gyr, 11.855, -0.04, 0.26, 0.17
Acc, 11.869, -0.24, 1.46, 8.60
Gyr, 11.874, 0.05, 0.25, 0.15
Gyr, 11.891, 0.19, 0.24, 0.17
Acc, 11.897, -0.13, -1.11, 11.04
Gyr, 11.903, 0.34, 0.24, 0.22
Gyr, 11.906, 0.51, 0.25, 0.25
Acc, 11.912, -0.13, -1.11, 11.04
Gyr, 11.916, 0.62, 0.24, 0.26
Gyr, 11.922, 0.67, 0.23, 0.27
Acc, 11.927, -0.13, -1.11, 11.04
Gyr, 11.944, 0.66, 0.22, 0.30
Gyr, 11.950, 0.63, 0.23, 0.32
Acc, 11.954, -0.13, -1.11, 11.04
Gyr, 11.957, 0.62, 0.23, 0.35
Gyr, 11.963, 0.63, 0.21, 0.36
Acc, 11.976, -0.13, -1.11, 11.04
Gyr, 11.981, 0.65, 0.21, 0.38
Gyr, 11.985, 0.67, 0.20, 0.38
Acc, 11.997, -1.46, -0.12, 10.03
Gyr, 12.002, 0.69, 0.19, 0.38
Gyr, 12.005, 0.72, 0.18, 0.37
Acc, 12.011, -2.05, -0.13, 9.84
Gyr, 12.024, 0.75, 0.18, 0.36
Gyr, 12.034, 0.77, 0.18, 0.35
Acc, 12.041, -2.75, 0.69, 9.18
Gyr, 12.045, 0.75, 0.18, 0.34
Gyr, 12.049, 0.69, 0.19, 0.35
Acc, 12.052, -2.62, 1.05, 9.06
Gyr, 12.060, 0.63, 0.20, 0.36
Gyr, 12.073, 0.61, 0.18, 0.35
Acc, 12.077, -2.29, 1.36, 8.72
Gyr, 12.079, 0.59, 0.16, 0.35
Gyr, 12.095, 0.59, 0.15, 0.36
Acc, 12.099, -2.32, 1.30, 8.50
Gyr, 12.105, 0.60, 0.15, 0.37
Gyr, 12.108, 0.61, 0.14, 0.37
Acc, 12.113, -1.73, 1.54, 9.30
Gyr, 12.116, 0.57, 0.13, 0.37
Gyr, 12.119, 0.49, 0.14, 0.36
Gyr, 12.123, 0.41, 0.16, 0.36
Acc, 12.130, -1.73, 1.54, 9.30
Gyr, 12.138, 0.33, 0.15, 0.35
Gyr, 12.146, 0.27, 0.15, 0.34
Acc, 12.150, -1.73, 1.54, 9.30
Gyr, 12.158, 0.24, 0.14, 0.32
Gyr, 12.166, 0.21, 0.12, 0.31
Acc, 12.181, -1.57, 1.98, 9.58
Gyr, 12.189, 0.14, 0.11, 0.31
Gyr, 12.194, 0.06, 0.11, 0.30
Acc, 12.197, -1.31, 3.24, 8.48
Gyr, 12.202, -0.01, 0.11, 0.29
Gyr, 12.210, -0.06, 0.11, 0.29
Acc, 12.214, -1.21, 3.87, 8.84
Gyr, 12.216, -0.09, 0.11, 0.27
Gyr, 12.230, -0.09, 0.10, 0.25
Acc, 12.234, -1.21, 3.92, 9.11
Gyr, 12.238, -0.07, 0.10, 0.23
Gyr, 12.248, -0.05, 0.09, 0.21
Acc, 12.265, -1.26, 3.44, 9.37
Gyr, 12.269, -0.04, 0.09, 0.19
Gyr, 12.273, -0.00, 0.08, 0.18
Acc, 12.276, -1.32, 3.46, 9.31
Gyr, 12.294, 0.03, 0.07, 0.17
Gyr, 12.299, 0.03, 0.06, 0.16
Acc, 12.302, -1.26, 3.35, 8.98
Gyr, 12.305, 0.00, 0.06, 0.15
Gyr, 12.310, -0.03, 0.06, 0.15
Acc, 12.316, -1.32, 3.37, 8.84
Gyr, 12.319, -0.06, 0.06, 0.13
Gyr, 12.328, -0.08, 0.05, 0.11
Acc, 12.336, -1.40, 3.38, 9.20
Gyr, 12.339, -0.08, 0.04, 0.10
Gyr, 12.351, -0.05, 0.03, 0.09
Acc, 12.370, -1.70, 3.37, 9.18
Gyr, 12.375, -0.04, 0.02, 0.09
Gyr, 12.379, -0.03, 0.03, 0.08
Acc, 12.383, -1.73, 2.93, 8.99
Gyr, 12.388, -0.00, 0.01, 0.07
Gyr, 12.391, 0.04, 0.00, 0.07
Acc, 12.394, -1.84, 2.85, 9.05
Gyr, 12.398, 0.06, -0.01, 0.08
Gyr, 12.406, 0.06, -0.02, 0.07
Acc, 12.416, -1.99, 2.55, 8.83
Gyr, 12.423, 0.04, -0.02, 0.07
Gyr, 12.427, 0.02, -0.01, 0.07
Acc, 12.436, -2.16, 2.72, 9.07
Gyr, 12.448, 0.02, -0.01, 0.06
Gyr, 12.455, 0.03, -0.01, 0.05
Acc, 12.472, -1.95, 2.85, 9.35
Gyr, 12.477, 0.04, -0.01, 0.05
Gyr, 12.481, 0.06, -0.01, 0.05
Acc, 12.486, -1.95, 2.85, 9.35
Gyr, 12.502, 0.08, -0.01, 0.05
Gyr, 12.507, 0.09, -0.01, 0.05
Acc, 12.511, -1.95, 2.85, 9.35
Gyr, 12.514, 0.09, -0.01, 0.04
Gyr, 12.517, 0.07, -0.00, 0.04
Acc, 12.521, -1.95, 2.85, 9.35
Gyr, 12.524, 0.03, 0.00, 0.04
Gyr, 12.527, -0.02, 0.01, 0.03
Acc, 12.530, -1.85, 2.33, 9.53
Gyr, 12.533, -0.04, 0.03, 0.04
Gyr, 12.539, -0.03, 0.03, 0.04
Acc, 12.549, -1.53, 2.92, 9.45
Gyr, 12.552, -0.00, 0.02, 0.03
Gyr, 12.558, 0.04, 0.01, 0.03
Acc, 12.574, -1.59, 2.15, 9.65
Gyr, 12.578, 0.08, 0.01, 0.03
Gyr, 12.584, 0.10, 0.01, 0.03
Acc, 12.591, -1.60, 2.37, 9.47
Gyr, 12.595, 0.09, 0.01, 0.03
Gyr, 12.598, 0.07, 0.01, 0.03
Acc, 12.610, -1.60, 2.37, 9.47
Gyr, 12.614, 0.03, 0.00, 0.03
Gyr, 12.620, -0.01, 0.00, 0.03
Acc, 12.632, -1.69, 2.76, 9.32
Gyr, 12.636, -0.04, 0.00, 0.03
Gyr, 12.640, -0.05, 0.00, 0.03
Acc, 12.652, -1.84, 2.86, 9.30
Gyr, 12.660, -0.02, -0.00, 0.03
Gyr, 12.663, 0.02, -0.02, 0.02
Acc, 12.674, -1.86, 2.42, 9.41
Gyr, 12.690, 0.05, -0.02, 0.01
Gyr, 12.694, 0.08, -0.02, 0.02
Acc, 12.707, -1.86, 2.49, 9.60
Gyr, 12.713, 0.09, -0.03, 0.02
Gyr, 12.727, 0.08, -0.03, 0.02
Acc, 12.732, -1.78, 2.74, 9.59
Gyr, 12.736, 0.04, -0.02, 0.02
Gyr, 12.739, -0.00, -0.01, 0.02
Acc, 12.747, -1.79, 2.94, 9.45
Gyr, 12.756, -0.02, -0.00, 0.01
Gyr, 12.761, -0.02, 0.00, 0.01
Acc, 12.764, -1.79, 2.63, 9.59
Gyr, 12.768, -0.00, -0.00, 0.01
Gyr, 12.771, 0.02, -0.00, 0.00
Acc, 12.786, -1.74, 2.38, 9.56
Gyr, 12.791, 0.03, -0.00, 0.00
Gyr, 12.795, 0.03, 0.00, 0.00
Acc, 12.803, -1.66, 2.55, 9.61
Gyr, 12.808, 0.03, 0.00, -0.00
Gyr, 12.811, 0.02, 0.01, -0.00
Gyr, 12.814, 0.02, 0.01, -0.00
Acc, 12.818, -1.64, 2.68, 9.53
Gyr, 12.822, 0.03, 0.01, -0.00
Gyr, 12.828, 0.03, 0.01, -0.00
Acc, 12.835, -1.66, 2.56, 9.34
Gyr, 12.840, 0.02, 0.01, -0.00
Gyr, 12.847, 0.02, 0.01, -0.01
Acc, 12.858, -1.69, 2.60, 9.39
Gyr, 12.864, 0.07, 0.03, 0.00
Gyr, 12.881, -0.01, 0.05, 0.00
Acc, 12.885, -1.63, 2.27, 9.24
Gyr, 12.889, -0.10, 0.06, 0.01
Gyr, 12.902, -0.02, 0.01, -0.00
Acc, 12.906, -2.05, 3.49, 9.22
Gyr, 12.910, 0.00, -0.01, -0.01
Gyr, 12.921, 0.02, -0.02, -0.01
Acc, 12.925, -1.84, 2.39, 9.20
Gyr, 12.928, 0.05, -0.03, -0.02
Gyr, 12.938, 0.08, -0.04, -0.03
Acc, 12.965, -1.75, 2.15, 9.48
Gyr, 12.968, 0.09, -0.04, -0.04
Gyr, 12.972, 0.05, -0.01, -0.03
Acc, 12.975, -1.75, 2.15, 9.48
Gyr, 12.979, -0.01, 0.02, -0.01
Gyr, 12.981, -0.02, 0.03, -0.00
Acc, 12.985, -1.75, 2.15, 9.48
Gyr, 12.989, -0.00, 0.02, -0.01
Gyr, 12.998, 0.01, 0.01, -0.01
Acc, 13.002, -1.75, 2.15, 9.48
Gyr, 13.006, 0.02, 0.02, -0.00
